      "242: 10.0.10.106\\nDestinationHostname: \\nDestinationPort: 443\\nDestinationPortName: https\",\"record_number\":\"3372099\",\"version\":5,\"type\":\"wineventlog\",\"provider_guid\":\"{5770385f-c22a-43e0-bf4c-06f5698ffbd9}\",\"process_id\":2612,\"computer_name\":\"IT001.shire.com\",\"event_id\":3,\"thread_id\":688,\"user\":{\"name\":\"SYSTEM\",\"domain\":\"NT AUTHORITY\",\"type\":\"User\",\"identifier\":\"S-1-5-18\"},\"event_data\":{\"ProcessId\":\"8148\",\"DestinationIsIpv6\":\"false\",\"DestinationIp\":\"10.0.10.106\",\"Image\":\"C:\\\\Windows\\\\System32\\\\cmd.exe\",\"Protocol\":\"tcp\",\"Initiated\":\"true\",\"SourcePort\":\"59477\",\"SourceIsIpv6\":\"false\",\"User\":\"SHIRE\\\\pgustavo\",\"UtcTime\":\"2019-03-19 19:34:56.858\",\"ProcessGuid\":\"{aa6b4a20-3f53-5c91-0000-0010e43d3b05}\",\"DestinationPortName\":\"https\",\"SourceIp\":\"172.18.39.105\",\"SourceHostname\":\"IT001.shire.com\",\"DestinationPort\":\"443\"},\"source_name\":\"Microsoft-Windows-Sysmon\",\"level\":\"Information\",\"opcode\":\"Info\",\"task\":\"Network connection detected (rule: NetworkConnect)\",\"log_name\":\"Microsoft-Windows-Sysmon/Operational\",\"beat\":{\"version\":\"6.5.4\",\"name\":\"WECserver\",\"hostname\":\"WECserver\"},\"host\":{\"name\":\"WECserver\"}}\n",
      "\n",
      "\n",
      "243: 10.0.10.106\\nDestinationHostname: \\nDestinationPort: 443\\nDestinationPortName: https\",\"source_name\":\"Microsoft-Windows-Sysmon\",\"event_data\":{\"DestinationPortName\":\"https\",\"SourcePort\":\"50723\",\"ProcessGuid\":\"{905CC552-43AC-5C91-0000-0010B44BB703}\",\"Protocol\":\"tcp\",\"DestinationPort\":\"443\",\"DestinationIp\":\"10.0.10.106\",\"DestinationIsIpv6\":\"false\",\"Initiated\":\"true\",\"ProcessId\":\"904\",\"User\":\"SHIRE\\\\Mmidge\",\"SourceHostname\":\"HFDC01.shire.com\",\"UtcTime\":\"2019-03-19 19:33:26.651\",\"Image\":\"C:\\\\Windows\\\\System32\\\\WindowsPowerShell\\\\v1.0\\\\powershell.exe\",\"SourceIsIpv6\":\"false\",\"SourceIp\":\"172.18.39.5\"},\"computer_name\":\"HFDC01.shire.com\",\"process_id\":1900,\"record_number\":\"2959312\",\"beat\":{\"name\":\"WECserver\",\"hostname\":\"WECserver\",\"version\":\"6.5.4\"},\"thread_id\":2564,\"provider_guid\":\"{5770385F-C22A-43E0-BF4C-06F5698FFBD9}\",\"version\":5,\"event_id\":3,\"user\":{\"type\":\"User\",\"identifier\":\"S-1-5-18\",\"name\":\"SYSTEM\",\"domain\":\"NT AUTHORITY\"},\"log_name\":\"Microsoft-Windows-Sysmon/Operational\"}\n",
      "\n",
      "\n",
      "244: 10.0.10.106\\nDestinationHostname: \\nDestinationPort: 443\\nDestinationPortName: https\",\"source_name\":\"Microsoft-Windows-Sysmon\",\"level\":\"Information\",\"thread_id\":688,\"version\":5,\"event_data\":{\"DestinationPort\":\"443\",\"SourceHostname\":\"IT001.shire.com\",\"Image\":\"C:\\\\Windows\\\\System32\\\\cmd.exe\",\"Initiated\":\"true\",\"ProcessGuid\":\"{aa6b4a20-3f53-5c91-0000-0010e43d3b05}\",\"SourceIsIpv6\":\"false\",\"DestinationPortName\":\"https\",\"User\":\"SHIRE\\\\pgustavo\",\"Protocol\":\"tcp\",\"SourcePort\":\"59470\",\"SourceIp\":\"172.18.39.105\",\"ProcessId\":\"8148\",\"UtcTime\":\"2019-03-19 19:34:46.656\",\"DestinationIsIpv6\":\"false\",\"DestinationIp\":\"10.0.10.106\"},\"log_name\":\"Microsoft-Windows-Sysmon/Operational\",\"event_id\":3,\"provider_guid\":\"{5770385f-c22a-43e0-bf4c-06f5698ffbd9}\",\"process_id\":2612,\"user\":{\"type\":\"User\",\"identifier\":\"S-1-5-18\",\"name\":\"SYSTEM\",\"domain\":\"NT AUTHORITY\"},\"record_number\":\"3372083\",\"task\":\"Network connection detected (rule: NetworkConnect)\",\"host\":{\"name\":\"WECserver\"},\"type\":\"wineventlog\",\"opcode\":\"Info\",\"beat\":{\"name\":\"WECserver\",\"hostname\":\"WECserver\",\"version\":\"6.5.4\"},\"computer_name\":\"IT001.shire.com\"}\n",
      "\n",
      "\n",
      "245: 10.0.10.106\\nDestinationHostname: \\nDestinationPort: 443\\nDestinationPortName: https\",\"source_name\":\"Microsoft-Windows-Sysmon\",\"type\":\"wineventlog\",\"event_data\":{\"SourcePort\":\"50678\",\"ProcessGuid\":\"{905CC552-43AC-5C91-0000-0010B44BB703}\",\"ProcessId\":\"904\",\"DestinationPortName\":\"https\",\"SourceIsIpv6\":\"false\",\"Initiated\":\"true\",\"Protocol\":\"tcp\",\"DestinationIsIpv6\":\"false\",\"SourceIp\":\"172.18.39.5\",\"DestinationPort\":\"443\",\"Image\":\"C:\\\\Windows\\\\System32\\\\WindowsPowerShell\\\\v1.0\\\\powershell.exe\",\"SourceHostname\":\"HFDC01.shire.com\",\"DestinationIp\":\"10.0.10.106\",\"UtcTime\":\"2019-03-19 19:31:19.573\",\"User\":\"SHIRE\\\\Mmidge\"},\"level\":\"Information\",\"task\":\"Network connection detected (rule: NetworkConnect)\",\"thread_id\":2564,\"host\":{\"name\":\"WECserver\"},\"event_id\":3,\"version\":5}\n",
      "\n",
      "\n",
      "246: 10.0.10.106\\nDestinationHostname: \\nDestinationPort: 443\\nDestinationPortName: https\",\"task\":\"Network connection detected (rule: NetworkConnect)\",\"level\":\"Information\",\"event_data\":{\"ProcessGuid\":\"{aa6b4a20-3f53-5c91-0000-0010e43d3b05}\",\"SourceHostname\":\"IT001.shire.com\",\"Initiated\":\"true\",\"SourcePort\":\"59405\",\"DestinationPortName\":\"https\",\"DestinationPort\":\"443\",\"ProcessId\":\"8148\",\"Protocol\":\"tcp\",\"UtcTime\":\"2019-03-19 19:32:32.779\",\"DestinationIp\":\"10.0.10.106\",\"User\":\"SHIRE\\\\pgustavo\",\"SourceIsIpv6\":\"false\",\"SourceIp\":\"172.18.39.105\",\"Image\":\"C:\\\\Windows\\\\System32\\\\cmd.exe\",\"DestinationIsIpv6\":\"false\"},\"event_id\":3,\"log_name\":\"Microsoft-Windows-Sysmon/Operational\",\"source_name\":\"Microsoft-Windows-Sysmon\",\"version\":5,\"process_id\":2612,\"record_number\":\"3371698\",\"beat\":{\"name\":\"WECserver\",\"hostname\":\"WECserver\",\"version\":\"6.5.4\"},\"user\":{\"identifier\":\"S-1-5-18\",\"name\":\"SYSTEM\",\"domain\":\"NT AUTHORITY\",\"type\":\"User\"}}\n",
      "\n",
      "\n",
      "247: 10.0.10.106\\nDestinationHostname: \\nDestinationPort: 443\\nDestinationPortName: https\",\"task\":\"Network connection detected (rule: NetworkConnect)\",\"log_name\":\"Microsoft-Windows-Sysmon/Operational\",\"event_data\":{\"SourceHostname\":\"IT001.shire.com\",\"SourceIsIpv6\":\"false\",\"User\":\"SHIRE\\\\pgustavo\",\"Protocol\":\"tcp\",\"SourcePort\":\"59487\",\"UtcTime\":\"2019-03-19 19:35:12.595\",\"SourceIp\":\"172.18.39.105\",\"DestinationIp\":\"10.0.10.106\",\"ProcessId\":\"9156\",\"Image\":\"C:\\\\Windows\\\\System32\\\\WindowsPowerShell\\\\v1.0\\\\powershell.exe\",\"ProcessGuid\":\"{aa6b4a20-2aa0-5c91-0000-001036f22805}\",\"Initiated\":\"true\",\"DestinationPort\":\"443\",\"DestinationPortName\":\"https\",\"DestinationIsIpv6\":\"false\"},\"version\":5,\"host\":{\"name\":\"WECserver\"}}\n",
      "\n",
      "\n",
      "248: 10.0.10.106\\nDestinationHostname: \\nDestinationPort: 443\\nDestinationPortName: https\",\"thread_id\":688,\"task\":\"Network connection detected (rule: NetworkConnect)\",\"host\":{\"name\":\"WECserver\"},\"opcode\":\"Info\",\"event_id\":3,\"event_data\":{\"UtcTime\":\"2019-03-19 19:35:17.846\",\"SourcePort\":\"59491\",\"DestinationIsIpv6\":\"false\",\"User\":\"SHIRE\\\\pgustavo\",\"Initiated\":\"true\",\"SourceIsIpv6\":\"false\",\"ProcessId\":\"4312\",\"DestinationIp\":\"10.0.10.106\",\"Protocol\":\"tcp\",\"SourceHostname\":\"IT001.shire.com\",\"Image\":\"C:\\\\Windows\\\\System32\\\\WindowsPowerShell\\\\v1.0\\\\powershell.exe\",\"ProcessGuid\":\"{aa6b4a20-1a98-5c91-0000-00105b0f0205}\",\"DestinationPortName\":\"https\",\"SourceIp\":\"172.18.39.105\",\"DestinationPort\":\"443\"},\"record_number\":\"3372140\",\"log_name\":\"Microsoft-Windows-Sysmon/Operational\",\"process_id\":2612,\"user\":{\"domain\":\"NT AUTHORITY\",\"type\":\"User\",\"identifier\":\"S-1-5-18\",\"name\":\"SYSTEM\"},\"computer_name\":\"IT001.shire.com\",\"provider_guid\":\"{5770385f-c22a-43e0-bf4c-06f5698ffbd9}\",\"level\":\"Information\",\"source_name\":\"Microsoft-Windows-Sysmon\",\"version\":5,\"beat\":{\"name\":\"WECserver\",\"hostname\":\"WECserver\",\"version\":\"6.5.4\"},\"type\":\"wineventlog\"}\n",
      "\n",
      "\n",
      "249: 10.0.10.106\\nDestinationHostname: \\nDestinationPort: 443\\nDestinationPortName: https\",\"type\":\"wineventlog\",\"host\":{\"name\":\"WECserver\"},\"provider_guid\":\"{5770385f-c22a-43e0-bf4c-06f5698ffbd9}\",\"computer_name\":\"IT001.shire.com\",\"event_data\":{\"ProcessId\":\"9156\",\"Protocol\":\"tcp\",\"ProcessGuid\":\"{aa6b4a20-2aa0-5c91-0000-001036f22805}\",\"Initiated\":\"true\",\"DestinationIp\":\"10.0.10.106\",\"DestinationPort\":\"443\",\"Image\":\"C:\\\\Windows\\\\System32\\\\WindowsPowerShell\\\\v1.0\\\\powershell.exe\",\"SourceHostname\":\"IT001.shire.com\",\"SourcePort\":\"59397\",\"DestinationIsIpv6\":\"false\",\"User\":\"SHIRE\\\\pgustavo\",\"SourceIsIpv6\":\"false\",\"UtcTime\":\"2019-03-19 19:32:22.298\",\"SourceIp\":\"172.18.39.105\",\"DestinationPortName\":\"https\"},\"record_number\":\"3371684\",\"version\":5,\"process_id\":2612,\"log_name\":\"Microsoft-Windows-Sysmon/Operational\",\"source_name\":\"Microsoft-Windows-Sysmon\",\"user\":{\"identifier\":\"S-1-5-18\",\"name\":\"SYSTEM\",\"domain\":\"NT AUTHORITY\",\"type\":\"User\"},\"opcode\":\"Info\",\"task\":\"Network connection detected (rule: NetworkConnect)\",\"beat\":{\"name\":\"WECserver\",\"hostname\":\"WECserver\",\"version\":\"6.5.4\"}}\n",
      "\n",
      "\n",
      "250: 10.0.10.106\\nDestinationHostname: \\nDestinationPort: 443\\nDestinationPortName: https\",\"type\":\"wineventlog\",\"log_name\":\"Microsoft-Windows-Sysmon/Operational\",\"event_data\":{\"DestinationIsIpv6\":\"false\",\"ProcessGuid\":\"{905CC552-43AC-5C91-0000-0010B44BB703}\",\"Initiated\":\"true\",\"UtcTime\":\"2019-03-19 19:31:39.932\",\"User\":\"SHIRE\\\\Mmidge\",\"DestinationPort\":\"443\",\"SourceIp\":\"172.18.39.5\",\"SourcePort\":\"50698\",\"SourceHostname\":\"HFDC01.shire.com\",\"DestinationPortName\":\"https\",\"Protocol\":\"tcp\",\"ProcessId\":\"904\",\"DestinationIp\":\"10.0.10.106\",\"Image\":\"C:\\\\Windows\\\\System32\\\\WindowsPowerShell\\\\v1.0\\\\powershell.exe\",\"SourceIsIpv6\":\"false\"},\"beat\":{\"name\":\"WECserver\",\"hostname\":\"WECserver\",\"version\":\"6.5.4\"},\"host\":{\"name\":\"WECserver\"}}\n",
      "\n",
      "\n",
      "251: 10.0.10.106\\nDestinationHostname: \\nDestinationPort: 443\\nDestinationPortName: https\",\"type\":\"wineventlog\",\"source_name\":\"Microsoft-Windows-Sysmon\",\"record_number\":\"3372173\",\"process_id\":2612,\"user\":{\"identifier\":\"S-1-5-18\",\"name\":\"SYSTEM\",\"domain\":\"NT AUTHORITY\",\"type\":\"User\"},\"version\":5,\"event_data\":{\"Initiated\":\"true\",\"DestinationIsIpv6\":\"false\",\"DestinationPortName\":\"https\",\"ProcessGuid\":\"{aa6b4a20-2aa0-5c91-0000-001036f22805}\",\"SourceHostname\":\"IT001.shire.com\",\"SourcePort\":\"59508\",\"DestinationPort\":\"443\",\"User\":\"SHIRE\\\\pgustavo\",\"DestinationIp\":\"10.0.10.106\",\"SourceIsIpv6\":\"false\",\"Image\":\"C:\\\\Windows\\\\System32\\\\WindowsPowerShell\\\\v1.0\\\\powershell.exe\",\"ProcessId\":\"9156\",\"SourceIp\":\"172.18.39.105\",\"UtcTime\":\"2019-03-19 19:35:43.330\",\"Protocol\":\"tcp\"},\"thread_id\":688,\"log_name\":\"Microsoft-Windows-Sysmon/Operational\",\"event_id\":3,\"provider_guid\":\"{5770385f-c22a-43e0-bf4c-06f5698ffbd9}\",\"level\":\"Information\"}\n",
      "\n",
      "\n",
      "252: 10.0.10.106\\nDestinationHostname: \\nDestinationPort: 443\\nDestinationPortName: https\",\"type\":\"wineventlog\",\"version\":5,\"event_id\":3,\"user\":{\"identifier\":\"S-1-5-18\",\"name\":\"SYSTEM\",\"domain\":\"NT AUTHORITY\",\"type\":\"User\"},\"event_data\":{\"User\":\"SHIRE\\\\pgustavo\",\"DestinationIp\":\"10.0.10.106\",\"SourceIsIpv6\":\"false\",\"SourcePort\":\"59425\",\"ProcessGuid\":\"{aa6b4a20-3f53-5c91-0000-0010e43d3b05}\",\"Image\":\"C:\\\\Windows\\\\System32\\\\cmd.exe\",\"Protocol\":\"tcp\",\"DestinationPortName\":\"https\",\"DestinationPort\":\"443\",\"DestinationIsIpv6\":\"false\",\"ProcessId\":\"8148\",\"SourceHostname\":\"IT001.shire.com\",\"Initiated\":\"true\",\"SourceIp\":\"172.18.39.105\",\"UtcTime\":\"2019-03-19 19:33:25.723\"},\"log_name\":\"Microsoft-Windows-Sysmon/Operational\",\"source_name\":\"Microsoft-Windows-Sysmon\",\"computer_name\":\"IT001.shire.com\",\"beat\":{\"name\":\"WECserver\",\"hostname\":\"WECserver\",\"version\":\"6.5.4\"},\"process_id\":2612,\"host\":{\"name\":\"WECserver\"},\"provider_guid\":\"{5770385f-c22a-43e0-bf4c-06f5698ffbd9}\",\"thread_id\":688,\"record_number\":\"3371750\"}\n",
      "\n",
      "\n",
      "253: 10.0.10.106\\nDestinationHostname: \\nDestinationPort: 443\\nDestinationPortName: https\",\"user\":{\"domain\":\"NT AUTHORITY\",\"type\":\"User\",\"identifier\":\"S-1-5-18\",\"name\":\"SYSTEM\"},\"beat\":{\"name\":\"WECserver\",\"hostname\":\"WECserver\",\"version\":\"6.5.4\"},\"provider_guid\":\"{5770385F-C22A-43E0-BF4C-06F5698FFBD9}\",\"source_name\":\"Microsoft-Windows-Sysmon\",\"event_data\":{\"UtcTime\":\"2019-03-19 19:30:05.413\",\"Image\":\"C:\\\\Windows\\\\System32\\\\WindowsPowerShell\\\\v1.0\\\\powershell.exe\",\"Protocol\":\"tcp\",\"DestinationIp\":\"10.0.10.106\",\"SourcePort\":\"50664\",\"ProcessGuid\":\"{905CC552-43AC-5C91-0000-0010B44BB703}\",\"SourceHostname\":\"HFDC01.shire.com\",\"DestinationPortName\":\"https\",\"SourceIsIpv6\":\"false\",\"DestinationPort\":\"443\",\"DestinationIsIpv6\":\"false\",\"ProcessId\":\"904\",\"User\":\"SHIRE\\\\Mmidge\",\"Initiated\":\"true\",\"SourceIp\":\"172.18.39.5\"},\"type\":\"wineventlog\",\"process_id\":1900,\"computer_name\":\"HFDC01.shire.com\",\"event_id\":3}\n",
      "\n",
      "\n",
      "254: 10.0.10.106\\nDestinationHostname: \\nDestinationPort: 443\\nDestinationPortName: https\",\"user\":{\"domain\":\"NT AUTHORITY\",\"type\":\"User\",\"identifier\":\"S-1-5-18\",\"name\":\"SYSTEM\"},\"log_name\":\"Microsoft-Windows-Sysmon/Operational\",\"event_id\":3,\"type\":\"wineventlog\",\"level\":\"Information\",\"beat\":{\"name\":\"WECserver\",\"hostname\":\"WECserver\",\"version\":\"6.5.4\"},\"host\":{\"name\":\"WECserver\"},\"event_data\":{\"DestinationIp\":\"10.0.10.106\",\"SourceIsIpv6\":\"false\",\"SourcePort\":\"50712\",\"ProcessId\":\"904\",\"User\":\"SHIRE\\\\Mmidge\",\"ProcessGuid\":\"{905CC552-43AC-5C91-0000-0010B44BB703}\",\"Initiated\":\"true\",\"SourceIp\":\"172.18.39.5\",\"DestinationPort\":\"443\",\"UtcTime\":\"2019-03-19 19:32:35.699\",\"DestinationPortName\":\"https\",\"Image\":\"C:\\\\Windows\\\\System32\\\\WindowsPowerShell\\\\v1.0\\\\powershell.exe\",\"SourceHostname\":\"HFDC01.shire.com\",\"Protocol\":\"tcp\",\"DestinationIsIpv6\":\"false\"},\"task\":\"Network connection detected (rule: NetworkConnect)\",\"provider_guid\":\"{5770385F-C22A-43E0-BF4C-06F5698FFBD9}\",\"computer_name\":\"HFDC01.shire.com\",\"process_id\":1900,\"thread_id\":2564,\"record_number\":\"2959260\",\"version\":5}\n",
      "\n",
      "\n",
      "255: 10.0.10.106\\nDestinationHostname: \\nDestinationPort: 443\\nDestinationPortName: https\",\"user\":{\"domain\":\"NT AUTHORITY\",\"type\":\"User\",\"identifier\":\"S-1-5-18\",\"name\":\"SYSTEM\"},\"provider_guid\":\"{5770385F-C22A-43E0-BF4C-06F5698FFBD9}\",\"process_id\":1900,\"version\":5,\"thread_id\":2564,\"computer_name\":\"HFDC01.shire.com\",\"level\":\"Information\",\"record_number\":\"2959311\",\"event_data\":{\"User\":\"SHIRE\\\\Mmidge\",\"SourcePort\":\"50722\",\"DestinationPort\":\"443\",\"ProcessId\":\"904\",\"SourceHostname\":\"HFDC01.shire.com\",\"SourceIp\":\"172.18.39.5\",\"UtcTime\":\"2019-03-19 19:33:21.559\",\"Image\":\"C:\\\\Windows\\\\System32\\\\WindowsPowerShell\\\\v1.0\\\\powershell.exe\",\"DestinationIsIpv6\":\"false\",\"ProcessGuid\":\"{905CC552-43AC-5C91-0000-0010B44BB703}\",\"Initiated\":\"true\",\"Protocol\":\"tcp\",\"SourceIsIpv6\":\"false\",\"DestinationIp\":\"10.0.10.106\",\"DestinationPortName\":\"https\"},\"log_name\":\"Microsoft-Windows-Sysmon/Operational\",\"opcode\":\"Info\",\"task\":\"Network connection detected (rule: NetworkConnect)\"}\n",
      "\n",
      "\n",
      "256: 10.0.10.106\\nDestinationHostname: \\nDestinationPort: 443\\nDestinationPortName: https\",\"user\":{\"identifier\":\"S-1-5-18\",\"name\":\"SYSTEM\",\"domain\":\"NT AUTHORITY\",\"type\":\"User\"},\"provider_guid\":\"{5770385f-c22a-43e0-bf4c-06f5698ffbd9}\",\"log_name\":\"Microsoft-Windows-Sysmon/Operational\",\"type\":\"wineventlog\",\"source_name\":\"Microsoft-Windows-Sysmon\",\"level\":\"Information\",\"version\":5,\"event_id\":3,\"beat\":{\"name\":\"WECserver\",\"hostname\":\"WECserver\",\"version\":\"6.5.4\"},\"task\":\"Network connection detected (rule: NetworkConnect)\",\"event_data\":{\"SourceIp\":\"172.18.39.105\",\"DestinationPort\":\"443\",\"Initiated\":\"true\",\"ProcessGuid\":\"{aa6b4a20-2aa0-5c91-0000-001036f22805}\",\"DestinationIsIpv6\":\"false\",\"DestinationIp\":\"10.0.10.106\",\"UtcTime\":\"2019-03-19 19:35:33.096\",\"DestinationPortName\":\"https\",\"Image\":\"C:\\\\Windows\\\\System32\\\\WindowsPowerShell\\\\v1.0\\\\powershell.exe\",\"User\":\"SHIRE\\\\pgustavo\",\"SourceIsIpv6\":\"false\",\"SourceHostname\":\"IT001.shire.com\",\"ProcessId\":\"9156\",\"Protocol\":\"tcp\",\"SourcePort\":\"59500\"},\"opcode\":\"Info\",\"host\":{\"name\":\"WECserver\"},\"computer_name\":\"IT001.shire.com\",\"thread_id\":688}\n",
      "\n",
      "\n",
      "257: 10.0.10.106\\nDestinationHostname: \\nDestinationPort: 443\\nDestinationPortName: https\",\"user\":{\"name\":\"SYSTEM\",\"domain\":\"NT AUTHORITY\",\"type\":\"User\",\"identifier\":\"S-1-5-18\"},\"process_id\":1900,\"type\":\"wineventlog\",\"beat\":{\"name\":\"WECserver\",\"hostname\":\"WECserver\",\"version\":\"6.5.4\"},\"version\":5,\"event_data\":{\"DestinationPort\":\"443\",\"SourceIp\":\"172.18.39.5\",\"SourceHostname\":\"HFDC01.shire.com\",\"ProcessGuid\":\"{905CC552-43AC-5C91-0000-0010B44BB703}\",\"DestinationPortName\":\"https\",\"ProcessId\":\"904\",\"UtcTime\":\"2019-03-19 19:31:29.760\",\"User\":\"SHIRE\\\\Mmidge\",\"Image\":\"C:\\\\Windows\\\\System32\\\\WindowsPowerShell\\\\v1.0\\\\powershell.exe\",\"Protocol\":\"tcp\",\"DestinationIsIpv6\":\"false\",\"DestinationIp\":\"10.0.10.106\",\"SourcePort\":\"50680\",\"Initiated\":\"true\",\"SourceIsIpv6\":\"false\"},\"record_number\":\"2959119\",\"source_name\":\"Microsoft-Windows-Sysmon\",\"host\":{\"name\":\"WECserver\"}}\n",
      "\n",
      "\n",
      "258: 10.0.10.106\\nDestinationHostname: \\nDestinationPort: 443\\nDestinationPortName: https\",\"user\":{\"type\":\"User\",\"identifier\":\"S-1-5-18\",\"name\":\"SYSTEM\",\"domain\":\"NT AUTHORITY\"},\"type\":\"wineventlog\",\"source_name\":\"Microsoft-Windows-Sysmon\",\"record_number\":\"3372138\",\"event_data\":{\"ProcessGuid\":\"{aa6b4a20-3f53-5c91-0000-0010e43d3b05}\",\"UtcTime\":\"2019-03-19 19:35:17.203\",\"SourceHostname\":\"IT001.shire.com\",\"User\":\"SHIRE\\\\pgustavo\",\"SourceIsIpv6\":\"false\",\"DestinationPort\":\"443\",\"ProcessId\":\"8148\",\"DestinationIp\":\"10.0.10.106\",\"DestinationPortName\":\"https\",\"SourcePort\":\"59489\",\"SourceIp\":\"172.18.39.105\",\"Image\":\"C:\\\\Windows\\\\System32\\\\cmd.exe\",\"Protocol\":\"tcp\",\"Initiated\":\"true\",\"DestinationIsIpv6\":\"false\"}}\n",
      "\n",
      "\n",
      "259: 10.0.10.106\\nDestinationHostname: \\nDestinationPort: 443\\nDestinationPortName: https\",\"version\":5,\"opcode\":\"Info\",\"host\":{\"name\":\"WECserver\"},\"event_data\":{\"SourcePort\":\"59399\",\"Image\":\"C:\\\\Windows\\\\System32\\\\WindowsPowerShell\\\\v1.0\\\\powershell.exe\",\"ProcessGuid\":\"{aa6b4a20-1a98-5c91-0000-00105b0f0205}\",\"SourceIsIpv6\":\"false\",\"SourceHostname\":\"IT001.shire.com\",\"DestinationIp\":\"10.0.10.106\",\"UtcTime\":\"2019-03-19 19:32:26.892\",\"Initiated\":\"true\",\"DestinationIsIpv6\":\"false\",\"User\":\"SHIRE\\\\pgustavo\",\"Protocol\":\"tcp\",\"SourceIp\":\"172.18.39.105\",\"DestinationPort\":\"443\",\"DestinationPortName\":\"https\",\"ProcessId\":\"4312\"},\"task\":\"Network connection detected (rule: NetworkConnect)\"}\n",
      "\n",
      "\n",
      "260: 10.0.10.106\\nDestinationHostname: \\nDestinationPort: 443\\nDestinationPortName: https\",\"version\":5,\"task\":\"Network connection detected (rule: NetworkConnect)\",\"host\":{\"name\":\"WECserver\"},\"log_name\":\"Microsoft-Windows-Sysmon/Operational\",\"opcode\":\"Info\",\"level\":\"Information\",\"provider_guid\":\"{5770385f-c22a-43e0-bf4c-06f5698ffbd9}\",\"thread_id\":688,\"user\":{\"name\":\"SYSTEM\",\"domain\":\"NT AUTHORITY\",\"type\":\"User\",\"identifier\":\"S-1-5-18\"},\"event_id\":3,\"process_id\":2612,\"event_data\":{\"ProcessId\":\"8148\",\"DestinationPort\":\"443\",\"UtcTime\":\"2019-03-19 19:35:32.484\",\"SourceIsIpv6\":\"false\",\"DestinationPortName\":\"https\",\"Initiated\":\"true\",\"SourceHostname\":\"IT001.shire.com\",\"SourcePort\":\"59499\",\"DestinationIsIpv6\":\"false\",\"DestinationIp\":\"10.0.10.106\",\"Image\":\"C:\\\\Windows\\\\System32\\\\cmd.exe\",\"SourceIp\":\"172.18.39.105\",\"ProcessGuid\":\"{aa6b4a20-3f53-5c91-0000-0010e43d3b05}\",\"User\":\"SHIRE\\\\pgustavo\",\"Protocol\":\"tcp\"},\"source_name\":\"Microsoft-Windows-Sysmon\",\"record_number\":\"3372158\",\"beat\":{\"name\":\"WECserver\",\"hostname\":\"WECserver\",\"version\":\"6.5.4\"},\"computer_name\":\"IT001.shire.com\"}\n",
      "\n",
      "\n",
      "261: 10.0.10.106\\nDestinationHostname: \\nDestinationPort: 443\\nDestinationPortName: https\",\"version\":5,\"thread_id\":2564,\"source_name\":\"Microsoft-Windows-Sysmon\",\"record_number\":\"2959299\",\"opcode\":\"Info\",\"event_data\":{\"DestinationIsIpv6\":\"false\",\"DestinationPortName\":\"https\",\"SourceIp\":\"172.18.39.5\",\"ProcessGuid\":\"{905CC552-43AC-5C91-0000-0010B44BB703}\",\"Image\":\"C:\\\\Windows\\\\System32\\\\WindowsPowerShell\\\\v1.0\\\\powershell.exe\",\"Protocol\":\"tcp\",\"Initiated\":\"true\",\"DestinationIp\":\"10.0.10.106\",\"User\":\"SHIRE\\\\Mmidge\",\"SourceIsIpv6\":\"false\",\"DestinationPort\":\"443\",\"SourceHostname\":\"HFDC01.shire.com\",\"SourcePort\":\"50718\",\"UtcTime\":\"2019-03-19 19:33:01.182\",\"ProcessId\":\"904\"},\"log_name\":\"Microsoft-Windows-Sysmon/Operational\",\"host\":{\"name\":\"WECserver\"},\"type\":\"wineventlog\",\"level\":\"Information\",\"process_id\":1900,\"beat\":{\"name\":\"WECserver\",\"hostname\":\"WECserver\",\"version\":\"6.5.4\"},\"computer_name\":\"HFDC01.shire.com\",\"user\":{\"type\":\"User\",\"identifier\":\"S-1-5-18\",\"name\":\"SYSTEM\",\"domain\":\"NT AUTHORITY\"},\"event_id\":3,\"task\":\"Network connection detected (rule: NetworkConnect)\"}\n",
      "\n",
      "\n",
      "262: 10.0.10.106\\n\\tDestination Port:\\t\\t443\\n\\tProtocol:\\t\\t6\\n\\nFilter Information:\\n\\tFilter Run-Time ID:\\t70572\\n\\tLayer Name:\\t\\tConnect\\n\\tLayer Run-Time ID:\\t48\",\"beat\":{\"name\":\"WECserver\",\"hostname\":\"WECserver\",\"version\":\"6.5.4\"},\"computer_name\":\"IT001.shire.com\",\"level\":\"Information\",\"process_id\":4,\"type\":\"wineventlog\",\"version\":1,\"host\":{\"name\":\"WECserver\"},\"source_name\":\"Microsoft-Windows-Security-Auditing\",\"task\":\"Filtering Platform Connection\",\"provider_guid\":\"{54849625-5478-4994-a5ba-3e3b0328c30d}\",\"event_data\":{\"Protocol\":\"6\",\"RemoteUserID\":\"S-1-0-0\",\"DestPort\":\"443\",\"Direction\":\"%%14593\",\"RemoteMachineID\":\"S-1-0-0\",\"SourcePort\":\"59302\",\"Application\":\"\\\\device\\\\harddiskvolume2\\\\windows\\\\system32\\\\cmd.exe\",\"SourceAddress\":\"172.18.39.105\",\"DestAddress\":\"10.0.10.106\",\"LayerName\":\"%%14611\",\"LayerRTID\":\"48\",\"ProcessID\":\"8148\",\"FilterRTID\":\"70572\"},\"log_name\":\"Security\",\"thread_id\":7940,\"event_id\":5156,\"record_number\":\"1026309\",\"opcode\":\"Info\",\"keywords\":[\"Audit Success\"]}\n",
      "\n",
      "\n",
      "263: 10.0.10.106\\n\\tDestination Port:\\t\\t443\\n\\tProtocol:\\t\\t6\\n\\nFilter Information:\\n\\tFilter Run-Time ID:\\t70572\\n\\tLayer Name:\\t\\tConnect\\n\\tLayer Run-Time ID:\\t48\",\"beat\":{\"name\":\"WECserver\",\"hostname\":\"WECserver\",\"version\":\"6.5.4\"},\"event_data\":{\"FilterRTID\":\"70572\",\"LayerName\":\"%%14611\",\"RemoteUserID\":\"S-1-0-0\",\"LayerRTID\":\"48\",\"RemoteMachineID\":\"S-1-0-0\",\"Application\":\"\\\\device\\\\harddiskvolume2\\\\windows\\\\system32\\\\windowspowershell\\\\v1.0\\\\powershell.exe\",\"Protocol\":\"6\",\"SourcePort\":\"59306\",\"DestAddress\":\"10.0.10.106\",\"DestPort\":\"443\",\"SourceAddress\":\"172.18.39.105\",\"Direction\":\"%%14593\",\"ProcessID\":\"9156\"},\"source_name\":\"Microsoft-Windows-Security-Auditing\",\"provider_guid\":\"{54849625-5478-4994-a5ba-3e3b0328c30d}\",\"opcode\":\"Info\",\"keywords\":[\"Audit Success\"],\"log_name\":\"Security\",\"level\":\"Information\",\"record_number\":\"1026317\",\"version\":1,\"type\":\"wineventlog\",\"computer_name\":\"IT001.shire.com\",\"event_id\":5156,\"thread_id\":7940,\"process_id\":4,\"host\":{\"name\":\"WECserver\"}}\n",
      "\n",
      "\n",
      "264: 10.0.10.106\\n\\tDestination Port:\\t\\t443\\n\\tProtocol:\\t\\t6\\n\\nFilter Information:\\n\\tFilter Run-Time ID:\\t70572\\n\\tLayer Name:\\t\\tConnect\\n\\tLayer Run-Time ID:\\t48\",\"beat\":{\"name\":\"WECserver\",\"hostname\":\"WECserver\",\"version\":\"6.5.4\"},\"event_id\":5156,\"log_name\":\"Security\",\"thread_id\":4548,\"record_number\":\"1026372\",\"event_data\":{\"Application\":\"\\\\device\\\\harddiskvolume2\\\\windows\\\\system32\\\\windowspowershell\\\\v1.0\\\\powershell.exe\",\"Direction\":\"%%14593\",\"RemoteMachineID\":\"S-1-0-0\",\"SourceAddress\":\"172.18.39.105\",\"SourcePort\":\"59328\",\"RemoteUserID\":\"S-1-0-0\",\"DestAddress\":\"10.0.10.106\",\"DestPort\":\"443\",\"Protocol\":\"6\",\"ProcessID\":\"9156\",\"LayerRTID\":\"48\",\"FilterRTID\":\"70572\",\"LayerName\":\"%%14611\"},\"keywords\":[\"Audit Success\"],\"host\":{\"name\":\"WECserver\"},\"process_id\":4,\"source_name\":\"Microsoft-Windows-Security-Auditing\"}\n",
      "\n",
      "\n",
      "265: 10.0.10.106\\n\\tDestination Port:\\t\\t443\\n\\tProtocol:\\t\\t6\\n\\nFilter Information:\\n\\tFilter Run-Time ID:\\t70572\\n\\tLayer Name:\\t\\tConnect\\n\\tLayer Run-Time ID:\\t48\",\"beat\":{\"name\":\"WECserver\",\"hostname\":\"WECserver\",\"version\":\"6.5.4\"},\"type\":\"wineventlog\",\"event_id\":5156,\"keywords\":[\"Audit Success\"],\"task\":\"Filtering Platform Connection\",\"log_name\":\"Security\",\"record_number\":\"1026634\",\"thread_id\":7940,\"event_data\":{\"DestAddress\":\"10.0.10.106\",\"DestPort\":\"443\",\"Protocol\":\"6\",\"RemoteUserID\":\"S-1-0-0\",\"SourceAddress\":\"172.18.39.105\",\"Application\":\"\\\\device\\\\harddiskvolume2\\\\windows\\\\system32\\\\windowspowershell\\\\v1.0\\\\powershell.exe\",\"Direction\":\"%%14593\",\"LayerRTID\":\"48\",\"SourcePort\":\"59436\",\"RemoteMachineID\":\"S-1-0-0\",\"ProcessID\":\"9156\",\"FilterRTID\":\"70572\",\"LayerName\":\"%%14611\"},\"source_name\":\"Microsoft-Windows-Security-Auditing\",\"level\":\"Information\"}\n",
      "\n",
      "\n",
      "266: 10.0.10.106\\n\\tDestination Port:\\t\\t443\\n\\tProtocol:\\t\\t6\\n\\nFilter Information:\\n\\tFilter Run-Time ID:\\t70572\\n\\tLayer Name:\\t\\tConnect\\n\\tLayer Run-Time ID:\\t48\",\"beat\":{\"name\":\"WECserver\",\"hostname\":\"WECserver\",\"version\":\"6.5.4\"},\"type\":\"wineventlog\",\"level\":\"Information\",\"event_data\":{\"Application\":\"\\\\device\\\\harddiskvolume2\\\\windows\\\\system32\\\\cmd.exe\",\"DestAddress\":\"10.0.10.106\",\"RemoteUserID\":\"S-1-0-0\",\"DestPort\":\"443\",\"Direction\":\"%%14593\",\"FilterRTID\":\"70572\",\"LayerName\":\"%%14611\",\"LayerRTID\":\"48\",\"RemoteMachineID\":\"S-1-0-0\",\"SourcePort\":\"59464\",\"ProcessID\":\"8148\",\"SourceAddress\":\"172.18.39.105\",\"Protocol\":\"6\"},\"keywords\":[\"Audit Success\"],\"log_name\":\"Security\",\"source_name\":\"Microsoft-Windows-Security-Auditing\",\"host\":{\"name\":\"WECserver\"},\"opcode\":\"Info\",\"computer_name\":\"IT001.shire.com\",\"record_number\":\"1026742\",\"provider_guid\":\"{54849625-5478-4994-a5ba-3e3b0328c30d}\"}\n",
      "\n",
      "\n",
      "267: 10.0.10.106\\n\\tDestination Port:\\t\\t443\\n\\tProtocol:\\t\\t6\\n\\nFilter Information:\\n\\tFilter Run-Time ID:\\t70572\\n\\tLayer Name:\\t\\tConnect\\n\\tLayer Run-Time ID:\\t48\",\"beat\":{\"name\":\"WECserver\",\"hostname\":\"WECserver\",\"version\":\"6.5.4\"},\"type\":\"wineventlog\",\"opcode\":\"Info\",\"source_name\":\"Microsoft-Windows-Security-Auditing\",\"provider_guid\":\"{54849625-5478-4994-a5ba-3e3b0328c30d}\",\"event_id\":5156,\"thread_id\":7940,\"task\":\"Filtering Platform Connection\",\"computer_name\":\"IT001.shire.com\",\"record_number\":\"1026750\",\"log_name\":\"Security\",\"version\":1,\"keywords\":[\"Audit Success\"],\"event_data\":{\"Application\":\"\\\\device\\\\harddiskvolume2\\\\windows\\\\system32\\\\windowspowershell\\\\v1.0\\\\powershell.exe\",\"Direction\":\"%%14593\",\"SourceAddress\":\"172.18.39.105\",\"Protocol\":\"6\",\"SourcePort\":\"59468\",\"LayerName\":\"%%14611\",\"FilterRTID\":\"70572\",\"LayerRTID\":\"48\",\"RemoteMachineID\":\"S-1-0-0\",\"DestAddress\":\"10.0.10.106\",\"RemoteUserID\":\"S-1-0-0\",\"ProcessID\":\"9156\",\"DestPort\":\"443\"},\"host\":{\"name\":\"WECserver\"}}\n",
      "\n",
      "\n",
      "268: 10.0.10.106\\n\\tDestination Port:\\t\\t443\\n\\tProtocol:\\t\\t6\\n\\nFilter Information:\\n\\tFilter Run-Time ID:\\t70572\\n\\tLayer Name:\\t\\tConnect\\n\\tLayer Run-Time ID:\\t48\",\"computer_name\":\"IT001.shire.com\",\"event_id\":5156,\"event_data\":{\"SourcePort\":\"59347\",\"LayerName\":\"%%14611\",\"RemoteUserID\":\"S-1-0-0\",\"Application\":\"\\\\device\\\\harddiskvolume2\\\\windows\\\\system32\\\\cmd.exe\",\"Direction\":\"%%14593\",\"FilterRTID\":\"70572\",\"RemoteMachineID\":\"S-1-0-0\",\"LayerRTID\":\"48\",\"DestPort\":\"443\",\"DestAddress\":\"10.0.10.106\",\"Protocol\":\"6\",\"ProcessID\":\"8148\",\"SourceAddress\":\"172.18.39.105\"},\"opcode\":\"Info\",\"type\":\"wineventlog\",\"process_id\":4,\"version\":1,\"level\":\"Information\"}\n",
      "\n",
      "\n",
      "269: 10.0.10.106\\n\\tDestination Port:\\t\\t443\\n\\tProtocol:\\t\\t6\\n\\nFilter Information:\\n\\tFilter Run-Time ID:\\t70572\\n\\tLayer Name:\\t\\tConnect\\n\\tLayer Run-Time ID:\\t48\",\"computer_name\":\"IT001.shire.com\",\"type\":\"wineventlog\",\"keywords\":[\"Audit Success\"],\"task\":\"Filtering Platform Connection\",\"event_data\":{\"SourcePort\":\"59344\",\"DestAddress\":\"10.0.10.106\",\"RemoteMachineID\":\"S-1-0-0\",\"Application\":\"\\\\device\\\\harddiskvolume2\\\\windows\\\\system32\\\\cmd.exe\",\"SourceAddress\":\"172.18.39.105\",\"Protocol\":\"6\",\"Direction\":\"%%14593\",\"DestPort\":\"443\",\"RemoteUserID\":\"S-1-0-0\",\"LayerRTID\":\"48\",\"ProcessID\":\"8148\",\"FilterRTID\":\"70572\",\"LayerName\":\"%%14611\"},\"opcode\":\"Info\",\"record_number\":\"1026404\",\"event_id\":5156,\"provider_guid\":\"{54849625-5478-4994-a5ba-3e3b0328c30d}\",\"beat\":{\"version\":\"6.5.4\",\"name\":\"WECserver\",\"hostname\":\"WECserver\"},\"version\":1,\"level\":\"Information\",\"log_name\":\"Security\"}\n",
      "\n",
      "\n",
      "270: 10.0.10.106\\n\\tDestination Port:\\t\\t443\\n\\tProtocol:\\t\\t6\\n\\nFilter Information:\\n\\tFilter Run-Time ID:\\t70572\\n\\tLayer Name:\\t\\tConnect\\n\\tLayer Run-Time ID:\\t48\",\"event_data\":{\"Application\":\"\\\\device\\\\harddiskvolume2\\\\windows\\\\system32\\\\cmd.exe\",\"RemoteMachineID\":\"S-1-0-0\",\"SourcePort\":\"59351\",\"LayerRTID\":\"48\",\"Protocol\":\"6\",\"SourceAddress\":\"172.18.39.105\",\"DestPort\":\"443\",\"FilterRTID\":\"70572\",\"LayerName\":\"%%14611\",\"RemoteUserID\":\"S-1-0-0\",\"Direction\":\"%%14593\",\"DestAddress\":\"10.0.10.106\",\"ProcessID\":\"8148\"},\"level\":\"Information\",\"record_number\":\"1026429\",\"log_name\":\"Security\",\"host\":{\"name\":\"WECserver\"},\"event_id\":5156,\"type\":\"wineventlog\",\"computer_name\":\"IT001.shire.com\",\"thread_id\":4548,\"provider_guid\":\"{54849625-5478-4994-a5ba-3e3b0328c30d}\",\"opcode\":\"Info\",\"keywords\":[\"Audit Success\"],\"process_id\":4}\n",
      "\n",
      "\n",
      "271: 10.0.10.106\\n\\tDestination Port:\\t\\t443\\n\\tProtocol:\\t\\t6\\n\\nFilter Information:\\n\\tFilter Run-Time ID:\\t70572\\n\\tLayer Name:\\t\\tConnect\\n\\tLayer Run-Time ID:\\t48\",\"event_data\":{\"Application\":\"\\\\device\\\\harddiskvolume2\\\\windows\\\\system32\\\\cmd.exe\",\"SourceAddress\":\"172.18.39.105\",\"RemoteMachineID\":\"S-1-0-0\",\"Direction\":\"%%14593\",\"DestAddress\":\"10.0.10.106\",\"LayerRTID\":\"48\",\"DestPort\":\"443\",\"FilterRTID\":\"70572\",\"ProcessID\":\"8148\",\"LayerName\":\"%%14611\",\"RemoteUserID\":\"S-1-0-0\",\"SourcePort\":\"59483\",\"Protocol\":\"6\"},\"computer_name\":\"IT001.shire.com\",\"opcode\":\"Info\",\"type\":\"wineventlog\",\"beat\":{\"name\":\"WECserver\",\"hostname\":\"WECserver\",\"version\":\"6.5.4\"},\"event_id\":5156,\"keywords\":[\"Audit Success\"],\"thread_id\":7940,\"log_name\":\"Security\",\"source_name\":\"Microsoft-Windows-Security-Auditing\",\"version\":1,\"process_id\":4,\"level\":\"Information\",\"host\":{\"name\":\"WECserver\"},\"provider_guid\":\"{54849625-5478-4994-a5ba-3e3b0328c30d}\",\"record_number\":\"1026780\"}\n",
      "\n",
      "\n",
      "272: 10.0.10.106\\n\\tDestination Port:\\t\\t443\\n\\tProtocol:\\t\\t6\\n\\nFilter Information:\\n\\tFilter Run-Time ID:\\t70572\\n\\tLayer Name:\\t\\tConnect\\n\\tLayer Run-Time ID:\\t48\",\"event_data\":{\"DestPort\":\"443\",\"DestAddress\":\"10.0.10.106\",\"LayerName\":\"%%14611\",\"ProcessID\":\"8148\",\"Direction\":\"%%14593\",\"SourceAddress\":\"172.18.39.105\",\"SourcePort\":\"59431\",\"LayerRTID\":\"48\",\"FilterRTID\":\"70572\",\"RemoteUserID\":\"S-1-0-0\",\"RemoteMachineID\":\"S-1-0-0\",\"Protocol\":\"6\",\"Application\":\"\\\\device\\\\harddiskvolume2\\\\windows\\\\system32\\\\cmd.exe\"},\"provider_guid\":\"{54849625-5478-4994-a5ba-3e3b0328c30d}\",\"keywords\":[\"Audit Success\"],\"version\":1,\"record_number\":\"1026624\",\"level\":\"Information\",\"beat\":{\"name\":\"WECserver\",\"hostname\":\"WECserver\",\"version\":\"6.5.4\"},\"opcode\":\"Info\",\"thread_id\":4548}\n",
      "\n",
      "\n",
      "273: 10.0.10.106\\n\\tDestination Port:\\t\\t443\\n\\tProtocol:\\t\\t6\\n\\nFilter Information:\\n\\tFilter Run-Time ID:\\t70572\\n\\tLayer Name:\\t\\tConnect\\n\\tLayer Run-Time ID:\\t48\",\"event_data\":{\"DestPort\":\"443\",\"RemoteMachineID\":\"S-1-0-0\",\"Direction\":\"%%14593\",\"SourceAddress\":\"172.18.39.105\",\"DestAddress\":\"10.0.10.106\",\"Protocol\":\"6\",\"ProcessID\":\"9156\",\"RemoteUserID\":\"S-1-0-0\",\"LayerName\":\"%%14611\",\"Application\":\"\\\\device\\\\harddiskvolume2\\\\windows\\\\system32\\\\windowspowershell\\\\v1.0\\\\powershell.exe\",\"SourcePort\":\"59325\",\"FilterRTID\":\"70572\",\"LayerRTID\":\"48\"},\"level\":\"Information\",\"thread_id\":7940,\"process_id\":4,\"type\":\"wineventlog\",\"event_id\":5156,\"record_number\":\"1026366\",\"keywords\":[\"Audit Success\"],\"log_name\":\"Security\",\"provider_guid\":\"{54849625-5478-4994-a5ba-3e3b0328c30d}\",\"computer_name\":\"IT001.shire.com\",\"opcode\":\"Info\",\"beat\":{\"name\":\"WECserver\",\"hostname\":\"WECserver\",\"version\":\"6.5.4\"}}\n",
      "\n",
      "\n",
      "274: 10.0.10.106\\n\\tDestination Port:\\t\\t443\\n\\tProtocol:\\t\\t6\\n\\nFilter Information:\\n\\tFilter Run-Time ID:\\t70572\\n\\tLayer Name:\\t\\tConnect\\n\\tLayer Run-Time ID:\\t48\",\"event_data\":{\"LayerName\":\"%%14611\",\"Application\":\"\\\\device\\\\harddiskvolume2\\\\windows\\\\system32\\\\windowspowershell\\\\v1.0\\\\powershell.exe\",\"SourceAddress\":\"172.18.39.105\",\"LayerRTID\":\"48\",\"Direction\":\"%%14593\",\"DestPort\":\"443\",\"RemoteMachineID\":\"S-1-0-0\",\"Protocol\":\"6\",\"FilterRTID\":\"70572\",\"ProcessID\":\"9156\",\"SourcePort\":\"59415\",\"DestAddress\":\"10.0.10.106\",\"RemoteUserID\":\"S-1-0-0\"},\"version\":1,\"event_id\":5156,\"computer_name\":\"IT001.shire.com\",\"host\":{\"name\":\"WECserver\"},\"thread_id\":2524,\"level\":\"Information\",\"opcode\":\"Info\",\"source_name\":\"Microsoft-Windows-Security-Auditing\",\"task\":\"Filtering Platform Connection\",\"log_name\":\"Security\",\"process_id\":4,\"record_number\":\"1026580\"}\n",
      "\n",
      "\n",
      "275: 10.0.10.106\\n\\tDestination Port:\\t\\t443\\n\\tProtocol:\\t\\t6\\n\\nFilter Information:\\n\\tFilter Run-Time ID:\\t70572\\n\\tLayer Name:\\t\\tConnect\\n\\tLayer Run-Time ID:\\t48\",\"event_data\":{\"ProcessID\":\"9156\",\"Direction\":\"%%14593\",\"FilterRTID\":\"70572\",\"DestPort\":\"443\",\"SourcePort\":\"59313\",\"LayerRTID\":\"48\",\"RemoteMachineID\":\"S-1-0-0\",\"Protocol\":\"6\",\"SourceAddress\":\"172.18.39.105\",\"DestAddress\":\"10.0.10.106\",\"LayerName\":\"%%14611\",\"RemoteUserID\":\"S-1-0-0\",\"Application\":\"\\\\device\\\\harddiskvolume2\\\\windows\\\\system32\\\\windowspowershell\\\\v1.0\\\\powershell.exe\"},\"type\":\"wineventlog\"}\n",
      "\n",
      "\n",
      "276: 10.0.10.106\\n\\tDestination Port:\\t\\t443\\n\\tProtocol:\\t\\t6\\n\\nFilter Information:\\n\\tFilter Run-Time ID:\\t70572\\n\\tLayer Name:\\t\\tConnect\\n\\tLayer Run-Time ID:\\t48\",\"event_data\":{\"Protocol\":\"6\",\"FilterRTID\":\"70572\",\"LayerName\":\"%%14611\",\"LayerRTID\":\"48\",\"SourceAddress\":\"172.18.39.105\",\"Direction\":\"%%14593\",\"DestAddress\":\"10.0.10.106\",\"DestPort\":\"443\",\"RemoteUserID\":\"S-1-0-0\",\"RemoteMachineID\":\"S-1-0-0\",\"ProcessID\":\"4312\",\"Application\":\"\\\\device\\\\harddiskvolume2\\\\windows\\\\system32\\\\windowspowershell\\\\v1.0\\\\powershell.exe\",\"SourcePort\":\"59418\"},\"type\":\"wineventlog\",\"beat\":{\"name\":\"WECserver\",\"hostname\":\"WECserver\",\"version\":\"6.5.4\"}}\n",
      "\n",
      "\n",
      "277: 10.0.10.106\\n\\tDestination Port:\\t\\t443\\n\\tProtocol:\\t\\t6\\n\\nFilter Information:\\n\\tFilter Run-Time ID:\\t70572\\n\\tLayer Name:\\t\\tConnect\\n\\tLayer Run-Time ID:\\t48\",\"event_data\":{\"SourceAddress\":\"172.18.39.105\",\"DestPort\":\"443\",\"LayerName\":\"%%14611\",\"RemoteUserID\":\"S-1-0-0\",\"ProcessID\":\"4312\",\"Direction\":\"%%14593\",\"SourcePort\":\"59472\",\"DestAddress\":\"10.0.10.106\",\"Protocol\":\"6\",\"FilterRTID\":\"70572\",\"LayerRTID\":\"48\",\"RemoteMachineID\":\"S-1-0-0\",\"Application\":\"\\\\device\\\\harddiskvolume2\\\\windows\\\\system32\\\\windowspowershell\\\\v1.0\\\\powershell.exe\"},\"source_name\":\"Microsoft-Windows-Security-Auditing\",\"host\":{\"name\":\"WECserver\"},\"opcode\":\"Info\",\"provider_guid\":\"{54849625-5478-4994-a5ba-3e3b0328c30d}\",\"version\":1,\"level\":\"Information\",\"thread_id\":4548,\"beat\":{\"name\":\"WECserver\",\"hostname\":\"WECserver\",\"version\":\"6.5.4\"},\"log_name\":\"Security\",\"event_id\":5156,\"keywords\":[\"Audit Success\"],\"type\":\"wineventlog\"}\n",
      "\n",
      "\n",
      "278: 10.0.10.106\\n\\tDestination Port:\\t\\t443\\n\\tProtocol:\\t\\t6\\n\\nFilter Information:\\n\\tFilter Run-Time ID:\\t70572\\n\\tLayer Name:\\t\\tConnect\\n\\tLayer Run-Time ID:\\t48\",\"event_data\":{\"SourcePort\":\"59360\",\"DestAddress\":\"10.0.10.106\",\"LayerRTID\":\"48\",\"DestPort\":\"443\",\"Protocol\":\"6\",\"RemoteUserID\":\"S-1-0-0\",\"Direction\":\"%%14593\",\"RemoteMachineID\":\"S-1-0-0\",\"SourceAddress\":\"172.18.39.105\",\"FilterRTID\":\"70572\",\"LayerName\":\"%%14611\",\"ProcessID\":\"4312\",\"Application\":\"\\\\device\\\\harddiskvolume2\\\\windows\\\\system32\\\\windowspowershell\\\\v1.0\\\\powershell.exe\"},\"log_name\":\"Security\",\"version\":1,\"computer_name\":\"IT001.shire.com\",\"opcode\":\"Info\",\"source_name\":\"Microsoft-Windows-Security-Auditing\",\"thread_id\":2524}\n",
      "\n",
      "\n",
      "279: 10.0.10.106\\n\\tDestination Port:\\t\\t443\\n\\tProtocol:\\t\\t6\\n\\nFilter Information:\\n\\tFilter Run-Time ID:\\t70572\\n\\tLayer Name:\\t\\tConnect\\n\\tLayer Run-Time ID:\\t48\",\"event_data\":{\"SourcePort\":\"59497\",\"DestAddress\":\"10.0.10.106\",\"LayerName\":\"%%14611\",\"LayerRTID\":\"48\",\"RemoteUserID\":\"S-1-0-0\",\"RemoteMachineID\":\"S-1-0-0\",\"Direction\":\"%%14593\",\"SourceAddress\":\"172.18.39.105\",\"DestPort\":\"443\",\"Protocol\":\"6\",\"FilterRTID\":\"70572\",\"ProcessID\":\"4312\",\"Application\":\"\\\\device\\\\harddiskvolume2\\\\windows\\\\system32\\\\windowspowershell\\\\v1.0\\\\powershell.exe\"},\"host\":{\"name\":\"WECserver\"}}\n",
      "\n",
      "\n",
      "280: 10.0.10.106\\n\\tDestination Port:\\t\\t443\\n\\tProtocol:\\t\\t6\\n\\nFilter Information:\\n\\tFilter Run-Time ID:\\t70572\\n\\tLayer Name:\\t\\tConnect\\n\\tLayer Run-Time ID:\\t48\",\"event_id\":5156,\"log_name\":\"Security\",\"opcode\":\"Info\",\"keywords\":[\"Audit Success\"],\"event_data\":{\"DestAddress\":\"10.0.10.106\",\"DestPort\":\"443\",\"Protocol\":\"6\",\"LayerName\":\"%%14611\",\"LayerRTID\":\"48\",\"SourceAddress\":\"172.18.39.105\",\"Application\":\"\\\\device\\\\harddiskvolume2\\\\windows\\\\system32\\\\cmd.exe\",\"FilterRTID\":\"70572\",\"ProcessID\":\"8148\",\"Direction\":\"%%14593\",\"RemoteUserID\":\"S-1-0-0\",\"RemoteMachineID\":\"S-1-0-0\",\"SourcePort\":\"59492\"},\"process_id\":4,\"provider_guid\":\"{54849625-5478-4994-a5ba-3e3b0328c30d}\",\"beat\":{\"name\":\"WECserver\",\"hostname\":\"WECserver\",\"version\":\"6.5.4\"},\"type\":\"wineventlog\",\"source_name\":\"Microsoft-Windows-Security-Auditing\",\"computer_name\":\"IT001.shire.com\",\"task\":\"Filtering Platform Connection\",\"thread_id\":2524,\"record_number\":\"1026809\",\"version\":1,\"level\":\"Information\",\"host\":{\"name\":\"WECserver\"}}\n",
      "\n",
      "\n",
      "281: 10.0.10.106\\n\\tDestination Port:\\t\\t443\\n\\tProtocol:\\t\\t6\\n\\nFilter Information:\\n\\tFilter Run-Time ID:\\t70572\\n\\tLayer Name:\\t\\tConnect\\n\\tLayer Run-Time ID:\\t48\",\"event_id\":5156,\"provider_guid\":\"{54849625-5478-4994-a5ba-3e3b0328c30d}\",\"log_name\":\"Security\",\"process_id\":4,\"version\":1,\"task\":\"Filtering Platform Connection\",\"source_name\":\"Microsoft-Windows-Security-Auditing\",\"level\":\"Information\",\"thread_id\":4548,\"beat\":{\"name\":\"WECserver\",\"hostname\":\"WECserver\",\"version\":\"6.5.4\"},\"host\":{\"name\":\"WECserver\"},\"computer_name\":\"IT001.shire.com\",\"opcode\":\"Info\",\"keywords\":[\"Audit Success\"],\"event_data\":{\"FilterRTID\":\"70572\",\"LayerRTID\":\"48\",\"ProcessID\":\"4312\",\"Direction\":\"%%14593\",\"SourceAddress\":\"172.18.39.105\",\"RemoteMachineID\":\"S-1-0-0\",\"Application\":\"\\\\device\\\\harddiskvolume2\\\\windows\\\\system32\\\\windowspowershell\\\\v1.0\\\\powershell.exe\",\"DestAddress\":\"10.0.10.106\",\"SourcePort\":\"59393\",\"DestPort\":\"443\",\"RemoteUserID\":\"S-1-0-0\",\"Protocol\":\"6\",\"LayerName\":\"%%14611\"},\"type\":\"wineventlog\"}\n",
      "\n",
      "\n",
      "282: 10.0.10.106\\n\\tDestination Port:\\t\\t443\\n\\tProtocol:\\t\\t6\\n\\nFilter Information:\\n\\tFilter Run-Time ID:\\t70572\\n\\tLayer Name:\\t\\tConnect\\n\\tLayer Run-Time ID:\\t48\",\"event_id\":5156,\"task\":\"Filtering Platform Connection\",\"provider_guid\":\"{54849625-5478-4994-a5ba-3e3b0328c30d}\",\"version\":1,\"event_data\":{\"ProcessID\":\"9156\",\"SourceAddress\":\"172.18.39.105\",\"DestPort\":\"443\",\"LayerName\":\"%%14611\",\"Direction\":\"%%14593\",\"SourcePort\":\"59426\",\"FilterRTID\":\"70572\",\"LayerRTID\":\"48\",\"Application\":\"\\\\device\\\\harddiskvolume2\\\\windows\\\\system32\\\\windowspowershell\\\\v1.0\\\\powershell.exe\",\"Protocol\":\"6\",\"RemoteUserID\":\"S-1-0-0\",\"RemoteMachineID\":\"S-1-0-0\",\"DestAddress\":\"10.0.10.106\"},\"process_id\":4,\"record_number\":\"1026614\",\"opcode\":\"Info\",\"thread_id\":2524,\"computer_name\":\"IT001.shire.com\",\"host\":{\"name\":\"WECserver\"},\"type\":\"wineventlog\",\"level\":\"Information\",\"keywords\":[\"Audit Success\"],\"log_name\":\"Security\"}\n",
      "\n",
      "\n",
      "283: 10.0.10.106\\n\\tDestination Port:\\t\\t443\\n\\tProtocol:\\t\\t6\\n\\nFilter Information:\\n\\tFilter Run-Time ID:\\t70572\\n\\tLayer Name:\\t\\tConnect\\n\\tLayer Run-Time ID:\\t48\",\"event_id\":5156,\"thread_id\":2524,\"source_name\":\"Microsoft-Windows-Security-Auditing\",\"task\":\"Filtering Platform Connection\",\"host\":{\"name\":\"WECserver\"},\"opcode\":\"Info\",\"computer_name\":\"IT001.shire.com\",\"record_number\":\"1026465\",\"version\":1,\"level\":\"Information\",\"type\":\"wineventlog\",\"provider_guid\":\"{54849625-5478-4994-a5ba-3e3b0328c30d}\",\"process_id\":4,\"event_data\":{\"ProcessID\":\"8148\",\"Direction\":\"%%14593\",\"SourceAddress\":\"172.18.39.105\",\"DestAddress\":\"10.0.10.106\",\"Application\":\"\\\\device\\\\harddiskvolume2\\\\windows\\\\system32\\\\cmd.exe\",\"SourcePort\":\"59367\",\"RemoteUserID\":\"S-1-0-0\",\"DestPort\":\"443\",\"Protocol\":\"6\",\"RemoteMachineID\":\"S-1-0-0\",\"FilterRTID\":\"70572\",\"LayerName\":\"%%14611\",\"LayerRTID\":\"48\"},\"log_name\":\"Security\"}\n",
      "\n",
      "\n",
      "284: 10.0.10.106\\n\\tDestination Port:\\t\\t443\\n\\tProtocol:\\t\\t6\\n\\nFilter Information:\\n\\tFilter Run-Time ID:\\t70572\\n\\tLayer Name:\\t\\tConnect\\n\\tLayer Run-Time ID:\\t48\",\"host\":{\"name\":\"WECserver\"},\"beat\":{\"name\":\"WECserver\",\"hostname\":\"WECserver\",\"version\":\"6.5.4\"},\"event_id\":5156,\"log_name\":\"Security\",\"thread_id\":4548,\"keywords\":[\"Audit Success\"],\"record_number\":\"1026479\",\"opcode\":\"Info\",\"event_data\":{\"FilterRTID\":\"70572\",\"Direction\":\"%%14593\",\"LayerName\":\"%%14611\",\"LayerRTID\":\"48\",\"ProcessID\":\"4312\",\"Application\":\"\\\\device\\\\harddiskvolume2\\\\windows\\\\system32\\\\windowspowershell\\\\v1.0\\\\powershell.exe\",\"RemoteUserID\":\"S-1-0-0\",\"RemoteMachineID\":\"S-1-0-0\",\"SourceAddress\":\"172.18.39.105\",\"DestPort\":\"443\",\"SourcePort\":\"59374\",\"DestAddress\":\"10.0.10.106\",\"Protocol\":\"6\"},\"process_id\":4}\n",
      "\n",
      "\n",
      "285: 10.0.10.106\\n\\tDestination Port:\\t\\t443\\n\\tProtocol:\\t\\t6\\n\\nFilter Information:\\n\\tFilter Run-Time ID:\\t70572\\n\\tLayer Name:\\t\\tConnect\\n\\tLayer Run-Time ID:\\t48\",\"host\":{\"name\":\"WECserver\"},\"event_id\":5156,\"level\":\"Information\",\"provider_guid\":\"{54849625-5478-4994-a5ba-3e3b0328c30d}\",\"event_data\":{\"ProcessID\":\"9156\",\"LayerRTID\":\"48\",\"DestAddress\":\"10.0.10.106\",\"Application\":\"\\\\device\\\\harddiskvolume2\\\\windows\\\\system32\\\\windowspowershell\\\\v1.0\\\\powershell.exe\",\"Direction\":\"%%14593\",\"SourceAddress\":\"172.18.39.105\",\"SourcePort\":\"59423\",\"DestPort\":\"443\",\"RemoteUserID\":\"S-1-0-0\",\"LayerName\":\"%%14611\",\"RemoteMachineID\":\"S-1-0-0\",\"Protocol\":\"6\",\"FilterRTID\":\"70572\"},\"beat\":{\"name\":\"WECserver\",\"hostname\":\"WECserver\",\"version\":\"6.5.4\"},\"log_name\":\"Security\",\"source_name\":\"Microsoft-Windows-Security-Auditing\",\"process_id\":4,\"record_number\":\"1026607\",\"version\":1}\n",
      "\n",
      "\n",
      "286: 10.0.10.106\\n\\tDestination Port:\\t\\t443\\n\\tProtocol:\\t\\t6\\n\\nFilter Information:\\n\\tFilter Run-Time ID:\\t70572\\n\\tLayer Name:\\t\\tConnect\\n\\tLayer Run-Time ID:\\t48\",\"keywords\":[\"Audit Success\"],\"computer_name\":\"IT001.shire.com\",\"event_data\":{\"LayerName\":\"%%14611\",\"Application\":\"\\\\device\\\\harddiskvolume2\\\\windows\\\\system32\\\\windowspowershell\\\\v1.0\\\\powershell.exe\",\"DestAddress\":\"10.0.10.106\",\"RemoteMachineID\":\"S-1-0-0\",\"ProcessID\":\"4312\",\"Direction\":\"%%14593\",\"SourceAddress\":\"172.18.39.105\",\"Protocol\":\"6\",\"DestPort\":\"443\",\"RemoteUserID\":\"S-1-0-0\",\"SourcePort\":\"59387\",\"LayerRTID\":\"48\",\"FilterRTID\":\"70572\"},\"process_id\":4,\"thread_id\":4548,\"source_name\":\"Microsoft-Windows-Security-Auditing\",\"host\":{\"name\":\"WECserver\"},\"version\":1,\"level\":\"Information\"}\n",
      "\n",
      "\n",
      "287: 10.0.10.106\\n\\tDestination Port:\\t\\t443\\n\\tProtocol:\\t\\t6\\n\\nFilter Information:\\n\\tFilter Run-Time ID:\\t70572\\n\\tLayer Name:\\t\\tConnect\\n\\tLayer Run-Time ID:\\t48\",\"keywords\":[\"Audit Success\"],\"host\":{\"name\":\"WECserver\"},\"provider_guid\":\"{54849625-5478-4994-a5ba-3e3b0328c30d}\",\"event_data\":{\"LayerName\":\"%%14611\",\"LayerRTID\":\"48\",\"Application\":\"\\\\device\\\\harddiskvolume2\\\\windows\\\\system32\\\\cmd.exe\",\"Direction\":\"%%14593\",\"RemoteMachineID\":\"S-1-0-0\",\"DestPort\":\"443\",\"DestAddress\":\"10.0.10.106\",\"Protocol\":\"6\",\"RemoteUserID\":\"S-1-0-0\",\"SourcePort\":\"59499\",\"FilterRTID\":\"70572\",\"ProcessID\":\"8148\",\"SourceAddress\":\"172.18.39.105\"},\"type\":\"wineventlog\",\"source_name\":\"Microsoft-Windows-Security-Auditing\",\"computer_name\":\"IT001.shire.com\",\"log_name\":\"Security\",\"record_number\":\"1026823\",\"process_id\":4,\"thread_id\":7940}\n",
      "\n",
      "\n",
      "288: 10.0.10.106\\n\\tDestination Port:\\t\\t443\\n\\tProtocol:\\t\\t6\\n\\nFilter Information:\\n\\tFilter Run-Time ID:\\t70572\\n\\tLayer Name:\\t\\tConnect\\n\\tLayer Run-Time ID:\\t48\",\"keywords\":[\"Audit Success\"],\"process_id\":4,\"level\":\"Information\",\"opcode\":\"Info\",\"version\":1,\"event_data\":{\"ProcessID\":\"8148\",\"Application\":\"\\\\device\\\\harddiskvolume2\\\\windows\\\\system32\\\\cmd.exe\",\"Direction\":\"%%14593\",\"FilterRTID\":\"70572\",\"DestAddress\":\"10.0.10.106\",\"Protocol\":\"6\",\"RemoteMachineID\":\"S-1-0-0\",\"RemoteUserID\":\"S-1-0-0\",\"SourcePort\":\"59467\",\"LayerRTID\":\"48\",\"SourceAddress\":\"172.18.39.105\",\"DestPort\":\"443\",\"LayerName\":\"%%14611\"},\"log_name\":\"Security\",\"provider_guid\":\"{54849625-5478-4994-a5ba-3e3b0328c30d}\",\"beat\":{\"name\":\"WECserver\",\"hostname\":\"WECserver\",\"version\":\"6.5.4\"},\"host\":{\"name\":\"WECserver\"},\"type\":\"wineventlog\",\"task\":\"Filtering Platform Connection\"}\n",
      "\n",
      "\n",
