      "73: 10.0.10.106\",\"LayerName\":\"%%14611\",\"Protocol\":\"6\",\"RemoteUserID\":\"S-1-0-0\",\"ProcessID\":\"8148\",\"Direction\":\"%%14593\",\"SourceAddress\":\"172.18.39.105\",\"SourcePort\":\"59401\"},\"opcode\":\"Info\",\"version\":1,\"event_id\":5156,\"type\":\"wineventlog\",\"level\":\"Information\",\"beat\":{\"name\":\"WECserver\",\"hostname\":\"WECserver\",\"version\":\"6.5.4\"},\"host\":{\"name\":\"WECserver\"},\"process_id\":4,\"computer_name\":\"IT001.shire.com\",\"record_number\":\"1026551\",\"source_name\":\"Microsoft-Windows-Security-Auditing\",\"provider_guid\":\"{54849625-5478-4994-a5ba-3e3b0328c30d}\",\"log_name\":\"Security\",\"thread_id\":4548,\"message\":\"The Windows Filtering Platform has permitted a connection.\\n\\nApplication Information:\\n\\tProcess ID:\\t\\t8148\\n\\tApplication Name:\\t\\\\device\\\\harddiskvolume2\\\\windows\\\\system32\\\\cmd.exe\\n\\nNetwork Information:\\n\\tDirection:\\t\\tOutbound\\n\\tSource Address:\\t\\t172.18.39.105\\n\\tSource Port:\\t\\t59401\\n\\tDestination Address:\\t10.0.10.106\\n\\tDestination Port:\\t\\t443\\n\\tProtocol:\\t\\t6\\n\\nFilter Information:\\n\\tFilter Run-Time ID:\\t70572\\n\\tLayer Name:\\t\\tConnect\\n\\tLayer Run-Time ID:\\t48\"}\n",
      "\n",
      "\n",
      "74: 10.0.10.106\",\"LayerName\":\"%%14611\",\"RemoteUserID\":\"S-1-0-0\",\"RemoteMachineID\":\"S-1-0-0\",\"SourcePort\":\"59346\",\"DestPort\":\"443\",\"FilterRTID\":\"70572\",\"LayerRTID\":\"48\",\"Application\":\"\\\\device\\\\harddiskvolume2\\\\windows\\\\system32\\\\windowspowershell\\\\v1.0\\\\powershell.exe\",\"Direction\":\"%%14593\"},\"event_id\":5156,\"version\":1,\"opcode\":\"Info\",\"type\":\"wineventlog\",\"source_name\":\"Microsoft-Windows-Security-Auditing\",\"message\":\"The Windows Filtering Platform has permitted a connection.\\n\\nApplication Information:\\n\\tProcess ID:\\t\\t9156\\n\\tApplication Name:\\t\\\\device\\\\harddiskvolume2\\\\windows\\\\system32\\\\windowspowershell\\\\v1.0\\\\powershell.exe\\n\\nNetwork Information:\\n\\tDirection:\\t\\tOutbound\\n\\tSource Address:\\t\\t172.18.39.105\\n\\tSource Port:\\t\\t59346\\n\\tDestination Address:\\t10.0.10.106\\n\\tDestination Port:\\t\\t443\\n\\tProtocol:\\t\\t6\\n\\nFilter Information:\\n\\tFilter Run-Time ID:\\t70572\\n\\tLayer Name:\\t\\tConnect\\n\\tLayer Run-Time ID:\\t48\",\"process_id\":4,\"thread_id\":7940,\"beat\":{\"name\":\"WECserver\",\"hostname\":\"WECserver\",\"version\":\"6.5.4\"},\"level\":\"Information\"}\n",
      "\n",
      "\n",
      "75: 10.0.10.106\",\"LayerName\":\"%%14611\",\"RemoteUserID\":\"S-1-0-0\",\"SourceAddress\":\"172.18.39.105\"},\"host\":{\"name\":\"WECserver\"},\"version\":1,\"level\":\"Information\",\"source_name\":\"Microsoft-Windows-Security-Auditing\",\"opcode\":\"Info\",\"message\":\"The Windows Filtering Platform has permitted a connection.\\n\\nApplication Information:\\n\\tProcess ID:\\t\\t4312\\n\\tApplication Name:\\t\\\\device\\\\harddiskvolume2\\\\windows\\\\system32\\\\windowspowershell\\\\v1.0\\\\powershell.exe\\n\\nNetwork Information:\\n\\tDirection:\\t\\tOutbound\\n\\tSource Address:\\t\\t172.18.39.105\\n\\tSource Port:\\t\\t59390\\n\\tDestination Address:\\t10.0.10.106\\n\\tDestination Port:\\t\\t443\\n\\tProtocol:\\t\\t6\\n\\nFilter Information:\\n\\tFilter Run-Time ID:\\t70572\\n\\tLayer Name:\\t\\tConnect\\n\\tLayer Run-Time ID:\\t48\",\"beat\":{\"version\":\"6.5.4\",\"name\":\"WECserver\",\"hostname\":\"WECserver\"},\"process_id\":4,\"provider_guid\":\"{54849625-5478-4994-a5ba-3e3b0328c30d}\",\"keywords\":[\"Audit Success\"],\"thread_id\":4548}\n",
      "\n",
      "\n",
      "76: 10.0.10.106\",\"LayerName\":\"%%14611\",\"RemoteUserID\":\"S-1-0-0\"},\"record_number\":\"1026483\",\"process_id\":4,\"log_name\":\"Security\",\"type\":\"wineventlog\",\"task\":\"Filtering Platform Connection\",\"beat\":{\"name\":\"WECserver\",\"hostname\":\"WECserver\",\"version\":\"6.5.4\"},\"level\":\"Information\",\"message\":\"The Windows Filtering Platform has permitted a connection.\\n\\nApplication Information:\\n\\tProcess ID:\\t\\t8148\\n\\tApplication Name:\\t\\\\device\\\\harddiskvolume2\\\\windows\\\\system32\\\\cmd.exe\\n\\nNetwork Information:\\n\\tDirection:\\t\\tOutbound\\n\\tSource Address:\\t\\t172.18.39.105\\n\\tSource Port:\\t\\t59376\\n\\tDestination Address:\\t10.0.10.106\\n\\tDestination Port:\\t\\t443\\n\\tProtocol:\\t\\t6\\n\\nFilter Information:\\n\\tFilter Run-Time ID:\\t70572\\n\\tLayer Name:\\t\\tConnect\\n\\tLayer Run-Time ID:\\t48\"}\n",
      "\n",
      "\n",
      "77: 10.0.10.106\",\"LayerRTID\":\"48\",\"Application\":\"\\\\device\\\\harddiskvolume2\\\\windows\\\\system32\\\\windowspowershell\\\\v1.0\\\\powershell.exe\",\"Protocol\":\"6\",\"FilterRTID\":\"70572\",\"DestPort\":\"443\"},\"beat\":{\"name\":\"WECserver\",\"hostname\":\"WECserver\",\"version\":\"6.5.4\"},\"task\":\"Filtering Platform Connection\",\"computer_name\":\"IT001.shire.com\",\"type\":\"wineventlog\",\"level\":\"Information\",\"event_id\":5156,\"host\":{\"name\":\"WECserver\"},\"process_id\":4,\"log_name\":\"Security\",\"record_number\":\"1026752\",\"provider_guid\":\"{54849625-5478-4994-a5ba-3e3b0328c30d}\",\"keywords\":[\"Audit Success\"],\"message\":\"The Windows Filtering Platform has permitted a connection.\\n\\nApplication Information:\\n\\tProcess ID:\\t\\t4312\\n\\tApplication Name:\\t\\\\device\\\\harddiskvolume2\\\\windows\\\\system32\\\\windowspowershell\\\\v1.0\\\\powershell.exe\\n\\nNetwork Information:\\n\\tDirection:\\t\\tOutbound\\n\\tSource Address:\\t\\t172.18.39.105\\n\\tSource Port:\\t\\t59469\\n\\tDestination Address:\\t10.0.10.106\\n\\tDestination Port:\\t\\t443\\n\\tProtocol:\\t\\t6\\n\\nFilter Information:\\n\\tFilter Run-Time ID:\\t70572\\n\\tLayer Name:\\t\\tConnect\\n\\tLayer Run-Time ID:\\t48\"}\n",
      "\n",
      "\n",
      "78: 10.0.10.106\",\"LayerRTID\":\"48\",\"DestPort\":\"443\",\"Protocol\":\"6\",\"ProcessID\":\"8148\",\"Application\":\"\\\\device\\\\harddiskvolume2\\\\windows\\\\system32\\\\cmd.exe\",\"Direction\":\"%%14593\",\"RemoteMachineID\":\"S-1-0-0\",\"SourceAddress\":\"172.18.39.105\",\"LayerName\":\"%%14611\",\"FilterRTID\":\"70572\",\"RemoteUserID\":\"S-1-0-0\"},\"record_number\":\"1026588\",\"computer_name\":\"IT001.shire.com\",\"provider_guid\":\"{54849625-5478-4994-a5ba-3e3b0328c30d}\",\"event_id\":5156,\"source_name\":\"Microsoft-Windows-Security-Auditing\",\"log_name\":\"Security\",\"thread_id\":2524,\"beat\":{\"name\":\"WECserver\",\"hostname\":\"WECserver\",\"version\":\"6.5.4\"},\"host\":{\"name\":\"WECserver\"},\"message\":\"The Windows Filtering Platform has permitted a connection.\\n\\nApplication Information:\\n\\tProcess ID:\\t\\t8148\\n\\tApplication Name:\\t\\\\device\\\\harddiskvolume2\\\\windows\\\\system32\\\\cmd.exe\\n\\nNetwork Information:\\n\\tDirection:\\t\\tOutbound\\n\\tSource Address:\\t\\t172.18.39.105\\n\\tSource Port:\\t\\t59419\\n\\tDestination Address:\\t10.0.10.106\\n\\tDestination Port:\\t\\t443\\n\\tProtocol:\\t\\t6\\n\\nFilter Information:\\n\\tFilter Run-Time ID:\\t70572\\n\\tLayer Name:\\t\\tConnect\\n\\tLayer Run-Time ID:\\t48\"}\n",
      "\n",
      "\n",
      "79: 10.0.10.106\",\"LayerRTID\":\"48\",\"Direction\":\"%%14593\",\"FilterRTID\":\"70572\",\"ProcessID\":\"4312\",\"Application\":\"\\\\device\\\\harddiskvolume2\\\\windows\\\\system32\\\\windowspowershell\\\\v1.0\\\\powershell.exe\",\"Protocol\":\"6\",\"LayerName\":\"%%14611\",\"SourcePort\":\"59315\"},\"task\":\"Filtering Platform Connection\",\"opcode\":\"Info\",\"source_name\":\"Microsoft-Windows-Security-Auditing\",\"beat\":{\"name\":\"WECserver\",\"hostname\":\"WECserver\",\"version\":\"6.5.4\"},\"thread_id\":7940,\"keywords\":[\"Audit Success\"],\"log_name\":\"Security\",\"computer_name\":\"IT001.shire.com\",\"message\":\"The Windows Filtering Platform has permitted a connection.\\n\\nApplication Information:\\n\\tProcess ID:\\t\\t4312\\n\\tApplication Name:\\t\\\\device\\\\harddiskvolume2\\\\windows\\\\system32\\\\windowspowershell\\\\v1.0\\\\powershell.exe\\n\\nNetwork Information:\\n\\tDirection:\\t\\tOutbound\\n\\tSource Address:\\t\\t172.18.39.105\\n\\tSource Port:\\t\\t59315\\n\\tDestination Address:\\t10.0.10.106\\n\\tDestination Port:\\t\\t443\\n\\tProtocol:\\t\\t6\\n\\nFilter Information:\\n\\tFilter Run-Time ID:\\t70572\\n\\tLayer Name:\\t\\tConnect\\n\\tLayer Run-Time ID:\\t48\",\"event_id\":5156}\n",
      "\n",
      "\n",
      "80: 10.0.10.106\",\"LayerRTID\":\"48\",\"Direction\":\"%%14593\",\"SourceAddress\":\"172.18.39.105\",\"FilterRTID\":\"70572\",\"LayerName\":\"%%14611\",\"ProcessID\":\"9156\"},\"beat\":{\"name\":\"WECserver\",\"hostname\":\"WECserver\",\"version\":\"6.5.4\"},\"computer_name\":\"IT001.shire.com\",\"message\":\"The Windows Filtering Platform has permitted a connection.\\n\\nApplication Information:\\n\\tProcess ID:\\t\\t9156\\n\\tApplication Name:\\t\\\\device\\\\harddiskvolume2\\\\windows\\\\system32\\\\windowspowershell\\\\v1.0\\\\powershell.exe\\n\\nNetwork Information:\\n\\tDirection:\\t\\tOutbound\\n\\tSource Address:\\t\\t172.18.39.105\\n\\tSource Port:\\t\\t59457\\n\\tDestination Address:\\t10.0.10.106\\n\\tDestination Port:\\t\\t443\\n\\tProtocol:\\t\\t6\\n\\nFilter Information:\\n\\tFilter Run-Time ID:\\t70572\\n\\tLayer Name:\\t\\tConnect\\n\\tLayer Run-Time ID:\\t48\",\"log_name\":\"Security\",\"version\":1,\"process_id\":4,\"thread_id\":7940,\"event_id\":5156,\"level\":\"Information\",\"task\":\"Filtering Platform Connection\",\"host\":{\"name\":\"WECserver\"}}\n",
      "\n",
      "\n",
      "81: 10.0.10.106\",\"LayerRTID\":\"48\",\"FilterRTID\":\"70572\",\"LayerName\":\"%%14611\",\"RemoteMachineID\":\"S-1-0-0\",\"Protocol\":\"6\",\"Direction\":\"%%14593\",\"SourceAddress\":\"172.18.39.105\",\"SourcePort\":\"59368\",\"DestPort\":\"443\"},\"event_id\":5156,\"message\":\"The Windows Filtering Platform has permitted a connection.\\n\\nApplication Information:\\n\\tProcess ID:\\t\\t4312\\n\\tApplication Name:\\t\\\\device\\\\harddiskvolume2\\\\windows\\\\system32\\\\windowspowershell\\\\v1.0\\\\powershell.exe\\n\\nNetwork Information:\\n\\tDirection:\\t\\tOutbound\\n\\tSource Address:\\t\\t172.18.39.105\\n\\tSource Port:\\t\\t59368\\n\\tDestination Address:\\t10.0.10.106\\n\\tDestination Port:\\t\\t443\\n\\tProtocol:\\t\\t6\\n\\nFilter Information:\\n\\tFilter Run-Time ID:\\t70572\\n\\tLayer Name:\\t\\tConnect\\n\\tLayer Run-Time ID:\\t48\",\"thread_id\":4548,\"type\":\"wineventlog\",\"keywords\":[\"Audit Success\"],\"version\":1}\n",
      "\n",
      "\n",
      "82: 10.0.10.106\",\"LayerRTID\":\"48\",\"ProcessID\":\"8148\",\"LayerName\":\"%%14611\",\"RemoteUserID\":\"S-1-0-0\",\"SourceAddress\":\"172.18.39.105\"},\"record_number\":\"1026566\",\"beat\":{\"name\":\"WECserver\",\"hostname\":\"WECserver\",\"version\":\"6.5.4\"},\"task\":\"Filtering Platform Connection\",\"level\":\"Information\",\"thread_id\":4548,\"message\":\"The Windows Filtering Platform has permitted a connection.\\n\\nApplication Information:\\n\\tProcess ID:\\t\\t8148\\n\\tApplication Name:\\t\\\\device\\\\harddiskvolume2\\\\windows\\\\system32\\\\cmd.exe\\n\\nNetwork Information:\\n\\tDirection:\\t\\tOutbound\\n\\tSource Address:\\t\\t172.18.39.105\\n\\tSource Port:\\t\\t59408\\n\\tDestination Address:\\t10.0.10.106\\n\\tDestination Port:\\t\\t443\\n\\tProtocol:\\t\\t6\\n\\nFilter Information:\\n\\tFilter Run-Time ID:\\t70572\\n\\tLayer Name:\\t\\tConnect\\n\\tLayer Run-Time ID:\\t48\",\"source_name\":\"Microsoft-Windows-Security-Auditing\",\"computer_name\":\"IT001.shire.com\",\"log_name\":\"Security\",\"process_id\":4}\n",
      "\n",
      "\n",
      "83: 10.0.10.106\",\"LayerRTID\":\"48\",\"RemoteMachineID\":\"S-1-0-0\",\"DestPort\":\"443\",\"Protocol\":\"6\",\"Direction\":\"%%14593\",\"FilterRTID\":\"71841\",\"RemoteUserID\":\"S-1-0-0\",\"ProcessID\":\"904\",\"SourceAddress\":\"172.18.39.5\",\"SourcePort\":\"50714\",\"LayerName\":\"%%14611\",\"Application\":\"\\\\device\\\\harddiskvolume2\\\\windows\\\\system32\\\\windowspowershell\\\\v1.0\\\\powershell.exe\"},\"message\":\"The Windows Filtering Platform has permitted a connection.\\n\\nApplication Information:\\n\\tProcess ID:\\t\\t904\\n\\tApplication Name:\\t\\\\device\\\\harddiskvolume2\\\\windows\\\\system32\\\\windowspowershell\\\\v1.0\\\\powershell.exe\\n\\nNetwork Information:\\n\\tDirection:\\t\\tOutbound\\n\\tSource Address:\\t\\t172.18.39.5\\n\\tSource Port:\\t\\t50714\\n\\tDestination Address:\\t10.0.10.106\\n\\tDestination Port:\\t\\t443\\n\\tProtocol:\\t\\t6\\n\\nFilter Information:\\n\\tFilter Run-Time ID:\\t71841\\n\\tLayer Name:\\t\\tConnect\\n\\tLayer Run-Time ID:\\t48\",\"log_name\":\"Security\",\"computer_name\":\"HFDC01.shire.com\",\"event_id\":5156,\"provider_guid\":\"{54849625-5478-4994-A5BA-3E3B0328C30D}\",\"version\":1,\"opcode\":\"Info\",\"thread_id\":620,\"beat\":{\"name\":\"WECserver\",\"hostname\":\"WECserver\",\"version\":\"6.5.4\"}}\n",
      "\n",
      "\n",
      "84: 10.0.10.106\",\"LayerRTID\":\"48\",\"RemoteMachineID\":\"S-1-0-0\",\"RemoteUserID\":\"S-1-0-0\",\"SourceAddress\":\"172.18.39.105\",\"FilterRTID\":\"70572\",\"LayerName\":\"%%14611\",\"Application\":\"\\\\device\\\\harddiskvolume2\\\\windows\\\\system32\\\\windowspowershell\\\\v1.0\\\\powershell.exe\",\"Protocol\":\"6\",\"ProcessID\":\"9156\",\"Direction\":\"%%14593\",\"DestPort\":\"443\"},\"type\":\"wineventlog\",\"level\":\"Information\",\"source_name\":\"Microsoft-Windows-Security-Auditing\",\"message\":\"The Windows Filtering Platform has permitted a connection.\\n\\nApplication Information:\\n\\tProcess ID:\\t\\t9156\\n\\tApplication Name:\\t\\\\device\\\\harddiskvolume2\\\\windows\\\\system32\\\\windowspowershell\\\\v1.0\\\\powershell.exe\\n\\nNetwork Information:\\n\\tDirection:\\t\\tOutbound\\n\\tSource Address:\\t\\t172.18.39.105\\n\\tSource Port:\\t\\t59465\\n\\tDestination Address:\\t10.0.10.106\\n\\tDestination Port:\\t\\t443\\n\\tProtocol:\\t\\t6\\n\\nFilter Information:\\n\\tFilter Run-Time ID:\\t70572\\n\\tLayer Name:\\t\\tConnect\\n\\tLayer Run-Time ID:\\t48\"}\n",
      "\n",
      "\n",
      "85: 10.0.10.106\",\"ProcessGuid\":\"{aa6b4a20-1a98-5c91-0000-00105b0f0205}\",\"DestinationIsIpv6\":\"false\",\"SourceIp\":\"172.18.39.105\",\"Image\":\"C:\\\\Windows\\\\System32\\\\WindowsPowerShell\\\\v1.0\\\\powershell.exe\",\"UtcTime\":\"2019-03-19 19:35:43.564\",\"User\":\"SHIRE\\\\pgustavo\",\"SourceHostname\":\"IT001.shire.com\",\"Protocol\":\"tcp\",\"Initiated\":\"true\"},\"record_number\":\"3372174\",\"log_name\":\"Microsoft-Windows-Sysmon/Operational\",\"event_id\":3,\"message\":\"Network connection detected:\\nRuleName: \\nUtcTime: 2019-03-19 19:35:43.564\\nProcessGuid: {aa6b4a20-1a98-5c91-0000-00105b0f0205}\\nProcessId: 4312\\nImage: C:\\\\Windows\\\\System32\\\\WindowsPowerShell\\\\v1.0\\\\powershell.exe\\nUser: SHIRE\\\\pgustavo\\nProtocol: tcp\\nInitiated: true\\nSourceIsIpv6: false\\nSourceIp: 172.18.39.105\\nSourceHostname: IT001.shire.com\\nSourcePort: 59509\\nSourcePortName: \\nDestinationIsIpv6: false\\nDestinationIp: 10.0.10.106\\nDestinationHostname: \\nDestinationPort: 443\\nDestinationPortName: https\",\"beat\":{\"name\":\"WECserver\",\"hostname\":\"WECserver\",\"version\":\"6.5.4\"},\"task\":\"Network connection detected (rule: NetworkConnect)\",\"type\":\"wineventlog\",\"level\":\"Information\",\"thread_id\":688,\"computer_name\":\"IT001.shire.com\",\"source_name\":\"Microsoft-Windows-Sysmon\",\"provider_guid\":\"{5770385f-c22a-43e0-bf4c-06f5698ffbd9}\",\"process_id\":2612,\"version\":5,\"host\":{\"name\":\"WECserver\"},\"opcode\":\"Info\",\"user\":{\"name\":\"SYSTEM\",\"domain\":\"NT AUTHORITY\",\"type\":\"User\",\"identifier\":\"S-1-5-18\"}}\n",
      "\n",
      "\n",
      "86: 10.0.10.106\",\"ProcessGuid\":\"{aa6b4a20-1a98-5c91-0000-00105b0f0205}\",\"Image\":\"C:\\\\Windows\\\\System32\\\\WindowsPowerShell\\\\v1.0\\\\powershell.exe\",\"Protocol\":\"tcp\",\"SourceHostname\":\"IT001.shire.com\",\"SourcePort\":\"59444\",\"SourceIsIpv6\":\"false\",\"DestinationPort\":\"443\",\"Initiated\":\"true\",\"ProcessId\":\"4312\",\"UtcTime\":\"2019-03-19 19:34:08.705\",\"User\":\"SHIRE\\\\pgustavo\",\"DestinationIsIpv6\":\"false\",\"SourceIp\":\"172.18.39.105\",\"DestinationPortName\":\"https\"},\"source_name\":\"Microsoft-Windows-Sysmon\",\"message\":\"Network connection detected:\\nRuleName: \\nUtcTime: 2019-03-19 19:34:08.705\\nProcessGuid: {aa6b4a20-1a98-5c91-0000-00105b0f0205}\\nProcessId: 4312\\nImage: C:\\\\Windows\\\\System32\\\\WindowsPowerShell\\\\v1.0\\\\powershell.exe\\nUser: SHIRE\\\\pgustavo\\nProtocol: tcp\\nInitiated: true\\nSourceIsIpv6: false\\nSourceIp: 172.18.39.105\\nSourceHostname: IT001.shire.com\\nSourcePort: 59444\\nSourcePortName: \\nDestinationIsIpv6: false\\nDestinationIp: 10.0.10.106\\nDestinationHostname: \\nDestinationPort: 443\\nDestinationPortName: https\",\"beat\":{\"name\":\"WECserver\",\"hostname\":\"WECserver\",\"version\":\"6.5.4\"},\"user\":{\"identifier\":\"S-1-5-18\",\"name\":\"SYSTEM\",\"domain\":\"NT AUTHORITY\",\"type\":\"User\"},\"type\":\"wineventlog\",\"provider_guid\":\"{5770385f-c22a-43e0-bf4c-06f5698ffbd9}\",\"log_name\":\"Microsoft-Windows-Sysmon/Operational\",\"level\":\"Information\",\"record_number\":\"3371799\",\"event_id\":3,\"version\":5,\"opcode\":\"Info\",\"task\":\"Network connection detected (rule: NetworkConnect)\",\"process_id\":2612}\n",
      "\n",
      "\n",
      "87: 10.0.10.106\",\"ProcessGuid\":\"{aa6b4a20-1a98-5c91-0000-00105b0f0205}\",\"Initiated\":\"true\",\"UtcTime\":\"2019-03-19 19:32:52.970\",\"ProcessId\":\"4312\",\"Image\":\"C:\\\\Windows\\\\System32\\\\WindowsPowerShell\\\\v1.0\\\\powershell.exe\",\"SourceIsIpv6\":\"false\",\"Protocol\":\"tcp\",\"User\":\"SHIRE\\\\pgustavo\"},\"host\":{\"name\":\"WECserver\"},\"message\":\"Network connection detected:\\nRuleName: \\nUtcTime: 2019-03-19 19:32:52.970\\nProcessGuid: {aa6b4a20-1a98-5c91-0000-00105b0f0205}\\nProcessId: 4312\\nImage: C:\\\\Windows\\\\System32\\\\WindowsPowerShell\\\\v1.0\\\\powershell.exe\\nUser: SHIRE\\\\pgustavo\\nProtocol: tcp\\nInitiated: true\\nSourceIsIpv6: false\\nSourceIp: 172.18.39.105\\nSourceHostname: IT001.shire.com\\nSourcePort: 59409\\nSourcePortName: \\nDestinationIsIpv6: false\\nDestinationIp: 10.0.10.106\\nDestinationHostname: \\nDestinationPort: 443\\nDestinationPortName: https\",\"computer_name\":\"IT001.shire.com\",\"source_name\":\"Microsoft-Windows-Sysmon\",\"event_id\":3,\"provider_guid\":\"{5770385f-c22a-43e0-bf4c-06f5698ffbd9}\",\"level\":\"Information\",\"record_number\":\"3371708\",\"version\":5,\"type\":\"wineventlog\",\"user\":{\"domain\":\"NT AUTHORITY\",\"type\":\"User\",\"identifier\":\"S-1-5-18\",\"name\":\"SYSTEM\"},\"log_name\":\"Microsoft-Windows-Sysmon/Operational\",\"task\":\"Network connection detected (rule: NetworkConnect)\",\"opcode\":\"Info\",\"process_id\":2612,\"beat\":{\"name\":\"WECserver\",\"hostname\":\"WECserver\",\"version\":\"6.5.4\"}}\n",
      "\n",
      "\n",
      "88: 10.0.10.106\",\"ProcessGuid\":\"{aa6b4a20-1a98-5c91-0000-00105b0f0205}\",\"SourceHostname\":\"IT001.shire.com\",\"SourcePort\":\"59427\",\"UtcTime\":\"2019-03-19 19:33:30.969\",\"DestinationIsIpv6\":\"false\",\"DestinationPort\":\"443\",\"Image\":\"C:\\\\Windows\\\\System32\\\\WindowsPowerShell\\\\v1.0\\\\powershell.exe\",\"DestinationPortName\":\"https\",\"User\":\"SHIRE\\\\pgustavo\",\"SourceIp\":\"172.18.39.105\"},\"level\":\"Information\",\"process_id\":2612,\"computer_name\":\"IT001.shire.com\",\"beat\":{\"name\":\"WECserver\",\"hostname\":\"WECserver\",\"version\":\"6.5.4\"},\"host\":{\"name\":\"WECserver\"},\"provider_guid\":\"{5770385f-c22a-43e0-bf4c-06f5698ffbd9}\",\"user\":{\"name\":\"SYSTEM\",\"domain\":\"NT AUTHORITY\",\"type\":\"User\",\"identifier\":\"S-1-5-18\"},\"thread_id\":688,\"version\":5,\"type\":\"wineventlog\",\"log_name\":\"Microsoft-Windows-Sysmon/Operational\",\"record_number\":\"3371756\",\"event_id\":3,\"opcode\":\"Info\",\"task\":\"Network connection detected (rule: NetworkConnect)\",\"source_name\":\"Microsoft-Windows-Sysmon\",\"message\":\"Network connection detected:\\nRuleName: \\nUtcTime: 2019-03-19 19:33:30.969\\nProcessGuid: {aa6b4a20-1a98-5c91-0000-00105b0f0205}\\nProcessId: 4312\\nImage: C:\\\\Windows\\\\System32\\\\WindowsPowerShell\\\\v1.0\\\\powershell.exe\\nUser: SHIRE\\\\pgustavo\\nProtocol: tcp\\nInitiated: true\\nSourceIsIpv6: false\\nSourceIp: 172.18.39.105\\nSourceHostname: IT001.shire.com\\nSourcePort: 59427\\nSourcePortName: \\nDestinationIsIpv6: false\\nDestinationIp: 10.0.10.106\\nDestinationHostname: \\nDestinationPort: 443\\nDestinationPortName: https\"}\n",
      "\n",
      "\n",
      "89: 10.0.10.106\",\"ProcessGuid\":\"{aa6b4a20-1a98-5c91-0000-00105b0f0205}\",\"User\":\"SHIRE\\\\pgustavo\"},\"type\":\"wineventlog\",\"provider_guid\":\"{5770385f-c22a-43e0-bf4c-06f5698ffbd9}\",\"version\":5,\"host\":{\"name\":\"WECserver\"},\"message\":\"Network connection detected:\\nRuleName: \\nUtcTime: 2019-03-19 19:33:20.458\\nProcessGuid: {aa6b4a20-1a98-5c91-0000-00105b0f0205}\\nProcessId: 4312\\nImage: C:\\\\Windows\\\\System32\\\\WindowsPowerShell\\\\v1.0\\\\powershell.exe\\nUser: SHIRE\\\\pgustavo\\nProtocol: tcp\\nInitiated: true\\nSourceIsIpv6: false\\nSourceIp: 172.18.39.105\\nSourceHostname: IT001.shire.com\\nSourcePort: 59421\\nSourcePortName: \\nDestinationIsIpv6: false\\nDestinationIp: 10.0.10.106\\nDestinationHostname: \\nDestinationPort: 443\\nDestinationPortName: https\",\"computer_name\":\"IT001.shire.com\",\"level\":\"Information\",\"log_name\":\"Microsoft-Windows-Sysmon/Operational\",\"thread_id\":688,\"event_id\":3,\"user\":{\"name\":\"SYSTEM\",\"domain\":\"NT AUTHORITY\",\"type\":\"User\",\"identifier\":\"S-1-5-18\"},\"source_name\":\"Microsoft-Windows-Sysmon\",\"opcode\":\"Info\",\"process_id\":2612}\n",
      "\n",
      "\n",
      "90: 10.0.10.106\",\"ProcessGuid\":\"{aa6b4a20-2aa0-5c91-0000-001036f22805}\",\"ProcessId\":\"9156\",\"DestinationPortName\":\"https\",\"DestinationPort\":\"443\",\"SourceIsIpv6\":\"false\",\"Image\":\"C:\\\\Windows\\\\System32\\\\WindowsPowerShell\\\\v1.0\\\\powershell.exe\",\"SourcePort\":\"59415\",\"UtcTime\":\"2019-03-19 19:32:58.204\",\"User\":\"SHIRE\\\\pgustavo\",\"SourceHostname\":\"IT001.shire.com\"},\"version\":5,\"provider_guid\":\"{5770385f-c22a-43e0-bf4c-06f5698ffbd9}\",\"host\":{\"name\":\"WECserver\"},\"source_name\":\"Microsoft-Windows-Sysmon\",\"record_number\":\"3371717\",\"level\":\"Information\",\"process_id\":2612,\"computer_name\":\"IT001.shire.com\",\"opcode\":\"Info\",\"event_id\":3,\"beat\":{\"hostname\":\"WECserver\",\"version\":\"6.5.4\",\"name\":\"WECserver\"},\"type\":\"wineventlog\",\"message\":\"Network connection detected:\\nRuleName: \\nUtcTime: 2019-03-19 19:32:58.204\\nProcessGuid: {aa6b4a20-2aa0-5c91-0000-001036f22805}\\nProcessId: 9156\\nImage: C:\\\\Windows\\\\System32\\\\WindowsPowerShell\\\\v1.0\\\\powershell.exe\\nUser: SHIRE\\\\pgustavo\\nProtocol: tcp\\nInitiated: true\\nSourceIsIpv6: false\\nSourceIp: 172.18.39.105\\nSourceHostname: IT001.shire.com\\nSourcePort: 59415\\nSourcePortName: \\nDestinationIsIpv6: false\\nDestinationIp: 10.0.10.106\\nDestinationHostname: \\nDestinationPort: 443\\nDestinationPortName: https\",\"log_name\":\"Microsoft-Windows-Sysmon/Operational\",\"thread_id\":688,\"user\":{\"identifier\":\"S-1-5-18\",\"name\":\"SYSTEM\",\"domain\":\"NT AUTHORITY\",\"type\":\"User\"},\"task\":\"Network connection detected (rule: NetworkConnect)\"}\n",
      "\n",
      "\n",
      "91: 10.0.10.106\",\"ProcessGuid\":\"{aa6b4a20-2aa0-5c91-0000-001036f22805}\",\"UtcTime\":\"2019-03-19 19:32:47.812\",\"User\":\"SHIRE\\\\pgustavo\",\"ProcessId\":\"9156\",\"SourcePort\":\"59407\",\"Image\":\"C:\\\\Windows\\\\System32\\\\WindowsPowerShell\\\\v1.0\\\\powershell.exe\",\"Protocol\":\"tcp\",\"DestinationIsIpv6\":\"false\",\"Initiated\":\"true\",\"DestinationPort\":\"443\",\"DestinationPortName\":\"https\",\"SourceIp\":\"172.18.39.105\"},\"type\":\"wineventlog\",\"log_name\":\"Microsoft-Windows-Sysmon/Operational\",\"message\":\"Network connection detected:\\nRuleName: \\nUtcTime: 2019-03-19 19:32:47.812\\nProcessGuid: {aa6b4a20-2aa0-5c91-0000-001036f22805}\\nProcessId: 9156\\nImage: C:\\\\Windows\\\\System32\\\\WindowsPowerShell\\\\v1.0\\\\powershell.exe\\nUser: SHIRE\\\\pgustavo\\nProtocol: tcp\\nInitiated: true\\nSourceIsIpv6: false\\nSourceIp: 172.18.39.105\\nSourceHostname: IT001.shire.com\\nSourcePort: 59407\\nSourcePortName: \\nDestinationIsIpv6: false\\nDestinationIp: 10.0.10.106\\nDestinationHostname: \\nDestinationPort: 443\\nDestinationPortName: https\",\"event_id\":3,\"level\":\"Information\",\"record_number\":\"3371703\",\"process_id\":2612,\"user\":{\"identifier\":\"S-1-5-18\",\"name\":\"SYSTEM\",\"domain\":\"NT AUTHORITY\",\"type\":\"User\"},\"computer_name\":\"IT001.shire.com\",\"task\":\"Network connection detected (rule: NetworkConnect)\",\"beat\":{\"version\":\"6.5.4\",\"name\":\"WECserver\",\"hostname\":\"WECserver\"},\"host\":{\"name\":\"WECserver\"}}\n",
      "\n",
      "\n",
      "92: 10.0.10.106\",\"ProcessGuid\":\"{aa6b4a20-3f53-5c91-0000-0010e43d3b05}\",\"Initiated\":\"true\",\"ProcessId\":\"8148\"},\"user\":{\"identifier\":\"S-1-5-18\",\"name\":\"SYSTEM\",\"domain\":\"NT AUTHORITY\",\"type\":\"User\"},\"process_id\":2612,\"event_id\":3,\"thread_id\":688,\"beat\":{\"version\":\"6.5.4\",\"name\":\"WECserver\",\"hostname\":\"WECserver\"},\"source_name\":\"Microsoft-Windows-Sysmon\",\"task\":\"Network connection detected (rule: NetworkConnect)\",\"message\":\"Network connection detected:\\nRuleName: \\nUtcTime: 2019-03-19 19:31:36.220\\nProcessGuid: {aa6b4a20-3f53-5c91-0000-0010e43d3b05}\\nProcessId: 8148\\nImage: C:\\\\Windows\\\\System32\\\\cmd.exe\\nUser: SHIRE\\\\pgustavo\\nProtocol: tcp\\nInitiated: true\\nSourceIsIpv6: false\\nSourceIp: 172.18.39.105\\nSourceHostname: IT001.shire.com\\nSourcePort: 59364\\nSourcePortName: \\nDestinationIsIpv6: false\\nDestinationIp: 10.0.10.106\\nDestinationHostname: \\nDestinationPort: 443\\nDestinationPortName: https\",\"type\":\"wineventlog\"}\n",
      "\n",
      "\n",
      "93: 10.0.10.106\",\"ProcessGuid\":\"{aa6b4a20-3f53-5c91-0000-0010e43d3b05}\",\"SourceHostname\":\"IT001.shire.com\",\"Image\":\"C:\\\\Windows\\\\System32\\\\cmd.exe\",\"SourceIsIpv6\":\"false\",\"UtcTime\":\"2019-03-19 19:32:07.390\",\"SourceIp\":\"172.18.39.105\",\"DestinationPortName\":\"https\",\"User\":\"SHIRE\\\\pgustavo\",\"DestinationIsIpv6\":\"false\",\"DestinationPort\":\"443\",\"SourcePort\":\"59389\",\"Initiated\":\"true\"},\"log_name\":\"Microsoft-Windows-Sysmon/Operational\",\"computer_name\":\"IT001.shire.com\",\"level\":\"Information\",\"task\":\"Network connection detected (rule: NetworkConnect)\",\"event_id\":3,\"version\":5,\"message\":\"Network connection detected:\\nRuleName: \\nUtcTime: 2019-03-19 19:32:07.390\\nProcessGuid: {aa6b4a20-3f53-5c91-0000-0010e43d3b05}\\nProcessId: 8148\\nImage: C:\\\\Windows\\\\System32\\\\cmd.exe\\nUser: SHIRE\\\\pgustavo\\nProtocol: tcp\\nInitiated: true\\nSourceIsIpv6: false\\nSourceIp: 172.18.39.105\\nSourceHostname: IT001.shire.com\\nSourcePort: 59389\\nSourcePortName: \\nDestinationIsIpv6: false\\nDestinationIp: 10.0.10.106\\nDestinationHostname: \\nDestinationPort: 443\\nDestinationPortName: https\",\"process_id\":2612,\"record_number\":\"3371665\",\"thread_id\":688,\"host\":{\"name\":\"WECserver\"},\"beat\":{\"name\":\"WECserver\",\"hostname\":\"WECserver\",\"version\":\"6.5.4\"},\"opcode\":\"Info\",\"type\":\"wineventlog\"}\n",
      "\n",
      "\n",
      "94: 10.0.10.106\",\"ProcessGuid\":\"{aa6b4a20-3f53-5c91-0000-0010e43d3b05}\",\"SourceHostname\":\"IT001.shire.com\",\"User\":\"SHIRE\\\\pgustavo\",\"SourcePort\":\"59370\",\"Image\":\"C:\\\\Windows\\\\System32\\\\cmd.exe\",\"DestinationPort\":\"443\",\"DestinationIsIpv6\":\"false\",\"ProcessId\":\"8148\",\"Protocol\":\"tcp\",\"UtcTime\":\"2019-03-19 19:31:46.467\",\"Initiated\":\"true\",\"DestinationPortName\":\"https\",\"SourceIsIpv6\":\"false\"},\"opcode\":\"Info\",\"beat\":{\"version\":\"6.5.4\",\"name\":\"WECserver\",\"hostname\":\"WECserver\"},\"message\":\"Network connection detected:\\nRuleName: \\nUtcTime: 2019-03-19 19:31:46.467\\nProcessGuid: {aa6b4a20-3f53-5c91-0000-0010e43d3b05}\\nProcessId: 8148\\nImage: C:\\\\Windows\\\\System32\\\\cmd.exe\\nUser: SHIRE\\\\pgustavo\\nProtocol: tcp\\nInitiated: true\\nSourceIsIpv6: false\\nSourceIp: 172.18.39.105\\nSourceHostname: IT001.shire.com\\nSourcePort: 59370\\nSourcePortName: \\nDestinationIsIpv6: false\\nDestinationIp: 10.0.10.106\\nDestinationHostname: \\nDestinationPort: 443\\nDestinationPortName: https\",\"log_name\":\"Microsoft-Windows-Sysmon/Operational\",\"source_name\":\"Microsoft-Windows-Sysmon\",\"process_id\":2612,\"type\":\"wineventlog\",\"record_number\":\"3371592\",\"level\":\"Information\",\"computer_name\":\"IT001.shire.com\",\"event_id\":3,\"version\":5,\"task\":\"Network connection detected (rule: NetworkConnect)\",\"thread_id\":688,\"user\":{\"type\":\"User\",\"identifier\":\"S-1-5-18\",\"name\":\"SYSTEM\",\"domain\":\"NT AUTHORITY\"},\"host\":{\"name\":\"WECserver\"}}\n",
      "\n",
      "\n",
      "95: 10.0.10.106\",\"ProcessGuid\":\"{aa6b4a20-3f53-5c91-0000-0010e43d3b05}\",\"SourceIsIpv6\":\"false\"},\"record_number\":\"3371555\",\"message\":\"Network connection detected:\\nRuleName: \\nUtcTime: 2019-03-19 19:31:20.787\\nProcessGuid: {aa6b4a20-3f53-5c91-0000-0010e43d3b05}\\nProcessId: 8148\\nImage: C:\\\\Windows\\\\System32\\\\cmd.exe\\nUser: SHIRE\\\\pgustavo\\nProtocol: tcp\\nInitiated: true\\nSourceIsIpv6: false\\nSourceIp: 172.18.39.105\\nSourceHostname: IT001.shire.com\\nSourcePort: 59351\\nSourcePortName: \\nDestinationIsIpv6: false\\nDestinationIp: 10.0.10.106\\nDestinationHostname: \\nDestinationPort: 443\\nDestinationPortName: https\",\"thread_id\":688,\"opcode\":\"Info\",\"level\":\"Information\",\"event_id\":3,\"process_id\":2612,\"computer_name\":\"IT001.shire.com\",\"provider_guid\":\"{5770385f-c22a-43e0-bf4c-06f5698ffbd9}\",\"type\":\"wineventlog\",\"source_name\":\"Microsoft-Windows-Sysmon\",\"task\":\"Network connection detected (rule: NetworkConnect)\"}\n",
      "\n",
      "\n",
      "96: 10.0.10.106\",\"ProcessGuid\":\"{aa6b4a20-3f53-5c91-0000-0010e43d3b05}\",\"SourcePort\":\"59431\"},\"computer_name\":\"IT001.shire.com\",\"type\":\"wineventlog\",\"host\":{\"name\":\"WECserver\"},\"record_number\":\"3371763\",\"log_name\":\"Microsoft-Windows-Sysmon/Operational\",\"opcode\":\"Info\",\"beat\":{\"version\":\"6.5.4\",\"name\":\"WECserver\",\"hostname\":\"WECserver\"},\"source_name\":\"Microsoft-Windows-Sysmon\",\"user\":{\"type\":\"User\",\"identifier\":\"S-1-5-18\",\"name\":\"SYSTEM\",\"domain\":\"NT AUTHORITY\"},\"task\":\"Network connection detected (rule: NetworkConnect)\",\"process_id\":2612,\"message\":\"Network connection detected:\\nRuleName: \\nUtcTime: 2019-03-19 19:33:36.207\\nProcessGuid: {aa6b4a20-3f53-5c91-0000-0010e43d3b05}\\nProcessId: 8148\\nImage: C:\\\\Windows\\\\System32\\\\cmd.exe\\nUser: SHIRE\\\\pgustavo\\nProtocol: tcp\\nInitiated: true\\nSourceIsIpv6: false\\nSourceIp: 172.18.39.105\\nSourceHostname: IT001.shire.com\\nSourcePort: 59431\\nSourcePortName: \\nDestinationIsIpv6: false\\nDestinationIp: 10.0.10.106\\nDestinationHostname: \\nDestinationPort: 443\\nDestinationPortName: https\"}\n",
      "\n",
      "\n",
      "97: 10.0.10.106\",\"ProcessGuid\":\"{aa6b4a20-3f53-5c91-0000-0010e43d3b05}\",\"UtcTime\":\"2019-03-19 19:32:12.467\",\"SourceIsIpv6\":\"false\",\"Protocol\":\"tcp\",\"DestinationIsIpv6\":\"false\",\"Image\":\"C:\\\\Windows\\\\System32\\\\cmd.exe\",\"User\":\"SHIRE\\\\pgustavo\",\"SourceIp\":\"172.18.39.105\",\"SourceHostname\":\"IT001.shire.com\",\"Initiated\":\"true\",\"DestinationPortName\":\"https\",\"SourcePort\":\"59392\",\"DestinationPort\":\"443\"},\"provider_guid\":\"{5770385f-c22a-43e0-bf4c-06f5698ffbd9}\",\"message\":\"Network connection detected:\\nRuleName: \\nUtcTime: 2019-03-19 19:32:12.467\\nProcessGuid: {aa6b4a20-3f53-5c91-0000-0010e43d3b05}\\nProcessId: 8148\\nImage: C:\\\\Windows\\\\System32\\\\cmd.exe\\nUser: SHIRE\\\\pgustavo\\nProtocol: tcp\\nInitiated: true\\nSourceIsIpv6: false\\nSourceIp: 172.18.39.105\\nSourceHostname: IT001.shire.com\\nSourcePort: 59392\\nSourcePortName: \\nDestinationIsIpv6: false\\nDestinationIp: 10.0.10.106\\nDestinationHostname: \\nDestinationPort: 443\\nDestinationPortName: https\",\"record_number\":\"3371671\",\"process_id\":2612,\"thread_id\":688,\"opcode\":\"Info\",\"event_id\":3}\n",
      "\n",
      "\n",
      "98: 10.0.10.106\",\"ProcessID\":\"4312\",\"RemoteMachineID\":\"S-1-0-0\",\"LayerName\":\"%%14611\",\"RemoteUserID\":\"S-1-0-0\",\"Application\":\"\\\\device\\\\harddiskvolume2\\\\windows\\\\system32\\\\windowspowershell\\\\v1.0\\\\powershell.exe\",\"SourceAddress\":\"172.18.39.105\",\"DestPort\":\"443\",\"Protocol\":\"6\",\"FilterRTID\":\"70572\"},\"source_name\":\"Microsoft-Windows-Security-Auditing\",\"thread_id\":7940,\"type\":\"wineventlog\",\"level\":\"Information\",\"keywords\":[\"Audit Success\"],\"host\":{\"name\":\"WECserver\"},\"opcode\":\"Info\",\"computer_name\":\"IT001.shire.com\",\"process_id\":4,\"log_name\":\"Security\",\"version\":1,\"record_number\":\"1026406\",\"task\":\"Filtering Platform Connection\",\"provider_guid\":\"{54849625-5478-4994-a5ba-3e3b0328c30d}\",\"message\":\"The Windows Filtering Platform has permitted a connection.\\n\\nApplication Information:\\n\\tProcess ID:\\t\\t4312\\n\\tApplication Name:\\t\\\\device\\\\harddiskvolume2\\\\windows\\\\system32\\\\windowspowershell\\\\v1.0\\\\powershell.exe\\n\\nNetwork Information:\\n\\tDirection:\\t\\tOutbound\\n\\tSource Address:\\t\\t172.18.39.105\\n\\tSource Port:\\t\\t59345\\n\\tDestination Address:\\t10.0.10.106\\n\\tDestination Port:\\t\\t443\\n\\tProtocol:\\t\\t6\\n\\nFilter Information:\\n\\tFilter Run-Time ID:\\t70572\\n\\tLayer Name:\\t\\tConnect\\n\\tLayer Run-Time ID:\\t48\",\"event_id\":5156,\"beat\":{\"name\":\"WECserver\",\"hostname\":\"WECserver\",\"version\":\"6.5.4\"}}\n",
      "\n",
      "\n",
      "99: 10.0.10.106\",\"ProcessID\":\"904\",\"LayerRTID\":\"48\",\"RemoteUserID\":\"S-1-0-0\",\"Direction\":\"%%14593\",\"SourcePort\":\"50722\"},\"provider_guid\":\"{54849625-5478-4994-A5BA-3E3B0328C30D}\",\"version\":1,\"level\":\"Information\",\"keywords\":[\"Audit Success\"],\"log_name\":\"Security\",\"process_id\":4,\"thread_id\":5660,\"host\":{\"name\":\"WECserver\"},\"event_id\":5156,\"opcode\":\"Info\",\"message\":\"The Windows Filtering Platform has permitted a connection.\\n\\nApplication Information:\\n\\tProcess ID:\\t\\t904\\n\\tApplication Name:\\t\\\\device\\\\harddiskvolume2\\\\windows\\\\system32\\\\windowspowershell\\\\v1.0\\\\powershell.exe\\n\\nNetwork Information:\\n\\tDirection:\\t\\tOutbound\\n\\tSource Address:\\t\\t172.18.39.5\\n\\tSource Port:\\t\\t50722\\n\\tDestination Address:\\t10.0.10.106\\n\\tDestination Port:\\t\\t443\\n\\tProtocol:\\t\\t6\\n\\nFilter Information:\\n\\tFilter Run-Time ID:\\t71841\\n\\tLayer Name:\\t\\tConnect\\n\\tLayer Run-Time ID:\\t48\",\"type\":\"wineventlog\",\"computer_name\":\"HFDC01.shire.com\",\"source_name\":\"Microsoft-Windows-Security-Auditing\",\"beat\":{\"hostname\":\"WECserver\",\"version\":\"6.5.4\",\"name\":\"WECserver\"},\"task\":\"Filtering Platform Connection\",\"record_number\":\"7780862\"}\n",
      "\n",
      "\n",
      "100: 10.0.10.106\",\"ProcessID\":\"9156\",\"RemoteMachineID\":\"S-1-0-0\",\"DestPort\":\"443\",\"Protocol\":\"6\",\"RemoteUserID\":\"S-1-0-0\",\"LayerRTID\":\"48\",\"Application\":\"\\\\device\\\\harddiskvolume2\\\\windows\\\\system32\\\\windowspowershell\\\\v1.0\\\\powershell.exe\",\"Direction\":\"%%14593\",\"SourceAddress\":\"172.18.39.105\",\"SourcePort\":\"59410\",\"FilterRTID\":\"70572\",\"LayerName\":\"%%14611\"},\"computer_name\":\"IT001.shire.com\",\"provider_guid\":\"{54849625-5478-4994-a5ba-3e3b0328c30d}\",\"message\":\"The Windows Filtering Platform has permitted a connection.\\n\\nApplication Information:\\n\\tProcess ID:\\t\\t9156\\n\\tApplication Name:\\t\\\\device\\\\harddiskvolume2\\\\windows\\\\system32\\\\windowspowershell\\\\v1.0\\\\powershell.exe\\n\\nNetwork Information:\\n\\tDirection:\\t\\tOutbound\\n\\tSource Address:\\t\\t172.18.39.105\\n\\tSource Port:\\t\\t59410\\n\\tDestination Address:\\t10.0.10.106\\n\\tDestination Port:\\t\\t443\\n\\tProtocol:\\t\\t6\\n\\nFilter Information:\\n\\tFilter Run-Time ID:\\t70572\\n\\tLayer Name:\\t\\tConnect\\n\\tLayer Run-Time ID:\\t48\"}\n",
      "\n",
      "\n",
      "101: 10.0.10.106\",\"ProcessId\":\"4312\",\"SourceHostname\":\"IT001.shire.com\",\"Image\":\"C:\\\\Windows\\\\System32\\\\WindowsPowerShell\\\\v1.0\\\\powershell.exe\",\"DestinationPortName\":\"https\",\"DestinationPort\":\"443\"},\"event_id\":3,\"user\":{\"name\":\"SYSTEM\",\"domain\":\"NT AUTHORITY\",\"type\":\"User\",\"identifier\":\"S-1-5-18\"},\"level\":\"Information\",\"message\":\"Network connection detected:\\nRuleName: \\nUtcTime: 2019-03-19 19:35:28.173\\nProcessGuid: {aa6b4a20-1a98-5c91-0000-00105b0f0205}\\nProcessId: 4312\\nImage: C:\\\\Windows\\\\System32\\\\WindowsPowerShell\\\\v1.0\\\\powershell.exe\\nUser: SHIRE\\\\pgustavo\\nProtocol: tcp\\nInitiated: true\\nSourceIsIpv6: false\\nSourceIp: 172.18.39.105\\nSourceHostname: IT001.shire.com\\nSourcePort: 59497\\nSourcePortName: \\nDestinationIsIpv6: false\\nDestinationIp: 10.0.10.106\\nDestinationHostname: \\nDestinationPort: 443\\nDestinationPortName: https\",\"task\":\"Network connection detected (rule: NetworkConnect)\",\"type\":\"wineventlog\",\"source_name\":\"Microsoft-Windows-Sysmon\",\"computer_name\":\"IT001.shire.com\",\"beat\":{\"name\":\"WECserver\",\"hostname\":\"WECserver\",\"version\":\"6.5.4\"}}\n",
      "\n",
      "\n",
      "102: 10.0.10.106\",\"ProcessId\":\"4312\",\"SourcePort\":\"59365\",\"DestinationPort\":\"443\",\"SourceIp\":\"172.18.39.105\",\"Image\":\"C:\\\\Windows\\\\System32\\\\WindowsPowerShell\\\\v1.0\\\\powershell.exe\",\"DestinationPortName\":\"https\",\"Initiated\":\"true\",\"User\":\"SHIRE\\\\pgustavo\",\"UtcTime\":\"2019-03-19 19:31:40.579\",\"ProcessGuid\":\"{aa6b4a20-1a98-5c91-0000-00105b0f0205}\",\"SourceHostname\":\"IT001.shire.com\",\"SourceIsIpv6\":\"false\",\"Protocol\":\"tcp\",\"DestinationIsIpv6\":\"false\"},\"record_number\":\"3371584\",\"message\":\"Network connection detected:\\nRuleName: \\nUtcTime: 2019-03-19 19:31:40.579\\nProcessGuid: {aa6b4a20-1a98-5c91-0000-00105b0f0205}\\nProcessId: 4312\\nImage: C:\\\\Windows\\\\System32\\\\WindowsPowerShell\\\\v1.0\\\\powershell.exe\\nUser: SHIRE\\\\pgustavo\\nProtocol: tcp\\nInitiated: true\\nSourceIsIpv6: false\\nSourceIp: 172.18.39.105\\nSourceHostname: IT001.shire.com\\nSourcePort: 59365\\nSourcePortName: \\nDestinationIsIpv6: false\\nDestinationIp: 10.0.10.106\\nDestinationHostname: \\nDestinationPort: 443\\nDestinationPortName: https\",\"version\":5,\"source_name\":\"Microsoft-Windows-Sysmon\",\"computer_name\":\"IT001.shire.com\",\"task\":\"Network connection detected (rule: NetworkConnect)\",\"event_id\":3}\n",
      "\n",
      "\n",
      "103: 10.0.10.106\",\"ProcessId\":\"4312\",\"User\":\"SHIRE\\\\pgustavo\",\"SourcePort\":\"59424\",\"DestinationPortName\":\"https\",\"SourceHostname\":\"IT001.shire.com\",\"ProcessGuid\":\"{aa6b4a20-1a98-5c91-0000-00105b0f0205}\",\"Image\":\"C:\\\\Windows\\\\System32\\\\WindowsPowerShell\\\\v1.0\\\\powershell.exe\"},\"event_id\":3,\"task\":\"Network connection detected (rule: NetworkConnect)\",\"message\":\"Network connection detected:\\nRuleName: \\nUtcTime: 2019-03-19 19:33:25.644\\nProcessGuid: {aa6b4a20-1a98-5c91-0000-00105b0f0205}\\nProcessId: 4312\\nImage: C:\\\\Windows\\\\System32\\\\WindowsPowerShell\\\\v1.0\\\\powershell.exe\\nUser: SHIRE\\\\pgustavo\\nProtocol: tcp\\nInitiated: true\\nSourceIsIpv6: false\\nSourceIp: 172.18.39.105\\nSourceHostname: IT001.shire.com\\nSourcePort: 59424\\nSourcePortName: \\nDestinationIsIpv6: false\\nDestinationIp: 10.0.10.106\\nDestinationHostname: \\nDestinationPort: 443\\nDestinationPortName: https\",\"type\":\"wineventlog\",\"log_name\":\"Microsoft-Windows-Sysmon/Operational\",\"provider_guid\":\"{5770385f-c22a-43e0-bf4c-06f5698ffbd9}\",\"process_id\":2612,\"beat\":{\"name\":\"WECserver\",\"hostname\":\"WECserver\",\"version\":\"6.5.4\"},\"host\":{\"name\":\"WECserver\"}}\n",
      "\n",
      "\n",
      "104: 10.0.10.106\",\"ProcessId\":\"4312\",\"UtcTime\":\"2019-03-19 19:35:12.734\"},\"message\":\"Network connection detected:\\nRuleName: \\nUtcTime: 2019-03-19 19:35:12.734\\nProcessGuid: {aa6b4a20-1a98-5c91-0000-00105b0f0205}\\nProcessId: 4312\\nImage: C:\\\\Windows\\\\System32\\\\WindowsPowerShell\\\\v1.0\\\\powershell.exe\\nUser: SHIRE\\\\pgustavo\\nProtocol: tcp\\nInitiated: true\\nSourceIsIpv6: false\\nSourceIp: 172.18.39.105\\nSourceHostname: IT001.shire.com\\nSourcePort: 59488\\nSourcePortName: \\nDestinationIsIpv6: false\\nDestinationIp: 10.0.10.106\\nDestinationHostname: \\nDestinationPort: 443\\nDestinationPortName: https\",\"thread_id\":688,\"user\":{\"name\":\"SYSTEM\",\"domain\":\"NT AUTHORITY\",\"type\":\"User\",\"identifier\":\"S-1-5-18\"},\"host\":{\"name\":\"WECserver\"}}\n",
      "\n",
      "\n",
      "105: 10.0.10.106\",\"ProcessId\":\"9156\",\"Protocol\":\"tcp\"},\"provider_guid\":\"{5770385f-c22a-43e0-bf4c-06f5698ffbd9}\",\"host\":{\"name\":\"WECserver\"},\"level\":\"Information\",\"user\":{\"name\":\"SYSTEM\",\"domain\":\"NT AUTHORITY\",\"type\":\"User\",\"identifier\":\"S-1-5-18\"},\"task\":\"Network connection detected (rule: NetworkConnect)\",\"computer_name\":\"IT001.shire.com\",\"beat\":{\"name\":\"WECserver\",\"hostname\":\"WECserver\",\"version\":\"6.5.4\"},\"thread_id\":688,\"opcode\":\"Info\",\"log_name\":\"Microsoft-Windows-Sysmon/Operational\",\"source_name\":\"Microsoft-Windows-Sysmon\",\"version\":5,\"message\":\"Network connection detected:\\nRuleName: \\nUtcTime: 2019-03-19 19:31:46.407\\nProcessGuid: {aa6b4a20-2aa0-5c91-0000-001036f22805}\\nProcessId: 9156\\nImage: C:\\\\Windows\\\\System32\\\\WindowsPowerShell\\\\v1.0\\\\powershell.exe\\nUser: SHIRE\\\\pgustavo\\nProtocol: tcp\\nInitiated: true\\nSourceIsIpv6: false\\nSourceIp: 172.18.39.105\\nSourceHostname: IT001.shire.com\\nSourcePort: 59369\\nSourcePortName: \\nDestinationIsIpv6: false\\nDestinationIp: 10.0.10.106\\nDestinationHostname: \\nDestinationPort: 443\\nDestinationPortName: https\",\"type\":\"wineventlog\"}\n",
      "\n",
      "\n",
      "106: 10.0.10.106\",\"Protocol\":\"6\",\"FilterRTID\":\"70572\",\"DestPort\":\"443\",\"RemoteMachineID\":\"S-1-0-0\"},\"type\":\"wineventlog\",\"beat\":{\"name\":\"WECserver\",\"hostname\":\"WECserver\",\"version\":\"6.5.4\"},\"task\":\"Filtering Platform Connection\",\"provider_guid\":\"{54849625-5478-4994-a5ba-3e3b0328c30d}\",\"event_id\":5156,\"keywords\":[\"Audit Success\"],\"process_id\":4,\"computer_name\":\"IT001.shire.com\",\"version\":1,\"opcode\":\"Info\",\"level\":\"Information\",\"source_name\":\"Microsoft-Windows-Security-Auditing\",\"message\":\"The Windows Filtering Platform has permitted a connection.\\n\\nApplication Information:\\n\\tProcess ID:\\t\\t8148\\n\\tApplication Name:\\t\\\\device\\\\harddiskvolume2\\\\windows\\\\system32\\\\cmd.exe\\n\\nNetwork Information:\\n\\tDirection:\\t\\tOutbound\\n\\tSource Address:\\t\\t172.18.39.105\\n\\tSource Port:\\t\\t59332\\n\\tDestination Address:\\t10.0.10.106\\n\\tDestination Port:\\t\\t443\\n\\tProtocol:\\t\\t6\\n\\nFilter Information:\\n\\tFilter Run-Time ID:\\t70572\\n\\tLayer Name:\\t\\tConnect\\n\\tLayer Run-Time ID:\\t48\",\"thread_id\":7940,\"record_number\":\"1026380\",\"host\":{\"name\":\"WECserver\"}}\n",
      "\n",
      "\n",
      "107: 10.0.10.106\",\"Protocol\":\"6\",\"FilterRTID\":\"70572\",\"LayerName\":\"%%14611\",\"Direction\":\"%%14593\",\"LayerRTID\":\"48\",\"ProcessID\":\"9156\",\"SourcePort\":\"59310\",\"DestPort\":\"443\",\"RemoteMachineID\":\"S-1-0-0\",\"RemoteUserID\":\"S-1-0-0\",\"SourceAddress\":\"172.18.39.105\"},\"source_name\":\"Microsoft-Windows-Security-Auditing\",\"keywords\":[\"Audit Success\"],\"task\":\"Filtering Platform Connection\",\"computer_name\":\"IT001.shire.com\",\"log_name\":\"Security\",\"message\":\"The Windows Filtering Platform has permitted a connection.\\n\\nApplication Information:\\n\\tProcess ID:\\t\\t9156\\n\\tApplication Name:\\t\\\\device\\\\harddiskvolume2\\\\windows\\\\system32\\\\windowspowershell\\\\v1.0\\\\powershell.exe\\n\\nNetwork Information:\\n\\tDirection:\\t\\tOutbound\\n\\tSource Address:\\t\\t172.18.39.105\\n\\tSource Port:\\t\\t59310\\n\\tDestination Address:\\t10.0.10.106\\n\\tDestination Port:\\t\\t443\\n\\tProtocol:\\t\\t6\\n\\nFilter Information:\\n\\tFilter Run-Time ID:\\t70572\\n\\tLayer Name:\\t\\tConnect\\n\\tLayer Run-Time ID:\\t48\",\"thread_id\":4548,\"type\":\"wineventlog\",\"host\":{\"name\":\"WECserver\"},\"version\":1,\"record_number\":\"1026325\",\"level\":\"Information\",\"opcode\":\"Info\",\"provider_guid\":\"{54849625-5478-4994-a5ba-3e3b0328c30d}\",\"beat\":{\"name\":\"WECserver\",\"hostname\":\"WECserver\",\"version\":\"6.5.4\"},\"event_id\":5156}\n",
      "\n",
      "\n",
      "108: 10.0.10.106\",\"Protocol\":\"6\",\"FilterRTID\":\"70572\",\"LayerRTID\":\"48\",\"ProcessID\":\"4312\"},\"type\":\"wineventlog\",\"host\":{\"name\":\"WECserver\"},\"computer_name\":\"IT001.shire.com\",\"record_number\":\"1026473\",\"event_id\":5156,\"source_name\":\"Microsoft-Windows-Security-Auditing\",\"thread_id\":1488,\"message\":\"The Windows Filtering Platform has permitted a connection.\\n\\nApplication Information:\\n\\tProcess ID:\\t\\t4312\\n\\tApplication Name:\\t\\\\device\\\\harddiskvolume2\\\\windows\\\\system32\\\\windowspowershell\\\\v1.0\\\\powershell.exe\\n\\nNetwork Information:\\n\\tDirection:\\t\\tOutbound\\n\\tSource Address:\\t\\t172.18.39.105\\n\\tSource Port:\\t\\t59371\\n\\tDestination Address:\\t10.0.10.106\\n\\tDestination Port:\\t\\t443\\n\\tProtocol:\\t\\t6\\n\\nFilter Information:\\n\\tFilter Run-Time ID:\\t70572\\n\\tLayer Name:\\t\\tConnect\\n\\tLayer Run-Time ID:\\t48\",\"opcode\":\"Info\",\"log_name\":\"Security\",\"provider_guid\":\"{54849625-5478-4994-a5ba-3e3b0328c30d}\",\"task\":\"Filtering Platform Connection\",\"process_id\":4,\"level\":\"Information\",\"beat\":{\"name\":\"WECserver\",\"hostname\":\"WECserver\",\"version\":\"6.5.4\"}}\n",
      "\n",
      "\n",
      "109: 10.0.10.106\",\"Protocol\":\"6\",\"FilterRTID\":\"70572\",\"LayerRTID\":\"48\"},\"log_name\":\"Security\",\"process_id\":4,\"version\":1,\"host\":{\"name\":\"WECserver\"},\"message\":\"The Windows Filtering Platform has permitted a connection.\\n\\nApplication Information:\\n\\tProcess ID:\\t\\t9156\\n\\tApplication Name:\\t\\\\device\\\\harddiskvolume2\\\\windows\\\\system32\\\\windowspowershell\\\\v1.0\\\\powershell.exe\\n\\nNetwork Information:\\n\\tDirection:\\t\\tOutbound\\n\\tSource Address:\\t\\t172.18.39.105\\n\\tSource Port:\\t\\t59369\\n\\tDestination Address:\\t10.0.10.106\\n\\tDestination Port:\\t\\t443\\n\\tProtocol:\\t\\t6\\n\\nFilter Information:\\n\\tFilter Run-Time ID:\\t70572\\n\\tLayer Name:\\t\\tConnect\\n\\tLayer Run-Time ID:\\t48\",\"type\":\"wineventlog\"}\n",
      "\n",
      "\n",
      "110: 10.0.10.106\",\"Protocol\":\"6\",\"FilterRTID\":\"70572\",\"ProcessID\":\"4312\"},\"source_name\":\"Microsoft-Windows-Security-Auditing\",\"task\":\"Filtering Platform Connection\",\"event_id\":5156,\"message\":\"The Windows Filtering Platform has permitted a connection.\\n\\nApplication Information:\\n\\tProcess ID:\\t\\t4312\\n\\tApplication Name:\\t\\\\device\\\\harddiskvolume2\\\\windows\\\\system32\\\\windowspowershell\\\\v1.0\\\\powershell.exe\\n\\nNetwork Information:\\n\\tDirection:\\t\\tOutbound\\n\\tSource Address:\\t\\t172.18.39.105\\n\\tSource Port:\\t\\t59396\\n\\tDestination Address:\\t10.0.10.106\\n\\tDestination Port:\\t\\t443\\n\\tProtocol:\\t\\t6\\n\\nFilter Information:\\n\\tFilter Run-Time ID:\\t70572\\n\\tLayer Name:\\t\\tConnect\\n\\tLayer Run-Time ID:\\t48\",\"log_name\":\"Security\",\"type\":\"wineventlog\",\"record_number\":\"1026541\",\"host\":{\"name\":\"WECserver\"},\"process_id\":4,\"level\":\"Information\",\"keywords\":[\"Audit Success\"],\"beat\":{\"hostname\":\"WECserver\",\"version\":\"6.5.4\",\"name\":\"WECserver\"},\"version\":1,\"opcode\":\"Info\",\"thread_id\":4548,\"provider_guid\":\"{54849625-5478-4994-a5ba-3e3b0328c30d}\"}\n",
      "\n",
      "\n",
      "111: 10.0.10.106\",\"Protocol\":\"6\",\"FilterRTID\":\"70572\",\"SourceAddress\":\"172.18.39.105\",\"SourcePort\":\"59305\",\"ProcessID\":\"4312\",\"Direction\":\"%%14593\",\"LayerName\":\"%%14611\"},\"provider_guid\":\"{54849625-5478-4994-a5ba-3e3b0328c30d}\",\"computer_name\":\"IT001.shire.com\",\"level\":\"Information\",\"thread_id\":7940,\"process_id\":4,\"opcode\":\"Info\",\"log_name\":\"Security\",\"type\":\"wineventlog\",\"host\":{\"name\":\"WECserver\"},\"keywords\":[\"Audit Success\"],\"message\":\"The Windows Filtering Platform has permitted a connection.\\n\\nApplication Information:\\n\\tProcess ID:\\t\\t4312\\n\\tApplication Name:\\t\\\\device\\\\harddiskvolume2\\\\windows\\\\system32\\\\windowspowershell\\\\v1.0\\\\powershell.exe\\n\\nNetwork Information:\\n\\tDirection:\\t\\tOutbound\\n\\tSource Address:\\t\\t172.18.39.105\\n\\tSource Port:\\t\\t59305\\n\\tDestination Address:\\t10.0.10.106\\n\\tDestination Port:\\t\\t443\\n\\tProtocol:\\t\\t6\\n\\nFilter Information:\\n\\tFilter Run-Time ID:\\t70572\\n\\tLayer Name:\\t\\tConnect\\n\\tLayer Run-Time ID:\\t48\",\"record_number\":\"1026315\",\"event_id\":5156}\n",
      "\n",
      "\n",
