      "151: 10.0.10.106\",\"SourcePort\":\"59397\",\"LayerRTID\":\"48\",\"RemoteMachineID\":\"S-1-0-0\"},\"source_name\":\"Microsoft-Windows-Security-Auditing\",\"level\":\"Information\",\"task\":\"Filtering Platform Connection\",\"keywords\":[\"Audit Success\"],\"type\":\"wineventlog\",\"message\":\"The Windows Filtering Platform has permitted a connection.\\n\\nApplication Information:\\n\\tProcess ID:\\t\\t9156\\n\\tApplication Name:\\t\\\\device\\\\harddiskvolume2\\\\windows\\\\system32\\\\windowspowershell\\\\v1.0\\\\powershell.exe\\n\\nNetwork Information:\\n\\tDirection:\\t\\tOutbound\\n\\tSource Address:\\t\\t172.18.39.105\\n\\tSource Port:\\t\\t59397\\n\\tDestination Address:\\t10.0.10.106\\n\\tDestination Port:\\t\\t443\\n\\tProtocol:\\t\\t6\\n\\nFilter Information:\\n\\tFilter Run-Time ID:\\t70572\\n\\tLayer Name:\\t\\tConnect\\n\\tLayer Run-Time ID:\\t48\",\"record_number\":\"1026543\",\"event_id\":5156,\"opcode\":\"Info\",\"computer_name\":\"IT001.shire.com\",\"thread_id\":4548,\"provider_guid\":\"{54849625-5478-4994-a5ba-3e3b0328c30d}\",\"process_id\":4,\"log_name\":\"Security\",\"host\":{\"name\":\"WECserver\"}}\n",
      "\n",
      "\n",
      "152: 10.0.10.106\",\"SourcePort\":\"59416\",\"DestPort\":\"443\",\"Protocol\":\"6\",\"LayerRTID\":\"48\",\"ProcessID\":\"8148\",\"RemoteMachineID\":\"S-1-0-0\",\"SourceAddress\":\"172.18.39.105\"},\"record_number\":\"1026582\",\"level\":\"Information\",\"thread_id\":2524,\"source_name\":\"Microsoft-Windows-Security-Auditing\",\"version\":1,\"host\":{\"name\":\"WECserver\"},\"computer_name\":\"IT001.shire.com\",\"type\":\"wineventlog\",\"message\":\"The Windows Filtering Platform has permitted a connection.\\n\\nApplication Information:\\n\\tProcess ID:\\t\\t8148\\n\\tApplication Name:\\t\\\\device\\\\harddiskvolume2\\\\windows\\\\system32\\\\cmd.exe\\n\\nNetwork Information:\\n\\tDirection:\\t\\tOutbound\\n\\tSource Address:\\t\\t172.18.39.105\\n\\tSource Port:\\t\\t59416\\n\\tDestination Address:\\t10.0.10.106\\n\\tDestination Port:\\t\\t443\\n\\tProtocol:\\t\\t6\\n\\nFilter Information:\\n\\tFilter Run-Time ID:\\t70572\\n\\tLayer Name:\\t\\tConnect\\n\\tLayer Run-Time ID:\\t48\",\"beat\":{\"version\":\"6.5.4\",\"name\":\"WECserver\",\"hostname\":\"WECserver\"},\"process_id\":4,\"log_name\":\"Security\",\"provider_guid\":\"{54849625-5478-4994-a5ba-3e3b0328c30d}\",\"task\":\"Filtering Platform Connection\"}\n",
      "\n",
      "\n",
      "153: 10.0.10.106\",\"SourcePort\":\"59418\",\"DestinationPortName\":\"https\",\"Initiated\":\"true\"},\"beat\":{\"name\":\"WECserver\",\"hostname\":\"WECserver\",\"version\":\"6.5.4\"},\"host\":{\"name\":\"WECserver\"},\"opcode\":\"Info\",\"event_id\":3,\"task\":\"Network connection detected (rule: NetworkConnect)\",\"message\":\"Network connection detected:\\nRuleName: \\nUtcTime: 2019-03-19 19:33:15.247\\nProcessGuid: {aa6b4a20-1a98-5c91-0000-00105b0f0205}\\nProcessId: 4312\\nImage: C:\\\\Windows\\\\System32\\\\WindowsPowerShell\\\\v1.0\\\\powershell.exe\\nUser: SHIRE\\\\pgustavo\\nProtocol: tcp\\nInitiated: true\\nSourceIsIpv6: false\\nSourceIp: 172.18.39.105\\nSourceHostname: IT001.shire.com\\nSourcePort: 59418\\nSourcePortName: \\nDestinationIsIpv6: false\\nDestinationIp: 10.0.10.106\\nDestinationHostname: \\nDestinationPort: 443\\nDestinationPortName: https\",\"record_number\":\"3371735\",\"type\":\"wineventlog\",\"user\":{\"type\":\"User\",\"identifier\":\"S-1-5-18\",\"name\":\"SYSTEM\",\"domain\":\"NT AUTHORITY\"},\"source_name\":\"Microsoft-Windows-Sysmon\",\"computer_name\":\"IT001.shire.com\"}\n",
      "\n",
      "\n",
      "154: 10.0.10.106\",\"SourcePort\":\"59426\",\"ProcessId\":\"9156\",\"SourceIp\":\"172.18.39.105\",\"Initiated\":\"true\",\"DestinationPortName\":\"https\",\"DestinationIsIpv6\":\"false\",\"DestinationPort\":\"443\",\"ProcessGuid\":\"{aa6b4a20-2aa0-5c91-0000-001036f22805}\",\"UtcTime\":\"2019-03-19 19:33:30.892\",\"User\":\"SHIRE\\\\pgustavo\"},\"user\":{\"domain\":\"NT AUTHORITY\",\"type\":\"User\",\"identifier\":\"S-1-5-18\",\"name\":\"SYSTEM\"},\"opcode\":\"Info\",\"beat\":{\"hostname\":\"WECserver\",\"version\":\"6.5.4\",\"name\":\"WECserver\"},\"host\":{\"name\":\"WECserver\"},\"log_name\":\"Microsoft-Windows-Sysmon/Operational\",\"source_name\":\"Microsoft-Windows-Sysmon\",\"event_id\":3,\"message\":\"Network connection detected:\\nRuleName: \\nUtcTime: 2019-03-19 19:33:30.892\\nProcessGuid: {aa6b4a20-2aa0-5c91-0000-001036f22805}\\nProcessId: 9156\\nImage: C:\\\\Windows\\\\System32\\\\WindowsPowerShell\\\\v1.0\\\\powershell.exe\\nUser: SHIRE\\\\pgustavo\\nProtocol: tcp\\nInitiated: true\\nSourceIsIpv6: false\\nSourceIp: 172.18.39.105\\nSourceHostname: IT001.shire.com\\nSourcePort: 59426\\nSourcePortName: \\nDestinationIsIpv6: false\\nDestinationIp: 10.0.10.106\\nDestinationHostname: \\nDestinationPort: 443\\nDestinationPortName: https\",\"computer_name\":\"IT001.shire.com\",\"thread_id\":688,\"version\":5}\n",
      "\n",
      "\n",
      "155: 10.0.10.106\",\"SourcePort\":\"59442\",\"Initiated\":\"true\",\"DestinationPortName\":\"https\",\"SourceHostname\":\"IT001.shire.com\",\"ProcessGuid\":\"{aa6b4a20-3f53-5c91-0000-0010e43d3b05}\",\"Protocol\":\"tcp\",\"DestinationIsIpv6\":\"false\",\"UtcTime\":\"2019-03-19 19:34:03.616\",\"SourceIp\":\"172.18.39.105\",\"ProcessId\":\"8148\",\"DestinationPort\":\"443\",\"Image\":\"C:\\\\Windows\\\\System32\\\\cmd.exe\",\"SourceIsIpv6\":\"false\"},\"event_id\":3,\"thread_id\":688,\"task\":\"Network connection detected (rule: NetworkConnect)\",\"user\":{\"type\":\"User\",\"identifier\":\"S-1-5-18\",\"name\":\"SYSTEM\",\"domain\":\"NT AUTHORITY\"},\"provider_guid\":\"{5770385f-c22a-43e0-bf4c-06f5698ffbd9}\",\"record_number\":\"3371794\",\"message\":\"Network connection detected:\\nRuleName: \\nUtcTime: 2019-03-19 19:34:03.616\\nProcessGuid: {aa6b4a20-3f53-5c91-0000-0010e43d3b05}\\nProcessId: 8148\\nImage: C:\\\\Windows\\\\System32\\\\cmd.exe\\nUser: SHIRE\\\\pgustavo\\nProtocol: tcp\\nInitiated: true\\nSourceIsIpv6: false\\nSourceIp: 172.18.39.105\\nSourceHostname: IT001.shire.com\\nSourcePort: 59442\\nSourcePortName: \\nDestinationIsIpv6: false\\nDestinationIp: 10.0.10.106\\nDestinationHostname: \\nDestinationPort: 443\\nDestinationPortName: https\",\"source_name\":\"Microsoft-Windows-Sysmon\",\"computer_name\":\"IT001.shire.com\",\"version\":5,\"beat\":{\"name\":\"WECserver\",\"hostname\":\"WECserver\",\"version\":\"6.5.4\"},\"level\":\"Information\",\"log_name\":\"Microsoft-Windows-Sysmon/Operational\",\"opcode\":\"Info\",\"type\":\"wineventlog\"}\n",
      "\n",
      "\n",
      "156: 10.0.10.106\",\"User\":\"SHIRE\\\\pgustavo\",\"DestinationPortName\":\"https\",\"SourceIp\":\"172.18.39.105\"},\"beat\":{\"name\":\"WECserver\",\"hostname\":\"WECserver\",\"version\":\"6.5.4\"},\"task\":\"Network connection detected (rule: NetworkConnect)\",\"event_id\":3,\"computer_name\":\"IT001.shire.com\",\"process_id\":2612,\"host\":{\"name\":\"WECserver\"},\"message\":\"Network connection detected:\\nRuleName: \\nUtcTime: 2019-03-19 19:34:57.146\\nProcessGuid: {aa6b4a20-2aa0-5c91-0000-001036f22805}\\nProcessId: 9156\\nImage: C:\\\\Windows\\\\System32\\\\WindowsPowerShell\\\\v1.0\\\\powershell.exe\\nUser: SHIRE\\\\pgustavo\\nProtocol: tcp\\nInitiated: true\\nSourceIsIpv6: false\\nSourceIp: 172.18.39.105\\nSourceHostname: IT001.shire.com\\nSourcePort: 59478\\nSourcePortName: \\nDestinationIsIpv6: false\\nDestinationIp: 10.0.10.106\\nDestinationHostname: \\nDestinationPort: 443\\nDestinationPortName: https\",\"log_name\":\"Microsoft-Windows-Sysmon/Operational\",\"provider_guid\":\"{5770385f-c22a-43e0-bf4c-06f5698ffbd9}\",\"record_number\":\"3372100\",\"user\":{\"identifier\":\"S-1-5-18\",\"name\":\"SYSTEM\",\"domain\":\"NT AUTHORITY\",\"type\":\"User\"},\"type\":\"wineventlog\"}\n",
      "\n",
      "\n",
      "157: 10.0.10.106\",\"User\":\"SHIRE\\\\pgustavo\",\"Initiated\":\"true\"},\"record_number\":\"3372077\",\"version\":5,\"type\":\"wineventlog\",\"message\":\"Network connection detected:\\nRuleName: \\nUtcTime: 2019-03-19 19:34:41.553\\nProcessGuid: {aa6b4a20-3f53-5c91-0000-0010e43d3b05}\\nProcessId: 8148\\nImage: C:\\\\Windows\\\\System32\\\\cmd.exe\\nUser: SHIRE\\\\pgustavo\\nProtocol: tcp\\nInitiated: true\\nSourceIsIpv6: false\\nSourceIp: 172.18.39.105\\nSourceHostname: IT001.shire.com\\nSourcePort: 59467\\nSourcePortName: \\nDestinationIsIpv6: false\\nDestinationIp: 10.0.10.106\\nDestinationHostname: \\nDestinationPort: 443\\nDestinationPortName: https\",\"log_name\":\"Microsoft-Windows-Sysmon/Operational\",\"event_id\":3}\n",
      "\n",
      "\n",
      "158: 10.0.10.106\",\"User\":\"SHIRE\\\\pgustavo\",\"SourceIp\":\"172.18.39.105\",\"DestinationPort\":\"443\",\"ProcessGuid\":\"{aa6b4a20-3f53-5c91-0000-0010e43d3b05}\",\"SourceIsIpv6\":\"false\",\"SourceHostname\":\"IT001.shire.com\",\"DestinationPortName\":\"https\",\"Image\":\"C:\\\\Windows\\\\System32\\\\cmd.exe\"},\"level\":\"Information\",\"version\":5,\"log_name\":\"Microsoft-Windows-Sysmon/Operational\",\"provider_guid\":\"{5770385f-c22a-43e0-bf4c-06f5698ffbd9}\",\"task\":\"Network connection detected (rule: NetworkConnect)\",\"message\":\"Network connection detected:\\nRuleName: \\nUtcTime: 2019-03-19 19:31:51.608\\nProcessGuid: {aa6b4a20-3f53-5c91-0000-0010e43d3b05}\\nProcessId: 8148\\nImage: C:\\\\Windows\\\\System32\\\\cmd.exe\\nUser: SHIRE\\\\pgustavo\\nProtocol: tcp\\nInitiated: true\\nSourceIsIpv6: false\\nSourceIp: 172.18.39.105\\nSourceHostname: IT001.shire.com\\nSourcePort: 59373\\nSourcePortName: \\nDestinationIsIpv6: false\\nDestinationIp: 10.0.10.106\\nDestinationHostname: \\nDestinationPort: 443\\nDestinationPortName: https\",\"opcode\":\"Info\",\"thread_id\":688,\"record_number\":\"3371598\",\"process_id\":2612,\"type\":\"wineventlog\",\"host\":{\"name\":\"WECserver\"},\"event_id\":3,\"computer_name\":\"IT001.shire.com\"}\n",
      "\n",
      "\n",
      "159: 10.0.10.106\",\"User\":\"SHIRE\\\\pgustavo\",\"SourceIsIpv6\":\"false\",\"DestinationPort\":\"443\",\"UtcTime\":\"2019-03-19 19:35:02.423\",\"ProcessId\":\"4312\",\"Initiated\":\"true\",\"DestinationPortName\":\"https\",\"ProcessGuid\":\"{aa6b4a20-1a98-5c91-0000-00105b0f0205}\",\"DestinationIsIpv6\":\"false\",\"SourcePort\":\"59482\",\"SourceHostname\":\"IT001.shire.com\"},\"type\":\"wineventlog\",\"computer_name\":\"IT001.shire.com\",\"provider_guid\":\"{5770385f-c22a-43e0-bf4c-06f5698ffbd9}\",\"version\":5,\"level\":\"Information\",\"thread_id\":688,\"message\":\"Network connection detected:\\nRuleName: \\nUtcTime: 2019-03-19 19:35:02.423\\nProcessGuid: {aa6b4a20-1a98-5c91-0000-00105b0f0205}\\nProcessId: 4312\\nImage: C:\\\\Windows\\\\System32\\\\WindowsPowerShell\\\\v1.0\\\\powershell.exe\\nUser: SHIRE\\\\pgustavo\\nProtocol: tcp\\nInitiated: true\\nSourceIsIpv6: false\\nSourceIp: 172.18.39.105\\nSourceHostname: IT001.shire.com\\nSourcePort: 59482\\nSourcePortName: \\nDestinationIsIpv6: false\\nDestinationIp: 10.0.10.106\\nDestinationHostname: \\nDestinationPort: 443\\nDestinationPortName: https\",\"beat\":{\"name\":\"WECserver\",\"hostname\":\"WECserver\",\"version\":\"6.5.4\"},\"log_name\":\"Microsoft-Windows-Sysmon/Operational\",\"opcode\":\"Info\",\"record_number\":\"3372120\",\"task\":\"Network connection detected (rule: NetworkConnect)\"}\n",
      "\n",
      "\n",
      "160: 10.0.10.106\",\"UtcTime\":\"2019-03-19 19:30:18.589\",\"ProcessGuid\":\"{905CC552-43AC-5C91-0000-0010B44BB703}\",\"DestinationIsIpv6\":\"false\",\"Initiated\":\"true\",\"Image\":\"C:\\\\Windows\\\\System32\\\\WindowsPowerShell\\\\v1.0\\\\powershell.exe\",\"DestinationPortName\":\"https\",\"SourceIp\":\"172.18.39.5\",\"Protocol\":\"tcp\",\"ProcessId\":\"904\"},\"message\":\"Network connection detected:\\nRuleName: \\nUtcTime: 2019-03-19 19:30:18.589\\nProcessGuid: {905CC552-43AC-5C91-0000-0010B44BB703}\\nProcessId: 904\\nImage: C:\\\\Windows\\\\System32\\\\WindowsPowerShell\\\\v1.0\\\\powershell.exe\\nUser: SHIRE\\\\Mmidge\\nProtocol: tcp\\nInitiated: true\\nSourceIsIpv6: false\\nSourceIp: 172.18.39.5\\nSourceHostname: HFDC01.shire.com\\nSourcePort: 50667\\nSourcePortName: \\nDestinationIsIpv6: false\\nDestinationIp: 10.0.10.106\\nDestinationHostname: \\nDestinationPort: 443\\nDestinationPortName: https\",\"beat\":{\"hostname\":\"WECserver\",\"version\":\"6.5.4\",\"name\":\"WECserver\"},\"source_name\":\"Microsoft-Windows-Sysmon\",\"computer_name\":\"HFDC01.shire.com\",\"host\":{\"name\":\"WECserver\"},\"level\":\"Information\",\"opcode\":\"Info\",\"record_number\":\"2959080\",\"version\":5,\"process_id\":1900,\"type\":\"wineventlog\",\"thread_id\":2564}\n",
      "\n",
      "\n",
      "161: 10.0.10.106\",\"UtcTime\":\"2019-03-19 19:31:30.345\",\"ProcessGuid\":\"{aa6b4a20-1a98-5c91-0000-00105b0f0205}\",\"DestinationPort\":\"443\",\"SourceIp\":\"172.18.39.105\",\"SourcePort\":\"59355\",\"DestinationIsIpv6\":\"false\",\"Initiated\":\"true\",\"SourceHostname\":\"IT001.shire.com\",\"User\":\"SHIRE\\\\pgustavo\",\"Protocol\":\"tcp\",\"Image\":\"C:\\\\Windows\\\\System32\\\\WindowsPowerShell\\\\v1.0\\\\powershell.exe\"},\"beat\":{\"name\":\"WECserver\",\"hostname\":\"WECserver\",\"version\":\"6.5.4\"},\"event_id\":3,\"version\":5,\"thread_id\":688,\"source_name\":\"Microsoft-Windows-Sysmon\",\"computer_name\":\"IT001.shire.com\",\"type\":\"wineventlog\",\"log_name\":\"Microsoft-Windows-Sysmon/Operational\",\"host\":{\"name\":\"WECserver\"},\"record_number\":\"3371568\",\"message\":\"Network connection detected:\\nRuleName: \\nUtcTime: 2019-03-19 19:31:30.345\\nProcessGuid: {aa6b4a20-1a98-5c91-0000-00105b0f0205}\\nProcessId: 4312\\nImage: C:\\\\Windows\\\\System32\\\\WindowsPowerShell\\\\v1.0\\\\powershell.exe\\nUser: SHIRE\\\\pgustavo\\nProtocol: tcp\\nInitiated: true\\nSourceIsIpv6: false\\nSourceIp: 172.18.39.105\\nSourceHostname: IT001.shire.com\\nSourcePort: 59355\\nSourcePortName: \\nDestinationIsIpv6: false\\nDestinationIp: 10.0.10.106\\nDestinationHostname: \\nDestinationPort: 443\\nDestinationPortName: https\",\"provider_guid\":\"{5770385f-c22a-43e0-bf4c-06f5698ffbd9}\",\"user\":{\"name\":\"SYSTEM\",\"domain\":\"NT AUTHORITY\",\"type\":\"User\",\"identifier\":\"S-1-5-18\"}}\n",
      "\n",
      "\n",
      "162: 10.0.10.106\",\"UtcTime\":\"2019-03-19 19:31:36.141\",\"ProcessGuid\":\"{aa6b4a20-2aa0-5c91-0000-001036f22805}\",\"User\":\"SHIRE\\\\pgustavo\",\"Protocol\":\"tcp\",\"DestinationIsIpv6\":\"false\",\"DestinationPortName\":\"https\",\"SourcePort\":\"59361\"},\"host\":{\"name\":\"WECserver\"},\"event_id\":3,\"opcode\":\"Info\",\"process_id\":2612,\"level\":\"Information\",\"record_number\":\"3371577\",\"provider_guid\":\"{5770385f-c22a-43e0-bf4c-06f5698ffbd9}\",\"task\":\"Network connection detected (rule: NetworkConnect)\",\"type\":\"wineventlog\",\"computer_name\":\"IT001.shire.com\",\"thread_id\":688,\"message\":\"Network connection detected:\\nRuleName: \\nUtcTime: 2019-03-19 19:31:36.141\\nProcessGuid: {aa6b4a20-2aa0-5c91-0000-001036f22805}\\nProcessId: 9156\\nImage: C:\\\\Windows\\\\System32\\\\WindowsPowerShell\\\\v1.0\\\\powershell.exe\\nUser: SHIRE\\\\pgustavo\\nProtocol: tcp\\nInitiated: true\\nSourceIsIpv6: false\\nSourceIp: 172.18.39.105\\nSourceHostname: IT001.shire.com\\nSourcePort: 59361\\nSourcePortName: \\nDestinationIsIpv6: false\\nDestinationIp: 10.0.10.106\\nDestinationHostname: \\nDestinationPort: 443\\nDestinationPortName: https\",\"source_name\":\"Microsoft-Windows-Sysmon\",\"beat\":{\"name\":\"WECserver\",\"hostname\":\"WECserver\",\"version\":\"6.5.4\"}}\n",
      "\n",
      "\n",
      "163: 10.0.10.106\",\"UtcTime\":\"2019-03-19 19:31:45.704\",\"SourceIsIpv6\":\"false\",\"Protocol\":\"tcp\",\"SourceIp\":\"172.18.39.105\",\"Image\":\"C:\\\\Windows\\\\System32\\\\WindowsPowerShell\\\\v1.0\\\\powershell.exe\",\"DestinationPort\":\"443\",\"ProcessId\":\"4312\"},\"log_name\":\"Microsoft-Windows-Sysmon/Operational\",\"thread_id\":688,\"user\":{\"identifier\":\"S-1-5-18\",\"name\":\"SYSTEM\",\"domain\":\"NT AUTHORITY\",\"type\":\"User\"},\"message\":\"Network connection detected:\\nRuleName: \\nUtcTime: 2019-03-19 19:31:45.704\\nProcessGuid: {aa6b4a20-1a98-5c91-0000-00105b0f0205}\\nProcessId: 4312\\nImage: C:\\\\Windows\\\\System32\\\\WindowsPowerShell\\\\v1.0\\\\powershell.exe\\nUser: SHIRE\\\\pgustavo\\nProtocol: tcp\\nInitiated: true\\nSourceIsIpv6: false\\nSourceIp: 172.18.39.105\\nSourceHostname: IT001.shire.com\\nSourcePort: 59368\\nSourcePortName: \\nDestinationIsIpv6: false\\nDestinationIp: 10.0.10.106\\nDestinationHostname: \\nDestinationPort: 443\\nDestinationPortName: https\"}\n",
      "\n",
      "\n",
      "164: 10.0.10.106\",\"UtcTime\":\"2019-03-19 19:32:32.017\",\"Protocol\":\"tcp\",\"DestinationIsIpv6\":\"false\",\"User\":\"SHIRE\\\\pgustavo\",\"SourceIp\":\"172.18.39.105\",\"DestinationPortName\":\"https\",\"DestinationPort\":\"443\",\"ProcessGuid\":\"{aa6b4a20-1a98-5c91-0000-00105b0f0205}\"},\"host\":{\"name\":\"WECserver\"},\"message\":\"Network connection detected:\\nRuleName: \\nUtcTime: 2019-03-19 19:32:32.017\\nProcessGuid: {aa6b4a20-1a98-5c91-0000-00105b0f0205}\\nProcessId: 4312\\nImage: C:\\\\Windows\\\\System32\\\\WindowsPowerShell\\\\v1.0\\\\powershell.exe\\nUser: SHIRE\\\\pgustavo\\nProtocol: tcp\\nInitiated: true\\nSourceIsIpv6: false\\nSourceIp: 172.18.39.105\\nSourceHostname: IT001.shire.com\\nSourcePort: 59403\\nSourcePortName: \\nDestinationIsIpv6: false\\nDestinationIp: 10.0.10.106\\nDestinationHostname: \\nDestinationPort: 443\\nDestinationPortName: https\",\"event_id\":3,\"task\":\"Network connection detected (rule: NetworkConnect)\",\"provider_guid\":\"{5770385f-c22a-43e0-bf4c-06f5698ffbd9}\",\"process_id\":2612}\n",
      "\n",
      "\n",
      "165: 10.0.10.106\",\"UtcTime\":\"2019-03-19 19:32:53.124\",\"SourceIsIpv6\":\"false\",\"SourcePort\":\"59411\",\"Initiated\":\"true\",\"DestinationIsIpv6\":\"false\"},\"message\":\"Network connection detected:\\nRuleName: \\nUtcTime: 2019-03-19 19:32:53.124\\nProcessGuid: {aa6b4a20-3f53-5c91-0000-0010e43d3b05}\\nProcessId: 8148\\nImage: C:\\\\Windows\\\\System32\\\\cmd.exe\\nUser: SHIRE\\\\pgustavo\\nProtocol: tcp\\nInitiated: true\\nSourceIsIpv6: false\\nSourceIp: 172.18.39.105\\nSourceHostname: IT001.shire.com\\nSourcePort: 59411\\nSourcePortName: \\nDestinationIsIpv6: false\\nDestinationIp: 10.0.10.106\\nDestinationHostname: \\nDestinationPort: 443\\nDestinationPortName: https\",\"host\":{\"name\":\"WECserver\"},\"computer_name\":\"IT001.shire.com\",\"event_id\":3,\"source_name\":\"Microsoft-Windows-Sysmon\",\"level\":\"Information\",\"thread_id\":688}\n",
      "\n",
      "\n",
      "166: 10.0.10.106\",\"UtcTime\":\"2019-03-19 19:33:15.174\",\"User\":\"SHIRE\\\\pgustavo\",\"SourceIp\":\"172.18.39.105\",\"DestinationIsIpv6\":\"false\",\"ProcessGuid\":\"{aa6b4a20-2aa0-5c91-0000-001036f22805}\",\"ProcessId\":\"9156\",\"SourceIsIpv6\":\"false\",\"Initiated\":\"true\",\"SourcePort\":\"59417\",\"Image\":\"C:\\\\Windows\\\\System32\\\\WindowsPowerShell\\\\v1.0\\\\powershell.exe\",\"Protocol\":\"tcp\"},\"event_id\":3,\"level\":\"Information\",\"message\":\"Network connection detected:\\nRuleName: \\nUtcTime: 2019-03-19 19:33:15.174\\nProcessGuid: {aa6b4a20-2aa0-5c91-0000-001036f22805}\\nProcessId: 9156\\nImage: C:\\\\Windows\\\\System32\\\\WindowsPowerShell\\\\v1.0\\\\powershell.exe\\nUser: SHIRE\\\\pgustavo\\nProtocol: tcp\\nInitiated: true\\nSourceIsIpv6: false\\nSourceIp: 172.18.39.105\\nSourceHostname: IT001.shire.com\\nSourcePort: 59417\\nSourcePortName: \\nDestinationIsIpv6: false\\nDestinationIp: 10.0.10.106\\nDestinationHostname: \\nDestinationPort: 443\\nDestinationPortName: https\"}\n",
      "\n",
      "\n",
      "167: 10.0.10.106\",\"UtcTime\":\"2019-03-19 19:33:30.974\",\"Initiated\":\"true\",\"DestinationPortName\":\"https\",\"DestinationIsIpv6\":\"false\",\"ProcessId\":\"8148\",\"User\":\"SHIRE\\\\pgustavo\",\"SourceIp\":\"172.18.39.105\",\"Image\":\"C:\\\\Windows\\\\System32\\\\cmd.exe\",\"DestinationPort\":\"443\",\"SourceIsIpv6\":\"false\",\"SourceHostname\":\"IT001.shire.com\"},\"log_name\":\"Microsoft-Windows-Sysmon/Operational\",\"source_name\":\"Microsoft-Windows-Sysmon\",\"beat\":{\"name\":\"WECserver\",\"hostname\":\"WECserver\",\"version\":\"6.5.4\"},\"type\":\"wineventlog\",\"event_id\":3,\"task\":\"Network connection detected (rule: NetworkConnect)\",\"provider_guid\":\"{5770385f-c22a-43e0-bf4c-06f5698ffbd9}\",\"process_id\":2612,\"record_number\":\"3371757\",\"user\":{\"identifier\":\"S-1-5-18\",\"name\":\"SYSTEM\",\"domain\":\"NT AUTHORITY\",\"type\":\"User\"},\"message\":\"Network connection detected:\\nRuleName: \\nUtcTime: 2019-03-19 19:33:30.974\\nProcessGuid: {aa6b4a20-3f53-5c91-0000-0010e43d3b05}\\nProcessId: 8148\\nImage: C:\\\\Windows\\\\System32\\\\cmd.exe\\nUser: SHIRE\\\\pgustavo\\nProtocol: tcp\\nInitiated: true\\nSourceIsIpv6: false\\nSourceIp: 172.18.39.105\\nSourceHostname: IT001.shire.com\\nSourcePort: 59428\\nSourcePortName: \\nDestinationIsIpv6: false\\nDestinationIp: 10.0.10.106\\nDestinationHostname: \\nDestinationPort: 443\\nDestinationPortName: https\",\"opcode\":\"Info\",\"computer_name\":\"IT001.shire.com\",\"level\":\"Information\"}\n",
      "\n",
      "\n",
      "168: 10.0.10.106\",\"UtcTime\":\"2019-03-19 19:34:08.815\",\"DestinationPortName\":\"https\",\"SourceHostname\":\"IT001.shire.com\",\"Image\":\"C:\\\\Windows\\\\System32\\\\WindowsPowerShell\\\\v1.0\\\\powershell.exe\",\"DestinationIsIpv6\":\"false\",\"Protocol\":\"tcp\",\"DestinationPort\":\"443\",\"SourcePort\":\"59446\"},\"record_number\":\"3371801\",\"provider_guid\":\"{5770385f-c22a-43e0-bf4c-06f5698ffbd9}\",\"beat\":{\"version\":\"6.5.4\",\"name\":\"WECserver\",\"hostname\":\"WECserver\"},\"process_id\":2612,\"user\":{\"identifier\":\"S-1-5-18\",\"name\":\"SYSTEM\",\"domain\":\"NT AUTHORITY\",\"type\":\"User\"},\"log_name\":\"Microsoft-Windows-Sysmon/Operational\",\"computer_name\":\"IT001.shire.com\",\"host\":{\"name\":\"WECserver\"},\"event_id\":3,\"source_name\":\"Microsoft-Windows-Sysmon\",\"version\":5,\"level\":\"Information\",\"message\":\"Network connection detected:\\nRuleName: \\nUtcTime: 2019-03-19 19:34:08.815\\nProcessGuid: {aa6b4a20-2aa0-5c91-0000-001036f22805}\\nProcessId: 9156\\nImage: C:\\\\Windows\\\\System32\\\\WindowsPowerShell\\\\v1.0\\\\powershell.exe\\nUser: SHIRE\\\\pgustavo\\nProtocol: tcp\\nInitiated: true\\nSourceIsIpv6: false\\nSourceIp: 172.18.39.105\\nSourceHostname: IT001.shire.com\\nSourcePort: 59446\\nSourcePortName: \\nDestinationIsIpv6: false\\nDestinationIp: 10.0.10.106\\nDestinationHostname: \\nDestinationPort: 443\\nDestinationPortName: https\",\"task\":\"Network connection detected (rule: NetworkConnect)\",\"opcode\":\"Info\",\"thread_id\":688}\n",
      "\n",
      "\n",
      "169: 10.0.10.106\",\"UtcTime\":\"2019-03-19 19:34:47.001\",\"SourceIp\":\"172.18.39.105\",\"SourceHostname\":\"IT001.shire.com\",\"ProcessGuid\":\"{aa6b4a20-1a98-5c91-0000-00105b0f0205}\",\"Protocol\":\"tcp\",\"DestinationPortName\":\"https\",\"Image\":\"C:\\\\Windows\\\\System32\\\\WindowsPowerShell\\\\v1.0\\\\powershell.exe\",\"User\":\"SHIRE\\\\pgustavo\",\"DestinationIsIpv6\":\"false\"},\"message\":\"Network connection detected:\\nRuleName: \\nUtcTime: 2019-03-19 19:34:47.001\\nProcessGuid: {aa6b4a20-1a98-5c91-0000-00105b0f0205}\\nProcessId: 4312\\nImage: C:\\\\Windows\\\\System32\\\\WindowsPowerShell\\\\v1.0\\\\powershell.exe\\nUser: SHIRE\\\\pgustavo\\nProtocol: tcp\\nInitiated: true\\nSourceIsIpv6: false\\nSourceIp: 172.18.39.105\\nSourceHostname: IT001.shire.com\\nSourcePort: 59472\\nSourcePortName: \\nDestinationIsIpv6: false\\nDestinationIp: 10.0.10.106\\nDestinationHostname: \\nDestinationPort: 443\\nDestinationPortName: https\",\"record_number\":\"3372085\",\"version\":5,\"user\":{\"name\":\"SYSTEM\",\"domain\":\"NT AUTHORITY\",\"type\":\"User\",\"identifier\":\"S-1-5-18\"},\"opcode\":\"Info\",\"beat\":{\"name\":\"WECserver\",\"hostname\":\"WECserver\",\"version\":\"6.5.4\"},\"host\":{\"name\":\"WECserver\"},\"provider_guid\":\"{5770385f-c22a-43e0-bf4c-06f5698ffbd9}\",\"event_id\":3,\"log_name\":\"Microsoft-Windows-Sysmon/Operational\",\"source_name\":\"Microsoft-Windows-Sysmon\",\"level\":\"Information\"}\n",
      "\n",
      "\n",
      "170: 10.0.10.106\",\"UtcTime\":\"2019-03-19 19:35:17.720\",\"User\":\"SHIRE\\\\pgustavo\",\"SourceIp\":\"172.18.39.105\",\"SourceIsIpv6\":\"false\",\"ProcessId\":\"9156\",\"SourcePort\":\"59490\",\"Initiated\":\"true\",\"Protocol\":\"tcp\",\"ProcessGuid\":\"{aa6b4a20-2aa0-5c91-0000-001036f22805}\",\"DestinationPortName\":\"https\",\"SourceHostname\":\"IT001.shire.com\",\"DestinationIsIpv6\":\"false\",\"DestinationPort\":\"443\",\"Image\":\"C:\\\\Windows\\\\System32\\\\WindowsPowerShell\\\\v1.0\\\\powershell.exe\"},\"log_name\":\"Microsoft-Windows-Sysmon/Operational\",\"type\":\"wineventlog\",\"provider_guid\":\"{5770385f-c22a-43e0-bf4c-06f5698ffbd9}\",\"task\":\"Network connection detected (rule: NetworkConnect)\",\"message\":\"Network connection detected:\\nRuleName: \\nUtcTime: 2019-03-19 19:35:17.720\\nProcessGuid: {aa6b4a20-2aa0-5c91-0000-001036f22805}\\nProcessId: 9156\\nImage: C:\\\\Windows\\\\System32\\\\WindowsPowerShell\\\\v1.0\\\\powershell.exe\\nUser: SHIRE\\\\pgustavo\\nProtocol: tcp\\nInitiated: true\\nSourceIsIpv6: false\\nSourceIp: 172.18.39.105\\nSourceHostname: IT001.shire.com\\nSourcePort: 59490\\nSourcePortName: \\nDestinationIsIpv6: false\\nDestinationIp: 10.0.10.106\\nDestinationHostname: \\nDestinationPort: 443\\nDestinationPortName: https\",\"user\":{\"identifier\":\"S-1-5-18\",\"name\":\"SYSTEM\",\"domain\":\"NT AUTHORITY\",\"type\":\"User\"},\"computer_name\":\"IT001.shire.com\",\"process_id\":2612}\n",
      "\n",
      "\n",
      "171: 10.0.10.106\"},\"event_id\":3,\"message\":\"Network connection detected:\\nRuleName: \\nUtcTime: 2019-03-19 19:34:14.132\\nProcessGuid: {aa6b4a20-2aa0-5c91-0000-001036f22805}\\nProcessId: 9156\\nImage: C:\\\\Windows\\\\System32\\\\WindowsPowerShell\\\\v1.0\\\\powershell.exe\\nUser: SHIRE\\\\pgustavo\\nProtocol: tcp\\nInitiated: true\\nSourceIsIpv6: false\\nSourceIp: 172.18.39.105\\nSourceHostname: IT001.shire.com\\nSourcePort: 59457\\nSourcePortName: \\nDestinationIsIpv6: false\\nDestinationIp: 10.0.10.106\\nDestinationHostname: \\nDestinationPort: 443\\nDestinationPortName: https\",\"task\":\"Network connection detected (rule: NetworkConnect)\"}\n",
      "\n",
      "\n",
      "172: 10.0.10.106\"},\"host\":{\"name\":\"WECserver\"},\"version\":1,\"source_name\":\"Microsoft-Windows-Security-Auditing\",\"event_id\":5156,\"task\":\"Filtering Platform Connection\",\"process_id\":4,\"opcode\":\"Info\",\"thread_id\":7940,\"log_name\":\"Security\",\"message\":\"The Windows Filtering Platform has permitted a connection.\\n\\nApplication Information:\\n\\tProcess ID:\\t\\t4312\\n\\tApplication Name:\\t\\\\device\\\\harddiskvolume2\\\\windows\\\\system32\\\\windowspowershell\\\\v1.0\\\\powershell.exe\\n\\nNetwork Information:\\n\\tDirection:\\t\\tOutbound\\n\\tSource Address:\\t\\t172.18.39.105\\n\\tSource Port:\\t\\t59491\\n\\tDestination Address:\\t10.0.10.106\\n\\tDestination Port:\\t\\t443\\n\\tProtocol:\\t\\t6\\n\\nFilter Information:\\n\\tFilter Run-Time ID:\\t70572\\n\\tLayer Name:\\t\\tConnect\\n\\tLayer Run-Time ID:\\t48\",\"record_number\":\"1026807\",\"beat\":{\"name\":\"WECserver\",\"hostname\":\"WECserver\",\"version\":\"6.5.4\"},\"type\":\"wineventlog\"}\n",
      "\n",
      "\n",
      "173: 10.0.10.106\"},\"log_name\":\"Microsoft-Windows-Sysmon/Operational\",\"computer_name\":\"IT001.shire.com\",\"opcode\":\"Info\",\"version\":5,\"event_id\":3,\"process_id\":2612,\"source_name\":\"Microsoft-Windows-Sysmon\",\"provider_guid\":\"{5770385f-c22a-43e0-bf4c-06f5698ffbd9}\",\"host\":{\"name\":\"WECserver\"},\"thread_id\":688,\"message\":\"Network connection detected:\\nRuleName: \\nUtcTime: 2019-03-19 19:35:01.941\\nProcessGuid: {aa6b4a20-3f53-5c91-0000-0010e43d3b05}\\nProcessId: 8148\\nImage: C:\\\\Windows\\\\System32\\\\cmd.exe\\nUser: SHIRE\\\\pgustavo\\nProtocol: tcp\\nInitiated: true\\nSourceIsIpv6: false\\nSourceIp: 172.18.39.105\\nSourceHostname: IT001.shire.com\\nSourcePort: 59480\\nSourcePortName: \\nDestinationIsIpv6: false\\nDestinationIp: 10.0.10.106\\nDestinationHostname: \\nDestinationPort: 443\\nDestinationPortName: https\",\"record_number\":\"3372118\",\"beat\":{\"name\":\"WECserver\",\"hostname\":\"WECserver\",\"version\":\"6.5.4\"}}\n",
      "\n",
      "\n",
      "174: 10.0.10.106\"},\"log_name\":\"Microsoft-Windows-Sysmon/Operational\",\"thread_id\":688,\"event_id\":3,\"message\":\"Network connection detected:\\nRuleName: \\nUtcTime: 2019-03-19 19:34:52.145\\nProcessGuid: {aa6b4a20-1a98-5c91-0000-00105b0f0205}\\nProcessId: 4312\\nImage: C:\\\\Windows\\\\System32\\\\WindowsPowerShell\\\\v1.0\\\\powershell.exe\\nUser: SHIRE\\\\pgustavo\\nProtocol: tcp\\nInitiated: true\\nSourceIsIpv6: false\\nSourceIp: 172.18.39.105\\nSourceHostname: IT001.shire.com\\nSourcePort: 59475\\nSourcePortName: \\nDestinationIsIpv6: false\\nDestinationIp: 10.0.10.106\\nDestinationHostname: \\nDestinationPort: 443\\nDestinationPortName: https\"}\n",
      "\n",
      "\n",
      "175: 10.0.10.106\"},\"provider_guid\":\"{5770385f-c22a-43e0-bf4c-06f5698ffbd9}\",\"source_name\":\"Microsoft-Windows-Sysmon\",\"message\":\"Network connection detected:\\nRuleName: \\nUtcTime: 2019-03-19 19:31:50.814\\nProcessGuid: {aa6b4a20-1a98-5c91-0000-00105b0f0205}\\nProcessId: 4312\\nImage: C:\\\\Windows\\\\System32\\\\WindowsPowerShell\\\\v1.0\\\\powershell.exe\\nUser: SHIRE\\\\pgustavo\\nProtocol: tcp\\nInitiated: true\\nSourceIsIpv6: false\\nSourceIp: 172.18.39.105\\nSourceHostname: IT001.shire.com\\nSourcePort: 59371\\nSourcePortName: \\nDestinationIsIpv6: false\\nDestinationIp: 10.0.10.106\\nDestinationHostname: \\nDestinationPort: 443\\nDestinationPortName: https\",\"task\":\"Network connection detected (rule: NetworkConnect)\",\"beat\":{\"hostname\":\"WECserver\",\"version\":\"6.5.4\",\"name\":\"WECserver\"},\"host\":{\"name\":\"WECserver\"},\"log_name\":\"Microsoft-Windows-Sysmon/Operational\",\"event_id\":3}\n",
      "\n",
      "\n",
      "176: 10.0.10.106\"},\"source_name\":\"Microsoft-Windows-Security-Auditing\",\"event_id\":5156,\"log_name\":\"Security\",\"computer_name\":\"IT001.shire.com\",\"task\":\"Filtering Platform Connection\",\"message\":\"The Windows Filtering Platform has permitted a connection.\\n\\nApplication Information:\\n\\tProcess ID:\\t\\t9156\\n\\tApplication Name:\\t\\\\device\\\\harddiskvolume2\\\\windows\\\\system32\\\\windowspowershell\\\\v1.0\\\\powershell.exe\\n\\nNetwork Information:\\n\\tDirection:\\t\\tOutbound\\n\\tSource Address:\\t\\t172.18.39.105\\n\\tSource Port:\\t\\t59407\\n\\tDestination Address:\\t10.0.10.106\\n\\tDestination Port:\\t\\t443\\n\\tProtocol:\\t\\t6\\n\\nFilter Information:\\n\\tFilter Run-Time ID:\\t70572\\n\\tLayer Name:\\t\\tConnect\\n\\tLayer Run-Time ID:\\t48\",\"provider_guid\":\"{54849625-5478-4994-a5ba-3e3b0328c30d}\",\"version\":1,\"keywords\":[\"Audit Success\"],\"beat\":{\"name\":\"WECserver\",\"hostname\":\"WECserver\",\"version\":\"6.5.4\"},\"type\":\"wineventlog\",\"level\":\"Information\"}\n",
      "\n",
      "\n",
      "177: 10.0.10.106\"},\"source_name\":\"Microsoft-Windows-Security-Auditing\",\"level\":\"Information\",\"beat\":{\"hostname\":\"WECserver\",\"version\":\"6.5.4\",\"name\":\"WECserver\"},\"type\":\"wineventlog\",\"record_number\":\"1026471\",\"computer_name\":\"IT001.shire.com\",\"task\":\"Filtering Platform Connection\",\"process_id\":4,\"opcode\":\"Info\",\"host\":{\"name\":\"WECserver\"},\"provider_guid\":\"{54849625-5478-4994-a5ba-3e3b0328c30d}\",\"message\":\"The Windows Filtering Platform has permitted a connection.\\n\\nApplication Information:\\n\\tProcess ID:\\t\\t8148\\n\\tApplication Name:\\t\\\\device\\\\harddiskvolume2\\\\windows\\\\system32\\\\cmd.exe\\n\\nNetwork Information:\\n\\tDirection:\\t\\tOutbound\\n\\tSource Address:\\t\\t172.18.39.105\\n\\tSource Port:\\t\\t59370\\n\\tDestination Address:\\t10.0.10.106\\n\\tDestination Port:\\t\\t443\\n\\tProtocol:\\t\\t6\\n\\nFilter Information:\\n\\tFilter Run-Time ID:\\t70572\\n\\tLayer Name:\\t\\tConnect\\n\\tLayer Run-Time ID:\\t48\",\"thread_id\":4548,\"log_name\":\"Security\",\"event_id\":5156}\n",
      "\n",
      "\n",
      "178: 10.0.10.106\"},\"source_name\":\"Microsoft-Windows-Security-Auditing\",\"type\":\"wineventlog\",\"log_name\":\"Security\",\"beat\":{\"name\":\"WECserver\",\"hostname\":\"WECserver\",\"version\":\"6.5.4\"},\"message\":\"The Windows Filtering Platform has permitted a connection.\\n\\nApplication Information:\\n\\tProcess ID:\\t\\t9156\\n\\tApplication Name:\\t\\\\device\\\\harddiskvolume2\\\\windows\\\\system32\\\\windowspowershell\\\\v1.0\\\\powershell.exe\\n\\nNetwork Information:\\n\\tDirection:\\t\\tOutbound\\n\\tSource Address:\\t\\t172.18.39.105\\n\\tSource Port:\\t\\t59490\\n\\tDestination Address:\\t10.0.10.106\\n\\tDestination Port:\\t\\t443\\n\\tProtocol:\\t\\t6\\n\\nFilter Information:\\n\\tFilter Run-Time ID:\\t70572\\n\\tLayer Name:\\t\\tConnect\\n\\tLayer Run-Time ID:\\t48\",\"thread_id\":7940,\"computer_name\":\"IT001.shire.com\",\"record_number\":\"1026805\",\"task\":\"Filtering Platform Connection\",\"event_id\":5156,\"keywords\":[\"Audit Success\"],\"process_id\":4,\"provider_guid\":\"{54849625-5478-4994-a5ba-3e3b0328c30d}\",\"level\":\"Information\"}\n",
      "\n",
      "\n",
      "179: 10.0.10.106\"},\"source_name\":\"Microsoft-Windows-Sysmon\",\"task\":\"Network connection detected (rule: NetworkConnect)\",\"message\":\"Network connection detected:\\nRuleName: \\nUtcTime: 2019-03-19 19:30:52.104\\nProcessGuid: {905CC552-43AC-5C91-0000-0010B44BB703}\\nProcessId: 904\\nImage: C:\\\\Windows\\\\System32\\\\WindowsPowerShell\\\\v1.0\\\\powershell.exe\\nUser: SHIRE\\\\Mmidge\\nProtocol: tcp\\nInitiated: true\\nSourceIsIpv6: false\\nSourceIp: 172.18.39.5\\nSourceHostname: HFDC01.shire.com\\nSourcePort: 50675\\nSourcePortName: \\nDestinationIsIpv6: false\\nDestinationIp: 10.0.10.106\\nDestinationHostname: \\nDestinationPort: 443\\nDestinationPortName: https\",\"computer_name\":\"HFDC01.shire.com\"}\n",
      "\n",
      "\n",
      "180: 10.0.10.106\"},\"task\":\"Network connection detected (rule: NetworkConnect)\",\"process_id\":2612,\"beat\":{\"name\":\"WECserver\",\"hostname\":\"WECserver\",\"version\":\"6.5.4\"},\"host\":{\"name\":\"WECserver\"},\"record_number\":\"3371570\",\"log_name\":\"Microsoft-Windows-Sysmon/Operational\",\"computer_name\":\"IT001.shire.com\",\"type\":\"wineventlog\",\"source_name\":\"Microsoft-Windows-Sysmon\",\"level\":\"Information\",\"event_id\":3,\"message\":\"Network connection detected:\\nRuleName: \\nUtcTime: 2019-03-19 19:31:31.077\\nProcessGuid: {aa6b4a20-3f53-5c91-0000-0010e43d3b05}\\nProcessId: 8148\\nImage: C:\\\\Windows\\\\System32\\\\cmd.exe\\nUser: SHIRE\\\\pgustavo\\nProtocol: tcp\\nInitiated: true\\nSourceIsIpv6: false\\nSourceIp: 172.18.39.105\\nSourceHostname: IT001.shire.com\\nSourcePort: 59357\\nSourcePortName: \\nDestinationIsIpv6: false\\nDestinationIp: 10.0.10.106\\nDestinationHostname: \\nDestinationPort: 443\\nDestinationPortName: https\",\"provider_guid\":\"{5770385f-c22a-43e0-bf4c-06f5698ffbd9}\"}\n",
      "\n",
      "\n",
      "181: 10.0.10.106\"},\"type\":\"wineventlog\",\"log_name\":\"Microsoft-Windows-Sysmon/Operational\",\"event_id\":3,\"opcode\":\"Info\",\"record_number\":\"3372072\",\"provider_guid\":\"{5770385f-c22a-43e0-bf4c-06f5698ffbd9}\",\"computer_name\":\"IT001.shire.com\",\"source_name\":\"Microsoft-Windows-Sysmon\",\"task\":\"Network connection detected (rule: NetworkConnect)\",\"beat\":{\"name\":\"WECserver\",\"hostname\":\"WECserver\",\"version\":\"6.5.4\"},\"process_id\":2612,\"version\":5,\"thread_id\":688,\"message\":\"Network connection detected:\\nRuleName: \\nUtcTime: 2019-03-19 19:34:36.580\\nProcessGuid: {aa6b4a20-2aa0-5c91-0000-001036f22805}\\nProcessId: 9156\\nImage: C:\\\\Windows\\\\System32\\\\WindowsPowerShell\\\\v1.0\\\\powershell.exe\\nUser: SHIRE\\\\pgustavo\\nProtocol: tcp\\nInitiated: true\\nSourceIsIpv6: false\\nSourceIp: 172.18.39.105\\nSourceHostname: IT001.shire.com\\nSourcePort: 59465\\nSourcePortName: \\nDestinationIsIpv6: false\\nDestinationIp: 10.0.10.106\\nDestinationHostname: \\nDestinationPort: 443\\nDestinationPortName: https\"}\n",
      "\n",
      "\n",
      "182: 10.0.10.106\"},\"user\":{\"domain\":\"NT AUTHORITY\",\"type\":\"User\",\"identifier\":\"S-1-5-18\",\"name\":\"SYSTEM\"},\"type\":\"wineventlog\",\"computer_name\":\"IT001.shire.com\",\"host\":{\"name\":\"WECserver\"},\"record_number\":\"3371709\",\"provider_guid\":\"{5770385f-c22a-43e0-bf4c-06f5698ffbd9}\",\"thread_id\":688,\"level\":\"Information\",\"message\":\"Network connection detected:\\nRuleName: \\nUtcTime: 2019-03-19 19:32:53.025\\nProcessGuid: {aa6b4a20-2aa0-5c91-0000-001036f22805}\\nProcessId: 9156\\nImage: C:\\\\Windows\\\\System32\\\\WindowsPowerShell\\\\v1.0\\\\powershell.exe\\nUser: SHIRE\\\\pgustavo\\nProtocol: tcp\\nInitiated: true\\nSourceIsIpv6: false\\nSourceIp: 172.18.39.105\\nSourceHostname: IT001.shire.com\\nSourcePort: 59410\\nSourcePortName: \\nDestinationIsIpv6: false\\nDestinationIp: 10.0.10.106\\nDestinationHostname: \\nDestinationPort: 443\\nDestinationPortName: https\",\"beat\":{\"name\":\"WECserver\",\"hostname\":\"WECserver\",\"version\":\"6.5.4\"}}\n",
      "\n",
      "\n",
      "183: 10.0.10.106\"},\"version\":1,\"thread_id\":4548,\"task\":\"Filtering Platform Connection\",\"message\":\"The Windows Filtering Platform has permitted a connection.\\n\\nApplication Information:\\n\\tProcess ID:\\t\\t8148\\n\\tApplication Name:\\t\\\\device\\\\harddiskvolume2\\\\windows\\\\system32\\\\cmd.exe\\n\\nNetwork Information:\\n\\tDirection:\\t\\tOutbound\\n\\tSource Address:\\t\\t172.18.39.105\\n\\tSource Port:\\t\\t59405\\n\\tDestination Address:\\t10.0.10.106\\n\\tDestination Port:\\t\\t443\\n\\tProtocol:\\t\\t6\\n\\nFilter Information:\\n\\tFilter Run-Time ID:\\t70572\\n\\tLayer Name:\\t\\tConnect\\n\\tLayer Run-Time ID:\\t48\",\"beat\":{\"version\":\"6.5.4\",\"name\":\"WECserver\",\"hostname\":\"WECserver\"},\"process_id\":4,\"record_number\":\"1026559\",\"provider_guid\":\"{54849625-5478-4994-a5ba-3e3b0328c30d}\",\"log_name\":\"Security\",\"opcode\":\"Info\",\"source_name\":\"Microsoft-Windows-Security-Auditing\",\"host\":{\"name\":\"WECserver\"},\"level\":\"Information\",\"keywords\":[\"Audit Success\"],\"type\":\"wineventlog\",\"computer_name\":\"IT001.shire.com\"}\n",
      "\n",
      "\n",
      "184: 10.0.10.106\"},\"version\":5,\"record_number\":\"3372124\",\"task\":\"Network connection detected (rule: NetworkConnect)\",\"thread_id\":688,\"log_name\":\"Microsoft-Windows-Sysmon/Operational\",\"message\":\"Network connection detected:\\nRuleName: \\nUtcTime: 2019-03-19 19:35:07.030\\nProcessGuid: {aa6b4a20-3f53-5c91-0000-0010e43d3b05}\\nProcessId: 8148\\nImage: C:\\\\Windows\\\\System32\\\\cmd.exe\\nUser: SHIRE\\\\pgustavo\\nProtocol: tcp\\nInitiated: true\\nSourceIsIpv6: false\\nSourceIp: 172.18.39.105\\nSourceHostname: IT001.shire.com\\nSourcePort: 59483\\nSourcePortName: \\nDestinationIsIpv6: false\\nDestinationIp: 10.0.10.106\\nDestinationHostname: \\nDestinationPort: 443\\nDestinationPortName: https\",\"provider_guid\":\"{5770385f-c22a-43e0-bf4c-06f5698ffbd9}\",\"level\":\"Information\",\"beat\":{\"hostname\":\"WECserver\",\"version\":\"6.5.4\",\"name\":\"WECserver\"},\"type\":\"wineventlog\",\"computer_name\":\"IT001.shire.com\",\"process_id\":2612,\"source_name\":\"Microsoft-Windows-Sysmon\",\"event_id\":3,\"opcode\":\"Info\"}\n",
      "\n",
      "\n",
      "185: 10.0.10.106\\nDestinationHostname: \\nDestinationPort: 443\\nDestinationPortName: https\",\"beat\":{\"hostname\":\"WECserver\",\"version\":\"6.5.4\",\"name\":\"WECserver\"},\"event_data\":{\"SourceIp\":\"172.18.39.105\",\"SourceHostname\":\"IT001.shire.com\",\"Initiated\":\"true\",\"User\":\"SHIRE\\\\pgustavo\",\"Protocol\":\"tcp\",\"SourceIsIpv6\":\"false\",\"ProcessId\":\"9156\",\"DestinationIp\":\"10.0.10.106\",\"Image\":\"C:\\\\Windows\\\\System32\\\\WindowsPowerShell\\\\v1.0\\\\powershell.exe\",\"UtcTime\":\"2019-03-19 19:33:46.314\",\"DestinationPortName\":\"https\",\"ProcessGuid\":\"{aa6b4a20-2aa0-5c91-0000-001036f22805}\",\"DestinationIsIpv6\":\"false\",\"SourcePort\":\"59436\",\"DestinationPort\":\"443\"},\"record_number\":\"3371774\"}\n",
      "\n",
      "\n",
      "186: 10.0.10.106\\nDestinationHostname: \\nDestinationPort: 443\\nDestinationPortName: https\",\"beat\":{\"name\":\"WECserver\",\"hostname\":\"WECserver\",\"version\":\"6.5.4\"},\"process_id\":2612,\"event_data\":{\"SourcePort\":\"59456\",\"Protocol\":\"tcp\",\"ProcessId\":\"8148\",\"SourceIsIpv6\":\"false\",\"DestinationIp\":\"10.0.10.106\",\"User\":\"SHIRE\\\\pgustavo\",\"SourceHostname\":\"IT001.shire.com\",\"DestinationIsIpv6\":\"false\",\"DestinationPortName\":\"https\",\"DestinationPort\":\"443\",\"ProcessGuid\":\"{aa6b4a20-3f53-5c91-0000-0010e43d3b05}\",\"Image\":\"C:\\\\Windows\\\\System32\\\\cmd.exe\",\"UtcTime\":\"2019-03-19 19:34:14.071\",\"Initiated\":\"true\",\"SourceIp\":\"172.18.39.105\"},\"version\":5,\"task\":\"Network connection detected (rule: NetworkConnect)\",\"level\":\"Information\",\"type\":\"wineventlog\",\"user\":{\"domain\":\"NT AUTHORITY\",\"type\":\"User\",\"identifier\":\"S-1-5-18\",\"name\":\"SYSTEM\"},\"provider_guid\":\"{5770385f-c22a-43e0-bf4c-06f5698ffbd9}\",\"source_name\":\"Microsoft-Windows-Sysmon\",\"opcode\":\"Info\",\"thread_id\":688,\"host\":{\"name\":\"WECserver\"}}\n",
      "\n",
      "\n",
      "187: 10.0.10.106\\nDestinationHostname: \\nDestinationPort: 443\\nDestinationPortName: https\",\"beat\":{\"name\":\"WECserver\",\"hostname\":\"WECserver\",\"version\":\"6.5.4\"},\"provider_guid\":\"{5770385F-C22A-43E0-BF4C-06F5698FFBD9}\",\"user\":{\"identifier\":\"S-1-5-18\",\"name\":\"SYSTEM\",\"domain\":\"NT AUTHORITY\",\"type\":\"User\"},\"record_number\":\"2959192\",\"thread_id\":2564,\"host\":{\"name\":\"WECserver\"},\"opcode\":\"Info\",\"level\":\"Information\",\"event_data\":{\"SourceIp\":\"172.18.39.5\",\"DestinationIp\":\"10.0.10.106\",\"ProcessGuid\":\"{905CC552-43AC-5C91-0000-0010B44BB703}\",\"User\":\"SHIRE\\\\Mmidge\",\"DestinationIsIpv6\":\"false\",\"ProcessId\":\"904\",\"SourcePort\":\"50707\",\"UtcTime\":\"2019-03-19 19:32:07.996\",\"DestinationPort\":\"443\",\"Protocol\":\"tcp\",\"Initiated\":\"true\",\"Image\":\"C:\\\\Windows\\\\System32\\\\WindowsPowerShell\\\\v1.0\\\\powershell.exe\",\"DestinationPortName\":\"https\",\"SourceHostname\":\"HFDC01.shire.com\",\"SourceIsIpv6\":\"false\"},\"version\":5}\n",
      "\n",
      "\n",
      "188: 10.0.10.106\\nDestinationHostname: \\nDestinationPort: 443\\nDestinationPortName: https\",\"beat\":{\"name\":\"WECserver\",\"hostname\":\"WECserver\",\"version\":\"6.5.4\"},\"type\":\"wineventlog\",\"opcode\":\"Info\",\"host\":{\"name\":\"WECserver\"},\"log_name\":\"Microsoft-Windows-Sysmon/Operational\",\"version\":5,\"level\":\"Information\",\"thread_id\":688,\"process_id\":2612,\"record_number\":\"3371552\",\"event_data\":{\"UtcTime\":\"2019-03-19 19:31:20.079\",\"ProcessGuid\":\"{aa6b4a20-1a98-5c91-0000-00105b0f0205}\",\"DestinationPortName\":\"https\",\"SourcePort\":\"59348\",\"DestinationIp\":\"10.0.10.106\",\"ProcessId\":\"4312\",\"Initiated\":\"true\",\"DestinationIsIpv6\":\"false\",\"DestinationPort\":\"443\",\"SourceIsIpv6\":\"false\",\"User\":\"SHIRE\\\\pgustavo\",\"SourceIp\":\"172.18.39.105\",\"Image\":\"C:\\\\Windows\\\\System32\\\\WindowsPowerShell\\\\v1.0\\\\powershell.exe\",\"Protocol\":\"tcp\",\"SourceHostname\":\"IT001.shire.com\"},\"task\":\"Network connection detected (rule: NetworkConnect)\",\"computer_name\":\"IT001.shire.com\",\"event_id\":3,\"provider_guid\":\"{5770385f-c22a-43e0-bf4c-06f5698ffbd9}\"}\n",
      "\n",
      "\n",
      "189: 10.0.10.106\\nDestinationHostname: \\nDestinationPort: 443\\nDestinationPortName: https\",\"beat\":{\"name\":\"WECserver\",\"hostname\":\"WECserver\",\"version\":\"6.5.4\"},\"user\":{\"type\":\"User\",\"identifier\":\"S-1-5-18\",\"name\":\"SYSTEM\",\"domain\":\"NT AUTHORITY\"},\"event_data\":{\"DestinationIp\":\"10.0.10.106\",\"DestinationPortName\":\"https\",\"Initiated\":\"true\",\"Image\":\"C:\\\\Windows\\\\System32\\\\WindowsPowerShell\\\\v1.0\\\\powershell.exe\",\"User\":\"SHIRE\\\\pgustavo\",\"SourceHostname\":\"IT001.shire.com\",\"DestinationIsIpv6\":\"false\",\"UtcTime\":\"2019-03-19 19:31:14.970\",\"ProcessGuid\":\"{aa6b4a20-1a98-5c91-0000-00105b0f0205}\",\"DestinationPort\":\"443\",\"SourceIp\":\"172.18.39.105\",\"SourcePort\":\"59345\",\"SourceIsIpv6\":\"false\",\"Protocol\":\"tcp\",\"ProcessId\":\"4312\"},\"thread_id\":688,\"provider_guid\":\"{5770385f-c22a-43e0-bf4c-06f5698ffbd9}\",\"opcode\":\"Info\",\"process_id\":2612,\"task\":\"Network connection detected (rule: NetworkConnect)\",\"version\":5,\"level\":\"Information\",\"log_name\":\"Microsoft-Windows-Sysmon/Operational\",\"event_id\":3,\"host\":{\"name\":\"WECserver\"},\"record_number\":\"3371546\"}\n",
      "\n",
      "\n",
      "190: 10.0.10.106\\nDestinationHostname: \\nDestinationPort: 443\\nDestinationPortName: https\",\"computer_name\":\"IT001.shire.com\",\"event_data\":{\"User\":\"SHIRE\\\\pgustavo\",\"DestinationPort\":\"443\",\"Protocol\":\"tcp\",\"ProcessId\":\"4312\",\"DestinationPortName\":\"https\",\"UtcTime\":\"2019-03-19 19:34:19.220\",\"DestinationIp\":\"10.0.10.106\",\"ProcessGuid\":\"{aa6b4a20-1a98-5c91-0000-00105b0f0205}\",\"DestinationIsIpv6\":\"false\",\"Image\":\"C:\\\\Windows\\\\System32\\\\WindowsPowerShell\\\\v1.0\\\\powershell.exe\",\"SourceIp\":\"172.18.39.105\",\"SourceIsIpv6\":\"false\",\"Initiated\":\"true\",\"SourceHostname\":\"IT001.shire.com\",\"SourcePort\":\"59458\"},\"process_id\":2612,\"thread_id\":688}\n",
      "\n",
      "\n",
      "191: 10.0.10.106\\nDestinationHostname: \\nDestinationPort: 443\\nDestinationPortName: https\",\"computer_name\":\"IT001.shire.com\",\"log_name\":\"Microsoft-Windows-Sysmon/Operational\",\"user\":{\"identifier\":\"S-1-5-18\",\"name\":\"SYSTEM\",\"domain\":\"NT AUTHORITY\",\"type\":\"User\"},\"type\":\"wineventlog\",\"provider_guid\":\"{5770385f-c22a-43e0-bf4c-06f5698ffbd9}\",\"opcode\":\"Info\",\"event_data\":{\"DestinationPortName\":\"https\",\"Initiated\":\"true\",\"UtcTime\":\"2019-03-19 19:32:02.295\",\"SourceIp\":\"172.18.39.105\",\"Image\":\"C:\\\\Windows\\\\System32\\\\cmd.exe\",\"SourcePort\":\"59386\",\"ProcessGuid\":\"{aa6b4a20-3f53-5c91-0000-0010e43d3b05}\",\"Protocol\":\"tcp\",\"User\":\"SHIRE\\\\pgustavo\",\"DestinationIsIpv6\":\"false\",\"DestinationPort\":\"443\",\"SourceIsIpv6\":\"false\",\"SourceHostname\":\"IT001.shire.com\",\"DestinationIp\":\"10.0.10.106\",\"ProcessId\":\"8148\"}}\n",
      "\n",
      "\n",
      "192: 10.0.10.106\\nDestinationHostname: \\nDestinationPort: 443\\nDestinationPortName: https\",\"computer_name\":\"IT001.shire.com\",\"provider_guid\":\"{5770385f-c22a-43e0-bf4c-06f5698ffbd9}\",\"process_id\":2612,\"log_name\":\"Microsoft-Windows-Sysmon/Operational\",\"source_name\":\"Microsoft-Windows-Sysmon\",\"beat\":{\"name\":\"WECserver\",\"hostname\":\"WECserver\",\"version\":\"6.5.4\"},\"host\":{\"name\":\"WECserver\"},\"thread_id\":688,\"user\":{\"type\":\"User\",\"identifier\":\"S-1-5-18\",\"name\":\"SYSTEM\",\"domain\":\"NT AUTHORITY\"},\"record_number\":\"3371677\",\"event_data\":{\"SourceIsIpv6\":\"false\",\"SourceIp\":\"172.18.39.105\",\"DestinationPort\":\"443\",\"DestinationIp\":\"10.0.10.106\",\"Image\":\"C:\\\\Windows\\\\System32\\\\WindowsPowerShell\\\\v1.0\\\\powershell.exe\",\"ProcessId\":\"4312\",\"ProcessGuid\":\"{aa6b4a20-1a98-5c91-0000-00105b0f0205}\",\"DestinationIsIpv6\":\"false\",\"DestinationPortName\":\"https\",\"SourceHostname\":\"IT001.shire.com\",\"UtcTime\":\"2019-03-19 19:32:16.439\",\"Protocol\":\"tcp\",\"User\":\"SHIRE\\\\pgustavo\",\"SourcePort\":\"59393\",\"Initiated\":\"true\"},\"event_id\":3}\n",
      "\n",
      "\n",
      "193: 10.0.10.106\\nDestinationHostname: \\nDestinationPort: 443\\nDestinationPortName: https\",\"computer_name\":\"IT001.shire.com\",\"source_name\":\"Microsoft-Windows-Sysmon\",\"host\":{\"name\":\"WECserver\"},\"event_data\":{\"SourceHostname\":\"IT001.shire.com\",\"User\":\"SHIRE\\\\pgustavo\",\"DestinationIsIpv6\":\"false\",\"UtcTime\":\"2019-03-19 19:34:51.735\",\"DestinationPort\":\"443\",\"SourceIsIpv6\":\"false\",\"ProcessId\":\"8148\",\"Image\":\"C:\\\\Windows\\\\System32\\\\cmd.exe\",\"SourcePort\":\"59473\",\"DestinationPortName\":\"https\",\"Protocol\":\"tcp\",\"SourceIp\":\"172.18.39.105\",\"Initiated\":\"true\",\"DestinationIp\":\"10.0.10.106\",\"ProcessGuid\":\"{aa6b4a20-3f53-5c91-0000-0010e43d3b05}\"},\"log_name\":\"Microsoft-Windows-Sysmon/Operational\",\"provider_guid\":\"{5770385f-c22a-43e0-bf4c-06f5698ffbd9}\",\"beat\":{\"name\":\"WECserver\",\"hostname\":\"WECserver\",\"version\":\"6.5.4\"}}\n",
      "\n",
      "\n",
      "194: 10.0.10.106\\nDestinationHostname: \\nDestinationPort: 443\\nDestinationPortName: https\",\"event_data\":{\"DestinationIp\":\"10.0.10.106\",\"DestinationPort\":\"443\",\"SourceIp\":\"172.18.39.5\",\"UtcTime\":\"2019-03-19 19:33:36.838\",\"SourceHostname\":\"HFDC01.shire.com\",\"Initiated\":\"true\",\"Image\":\"C:\\\\Windows\\\\System32\\\\WindowsPowerShell\\\\v1.0\\\\powershell.exe\",\"User\":\"SHIRE\\\\Mmidge\",\"DestinationIsIpv6\":\"false\",\"SourcePort\":\"50726\",\"DestinationPortName\":\"https\",\"ProcessGuid\":\"{905CC552-43AC-5C91-0000-0010B44BB703}\",\"ProcessId\":\"904\",\"Protocol\":\"tcp\",\"SourceIsIpv6\":\"false\"}}\n",
      "\n",
      "\n",
