      "112: 10.0.10.106\",\"Protocol\":\"6\",\"FilterRTID\":\"71841\",\"Direction\":\"%%14593\",\"Application\":\"\\\\device\\\\harddiskvolume2\\\\windows\\\\system32\\\\windowspowershell\\\\v1.0\\\\powershell.exe\",\"LayerName\":\"%%14611\",\"LayerRTID\":\"48\",\"RemoteMachineID\":\"S-1-0-0\",\"RemoteUserID\":\"S-1-0-0\",\"ProcessID\":\"904\"},\"source_name\":\"Microsoft-Windows-Security-Auditing\",\"thread_id\":620,\"host\":{\"name\":\"WECserver\"},\"beat\":{\"name\":\"WECserver\",\"hostname\":\"WECserver\",\"version\":\"6.5.4\"},\"log_name\":\"Security\",\"message\":\"The Windows Filtering Platform has permitted a connection.\\n\\nApplication Information:\\n\\tProcess ID:\\t\\t904\\n\\tApplication Name:\\t\\\\device\\\\harddiskvolume2\\\\windows\\\\system32\\\\windowspowershell\\\\v1.0\\\\powershell.exe\\n\\nNetwork Information:\\n\\tDirection:\\t\\tOutbound\\n\\tSource Address:\\t\\t172.18.39.5\\n\\tSource Port:\\t\\t50700\\n\\tDestination Address:\\t10.0.10.106\\n\\tDestination Port:\\t\\t443\\n\\tProtocol:\\t\\t6\\n\\nFilter Information:\\n\\tFilter Run-Time ID:\\t71841\\n\\tLayer Name:\\t\\tConnect\\n\\tLayer Run-Time ID:\\t48\",\"record_number\":\"7780599\",\"event_id\":5156,\"opcode\":\"Info\",\"version\":1,\"level\":\"Information\"}\n",
      "\n",
      "\n",
      "113: 10.0.10.106\",\"Protocol\":\"6\",\"LayerName\":\"%%14611\",\"LayerRTID\":\"48\",\"ProcessID\":\"9156\",\"Application\":\"\\\\device\\\\harddiskvolume2\\\\windows\\\\system32\\\\windowspowershell\\\\v1.0\\\\powershell.exe\",\"RemoteMachineID\":\"S-1-0-0\",\"SourcePort\":\"59391\",\"DestPort\":\"443\"},\"log_name\":\"Security\",\"keywords\":[\"Audit Success\"],\"level\":\"Information\",\"message\":\"The Windows Filtering Platform has permitted a connection.\\n\\nApplication Information:\\n\\tProcess ID:\\t\\t9156\\n\\tApplication Name:\\t\\\\device\\\\harddiskvolume2\\\\windows\\\\system32\\\\windowspowershell\\\\v1.0\\\\powershell.exe\\n\\nNetwork Information:\\n\\tDirection:\\t\\tOutbound\\n\\tSource Address:\\t\\t172.18.39.105\\n\\tSource Port:\\t\\t59391\\n\\tDestination Address:\\t10.0.10.106\\n\\tDestination Port:\\t\\t443\\n\\tProtocol:\\t\\t6\\n\\nFilter Information:\\n\\tFilter Run-Time ID:\\t70572\\n\\tLayer Name:\\t\\tConnect\\n\\tLayer Run-Time ID:\\t48\",\"computer_name\":\"IT001.shire.com\",\"task\":\"Filtering Platform Connection\"}\n",
      "\n",
      "\n",
      "114: 10.0.10.106\",\"Protocol\":\"6\",\"ProcessID\":\"9156\",\"SourcePort\":\"59432\",\"RemoteMachineID\":\"S-1-0-0\",\"LayerRTID\":\"48\",\"LayerName\":\"%%14611\",\"RemoteUserID\":\"S-1-0-0\"},\"level\":\"Information\",\"task\":\"Filtering Platform Connection\",\"log_name\":\"Security\",\"keywords\":[\"Audit Success\"],\"host\":{\"name\":\"WECserver\"},\"record_number\":\"1026626\",\"computer_name\":\"IT001.shire.com\",\"provider_guid\":\"{54849625-5478-4994-a5ba-3e3b0328c30d}\",\"opcode\":\"Info\",\"type\":\"wineventlog\",\"source_name\":\"Microsoft-Windows-Security-Auditing\",\"message\":\"The Windows Filtering Platform has permitted a connection.\\n\\nApplication Information:\\n\\tProcess ID:\\t\\t9156\\n\\tApplication Name:\\t\\\\device\\\\harddiskvolume2\\\\windows\\\\system32\\\\windowspowershell\\\\v1.0\\\\powershell.exe\\n\\nNetwork Information:\\n\\tDirection:\\t\\tOutbound\\n\\tSource Address:\\t\\t172.18.39.105\\n\\tSource Port:\\t\\t59432\\n\\tDestination Address:\\t10.0.10.106\\n\\tDestination Port:\\t\\t443\\n\\tProtocol:\\t\\t6\\n\\nFilter Information:\\n\\tFilter Run-Time ID:\\t70572\\n\\tLayer Name:\\t\\tConnect\\n\\tLayer Run-Time ID:\\t48\",\"beat\":{\"name\":\"WECserver\",\"hostname\":\"WECserver\",\"version\":\"6.5.4\"}}\n",
      "\n",
      "\n",
      "115: 10.0.10.106\",\"Protocol\":\"6\",\"RemoteMachineID\":\"S-1-0-0\",\"DestPort\":\"443\",\"SourcePort\":\"59311\",\"FilterRTID\":\"70572\",\"RemoteUserID\":\"S-1-0-0\",\"Direction\":\"%%14593\",\"Application\":\"\\\\device\\\\harddiskvolume2\\\\windows\\\\system32\\\\cmd.exe\",\"LayerName\":\"%%14611\",\"ProcessID\":\"8148\",\"SourceAddress\":\"172.18.39.105\"},\"source_name\":\"Microsoft-Windows-Security-Auditing\",\"event_id\":5156,\"message\":\"The Windows Filtering Platform has permitted a connection.\\n\\nApplication Information:\\n\\tProcess ID:\\t\\t8148\\n\\tApplication Name:\\t\\\\device\\\\harddiskvolume2\\\\windows\\\\system32\\\\cmd.exe\\n\\nNetwork Information:\\n\\tDirection:\\t\\tOutbound\\n\\tSource Address:\\t\\t172.18.39.105\\n\\tSource Port:\\t\\t59311\\n\\tDestination Address:\\t10.0.10.106\\n\\tDestination Port:\\t\\t443\\n\\tProtocol:\\t\\t6\\n\\nFilter Information:\\n\\tFilter Run-Time ID:\\t70572\\n\\tLayer Name:\\t\\tConnect\\n\\tLayer Run-Time ID:\\t48\",\"process_id\":4,\"provider_guid\":\"{54849625-5478-4994-a5ba-3e3b0328c30d}\",\"opcode\":\"Info\",\"thread_id\":7940,\"host\":{\"name\":\"WECserver\"}}\n",
      "\n",
      "\n",
      "116: 10.0.10.106\",\"Protocol\":\"6\",\"RemoteUserID\":\"S-1-0-0\",\"Application\":\"\\\\device\\\\harddiskvolume2\\\\windows\\\\system32\\\\windowspowershell\\\\v1.0\\\\powershell.exe\",\"RemoteMachineID\":\"S-1-0-0\",\"ProcessID\":\"4312\",\"FilterRTID\":\"70572\",\"LayerName\":\"%%14611\",\"LayerRTID\":\"48\",\"Direction\":\"%%14593\"},\"beat\":{\"hostname\":\"WECserver\",\"version\":\"6.5.4\",\"name\":\"WECserver\"},\"message\":\"The Windows Filtering Platform has permitted a connection.\\n\\nApplication Information:\\n\\tProcess ID:\\t\\t4312\\n\\tApplication Name:\\t\\\\device\\\\harddiskvolume2\\\\windows\\\\system32\\\\windowspowershell\\\\v1.0\\\\powershell.exe\\n\\nNetwork Information:\\n\\tDirection:\\t\\tOutbound\\n\\tSource Address:\\t\\t172.18.39.105\\n\\tSource Port:\\t\\t59463\\n\\tDestination Address:\\t10.0.10.106\\n\\tDestination Port:\\t\\t443\\n\\tProtocol:\\t\\t6\\n\\nFilter Information:\\n\\tFilter Run-Time ID:\\t70572\\n\\tLayer Name:\\t\\tConnect\\n\\tLayer Run-Time ID:\\t48\",\"version\":1,\"log_name\":\"Security\",\"host\":{\"name\":\"WECserver\"},\"opcode\":\"Info\",\"event_id\":5156,\"type\":\"wineventlog\"}\n",
      "\n",
      "\n",
      "117: 10.0.10.106\",\"Protocol\":\"6\",\"SourceAddress\":\"172.18.39.105\",\"DestPort\":\"443\",\"FilterRTID\":\"70572\",\"Direction\":\"%%14593\",\"SourcePort\":\"59330\",\"LayerName\":\"%%14611\"},\"computer_name\":\"IT001.shire.com\",\"version\":1,\"provider_guid\":\"{54849625-5478-4994-a5ba-3e3b0328c30d}\",\"record_number\":\"1026376\",\"event_id\":5156,\"log_name\":\"Security\",\"opcode\":\"Info\",\"beat\":{\"name\":\"WECserver\",\"hostname\":\"WECserver\",\"version\":\"6.5.4\"},\"type\":\"wineventlog\",\"level\":\"Information\",\"task\":\"Filtering Platform Connection\",\"source_name\":\"Microsoft-Windows-Security-Auditing\",\"message\":\"The Windows Filtering Platform has permitted a connection.\\n\\nApplication Information:\\n\\tProcess ID:\\t\\t4312\\n\\tApplication Name:\\t\\\\device\\\\harddiskvolume2\\\\windows\\\\system32\\\\windowspowershell\\\\v1.0\\\\powershell.exe\\n\\nNetwork Information:\\n\\tDirection:\\t\\tOutbound\\n\\tSource Address:\\t\\t172.18.39.105\\n\\tSource Port:\\t\\t59330\\n\\tDestination Address:\\t10.0.10.106\\n\\tDestination Port:\\t\\t443\\n\\tProtocol:\\t\\t6\\n\\nFilter Information:\\n\\tFilter Run-Time ID:\\t70572\\n\\tLayer Name:\\t\\tConnect\\n\\tLayer Run-Time ID:\\t48\",\"host\":{\"name\":\"WECserver\"}}\n",
      "\n",
      "\n",
      "118: 10.0.10.106\",\"Protocol\":\"6\"},\"provider_guid\":\"{54849625-5478-4994-a5ba-3e3b0328c30d}\",\"message\":\"The Windows Filtering Platform has permitted a connection.\\n\\nApplication Information:\\n\\tProcess ID:\\t\\t4312\\n\\tApplication Name:\\t\\\\device\\\\harddiskvolume2\\\\windows\\\\system32\\\\windowspowershell\\\\v1.0\\\\powershell.exe\\n\\nNetwork Information:\\n\\tDirection:\\t\\tOutbound\\n\\tSource Address:\\t\\t172.18.39.105\\n\\tSource Port:\\t\\t59414\\n\\tDestination Address:\\t10.0.10.106\\n\\tDestination Port:\\t\\t443\\n\\tProtocol:\\t\\t6\\n\\nFilter Information:\\n\\tFilter Run-Time ID:\\t70572\\n\\tLayer Name:\\t\\tConnect\\n\\tLayer Run-Time ID:\\t48\",\"source_name\":\"Microsoft-Windows-Security-Auditing\",\"record_number\":\"1026578\",\"version\":1,\"type\":\"wineventlog\",\"process_id\":4,\"event_id\":5156,\"task\":\"Filtering Platform Connection\",\"thread_id\":2524,\"level\":\"Information\",\"opcode\":\"Info\",\"log_name\":\"Security\",\"computer_name\":\"IT001.shire.com\",\"host\":{\"name\":\"WECserver\"}}\n",
      "\n",
      "\n",
      "119: 10.0.10.106\",\"Protocol\":\"tcp\",\"DestinationIsIpv6\":\"false\",\"User\":\"SHIRE\\\\pgustavo\",\"SourcePort\":\"59395\",\"DestinationPort\":\"443\"},\"provider_guid\":\"{5770385f-c22a-43e0-bf4c-06f5698ffbd9}\",\"record_number\":\"3371679\",\"version\":5,\"thread_id\":688,\"beat\":{\"name\":\"WECserver\",\"hostname\":\"WECserver\",\"version\":\"6.5.4\"},\"event_id\":3,\"message\":\"Network connection detected:\\nRuleName: \\nUtcTime: 2019-03-19 19:32:17.567\\nProcessGuid: {aa6b4a20-3f53-5c91-0000-0010e43d3b05}\\nProcessId: 8148\\nImage: C:\\\\Windows\\\\System32\\\\cmd.exe\\nUser: SHIRE\\\\pgustavo\\nProtocol: tcp\\nInitiated: true\\nSourceIsIpv6: false\\nSourceIp: 172.18.39.105\\nSourceHostname: IT001.shire.com\\nSourcePort: 59395\\nSourcePortName: \\nDestinationIsIpv6: false\\nDestinationIp: 10.0.10.106\\nDestinationHostname: \\nDestinationPort: 443\\nDestinationPortName: https\",\"log_name\":\"Microsoft-Windows-Sysmon/Operational\",\"computer_name\":\"IT001.shire.com\",\"level\":\"Information\",\"user\":{\"identifier\":\"S-1-5-18\",\"name\":\"SYSTEM\",\"domain\":\"NT AUTHORITY\",\"type\":\"User\"}}\n",
      "\n",
      "\n",
      "120: 10.0.10.106\",\"Protocol\":\"tcp\",\"DestinationPort\":\"443\",\"Image\":\"C:\\\\Windows\\\\System32\\\\cmd.exe\"},\"level\":\"Information\",\"message\":\"Network connection detected:\\nRuleName: \\nUtcTime: 2019-03-19 19:35:22.296\\nProcessGuid: {aa6b4a20-3f53-5c91-0000-0010e43d3b05}\\nProcessId: 8148\\nImage: C:\\\\Windows\\\\System32\\\\cmd.exe\\nUser: SHIRE\\\\pgustavo\\nProtocol: tcp\\nInitiated: true\\nSourceIsIpv6: false\\nSourceIp: 172.18.39.105\\nSourceHostname: IT001.shire.com\\nSourcePort: 59492\\nSourcePortName: \\nDestinationIsIpv6: false\\nDestinationIp: 10.0.10.106\\nDestinationHostname: \\nDestinationPort: 443\\nDestinationPortName: https\",\"thread_id\":688,\"event_id\":3,\"source_name\":\"Microsoft-Windows-Sysmon\",\"computer_name\":\"IT001.shire.com\"}\n",
      "\n",
      "\n",
      "121: 10.0.10.106\",\"Protocol\":\"tcp\",\"Initiated\":\"true\"},\"log_name\":\"Microsoft-Windows-Sysmon/Operational\",\"version\":5,\"task\":\"Network connection detected (rule: NetworkConnect)\",\"beat\":{\"name\":\"WECserver\",\"hostname\":\"WECserver\",\"version\":\"6.5.4\"},\"host\":{\"name\":\"WECserver\"},\"thread_id\":688,\"level\":\"Information\",\"type\":\"wineventlog\",\"record_number\":\"3371561\",\"computer_name\":\"IT001.shire.com\",\"provider_guid\":\"{5770385f-c22a-43e0-bf4c-06f5698ffbd9}\",\"user\":{\"type\":\"User\",\"identifier\":\"S-1-5-18\",\"name\":\"SYSTEM\",\"domain\":\"NT AUTHORITY\"},\"process_id\":2612,\"opcode\":\"Info\",\"event_id\":3,\"message\":\"Network connection detected:\\nRuleName: \\nUtcTime: 2019-03-19 19:31:25.952\\nProcessGuid: {aa6b4a20-3f53-5c91-0000-0010e43d3b05}\\nProcessId: 8148\\nImage: C:\\\\Windows\\\\System32\\\\cmd.exe\\nUser: SHIRE\\\\pgustavo\\nProtocol: tcp\\nInitiated: true\\nSourceIsIpv6: false\\nSourceIp: 172.18.39.105\\nSourceHostname: IT001.shire.com\\nSourcePort: 59354\\nSourcePortName: \\nDestinationIsIpv6: false\\nDestinationIp: 10.0.10.106\\nDestinationHostname: \\nDestinationPort: 443\\nDestinationPortName: https\"}\n",
      "\n",
      "\n",
      "122: 10.0.10.106\",\"Protocol\":\"tcp\",\"SourceIp\":\"172.18.39.105\",\"User\":\"SHIRE\\\\pgustavo\",\"SourceIsIpv6\":\"false\",\"SourcePort\":\"59429\",\"UtcTime\":\"2019-03-19 19:33:36.017\",\"ProcessId\":\"9156\",\"Initiated\":\"true\"},\"user\":{\"identifier\":\"S-1-5-18\",\"name\":\"SYSTEM\",\"domain\":\"NT AUTHORITY\",\"type\":\"User\"},\"log_name\":\"Microsoft-Windows-Sysmon/Operational\",\"thread_id\":688,\"message\":\"Network connection detected:\\nRuleName: \\nUtcTime: 2019-03-19 19:33:36.017\\nProcessGuid: {aa6b4a20-2aa0-5c91-0000-001036f22805}\\nProcessId: 9156\\nImage: C:\\\\Windows\\\\System32\\\\WindowsPowerShell\\\\v1.0\\\\powershell.exe\\nUser: SHIRE\\\\pgustavo\\nProtocol: tcp\\nInitiated: true\\nSourceIsIpv6: false\\nSourceIp: 172.18.39.105\\nSourceHostname: IT001.shire.com\\nSourcePort: 59429\\nSourcePortName: \\nDestinationIsIpv6: false\\nDestinationIp: 10.0.10.106\\nDestinationHostname: \\nDestinationPort: 443\\nDestinationPortName: https\",\"type\":\"wineventlog\",\"record_number\":\"3371761\",\"version\":5,\"process_id\":2612}\n",
      "\n",
      "\n",
      "123: 10.0.10.106\",\"Protocol\":\"tcp\",\"User\":\"SHIRE\\\\pgustavo\",\"SourceIsIpv6\":\"false\",\"SourcePort\":\"59414\",\"DestinationIsIpv6\":\"false\",\"DestinationPort\":\"443\",\"UtcTime\":\"2019-03-19 19:32:58.110\",\"ProcessGuid\":\"{aa6b4a20-1a98-5c91-0000-00105b0f0205}\"},\"host\":{\"name\":\"WECserver\"},\"message\":\"Network connection detected:\\nRuleName: \\nUtcTime: 2019-03-19 19:32:58.110\\nProcessGuid: {aa6b4a20-1a98-5c91-0000-00105b0f0205}\\nProcessId: 4312\\nImage: C:\\\\Windows\\\\System32\\\\WindowsPowerShell\\\\v1.0\\\\powershell.exe\\nUser: SHIRE\\\\pgustavo\\nProtocol: tcp\\nInitiated: true\\nSourceIsIpv6: false\\nSourceIp: 172.18.39.105\\nSourceHostname: IT001.shire.com\\nSourcePort: 59414\\nSourcePortName: \\nDestinationIsIpv6: false\\nDestinationIp: 10.0.10.106\\nDestinationHostname: \\nDestinationPort: 443\\nDestinationPortName: https\",\"opcode\":\"Info\",\"source_name\":\"Microsoft-Windows-Sysmon\",\"level\":\"Information\"}\n",
      "\n",
      "\n",
      "124: 10.0.10.106\",\"Protocol\":\"tcp\",\"UtcTime\":\"2019-03-19 19:31:25.876\",\"SourceHostname\":\"IT001.shire.com\",\"Image\":\"C:\\\\Windows\\\\System32\\\\WindowsPowerShell\\\\v1.0\\\\powershell.exe\",\"ProcessGuid\":\"{aa6b4a20-2aa0-5c91-0000-001036f22805}\",\"SourcePort\":\"59353\",\"DestinationIsIpv6\":\"false\",\"DestinationPortName\":\"https\",\"ProcessId\":\"9156\",\"SourceIp\":\"172.18.39.105\"},\"event_id\":3,\"provider_guid\":\"{5770385f-c22a-43e0-bf4c-06f5698ffbd9}\",\"computer_name\":\"IT001.shire.com\",\"message\":\"Network connection detected:\\nRuleName: \\nUtcTime: 2019-03-19 19:31:25.876\\nProcessGuid: {aa6b4a20-2aa0-5c91-0000-001036f22805}\\nProcessId: 9156\\nImage: C:\\\\Windows\\\\System32\\\\WindowsPowerShell\\\\v1.0\\\\powershell.exe\\nUser: SHIRE\\\\pgustavo\\nProtocol: tcp\\nInitiated: true\\nSourceIsIpv6: false\\nSourceIp: 172.18.39.105\\nSourceHostname: IT001.shire.com\\nSourcePort: 59353\\nSourcePortName: \\nDestinationIsIpv6: false\\nDestinationIp: 10.0.10.106\\nDestinationHostname: \\nDestinationPort: 443\\nDestinationPortName: https\",\"user\":{\"domain\":\"NT AUTHORITY\",\"type\":\"User\",\"identifier\":\"S-1-5-18\",\"name\":\"SYSTEM\"},\"opcode\":\"Info\",\"beat\":{\"name\":\"WECserver\",\"hostname\":\"WECserver\",\"version\":\"6.5.4\"},\"host\":{\"name\":\"WECserver\"},\"type\":\"wineventlog\",\"process_id\":2612}\n",
      "\n",
      "\n",
      "125: 10.0.10.106\",\"RemoteMachineID\":\"S-1-0-0\",\"DestPort\":\"443\",\"LayerRTID\":\"48\",\"Application\":\"\\\\device\\\\harddiskvolume2\\\\windows\\\\system32\\\\cmd.exe\",\"Direction\":\"%%14593\",\"FilterRTID\":\"70572\",\"ProcessID\":\"8148\",\"SourceAddress\":\"172.18.39.105\",\"SourcePort\":\"59442\",\"Protocol\":\"6\",\"RemoteUserID\":\"S-1-0-0\",\"LayerName\":\"%%14611\"},\"record_number\":\"1026650\",\"opcode\":\"Info\",\"source_name\":\"Microsoft-Windows-Security-Auditing\",\"host\":{\"name\":\"WECserver\"},\"keywords\":[\"Audit Success\"],\"message\":\"The Windows Filtering Platform has permitted a connection.\\n\\nApplication Information:\\n\\tProcess ID:\\t\\t8148\\n\\tApplication Name:\\t\\\\device\\\\harddiskvolume2\\\\windows\\\\system32\\\\cmd.exe\\n\\nNetwork Information:\\n\\tDirection:\\t\\tOutbound\\n\\tSource Address:\\t\\t172.18.39.105\\n\\tSource Port:\\t\\t59442\\n\\tDestination Address:\\t10.0.10.106\\n\\tDestination Port:\\t\\t443\\n\\tProtocol:\\t\\t6\\n\\nFilter Information:\\n\\tFilter Run-Time ID:\\t70572\\n\\tLayer Name:\\t\\tConnect\\n\\tLayer Run-Time ID:\\t48\",\"version\":1,\"task\":\"Filtering Platform Connection\",\"provider_guid\":\"{54849625-5478-4994-a5ba-3e3b0328c30d}\",\"log_name\":\"Security\",\"process_id\":4,\"computer_name\":\"IT001.shire.com\",\"beat\":{\"name\":\"WECserver\",\"hostname\":\"WECserver\",\"version\":\"6.5.4\"}}\n",
      "\n",
      "\n",
      "126: 10.0.10.106\",\"RemoteMachineID\":\"S-1-0-0\",\"Direction\":\"%%14593\",\"DestPort\":\"443\",\"FilterRTID\":\"70572\",\"Application\":\"\\\\device\\\\harddiskvolume2\\\\windows\\\\system32\\\\windowspowershell\\\\v1.0\\\\powershell.exe\",\"Protocol\":\"6\",\"LayerRTID\":\"48\",\"RemoteUserID\":\"S-1-0-0\",\"ProcessID\":\"4312\"},\"computer_name\":\"IT001.shire.com\",\"level\":\"Information\",\"provider_guid\":\"{54849625-5478-4994-a5ba-3e3b0328c30d}\",\"opcode\":\"Info\",\"process_id\":4,\"event_id\":5156,\"type\":\"wineventlog\",\"host\":{\"name\":\"WECserver\"},\"log_name\":\"Security\",\"message\":\"The Windows Filtering Platform has permitted a connection.\\n\\nApplication Information:\\n\\tProcess ID:\\t\\t4312\\n\\tApplication Name:\\t\\\\device\\\\harddiskvolume2\\\\windows\\\\system32\\\\windowspowershell\\\\v1.0\\\\powershell.exe\\n\\nNetwork Information:\\n\\tDirection:\\t\\tOutbound\\n\\tSource Address:\\t\\t172.18.39.105\\n\\tSource Port:\\t\\t59466\\n\\tDestination Address:\\t10.0.10.106\\n\\tDestination Port:\\t\\t443\\n\\tProtocol:\\t\\t6\\n\\nFilter Information:\\n\\tFilter Run-Time ID:\\t70572\\n\\tLayer Name:\\t\\tConnect\\n\\tLayer Run-Time ID:\\t48\",\"version\":1}\n",
      "\n",
      "\n",
      "127: 10.0.10.106\",\"RemoteMachineID\":\"S-1-0-0\",\"FilterRTID\":\"70572\",\"SourceAddress\":\"172.18.39.105\",\"LayerRTID\":\"48\",\"RemoteUserID\":\"S-1-0-0\",\"LayerName\":\"%%14611\",\"Application\":\"\\\\device\\\\harddiskvolume2\\\\windows\\\\system32\\\\cmd.exe\",\"SourcePort\":\"59461\",\"DestPort\":\"443\",\"Protocol\":\"6\"},\"keywords\":[\"Audit Success\"],\"type\":\"wineventlog\",\"record_number\":\"1026736\",\"opcode\":\"Info\",\"log_name\":\"Security\",\"event_id\":5156,\"task\":\"Filtering Platform Connection\",\"thread_id\":7940,\"level\":\"Information\",\"message\":\"The Windows Filtering Platform has permitted a connection.\\n\\nApplication Information:\\n\\tProcess ID:\\t\\t8148\\n\\tApplication Name:\\t\\\\device\\\\harddiskvolume2\\\\windows\\\\system32\\\\cmd.exe\\n\\nNetwork Information:\\n\\tDirection:\\t\\tOutbound\\n\\tSource Address:\\t\\t172.18.39.105\\n\\tSource Port:\\t\\t59461\\n\\tDestination Address:\\t10.0.10.106\\n\\tDestination Port:\\t\\t443\\n\\tProtocol:\\t\\t6\\n\\nFilter Information:\\n\\tFilter Run-Time ID:\\t70572\\n\\tLayer Name:\\t\\tConnect\\n\\tLayer Run-Time ID:\\t48\",\"beat\":{\"name\":\"WECserver\",\"hostname\":\"WECserver\",\"version\":\"6.5.4\"},\"process_id\":4,\"host\":{\"name\":\"WECserver\"}}\n",
      "\n",
      "\n",
      "128: 10.0.10.106\",\"RemoteMachineID\":\"S-1-0-0\",\"LayerName\":\"%%14611\",\"ProcessID\":\"4312\",\"SourcePort\":\"59444\",\"LayerRTID\":\"48\",\"RemoteUserID\":\"S-1-0-0\",\"Application\":\"\\\\device\\\\harddiskvolume2\\\\windows\\\\system32\\\\windowspowershell\\\\v1.0\\\\powershell.exe\",\"Direction\":\"%%14593\",\"SourceAddress\":\"172.18.39.105\",\"FilterRTID\":\"70572\",\"DestPort\":\"443\",\"Protocol\":\"6\"},\"source_name\":\"Microsoft-Windows-Security-Auditing\",\"opcode\":\"Info\",\"task\":\"Filtering Platform Connection\",\"type\":\"wineventlog\",\"version\":1,\"level\":\"Information\",\"beat\":{\"version\":\"6.5.4\",\"name\":\"WECserver\",\"hostname\":\"WECserver\"},\"computer_name\":\"IT001.shire.com\",\"provider_guid\":\"{54849625-5478-4994-a5ba-3e3b0328c30d}\",\"message\":\"The Windows Filtering Platform has permitted a connection.\\n\\nApplication Information:\\n\\tProcess ID:\\t\\t4312\\n\\tApplication Name:\\t\\\\device\\\\harddiskvolume2\\\\windows\\\\system32\\\\windowspowershell\\\\v1.0\\\\powershell.exe\\n\\nNetwork Information:\\n\\tDirection:\\t\\tOutbound\\n\\tSource Address:\\t\\t172.18.39.105\\n\\tSource Port:\\t\\t59444\\n\\tDestination Address:\\t10.0.10.106\\n\\tDestination Port:\\t\\t443\\n\\tProtocol:\\t\\t6\\n\\nFilter Information:\\n\\tFilter Run-Time ID:\\t70572\\n\\tLayer Name:\\t\\tConnect\\n\\tLayer Run-Time ID:\\t48\",\"log_name\":\"Security\",\"thread_id\":7940,\"record_number\":\"1026654\",\"process_id\":4,\"keywords\":[\"Audit Success\"],\"host\":{\"name\":\"WECserver\"}}\n",
      "\n",
      "\n",
      "129: 10.0.10.106\",\"RemoteMachineID\":\"S-1-0-0\",\"RemoteUserID\":\"S-1-0-0\",\"FilterRTID\":\"70572\",\"LayerName\":\"%%14611\",\"ProcessID\":\"4312\",\"Direction\":\"%%14593\",\"LayerRTID\":\"48\"},\"thread_id\":7940,\"log_name\":\"Security\",\"source_name\":\"Microsoft-Windows-Security-Auditing\",\"event_id\":5156,\"message\":\"The Windows Filtering Platform has permitted a connection.\\n\\nApplication Information:\\n\\tProcess ID:\\t\\t4312\\n\\tApplication Name:\\t\\\\device\\\\harddiskvolume2\\\\windows\\\\system32\\\\windowspowershell\\\\v1.0\\\\powershell.exe\\n\\nNetwork Information:\\n\\tDirection:\\t\\tOutbound\\n\\tSource Address:\\t\\t172.18.39.105\\n\\tSource Port:\\t\\t59437\\n\\tDestination Address:\\t10.0.10.106\\n\\tDestination Port:\\t\\t443\\n\\tProtocol:\\t\\t6\\n\\nFilter Information:\\n\\tFilter Run-Time ID:\\t70572\\n\\tLayer Name:\\t\\tConnect\\n\\tLayer Run-Time ID:\\t48\",\"level\":\"Information\",\"beat\":{\"name\":\"WECserver\",\"hostname\":\"WECserver\",\"version\":\"6.5.4\"},\"host\":{\"name\":\"WECserver\"},\"version\":1,\"record_number\":\"1026639\"}\n",
      "\n",
      "\n",
      "130: 10.0.10.106\",\"RemoteMachineID\":\"S-1-0-0\",\"SourcePort\":\"50698\",\"DestPort\":\"443\",\"Application\":\"\\\\device\\\\harddiskvolume2\\\\windows\\\\system32\\\\windowspowershell\\\\v1.0\\\\powershell.exe\",\"SourceAddress\":\"172.18.39.5\",\"RemoteUserID\":\"S-1-0-0\",\"ProcessID\":\"904\",\"LayerRTID\":\"48\",\"Protocol\":\"6\",\"FilterRTID\":\"71841\",\"LayerName\":\"%%14611\"},\"task\":\"Filtering Platform Connection\",\"level\":\"Information\",\"opcode\":\"Info\",\"computer_name\":\"HFDC01.shire.com\",\"version\":1,\"message\":\"The Windows Filtering Platform has permitted a connection.\\n\\nApplication Information:\\n\\tProcess ID:\\t\\t904\\n\\tApplication Name:\\t\\\\device\\\\harddiskvolume2\\\\windows\\\\system32\\\\windowspowershell\\\\v1.0\\\\powershell.exe\\n\\nNetwork Information:\\n\\tDirection:\\t\\tOutbound\\n\\tSource Address:\\t\\t172.18.39.5\\n\\tSource Port:\\t\\t50698\\n\\tDestination Address:\\t10.0.10.106\\n\\tDestination Port:\\t\\t443\\n\\tProtocol:\\t\\t6\\n\\nFilter Information:\\n\\tFilter Run-Time ID:\\t71841\\n\\tLayer Name:\\t\\tConnect\\n\\tLayer Run-Time ID:\\t48\",\"source_name\":\"Microsoft-Windows-Security-Auditing\",\"event_id\":5156,\"provider_guid\":\"{54849625-5478-4994-A5BA-3E3B0328C30D}\",\"process_id\":4,\"thread_id\":444,\"record_number\":\"7780586\",\"type\":\"wineventlog\",\"keywords\":[\"Audit Success\"]}\n",
      "\n",
      "\n",
      "131: 10.0.10.106\",\"RemoteMachineID\":\"S-1-0-0\"},\"source_name\":\"Microsoft-Windows-Security-Auditing\",\"computer_name\":\"HFDC01.shire.com\",\"provider_guid\":\"{54849625-5478-4994-A5BA-3E3B0328C30D}\",\"opcode\":\"Info\",\"level\":\"Information\",\"message\":\"The Windows Filtering Platform has permitted a connection.\\n\\nApplication Information:\\n\\tProcess ID:\\t\\t904\\n\\tApplication Name:\\t\\\\device\\\\harddiskvolume2\\\\windows\\\\system32\\\\windowspowershell\\\\v1.0\\\\powershell.exe\\n\\nNetwork Information:\\n\\tDirection:\\t\\tOutbound\\n\\tSource Address:\\t\\t172.18.39.5\\n\\tSource Port:\\t\\t50677\\n\\tDestination Address:\\t10.0.10.106\\n\\tDestination Port:\\t\\t443\\n\\tProtocol:\\t\\t6\\n\\nFilter Information:\\n\\tFilter Run-Time ID:\\t71841\\n\\tLayer Name:\\t\\tConnect\\n\\tLayer Run-Time ID:\\t48\"}\n",
      "\n",
      "\n",
      "132: 10.0.10.106\",\"RemoteUserID\":\"S-1-0-0\",\"LayerName\":\"%%14611\",\"SourcePort\":\"50715\",\"DestPort\":\"443\",\"FilterRTID\":\"71841\",\"Application\":\"\\\\device\\\\harddiskvolume2\\\\windows\\\\system32\\\\windowspowershell\\\\v1.0\\\\powershell.exe\",\"LayerRTID\":\"48\",\"RemoteMachineID\":\"S-1-0-0\",\"SourceAddress\":\"172.18.39.5\",\"Direction\":\"%%14593\"},\"message\":\"The Windows Filtering Platform has permitted a connection.\\n\\nApplication Information:\\n\\tProcess ID:\\t\\t904\\n\\tApplication Name:\\t\\\\device\\\\harddiskvolume2\\\\windows\\\\system32\\\\windowspowershell\\\\v1.0\\\\powershell.exe\\n\\nNetwork Information:\\n\\tDirection:\\t\\tOutbound\\n\\tSource Address:\\t\\t172.18.39.5\\n\\tSource Port:\\t\\t50715\\n\\tDestination Address:\\t10.0.10.106\\n\\tDestination Port:\\t\\t443\\n\\tProtocol:\\t\\t6\\n\\nFilter Information:\\n\\tFilter Run-Time ID:\\t71841\\n\\tLayer Name:\\t\\tConnect\\n\\tLayer Run-Time ID:\\t48\",\"event_id\":5156,\"task\":\"Filtering Platform Connection\",\"record_number\":\"7780827\",\"opcode\":\"Info\",\"provider_guid\":\"{54849625-5478-4994-A5BA-3E3B0328C30D}\",\"version\":1,\"type\":\"wineventlog\",\"computer_name\":\"HFDC01.shire.com\",\"process_id\":4,\"thread_id\":444,\"beat\":{\"name\":\"WECserver\",\"hostname\":\"WECserver\",\"version\":\"6.5.4\"},\"host\":{\"name\":\"WECserver\"}}\n",
      "\n",
      "\n",
      "133: 10.0.10.106\",\"RemoteUserID\":\"S-1-0-0\",\"SourceAddress\":\"172.18.39.105\",\"LayerRTID\":\"48\",\"DestPort\":\"443\",\"Protocol\":\"6\",\"ProcessID\":\"4312\",\"Direction\":\"%%14593\",\"SourcePort\":\"59327\",\"LayerName\":\"%%14611\",\"RemoteMachineID\":\"S-1-0-0\"},\"type\":\"wineventlog\",\"process_id\":4,\"host\":{\"name\":\"WECserver\"},\"thread_id\":7940,\"log_name\":\"Security\",\"source_name\":\"Microsoft-Windows-Security-Auditing\",\"task\":\"Filtering Platform Connection\",\"event_id\":5156,\"keywords\":[\"Audit Success\"],\"provider_guid\":\"{54849625-5478-4994-a5ba-3e3b0328c30d}\",\"record_number\":\"1026370\",\"beat\":{\"name\":\"WECserver\",\"hostname\":\"WECserver\",\"version\":\"6.5.4\"},\"computer_name\":\"IT001.shire.com\",\"version\":1,\"message\":\"The Windows Filtering Platform has permitted a connection.\\n\\nApplication Information:\\n\\tProcess ID:\\t\\t4312\\n\\tApplication Name:\\t\\\\device\\\\harddiskvolume2\\\\windows\\\\system32\\\\windowspowershell\\\\v1.0\\\\powershell.exe\\n\\nNetwork Information:\\n\\tDirection:\\t\\tOutbound\\n\\tSource Address:\\t\\t172.18.39.105\\n\\tSource Port:\\t\\t59327\\n\\tDestination Address:\\t10.0.10.106\\n\\tDestination Port:\\t\\t443\\n\\tProtocol:\\t\\t6\\n\\nFilter Information:\\n\\tFilter Run-Time ID:\\t70572\\n\\tLayer Name:\\t\\tConnect\\n\\tLayer Run-Time ID:\\t48\"}\n",
      "\n",
      "\n",
      "134: 10.0.10.106\",\"SourceAddress\":\"172.18.39.105\",\"Application\":\"\\\\device\\\\harddiskvolume2\\\\windows\\\\system32\\\\windowspowershell\\\\v1.0\\\\powershell.exe\",\"FilterRTID\":\"70572\",\"LayerRTID\":\"48\",\"RemoteMachineID\":\"S-1-0-0\"},\"event_id\":5156,\"process_id\":4,\"level\":\"Information\",\"host\":{\"name\":\"WECserver\"},\"computer_name\":\"IT001.shire.com\",\"message\":\"The Windows Filtering Platform has permitted a connection.\\n\\nApplication Information:\\n\\tProcess ID:\\t\\t9156\\n\\tApplication Name:\\t\\\\device\\\\harddiskvolume2\\\\windows\\\\system32\\\\windowspowershell\\\\v1.0\\\\powershell.exe\\n\\nNetwork Information:\\n\\tDirection:\\t\\tOutbound\\n\\tSource Address:\\t\\t172.18.39.105\\n\\tSource Port:\\t\\t59322\\n\\tDestination Address:\\t10.0.10.106\\n\\tDestination Port:\\t\\t443\\n\\tProtocol:\\t\\t6\\n\\nFilter Information:\\n\\tFilter Run-Time ID:\\t70572\\n\\tLayer Name:\\t\\tConnect\\n\\tLayer Run-Time ID:\\t48\",\"source_name\":\"Microsoft-Windows-Security-Auditing\",\"thread_id\":7940,\"type\":\"wineventlog\",\"record_number\":\"1026360\",\"version\":1,\"beat\":{\"version\":\"6.5.4\",\"name\":\"WECserver\",\"hostname\":\"WECserver\"},\"keywords\":[\"Audit Success\"]}\n",
      "\n",
      "\n",
      "135: 10.0.10.106\",\"SourceAddress\":\"172.18.39.105\"},\"host\":{\"name\":\"WECserver\"},\"level\":\"Information\",\"task\":\"Filtering Platform Connection\",\"thread_id\":7940,\"message\":\"The Windows Filtering Platform has permitted a connection.\\n\\nApplication Information:\\n\\tProcess ID:\\t\\t4312\\n\\tApplication Name:\\t\\\\device\\\\harddiskvolume2\\\\windows\\\\system32\\\\windowspowershell\\\\v1.0\\\\powershell.exe\\n\\nNetwork Information:\\n\\tDirection:\\t\\tOutbound\\n\\tSource Address:\\t\\t172.18.39.105\\n\\tSource Port:\\t\\t59324\\n\\tDestination Address:\\t10.0.10.106\\n\\tDestination Port:\\t\\t443\\n\\tProtocol:\\t\\t6\\n\\nFilter Information:\\n\\tFilter Run-Time ID:\\t70572\\n\\tLayer Name:\\t\\tConnect\\n\\tLayer Run-Time ID:\\t48\",\"process_id\":4,\"log_name\":\"Security\",\"computer_name\":\"IT001.shire.com\",\"beat\":{\"name\":\"WECserver\",\"hostname\":\"WECserver\",\"version\":\"6.5.4\"},\"type\":\"wineventlog\",\"version\":1,\"record_number\":\"1026364\",\"event_id\":5156,\"keywords\":[\"Audit Success\"],\"provider_guid\":\"{54849625-5478-4994-a5ba-3e3b0328c30d}\",\"source_name\":\"Microsoft-Windows-Security-Auditing\"}\n",
      "\n",
      "\n",
      "136: 10.0.10.106\",\"SourceHostname\":\"IT001.shire.com\",\"DestinationIsIpv6\":\"false\",\"ProcessGuid\":\"{aa6b4a20-3f53-5c91-0000-0010e43d3b05}\",\"Initiated\":\"true\",\"SourcePort\":\"59367\",\"UtcTime\":\"2019-03-19 19:31:41.344\",\"Protocol\":\"tcp\",\"DestinationPort\":\"443\",\"ProcessId\":\"8148\",\"SourceIsIpv6\":\"false\",\"User\":\"SHIRE\\\\pgustavo\",\"SourceIp\":\"172.18.39.105\",\"Image\":\"C:\\\\Windows\\\\System32\\\\cmd.exe\"},\"level\":\"Information\",\"task\":\"Network connection detected (rule: NetworkConnect)\",\"log_name\":\"Microsoft-Windows-Sysmon/Operational\",\"source_name\":\"Microsoft-Windows-Sysmon\",\"beat\":{\"name\":\"WECserver\",\"hostname\":\"WECserver\",\"version\":\"6.5.4\"},\"host\":{\"name\":\"WECserver\"},\"provider_guid\":\"{5770385f-c22a-43e0-bf4c-06f5698ffbd9}\",\"record_number\":\"3371586\",\"type\":\"wineventlog\",\"thread_id\":688,\"process_id\":2612,\"event_id\":3,\"computer_name\":\"IT001.shire.com\",\"version\":5,\"user\":{\"type\":\"User\",\"identifier\":\"S-1-5-18\",\"name\":\"SYSTEM\",\"domain\":\"NT AUTHORITY\"},\"opcode\":\"Info\",\"message\":\"Network connection detected:\\nRuleName: \\nUtcTime: 2019-03-19 19:31:41.344\\nProcessGuid: {aa6b4a20-3f53-5c91-0000-0010e43d3b05}\\nProcessId: 8148\\nImage: C:\\\\Windows\\\\System32\\\\cmd.exe\\nUser: SHIRE\\\\pgustavo\\nProtocol: tcp\\nInitiated: true\\nSourceIsIpv6: false\\nSourceIp: 172.18.39.105\\nSourceHostname: IT001.shire.com\\nSourcePort: 59367\\nSourcePortName: \\nDestinationIsIpv6: false\\nDestinationIp: 10.0.10.106\\nDestinationHostname: \\nDestinationPort: 443\\nDestinationPortName: https\"}\n",
      "\n",
      "\n",
      "137: 10.0.10.106\",\"SourceHostname\":\"IT001.shire.com\",\"Initiated\":\"true\",\"ProcessGuid\":\"{aa6b4a20-2aa0-5c91-0000-001036f22805}\",\"Image\":\"C:\\\\Windows\\\\System32\\\\WindowsPowerShell\\\\v1.0\\\\powershell.exe\",\"DestinationIsIpv6\":\"false\",\"Protocol\":\"tcp\"},\"process_id\":2612,\"version\":5,\"event_id\":3,\"beat\":{\"hostname\":\"WECserver\",\"version\":\"6.5.4\",\"name\":\"WECserver\"},\"message\":\"Network connection detected:\\nRuleName: \\nUtcTime: 2019-03-19 19:32:17.173\\nProcessGuid: {aa6b4a20-2aa0-5c91-0000-001036f22805}\\nProcessId: 9156\\nImage: C:\\\\Windows\\\\System32\\\\WindowsPowerShell\\\\v1.0\\\\powershell.exe\\nUser: SHIRE\\\\pgustavo\\nProtocol: tcp\\nInitiated: true\\nSourceIsIpv6: false\\nSourceIp: 172.18.39.105\\nSourceHostname: IT001.shire.com\\nSourcePort: 59394\\nSourcePortName: \\nDestinationIsIpv6: false\\nDestinationIp: 10.0.10.106\\nDestinationHostname: \\nDestinationPort: 443\\nDestinationPortName: https\",\"type\":\"wineventlog\",\"thread_id\":688,\"log_name\":\"Microsoft-Windows-Sysmon/Operational\",\"task\":\"Network connection detected (rule: NetworkConnect)\",\"level\":\"Information\",\"provider_guid\":\"{5770385f-c22a-43e0-bf4c-06f5698ffbd9}\",\"computer_name\":\"IT001.shire.com\",\"record_number\":\"3371678\",\"source_name\":\"Microsoft-Windows-Sysmon\",\"host\":{\"name\":\"WECserver\"},\"user\":{\"domain\":\"NT AUTHORITY\",\"type\":\"User\",\"identifier\":\"S-1-5-18\",\"name\":\"SYSTEM\"},\"opcode\":\"Info\"}\n",
      "\n",
      "\n",
      "138: 10.0.10.106\",\"SourceIp\":\"172.18.39.105\",\"DestinationPortName\":\"https\",\"Image\":\"C:\\\\Windows\\\\System32\\\\WindowsPowerShell\\\\v1.0\\\\powershell.exe\",\"User\":\"SHIRE\\\\pgustavo\",\"SourcePort\":\"59350\",\"Initiated\":\"true\",\"ProcessId\":\"9156\"},\"record_number\":\"3371554\",\"host\":{\"name\":\"WECserver\"},\"log_name\":\"Microsoft-Windows-Sysmon/Operational\",\"task\":\"Network connection detected (rule: NetworkConnect)\",\"provider_guid\":\"{5770385f-c22a-43e0-bf4c-06f5698ffbd9}\",\"version\":5,\"source_name\":\"Microsoft-Windows-Sysmon\",\"opcode\":\"Info\",\"process_id\":2612,\"type\":\"wineventlog\",\"computer_name\":\"IT001.shire.com\",\"level\":\"Information\",\"user\":{\"name\":\"SYSTEM\",\"domain\":\"NT AUTHORITY\",\"type\":\"User\",\"identifier\":\"S-1-5-18\"},\"message\":\"Network connection detected:\\nRuleName: \\nUtcTime: 2019-03-19 19:31:20.721\\nProcessGuid: {aa6b4a20-2aa0-5c91-0000-001036f22805}\\nProcessId: 9156\\nImage: C:\\\\Windows\\\\System32\\\\WindowsPowerShell\\\\v1.0\\\\powershell.exe\\nUser: SHIRE\\\\pgustavo\\nProtocol: tcp\\nInitiated: true\\nSourceIsIpv6: false\\nSourceIp: 172.18.39.105\\nSourceHostname: IT001.shire.com\\nSourcePort: 59350\\nSourcePortName: \\nDestinationIsIpv6: false\\nDestinationIp: 10.0.10.106\\nDestinationHostname: \\nDestinationPort: 443\\nDestinationPortName: https\",\"thread_id\":688,\"event_id\":3,\"beat\":{\"version\":\"6.5.4\",\"name\":\"WECserver\",\"hostname\":\"WECserver\"}}\n",
      "\n",
      "\n",
      "139: 10.0.10.106\",\"SourceIp\":\"172.18.39.105\",\"Image\":\"C:\\\\Windows\\\\System32\\\\WindowsPowerShell\\\\v1.0\\\\powershell.exe\",\"DestinationIsIpv6\":\"false\",\"SourcePort\":\"59406\",\"Initiated\":\"true\",\"DestinationPort\":\"443\",\"DestinationPortName\":\"https\",\"Protocol\":\"tcp\",\"SourceHostname\":\"IT001.shire.com\"},\"opcode\":\"Info\",\"user\":{\"identifier\":\"S-1-5-18\",\"name\":\"SYSTEM\",\"domain\":\"NT AUTHORITY\",\"type\":\"User\"},\"host\":{\"name\":\"WECserver\"},\"message\":\"Network connection detected:\\nRuleName: \\nUtcTime: 2019-03-19 19:32:47.767\\nProcessGuid: {aa6b4a20-1a98-5c91-0000-00105b0f0205}\\nProcessId: 4312\\nImage: C:\\\\Windows\\\\System32\\\\WindowsPowerShell\\\\v1.0\\\\powershell.exe\\nUser: SHIRE\\\\pgustavo\\nProtocol: tcp\\nInitiated: true\\nSourceIsIpv6: false\\nSourceIp: 172.18.39.105\\nSourceHostname: IT001.shire.com\\nSourcePort: 59406\\nSourcePortName: \\nDestinationIsIpv6: false\\nDestinationIp: 10.0.10.106\\nDestinationHostname: \\nDestinationPort: 443\\nDestinationPortName: https\"}\n",
      "\n",
      "\n",
      "140: 10.0.10.106\",\"SourceIp\":\"172.18.39.5\",\"SourceHostname\":\"HFDC01.shire.com\",\"ProcessId\":\"904\"},\"level\":\"Information\",\"message\":\"Network connection detected:\\nRuleName: \\nUtcTime: 2019-03-19 19:32:13.135\\nProcessGuid: {905CC552-43AC-5C91-0000-0010B44BB703}\\nProcessId: 904\\nImage: C:\\\\Windows\\\\System32\\\\WindowsPowerShell\\\\v1.0\\\\powershell.exe\\nUser: SHIRE\\\\Mmidge\\nProtocol: tcp\\nInitiated: true\\nSourceIsIpv6: false\\nSourceIp: 172.18.39.5\\nSourceHostname: HFDC01.shire.com\\nSourcePort: 50708\\nSourcePortName: \\nDestinationIsIpv6: false\\nDestinationIp: 10.0.10.106\\nDestinationHostname: \\nDestinationPort: 443\\nDestinationPortName: https\",\"user\":{\"domain\":\"NT AUTHORITY\",\"type\":\"User\",\"identifier\":\"S-1-5-18\",\"name\":\"SYSTEM\"},\"event_id\":3,\"version\":5,\"task\":\"Network connection detected (rule: NetworkConnect)\",\"type\":\"wineventlog\",\"source_name\":\"Microsoft-Windows-Sysmon\",\"provider_guid\":\"{5770385F-C22A-43E0-BF4C-06F5698FFBD9}\",\"log_name\":\"Microsoft-Windows-Sysmon/Operational\",\"beat\":{\"name\":\"WECserver\",\"hostname\":\"WECserver\",\"version\":\"6.5.4\"},\"process_id\":1900,\"record_number\":\"2959193\",\"opcode\":\"Info\",\"host\":{\"name\":\"WECserver\"}}\n",
      "\n",
      "\n",
      "141: 10.0.10.106\",\"SourceIsIpv6\":\"false\",\"DestinationIsIpv6\":\"false\",\"ProcessId\":\"4312\",\"Initiated\":\"true\",\"User\":\"SHIRE\\\\pgustavo\",\"ProcessGuid\":\"{aa6b4a20-1a98-5c91-0000-00105b0f0205}\",\"Image\":\"C:\\\\Windows\\\\System32\\\\WindowsPowerShell\\\\v1.0\\\\powershell.exe\",\"UtcTime\":\"2019-03-19 19:35:33.313\",\"SourceHostname\":\"IT001.shire.com\",\"SourcePort\":\"59501\",\"SourceIp\":\"172.18.39.105\",\"DestinationPort\":\"443\",\"Protocol\":\"tcp\",\"DestinationPortName\":\"https\"},\"event_id\":3,\"version\":5,\"task\":\"Network connection detected (rule: NetworkConnect)\",\"level\":\"Information\",\"message\":\"Network connection detected:\\nRuleName: \\nUtcTime: 2019-03-19 19:35:33.313\\nProcessGuid: {aa6b4a20-1a98-5c91-0000-00105b0f0205}\\nProcessId: 4312\\nImage: C:\\\\Windows\\\\System32\\\\WindowsPowerShell\\\\v1.0\\\\powershell.exe\\nUser: SHIRE\\\\pgustavo\\nProtocol: tcp\\nInitiated: true\\nSourceIsIpv6: false\\nSourceIp: 172.18.39.105\\nSourceHostname: IT001.shire.com\\nSourcePort: 59501\\nSourcePortName: \\nDestinationIsIpv6: false\\nDestinationIp: 10.0.10.106\\nDestinationHostname: \\nDestinationPort: 443\\nDestinationPortName: https\",\"process_id\":2612,\"host\":{\"name\":\"WECserver\"},\"source_name\":\"Microsoft-Windows-Sysmon\",\"beat\":{\"name\":\"WECserver\",\"hostname\":\"WECserver\",\"version\":\"6.5.4\"},\"computer_name\":\"IT001.shire.com\",\"provider_guid\":\"{5770385f-c22a-43e0-bf4c-06f5698ffbd9}\",\"opcode\":\"Info\",\"type\":\"wineventlog\",\"log_name\":\"Microsoft-Windows-Sysmon/Operational\",\"record_number\":\"3372160\",\"thread_id\":688,\"user\":{\"name\":\"SYSTEM\",\"domain\":\"NT AUTHORITY\",\"type\":\"User\",\"identifier\":\"S-1-5-18\"}}\n",
      "\n",
      "\n",
      "142: 10.0.10.106\",\"SourceIsIpv6\":\"false\",\"DestinationPort\":\"443\",\"DestinationPortName\":\"https\",\"Protocol\":\"tcp\"},\"thread_id\":2564,\"provider_guid\":\"{5770385F-C22A-43E0-BF4C-06F5698FFBD9}\",\"message\":\"Network connection detected:\\nRuleName: \\nUtcTime: 2019-03-19 19:32:56.089\\nProcessGuid: {905CC552-43AC-5C91-0000-0010B44BB703}\\nProcessId: 904\\nImage: C:\\\\Windows\\\\System32\\\\WindowsPowerShell\\\\v1.0\\\\powershell.exe\\nUser: SHIRE\\\\Mmidge\\nProtocol: tcp\\nInitiated: true\\nSourceIsIpv6: false\\nSourceIp: 172.18.39.5\\nSourceHostname: HFDC01.shire.com\\nSourcePort: 50716\\nSourcePortName: \\nDestinationIsIpv6: false\\nDestinationIp: 10.0.10.106\\nDestinationHostname: \\nDestinationPort: 443\\nDestinationPortName: https\",\"process_id\":1900,\"record_number\":\"2959292\",\"source_name\":\"Microsoft-Windows-Sysmon\",\"type\":\"wineventlog\",\"log_name\":\"Microsoft-Windows-Sysmon/Operational\",\"beat\":{\"hostname\":\"WECserver\",\"version\":\"6.5.4\",\"name\":\"WECserver\"},\"task\":\"Network connection detected (rule: NetworkConnect)\",\"user\":{\"name\":\"SYSTEM\",\"domain\":\"NT AUTHORITY\",\"type\":\"User\",\"identifier\":\"S-1-5-18\"}}\n",
      "\n",
      "\n",
      "143: 10.0.10.106\",\"SourceIsIpv6\":\"false\",\"SourceHostname\":\"HFDC01.shire.com\",\"ProcessId\":\"904\",\"User\":\"SHIRE\\\\Mmidge\",\"Protocol\":\"tcp\",\"Initiated\":\"true\",\"UtcTime\":\"2019-03-19 19:30:29.790\",\"DestinationPortName\":\"https\",\"DestinationPort\":\"443\",\"SourcePort\":\"50671\",\"ProcessGuid\":\"{905CC552-43AC-5C91-0000-0010B44BB703}\"},\"message\":\"Network connection detected:\\nRuleName: \\nUtcTime: 2019-03-19 19:30:29.790\\nProcessGuid: {905CC552-43AC-5C91-0000-0010B44BB703}\\nProcessId: 904\\nImage: C:\\\\Windows\\\\System32\\\\WindowsPowerShell\\\\v1.0\\\\powershell.exe\\nUser: SHIRE\\\\Mmidge\\nProtocol: tcp\\nInitiated: true\\nSourceIsIpv6: false\\nSourceIp: 172.18.39.5\\nSourceHostname: HFDC01.shire.com\\nSourcePort: 50671\\nSourcePortName: \\nDestinationIsIpv6: false\\nDestinationIp: 10.0.10.106\\nDestinationHostname: \\nDestinationPort: 443\\nDestinationPortName: https\",\"provider_guid\":\"{5770385F-C22A-43E0-BF4C-06F5698FFBD9}\",\"type\":\"wineventlog\",\"level\":\"Information\",\"beat\":{\"name\":\"WECserver\",\"hostname\":\"WECserver\",\"version\":\"6.5.4\"},\"host\":{\"name\":\"WECserver\"},\"log_name\":\"Microsoft-Windows-Sysmon/Operational\",\"computer_name\":\"HFDC01.shire.com\",\"record_number\":\"2959090\",\"task\":\"Network connection detected (rule: NetworkConnect)\",\"source_name\":\"Microsoft-Windows-Sysmon\",\"event_id\":3,\"opcode\":\"Info\",\"version\":5,\"user\":{\"name\":\"SYSTEM\",\"domain\":\"NT AUTHORITY\",\"type\":\"User\",\"identifier\":\"S-1-5-18\"},\"process_id\":1900,\"thread_id\":2564}\n",
      "\n",
      "\n",
      "144: 10.0.10.106\",\"SourceIsIpv6\":\"false\",\"UtcTime\":\"2019-03-19 19:35:22.830\",\"SourcePort\":\"59493\",\"ProcessId\":\"9156\",\"ProcessGuid\":\"{aa6b4a20-2aa0-5c91-0000-001036f22805}\",\"Initiated\":\"true\",\"DestinationPort\":\"443\",\"DestinationIsIpv6\":\"false\",\"SourceHostname\":\"IT001.shire.com\",\"DestinationPortName\":\"https\",\"Protocol\":\"tcp\",\"SourceIp\":\"172.18.39.105\",\"Image\":\"C:\\\\Windows\\\\System32\\\\WindowsPowerShell\\\\v1.0\\\\powershell.exe\",\"User\":\"SHIRE\\\\pgustavo\"},\"opcode\":\"Info\",\"source_name\":\"Microsoft-Windows-Sysmon\",\"computer_name\":\"IT001.shire.com\",\"task\":\"Network connection detected (rule: NetworkConnect)\",\"level\":\"Information\",\"beat\":{\"name\":\"WECserver\",\"hostname\":\"WECserver\",\"version\":\"6.5.4\"},\"version\":5,\"thread_id\":688,\"message\":\"Network connection detected:\\nRuleName: \\nUtcTime: 2019-03-19 19:35:22.830\\nProcessGuid: {aa6b4a20-2aa0-5c91-0000-001036f22805}\\nProcessId: 9156\\nImage: C:\\\\Windows\\\\System32\\\\WindowsPowerShell\\\\v1.0\\\\powershell.exe\\nUser: SHIRE\\\\pgustavo\\nProtocol: tcp\\nInitiated: true\\nSourceIsIpv6: false\\nSourceIp: 172.18.39.105\\nSourceHostname: IT001.shire.com\\nSourcePort: 59493\\nSourcePortName: \\nDestinationIsIpv6: false\\nDestinationIp: 10.0.10.106\\nDestinationHostname: \\nDestinationPort: 443\\nDestinationPortName: https\",\"type\":\"wineventlog\",\"provider_guid\":\"{5770385f-c22a-43e0-bf4c-06f5698ffbd9}\"}\n",
      "\n",
      "\n",
      "145: 10.0.10.106\",\"SourcePort\":\"59356\",\"ProcessId\":\"9156\",\"SourceIsIpv6\":\"false\",\"SourceIp\":\"172.18.39.105\",\"Protocol\":\"tcp\",\"UtcTime\":\"2019-03-19 19:31:31.001\",\"DestinationIsIpv6\":\"false\",\"ProcessGuid\":\"{aa6b4a20-2aa0-5c91-0000-001036f22805}\",\"Image\":\"C:\\\\Windows\\\\System32\\\\WindowsPowerShell\\\\v1.0\\\\powershell.exe\",\"User\":\"SHIRE\\\\pgustavo\",\"SourceHostname\":\"IT001.shire.com\"},\"version\":5,\"log_name\":\"Microsoft-Windows-Sysmon/Operational\",\"type\":\"wineventlog\",\"level\":\"Information\",\"source_name\":\"Microsoft-Windows-Sysmon\",\"opcode\":\"Info\",\"computer_name\":\"IT001.shire.com\",\"beat\":{\"name\":\"WECserver\",\"hostname\":\"WECserver\",\"version\":\"6.5.4\"},\"thread_id\":688,\"task\":\"Network connection detected (rule: NetworkConnect)\",\"event_id\":3,\"provider_guid\":\"{5770385f-c22a-43e0-bf4c-06f5698ffbd9}\",\"process_id\":2612,\"record_number\":\"3371569\",\"message\":\"Network connection detected:\\nRuleName: \\nUtcTime: 2019-03-19 19:31:31.001\\nProcessGuid: {aa6b4a20-2aa0-5c91-0000-001036f22805}\\nProcessId: 9156\\nImage: C:\\\\Windows\\\\System32\\\\WindowsPowerShell\\\\v1.0\\\\powershell.exe\\nUser: SHIRE\\\\pgustavo\\nProtocol: tcp\\nInitiated: true\\nSourceIsIpv6: false\\nSourceIp: 172.18.39.105\\nSourceHostname: IT001.shire.com\\nSourcePort: 59356\\nSourcePortName: \\nDestinationIsIpv6: false\\nDestinationIp: 10.0.10.106\\nDestinationHostname: \\nDestinationPort: 443\\nDestinationPortName: https\",\"user\":{\"identifier\":\"S-1-5-18\",\"name\":\"SYSTEM\",\"domain\":\"NT AUTHORITY\",\"type\":\"User\"},\"host\":{\"name\":\"WECserver\"}}\n",
      "\n",
      "\n",
      "146: 10.0.10.106\",\"SourcePort\":\"59360\",\"User\":\"SHIRE\\\\pgustavo\",\"SourceHostname\":\"IT001.shire.com\",\"SourceIsIpv6\":\"false\",\"DestinationPort\":\"443\",\"DestinationPortName\":\"https\"},\"task\":\"Network connection detected (rule: NetworkConnect)\",\"host\":{\"name\":\"WECserver\"},\"log_name\":\"Microsoft-Windows-Sysmon/Operational\",\"message\":\"Network connection detected:\\nRuleName: \\nUtcTime: 2019-03-19 19:31:35.454\\nProcessGuid: {aa6b4a20-1a98-5c91-0000-00105b0f0205}\\nProcessId: 4312\\nImage: C:\\\\Windows\\\\System32\\\\WindowsPowerShell\\\\v1.0\\\\powershell.exe\\nUser: SHIRE\\\\pgustavo\\nProtocol: tcp\\nInitiated: true\\nSourceIsIpv6: false\\nSourceIp: 172.18.39.105\\nSourceHostname: IT001.shire.com\\nSourcePort: 59360\\nSourcePortName: \\nDestinationIsIpv6: false\\nDestinationIp: 10.0.10.106\\nDestinationHostname: \\nDestinationPort: 443\\nDestinationPortName: https\",\"process_id\":2612}\n",
      "\n",
      "\n",
      "147: 10.0.10.106\",\"SourcePort\":\"59366\",\"User\":\"SHIRE\\\\pgustavo\",\"DestinationIsIpv6\":\"false\",\"ProcessGuid\":\"{aa6b4a20-2aa0-5c91-0000-001036f22805}\",\"Initiated\":\"true\"},\"record_number\":\"3371585\",\"message\":\"Network connection detected:\\nRuleName: \\nUtcTime: 2019-03-19 19:31:41.282\\nProcessGuid: {aa6b4a20-2aa0-5c91-0000-001036f22805}\\nProcessId: 9156\\nImage: C:\\\\Windows\\\\System32\\\\WindowsPowerShell\\\\v1.0\\\\powershell.exe\\nUser: SHIRE\\\\pgustavo\\nProtocol: tcp\\nInitiated: true\\nSourceIsIpv6: false\\nSourceIp: 172.18.39.105\\nSourceHostname: IT001.shire.com\\nSourcePort: 59366\\nSourcePortName: \\nDestinationIsIpv6: false\\nDestinationIp: 10.0.10.106\\nDestinationHostname: \\nDestinationPort: 443\\nDestinationPortName: https\",\"thread_id\":688,\"user\":{\"identifier\":\"S-1-5-18\",\"name\":\"SYSTEM\",\"domain\":\"NT AUTHORITY\",\"type\":\"User\"},\"host\":{\"name\":\"WECserver\"}}\n",
      "\n",
      "\n",
      "148: 10.0.10.106\",\"SourcePort\":\"59376\",\"DestinationPortName\":\"https\",\"UtcTime\":\"2019-03-19 19:31:56.733\",\"DestinationPort\":\"443\",\"SourceHostname\":\"IT001.shire.com\",\"User\":\"SHIRE\\\\pgustavo\",\"SourceIsIpv6\":\"false\",\"SourceIp\":\"172.18.39.105\",\"Protocol\":\"tcp\",\"Image\":\"C:\\\\Windows\\\\System32\\\\cmd.exe\",\"DestinationIsIpv6\":\"false\"},\"log_name\":\"Microsoft-Windows-Sysmon/Operational\",\"record_number\":\"3371635\",\"source_name\":\"Microsoft-Windows-Sysmon\",\"provider_guid\":\"{5770385f-c22a-43e0-bf4c-06f5698ffbd9}\",\"computer_name\":\"IT001.shire.com\",\"event_id\":3,\"user\":{\"name\":\"SYSTEM\",\"domain\":\"NT AUTHORITY\",\"type\":\"User\",\"identifier\":\"S-1-5-18\"},\"thread_id\":688,\"message\":\"Network connection detected:\\nRuleName: \\nUtcTime: 2019-03-19 19:31:56.733\\nProcessGuid: {aa6b4a20-3f53-5c91-0000-0010e43d3b05}\\nProcessId: 8148\\nImage: C:\\\\Windows\\\\System32\\\\cmd.exe\\nUser: SHIRE\\\\pgustavo\\nProtocol: tcp\\nInitiated: true\\nSourceIsIpv6: false\\nSourceIp: 172.18.39.105\\nSourceHostname: IT001.shire.com\\nSourcePort: 59376\\nSourcePortName: \\nDestinationIsIpv6: false\\nDestinationIp: 10.0.10.106\\nDestinationHostname: \\nDestinationPort: 443\\nDestinationPortName: https\",\"version\":5,\"opcode\":\"Info\",\"type\":\"wineventlog\",\"beat\":{\"name\":\"WECserver\",\"hostname\":\"WECserver\",\"version\":\"6.5.4\"}}\n",
      "\n",
      "\n",
      "149: 10.0.10.106\",\"SourcePort\":\"59384\",\"LayerName\":\"%%14611\",\"Application\":\"\\\\device\\\\harddiskvolume2\\\\windows\\\\system32\\\\windowspowershell\\\\v1.0\\\\powershell.exe\"},\"beat\":{\"name\":\"WECserver\",\"hostname\":\"WECserver\",\"version\":\"6.5.4\"},\"provider_guid\":\"{54849625-5478-4994-a5ba-3e3b0328c30d}\",\"message\":\"The Windows Filtering Platform has permitted a connection.\\n\\nApplication Information:\\n\\tProcess ID:\\t\\t4312\\n\\tApplication Name:\\t\\\\device\\\\harddiskvolume2\\\\windows\\\\system32\\\\windowspowershell\\\\v1.0\\\\powershell.exe\\n\\nNetwork Information:\\n\\tDirection:\\t\\tOutbound\\n\\tSource Address:\\t\\t172.18.39.105\\n\\tSource Port:\\t\\t59384\\n\\tDestination Address:\\t10.0.10.106\\n\\tDestination Port:\\t\\t443\\n\\tProtocol:\\t\\t6\\n\\nFilter Information:\\n\\tFilter Run-Time ID:\\t70572\\n\\tLayer Name:\\t\\tConnect\\n\\tLayer Run-Time ID:\\t48\",\"task\":\"Filtering Platform Connection\",\"keywords\":[\"Audit Success\"],\"event_id\":5156,\"process_id\":4,\"host\":{\"name\":\"WECserver\"},\"log_name\":\"Security\",\"thread_id\":4548}\n",
      "\n",
      "\n",
      "150: 10.0.10.106\",\"SourcePort\":\"59396\",\"ProcessId\":\"4312\",\"DestinationIsIpv6\":\"false\",\"Protocol\":\"tcp\",\"SourceIsIpv6\":\"false\",\"Initiated\":\"true\",\"DestinationPortName\":\"https\"},\"message\":\"Network connection detected:\\nRuleName: \\nUtcTime: 2019-03-19 19:32:21.736\\nProcessGuid: {aa6b4a20-1a98-5c91-0000-00105b0f0205}\\nProcessId: 4312\\nImage: C:\\\\Windows\\\\System32\\\\WindowsPowerShell\\\\v1.0\\\\powershell.exe\\nUser: SHIRE\\\\pgustavo\\nProtocol: tcp\\nInitiated: true\\nSourceIsIpv6: false\\nSourceIp: 172.18.39.105\\nSourceHostname: IT001.shire.com\\nSourcePort: 59396\\nSourcePortName: \\nDestinationIsIpv6: false\\nDestinationIp: 10.0.10.106\\nDestinationHostname: \\nDestinationPort: 443\\nDestinationPortName: https\",\"beat\":{\"name\":\"WECserver\",\"hostname\":\"WECserver\",\"version\":\"6.5.4\"},\"process_id\":2612,\"level\":\"Information\",\"user\":{\"type\":\"User\",\"identifier\":\"S-1-5-18\",\"name\":\"SYSTEM\",\"domain\":\"NT AUTHORITY\"},\"version\":5}\n",
      "\n",
      "\n",
