      "36: 10.0.10.106\",\"DestinationPortName\":\"https\",\"ProcessGuid\":\"{905CC552-43AC-5C91-0000-0010B44BB703}\",\"ProcessId\":\"904\",\"DestinationIsIpv6\":\"false\",\"SourceIp\":\"172.18.39.5\",\"SourceIsIpv6\":\"false\",\"DestinationPort\":\"443\",\"Protocol\":\"tcp\",\"UtcTime\":\"2019-03-19 19:31:55.183\",\"SourceHostname\":\"HFDC01.shire.com\",\"Image\":\"C:\\\\Windows\\\\System32\\\\WindowsPowerShell\\\\v1.0\\\\powershell.exe\",\"User\":\"SHIRE\\\\Mmidge\",\"SourcePort\":\"50701\",\"Initiated\":\"true\"},\"record_number\":\"2959179\",\"host\":{\"name\":\"WECserver\"},\"event_id\":3,\"provider_guid\":\"{5770385F-C22A-43E0-BF4C-06F5698FFBD9}\",\"computer_name\":\"HFDC01.shire.com\",\"log_name\":\"Microsoft-Windows-Sysmon/Operational\",\"source_name\":\"Microsoft-Windows-Sysmon\",\"message\":\"Network connection detected:\\nRuleName: \\nUtcTime: 2019-03-19 19:31:55.183\\nProcessGuid: {905CC552-43AC-5C91-0000-0010B44BB703}\\nProcessId: 904\\nImage: C:\\\\Windows\\\\System32\\\\WindowsPowerShell\\\\v1.0\\\\powershell.exe\\nUser: SHIRE\\\\Mmidge\\nProtocol: tcp\\nInitiated: true\\nSourceIsIpv6: false\\nSourceIp: 172.18.39.5\\nSourceHostname: HFDC01.shire.com\\nSourcePort: 50701\\nSourcePortName: \\nDestinationIsIpv6: false\\nDestinationIp: 10.0.10.106\\nDestinationHostname: \\nDestinationPort: 443\\nDestinationPortName: https\",\"beat\":{\"name\":\"WECserver\",\"hostname\":\"WECserver\",\"version\":\"6.5.4\"},\"opcode\":\"Info\",\"type\":\"wineventlog\",\"user\":{\"type\":\"User\",\"identifier\":\"S-1-5-18\",\"name\":\"SYSTEM\",\"domain\":\"NT AUTHORITY\"}}\n",
      "\n",
      "\n",
      "37: 10.0.10.106\",\"DestinationPortName\":\"https\",\"ProcessGuid\":\"{aa6b4a20-2aa0-5c91-0000-001036f22805}\",\"SourceIsIpv6\":\"false\",\"UtcTime\":\"2019-03-19 19:33:41.188\",\"Image\":\"C:\\\\Windows\\\\System32\\\\WindowsPowerShell\\\\v1.0\\\\powershell.exe\",\"Initiated\":\"true\",\"ProcessId\":\"9156\",\"DestinationIsIpv6\":\"false\",\"SourceHostname\":\"IT001.shire.com\",\"SourcePort\":\"59432\",\"User\":\"SHIRE\\\\pgustavo\",\"SourceIp\":\"172.18.39.105\",\"DestinationPort\":\"443\",\"Protocol\":\"tcp\"},\"version\":5,\"message\":\"Network connection detected:\\nRuleName: \\nUtcTime: 2019-03-19 19:33:41.188\\nProcessGuid: {aa6b4a20-2aa0-5c91-0000-001036f22805}\\nProcessId: 9156\\nImage: C:\\\\Windows\\\\System32\\\\WindowsPowerShell\\\\v1.0\\\\powershell.exe\\nUser: SHIRE\\\\pgustavo\\nProtocol: tcp\\nInitiated: true\\nSourceIsIpv6: false\\nSourceIp: 172.18.39.105\\nSourceHostname: IT001.shire.com\\nSourcePort: 59432\\nSourcePortName: \\nDestinationIsIpv6: false\\nDestinationIp: 10.0.10.106\\nDestinationHostname: \\nDestinationPort: 443\\nDestinationPortName: https\",\"user\":{\"type\":\"User\",\"identifier\":\"S-1-5-18\",\"name\":\"SYSTEM\",\"domain\":\"NT AUTHORITY\"},\"log_name\":\"Microsoft-Windows-Sysmon/Operational\",\"type\":\"wineventlog\",\"process_id\":2612,\"host\":{\"name\":\"WECserver\"},\"record_number\":\"3371767\",\"task\":\"Network connection detected (rule: NetworkConnect)\",\"event_id\":3,\"thread_id\":688,\"source_name\":\"Microsoft-Windows-Sysmon\"}\n",
      "\n",
      "\n",
      "38: 10.0.10.106\",\"DestinationPortName\":\"https\",\"SourceIp\":\"172.18.39.105\",\"SourceHostname\":\"IT001.shire.com\",\"User\":\"SHIRE\\\\pgustavo\",\"SourcePort\":\"59466\",\"UtcTime\":\"2019-03-19 19:34:36.657\",\"DestinationPort\":\"443\",\"ProcessId\":\"4312\",\"Protocol\":\"tcp\",\"Image\":\"C:\\\\Windows\\\\System32\\\\WindowsPowerShell\\\\v1.0\\\\powershell.exe\",\"DestinationIsIpv6\":\"false\"},\"host\":{\"name\":\"WECserver\"},\"type\":\"wineventlog\",\"event_id\":3,\"message\":\"Network connection detected:\\nRuleName: \\nUtcTime: 2019-03-19 19:34:36.657\\nProcessGuid: {aa6b4a20-1a98-5c91-0000-00105b0f0205}\\nProcessId: 4312\\nImage: C:\\\\Windows\\\\System32\\\\WindowsPowerShell\\\\v1.0\\\\powershell.exe\\nUser: SHIRE\\\\pgustavo\\nProtocol: tcp\\nInitiated: true\\nSourceIsIpv6: false\\nSourceIp: 172.18.39.105\\nSourceHostname: IT001.shire.com\\nSourcePort: 59466\\nSourcePortName: \\nDestinationIsIpv6: false\\nDestinationIp: 10.0.10.106\\nDestinationHostname: \\nDestinationPort: 443\\nDestinationPortName: https\",\"beat\":{\"name\":\"WECserver\",\"hostname\":\"WECserver\",\"version\":\"6.5.4\"}}\n",
      "\n",
      "\n",
      "39: 10.0.10.106\",\"DestinationPortName\":\"https\",\"User\":\"SHIRE\\\\Mmidge\",\"UtcTime\":\"2019-03-19 19:33:16.463\"},\"thread_id\":2564,\"log_name\":\"Microsoft-Windows-Sysmon/Operational\",\"type\":\"wineventlog\",\"event_id\":3,\"level\":\"Information\",\"source_name\":\"Microsoft-Windows-Sysmon\",\"record_number\":\"2959306\",\"version\":5,\"message\":\"Network connection detected:\\nRuleName: \\nUtcTime: 2019-03-19 19:33:16.463\\nProcessGuid: {905CC552-43AC-5C91-0000-0010B44BB703}\\nProcessId: 904\\nImage: C:\\\\Windows\\\\System32\\\\WindowsPowerShell\\\\v1.0\\\\powershell.exe\\nUser: SHIRE\\\\Mmidge\\nProtocol: tcp\\nInitiated: true\\nSourceIsIpv6: false\\nSourceIp: 172.18.39.5\\nSourceHostname: HFDC01.shire.com\\nSourcePort: 50721\\nSourcePortName: \\nDestinationIsIpv6: false\\nDestinationIp: 10.0.10.106\\nDestinationHostname: \\nDestinationPort: 443\\nDestinationPortName: https\",\"process_id\":1900,\"host\":{\"name\":\"WECserver\"}}\n",
      "\n",
      "\n",
      "40: 10.0.10.106\",\"DestinationPortName\":\"https\",\"UtcTime\":\"2019-03-19 19:32:32.564\",\"SourceIp\":\"172.18.39.105\",\"DestinationPort\":\"443\",\"SourcePort\":\"59404\"},\"host\":{\"name\":\"WECserver\"},\"provider_guid\":\"{5770385f-c22a-43e0-bf4c-06f5698ffbd9}\",\"process_id\":2612,\"thread_id\":688,\"type\":\"wineventlog\",\"message\":\"Network connection detected:\\nRuleName: \\nUtcTime: 2019-03-19 19:32:32.564\\nProcessGuid: {aa6b4a20-2aa0-5c91-0000-001036f22805}\\nProcessId: 9156\\nImage: C:\\\\Windows\\\\System32\\\\WindowsPowerShell\\\\v1.0\\\\powershell.exe\\nUser: SHIRE\\\\pgustavo\\nProtocol: tcp\\nInitiated: true\\nSourceIsIpv6: false\\nSourceIp: 172.18.39.105\\nSourceHostname: IT001.shire.com\\nSourcePort: 59404\\nSourcePortName: \\nDestinationIsIpv6: false\\nDestinationIp: 10.0.10.106\\nDestinationHostname: \\nDestinationPort: 443\\nDestinationPortName: https\",\"level\":\"Information\",\"source_name\":\"Microsoft-Windows-Sysmon\",\"record_number\":\"3371697\",\"opcode\":\"Info\",\"task\":\"Network connection detected (rule: NetworkConnect)\",\"computer_name\":\"IT001.shire.com\",\"version\":5,\"beat\":{\"name\":\"WECserver\",\"hostname\":\"WECserver\",\"version\":\"6.5.4\"}}\n",
      "\n",
      "\n",
      "41: 10.0.10.106\",\"Direction\":\"%%14593\",\"Application\":\"\\\\device\\\\harddiskvolume2\\\\windows\\\\system32\\\\windowspowershell\\\\v1.0\\\\powershell.exe\",\"SourceAddress\":\"172.18.39.105\",\"LayerName\":\"%%14611\"},\"log_name\":\"Security\",\"keywords\":[\"Audit Success\"],\"source_name\":\"Microsoft-Windows-Security-Auditing\",\"opcode\":\"Info\",\"thread_id\":7940,\"beat\":{\"name\":\"WECserver\",\"hostname\":\"WECserver\",\"version\":\"6.5.4\"},\"event_id\":5156,\"provider_guid\":\"{54849625-5478-4994-a5ba-3e3b0328c30d}\",\"version\":1,\"level\":\"Information\",\"record_number\":\"1026382\",\"host\":{\"name\":\"WECserver\"},\"computer_name\":\"IT001.shire.com\",\"message\":\"The Windows Filtering Platform has permitted a connection.\\n\\nApplication Information:\\n\\tProcess ID:\\t\\t4312\\n\\tApplication Name:\\t\\\\device\\\\harddiskvolume2\\\\windows\\\\system32\\\\windowspowershell\\\\v1.0\\\\powershell.exe\\n\\nNetwork Information:\\n\\tDirection:\\t\\tOutbound\\n\\tSource Address:\\t\\t172.18.39.105\\n\\tSource Port:\\t\\t59333\\n\\tDestination Address:\\t10.0.10.106\\n\\tDestination Port:\\t\\t443\\n\\tProtocol:\\t\\t6\\n\\nFilter Information:\\n\\tFilter Run-Time ID:\\t70572\\n\\tLayer Name:\\t\\tConnect\\n\\tLayer Run-Time ID:\\t48\",\"task\":\"Filtering Platform Connection\"}\n",
      "\n",
      "\n",
      "42: 10.0.10.106\",\"Direction\":\"%%14593\",\"DestPort\":\"443\",\"Protocol\":\"6\",\"ProcessID\":\"904\",\"RemoteUserID\":\"S-1-0-0\"},\"task\":\"Filtering Platform Connection\",\"message\":\"The Windows Filtering Platform has permitted a connection.\\n\\nApplication Information:\\n\\tProcess ID:\\t\\t904\\n\\tApplication Name:\\t\\\\device\\\\harddiskvolume2\\\\windows\\\\system32\\\\windowspowershell\\\\v1.0\\\\powershell.exe\\n\\nNetwork Information:\\n\\tDirection:\\t\\tOutbound\\n\\tSource Address:\\t\\t172.18.39.5\\n\\tSource Port:\\t\\t50708\\n\\tDestination Address:\\t10.0.10.106\\n\\tDestination Port:\\t\\t443\\n\\tProtocol:\\t\\t6\\n\\nFilter Information:\\n\\tFilter Run-Time ID:\\t71841\\n\\tLayer Name:\\t\\tConnect\\n\\tLayer Run-Time ID:\\t48\",\"thread_id\":620,\"level\":\"Information\",\"log_name\":\"Security\",\"beat\":{\"name\":\"WECserver\",\"hostname\":\"WECserver\",\"version\":\"6.5.4\"},\"record_number\":\"7780663\",\"provider_guid\":\"{54849625-5478-4994-A5BA-3E3B0328C30D}\",\"version\":1}\n",
      "\n",
      "\n",
      "43: 10.0.10.106\",\"Direction\":\"%%14593\",\"RemoteMachineID\":\"S-1-0-0\",\"RemoteUserID\":\"S-1-0-0\",\"LayerName\":\"%%14611\",\"LayerRTID\":\"48\",\"ProcessID\":\"904\",\"SourcePort\":\"50679\",\"DestPort\":\"443\",\"SourceAddress\":\"172.18.39.5\",\"FilterRTID\":\"71841\"},\"beat\":{\"version\":\"6.5.4\",\"name\":\"WECserver\",\"hostname\":\"WECserver\"},\"source_name\":\"Microsoft-Windows-Security-Auditing\",\"version\":1,\"keywords\":[\"Audit Success\"],\"process_id\":4,\"message\":\"The Windows Filtering Platform has permitted a connection.\\n\\nApplication Information:\\n\\tProcess ID:\\t\\t904\\n\\tApplication Name:\\t\\\\device\\\\harddiskvolume2\\\\windows\\\\system32\\\\windowspowershell\\\\v1.0\\\\powershell.exe\\n\\nNetwork Information:\\n\\tDirection:\\t\\tOutbound\\n\\tSource Address:\\t\\t172.18.39.5\\n\\tSource Port:\\t\\t50679\\n\\tDestination Address:\\t10.0.10.106\\n\\tDestination Port:\\t\\t443\\n\\tProtocol:\\t\\t6\\n\\nFilter Information:\\n\\tFilter Run-Time ID:\\t71841\\n\\tLayer Name:\\t\\tConnect\\n\\tLayer Run-Time ID:\\t48\",\"computer_name\":\"HFDC01.shire.com\",\"event_id\":5156,\"log_name\":\"Security\",\"opcode\":\"Info\",\"host\":{\"name\":\"WECserver\"},\"task\":\"Filtering Platform Connection\",\"type\":\"wineventlog\"}\n",
      "\n",
      "\n",
      "44: 10.0.10.106\",\"FilterRTID\":\"70572\",\"DestPort\":\"443\",\"Direction\":\"%%14593\",\"RemoteMachineID\":\"S-1-0-0\",\"ProcessID\":\"4312\",\"Application\":\"\\\\device\\\\harddiskvolume2\\\\windows\\\\system32\\\\windowspowershell\\\\v1.0\\\\powershell.exe\",\"LayerName\":\"%%14611\",\"RemoteUserID\":\"S-1-0-0\",\"SourceAddress\":\"172.18.39.105\",\"SourcePort\":\"59352\",\"Protocol\":\"6\"},\"message\":\"The Windows Filtering Platform has permitted a connection.\\n\\nApplication Information:\\n\\tProcess ID:\\t\\t4312\\n\\tApplication Name:\\t\\\\device\\\\harddiskvolume2\\\\windows\\\\system32\\\\windowspowershell\\\\v1.0\\\\powershell.exe\\n\\nNetwork Information:\\n\\tDirection:\\t\\tOutbound\\n\\tSource Address:\\t\\t172.18.39.105\\n\\tSource Port:\\t\\t59352\\n\\tDestination Address:\\t10.0.10.106\\n\\tDestination Port:\\t\\t443\\n\\tProtocol:\\t\\t6\\n\\nFilter Information:\\n\\tFilter Run-Time ID:\\t70572\\n\\tLayer Name:\\t\\tConnect\\n\\tLayer Run-Time ID:\\t48\",\"host\":{\"name\":\"WECserver\"},\"task\":\"Filtering Platform Connection\",\"log_name\":\"Security\",\"beat\":{\"hostname\":\"WECserver\",\"version\":\"6.5.4\",\"name\":\"WECserver\"},\"level\":\"Information\",\"thread_id\":7940,\"event_id\":5156}\n",
      "\n",
      "\n",
      "45: 10.0.10.106\",\"FilterRTID\":\"70572\",\"DestPort\":\"443\",\"Protocol\":\"6\",\"ProcessID\":\"4312\",\"LayerRTID\":\"48\",\"RemoteMachineID\":\"S-1-0-0\",\"SourceAddress\":\"172.18.39.105\",\"SourcePort\":\"59421\",\"RemoteUserID\":\"S-1-0-0\"},\"message\":\"The Windows Filtering Platform has permitted a connection.\\n\\nApplication Information:\\n\\tProcess ID:\\t\\t4312\\n\\tApplication Name:\\t\\\\device\\\\harddiskvolume2\\\\windows\\\\system32\\\\windowspowershell\\\\v1.0\\\\powershell.exe\\n\\nNetwork Information:\\n\\tDirection:\\t\\tOutbound\\n\\tSource Address:\\t\\t172.18.39.105\\n\\tSource Port:\\t\\t59421\\n\\tDestination Address:\\t10.0.10.106\\n\\tDestination Port:\\t\\t443\\n\\tProtocol:\\t\\t6\\n\\nFilter Information:\\n\\tFilter Run-Time ID:\\t70572\\n\\tLayer Name:\\t\\tConnect\\n\\tLayer Run-Time ID:\\t48\",\"thread_id\":2524,\"version\":1,\"host\":{\"name\":\"WECserver\"},\"type\":\"wineventlog\",\"event_id\":5156,\"log_name\":\"Security\",\"task\":\"Filtering Platform Connection\",\"source_name\":\"Microsoft-Windows-Security-Auditing\",\"level\":\"Information\",\"keywords\":[\"Audit Success\"],\"record_number\":\"1026603\",\"opcode\":\"Info\"}\n",
      "\n",
      "\n",
      "46: 10.0.10.106\",\"FilterRTID\":\"70572\",\"LayerName\":\"%%14611\",\"DestPort\":\"443\",\"Application\":\"\\\\device\\\\harddiskvolume2\\\\windows\\\\system32\\\\windowspowershell\\\\v1.0\\\\powershell.exe\",\"Direction\":\"%%14593\",\"Protocol\":\"6\",\"SourcePort\":\"59400\",\"SourceAddress\":\"172.18.39.105\"},\"type\":\"wineventlog\",\"log_name\":\"Security\",\"keywords\":[\"Audit Success\"],\"beat\":{\"name\":\"WECserver\",\"hostname\":\"WECserver\",\"version\":\"6.5.4\"},\"record_number\":\"1026549\",\"version\":1,\"computer_name\":\"IT001.shire.com\",\"event_id\":5156,\"task\":\"Filtering Platform Connection\",\"message\":\"The Windows Filtering Platform has permitted a connection.\\n\\nApplication Information:\\n\\tProcess ID:\\t\\t9156\\n\\tApplication Name:\\t\\\\device\\\\harddiskvolume2\\\\windows\\\\system32\\\\windowspowershell\\\\v1.0\\\\powershell.exe\\n\\nNetwork Information:\\n\\tDirection:\\t\\tOutbound\\n\\tSource Address:\\t\\t172.18.39.105\\n\\tSource Port:\\t\\t59400\\n\\tDestination Address:\\t10.0.10.106\\n\\tDestination Port:\\t\\t443\\n\\tProtocol:\\t\\t6\\n\\nFilter Information:\\n\\tFilter Run-Time ID:\\t70572\\n\\tLayer Name:\\t\\tConnect\\n\\tLayer Run-Time ID:\\t48\",\"process_id\":4,\"thread_id\":4548,\"source_name\":\"Microsoft-Windows-Security-Auditing\",\"level\":\"Information\",\"provider_guid\":\"{54849625-5478-4994-a5ba-3e3b0328c30d}\",\"host\":{\"name\":\"WECserver\"}}\n",
      "\n",
      "\n",
      "47: 10.0.10.106\",\"FilterRTID\":\"70572\",\"LayerName\":\"%%14611\",\"ProcessID\":\"4312\",\"SourceAddress\":\"172.18.39.105\"},\"log_name\":\"Security\",\"level\":\"Information\",\"beat\":{\"name\":\"WECserver\",\"hostname\":\"WECserver\",\"version\":\"6.5.4\"},\"version\":1,\"message\":\"The Windows Filtering Platform has permitted a connection.\\n\\nApplication Information:\\n\\tProcess ID:\\t\\t4312\\n\\tApplication Name:\\t\\\\device\\\\harddiskvolume2\\\\windows\\\\system32\\\\windowspowershell\\\\v1.0\\\\powershell.exe\\n\\nNetwork Information:\\n\\tDirection:\\t\\tOutbound\\n\\tSource Address:\\t\\t172.18.39.105\\n\\tSource Port:\\t\\t59348\\n\\tDestination Address:\\t10.0.10.106\\n\\tDestination Port:\\t\\t443\\n\\tProtocol:\\t\\t6\\n\\nFilter Information:\\n\\tFilter Run-Time ID:\\t70572\\n\\tLayer Name:\\t\\tConnect\\n\\tLayer Run-Time ID:\\t48\",\"event_id\":5156,\"opcode\":\"Info\",\"task\":\"Filtering Platform Connection\",\"computer_name\":\"IT001.shire.com\",\"provider_guid\":\"{54849625-5478-4994-a5ba-3e3b0328c30d}\",\"record_number\":\"1026423\",\"thread_id\":4548,\"type\":\"wineventlog\"}\n",
      "\n",
      "\n",
      "48: 10.0.10.106\",\"FilterRTID\":\"70572\",\"LayerName\":\"%%14611\",\"RemoteUserID\":\"S-1-0-0\",\"RemoteMachineID\":\"S-1-0-0\",\"Application\":\"\\\\device\\\\harddiskvolume2\\\\windows\\\\system32\\\\windowspowershell\\\\v1.0\\\\powershell.exe\",\"SourcePort\":\"59342\",\"ProcessID\":\"4312\"},\"beat\":{\"name\":\"WECserver\",\"hostname\":\"WECserver\",\"version\":\"6.5.4\"},\"type\":\"wineventlog\",\"provider_guid\":\"{54849625-5478-4994-a5ba-3e3b0328c30d}\",\"task\":\"Filtering Platform Connection\",\"message\":\"The Windows Filtering Platform has permitted a connection.\\n\\nApplication Information:\\n\\tProcess ID:\\t\\t4312\\n\\tApplication Name:\\t\\\\device\\\\harddiskvolume2\\\\windows\\\\system32\\\\windowspowershell\\\\v1.0\\\\powershell.exe\\n\\nNetwork Information:\\n\\tDirection:\\t\\tOutbound\\n\\tSource Address:\\t\\t172.18.39.105\\n\\tSource Port:\\t\\t59342\\n\\tDestination Address:\\t10.0.10.106\\n\\tDestination Port:\\t\\t443\\n\\tProtocol:\\t\\t6\\n\\nFilter Information:\\n\\tFilter Run-Time ID:\\t70572\\n\\tLayer Name:\\t\\tConnect\\n\\tLayer Run-Time ID:\\t48\",\"record_number\":\"1026400\",\"host\":{\"name\":\"WECserver\"},\"source_name\":\"Microsoft-Windows-Security-Auditing\",\"version\":1}\n",
      "\n",
      "\n",
      "49: 10.0.10.106\",\"FilterRTID\":\"70572\",\"LayerRTID\":\"48\",\"RemoteMachineID\":\"S-1-0-0\",\"Application\":\"\\\\device\\\\harddiskvolume2\\\\windows\\\\system32\\\\cmd.exe\",\"DestPort\":\"443\",\"Protocol\":\"6\",\"Direction\":\"%%14593\",\"LayerName\":\"%%14611\",\"ProcessID\":\"8148\",\"RemoteUserID\":\"S-1-0-0\",\"SourceAddress\":\"172.18.39.105\"},\"version\":1,\"message\":\"The Windows Filtering Platform has permitted a connection.\\n\\nApplication Information:\\n\\tProcess ID:\\t\\t8148\\n\\tApplication Name:\\t\\\\device\\\\harddiskvolume2\\\\windows\\\\system32\\\\cmd.exe\\n\\nNetwork Information:\\n\\tDirection:\\t\\tOutbound\\n\\tSource Address:\\t\\t172.18.39.105\\n\\tSource Port:\\t\\t59398\\n\\tDestination Address:\\t10.0.10.106\\n\\tDestination Port:\\t\\t443\\n\\tProtocol:\\t\\t6\\n\\nFilter Information:\\n\\tFilter Run-Time ID:\\t70572\\n\\tLayer Name:\\t\\tConnect\\n\\tLayer Run-Time ID:\\t48\",\"computer_name\":\"IT001.shire.com\",\"source_name\":\"Microsoft-Windows-Security-Auditing\",\"event_id\":5156,\"thread_id\":1488,\"beat\":{\"name\":\"WECserver\",\"hostname\":\"WECserver\",\"version\":\"6.5.4\"},\"provider_guid\":\"{54849625-5478-4994-a5ba-3e3b0328c30d}\",\"task\":\"Filtering Platform Connection\",\"type\":\"wineventlog\",\"record_number\":\"1026545\",\"host\":{\"name\":\"WECserver\"},\"level\":\"Information\",\"opcode\":\"Info\",\"log_name\":\"Security\",\"keywords\":[\"Audit Success\"]}\n",
      "\n",
      "\n",
      "50: 10.0.10.106\",\"FilterRTID\":\"70572\",\"ProcessID\":\"4312\",\"Application\":\"\\\\device\\\\harddiskvolume2\\\\windows\\\\system32\\\\windowspowershell\\\\v1.0\\\\powershell.exe\",\"SourceAddress\":\"172.18.39.105\",\"Protocol\":\"6\",\"Direction\":\"%%14593\",\"LayerRTID\":\"48\",\"RemoteUserID\":\"S-1-0-0\",\"RemoteMachineID\":\"S-1-0-0\",\"DestPort\":\"443\",\"LayerName\":\"%%14611\"},\"beat\":{\"version\":\"6.5.4\",\"name\":\"WECserver\",\"hostname\":\"WECserver\"},\"thread_id\":7940,\"message\":\"The Windows Filtering Platform has permitted a connection.\\n\\nApplication Information:\\n\\tProcess ID:\\t\\t4312\\n\\tApplication Name:\\t\\\\device\\\\harddiskvolume2\\\\windows\\\\system32\\\\windowspowershell\\\\v1.0\\\\powershell.exe\\n\\nNetwork Information:\\n\\tDirection:\\t\\tOutbound\\n\\tSource Address:\\t\\t172.18.39.105\\n\\tSource Port:\\t\\t59479\\n\\tDestination Address:\\t10.0.10.106\\n\\tDestination Port:\\t\\t443\\n\\tProtocol:\\t\\t6\\n\\nFilter Information:\\n\\tFilter Run-Time ID:\\t70572\\n\\tLayer Name:\\t\\tConnect\\n\\tLayer Run-Time ID:\\t48\",\"version\":1,\"level\":\"Information\",\"type\":\"wineventlog\"}\n",
      "\n",
      "\n",
      "51: 10.0.10.106\",\"FilterRTID\":\"70572\",\"ProcessID\":\"8148\",\"SourceAddress\":\"172.18.39.105\",\"DestPort\":\"443\",\"SourcePort\":\"59395\",\"Protocol\":\"6\",\"RemoteUserID\":\"S-1-0-0\",\"RemoteMachineID\":\"S-1-0-0\",\"Application\":\"\\\\device\\\\harddiskvolume2\\\\windows\\\\system32\\\\cmd.exe\",\"LayerName\":\"%%14611\"},\"message\":\"The Windows Filtering Platform has permitted a connection.\\n\\nApplication Information:\\n\\tProcess ID:\\t\\t8148\\n\\tApplication Name:\\t\\\\device\\\\harddiskvolume2\\\\windows\\\\system32\\\\cmd.exe\\n\\nNetwork Information:\\n\\tDirection:\\t\\tOutbound\\n\\tSource Address:\\t\\t172.18.39.105\\n\\tSource Port:\\t\\t59395\\n\\tDestination Address:\\t10.0.10.106\\n\\tDestination Port:\\t\\t443\\n\\tProtocol:\\t\\t6\\n\\nFilter Information:\\n\\tFilter Run-Time ID:\\t70572\\n\\tLayer Name:\\t\\tConnect\\n\\tLayer Run-Time ID:\\t48\",\"source_name\":\"Microsoft-Windows-Security-Auditing\"}\n",
      "\n",
      "\n",
      "52: 10.0.10.106\",\"FilterRTID\":\"70572\",\"RemoteUserID\":\"S-1-0-0\",\"LayerName\":\"%%14611\",\"Direction\":\"%%14593\",\"SourceAddress\":\"172.18.39.105\",\"SourcePort\":\"59500\",\"DestPort\":\"443\",\"LayerRTID\":\"48\",\"ProcessID\":\"9156\",\"Application\":\"\\\\device\\\\harddiskvolume2\\\\windows\\\\system32\\\\windowspowershell\\\\v1.0\\\\powershell.exe\",\"RemoteMachineID\":\"S-1-0-0\"},\"host\":{\"name\":\"WECserver\"},\"level\":\"Information\",\"message\":\"The Windows Filtering Platform has permitted a connection.\\n\\nApplication Information:\\n\\tProcess ID:\\t\\t9156\\n\\tApplication Name:\\t\\\\device\\\\harddiskvolume2\\\\windows\\\\system32\\\\windowspowershell\\\\v1.0\\\\powershell.exe\\n\\nNetwork Information:\\n\\tDirection:\\t\\tOutbound\\n\\tSource Address:\\t\\t172.18.39.105\\n\\tSource Port:\\t\\t59500\\n\\tDestination Address:\\t10.0.10.106\\n\\tDestination Port:\\t\\t443\\n\\tProtocol:\\t\\t6\\n\\nFilter Information:\\n\\tFilter Run-Time ID:\\t70572\\n\\tLayer Name:\\t\\tConnect\\n\\tLayer Run-Time ID:\\t48\",\"type\":\"wineventlog\",\"computer_name\":\"IT001.shire.com\",\"beat\":{\"name\":\"WECserver\",\"hostname\":\"WECserver\",\"version\":\"6.5.4\"}}\n",
      "\n",
      "\n",
      "53: 10.0.10.106\",\"FilterRTID\":\"70572\",\"RemoteUserID\":\"S-1-0-0\",\"LayerName\":\"%%14611\",\"RemoteMachineID\":\"S-1-0-0\",\"SourcePort\":\"59446\",\"Protocol\":\"6\",\"LayerRTID\":\"48\",\"DestPort\":\"443\",\"ProcessID\":\"9156\",\"Application\":\"\\\\device\\\\harddiskvolume2\\\\windows\\\\system32\\\\windowspowershell\\\\v1.0\\\\powershell.exe\",\"Direction\":\"%%14593\",\"SourceAddress\":\"172.18.39.105\"},\"task\":\"Filtering Platform Connection\",\"opcode\":\"Info\",\"keywords\":[\"Audit Success\"],\"event_id\":5156,\"thread_id\":7940,\"provider_guid\":\"{54849625-5478-4994-a5ba-3e3b0328c30d}\",\"message\":\"The Windows Filtering Platform has permitted a connection.\\n\\nApplication Information:\\n\\tProcess ID:\\t\\t9156\\n\\tApplication Name:\\t\\\\device\\\\harddiskvolume2\\\\windows\\\\system32\\\\windowspowershell\\\\v1.0\\\\powershell.exe\\n\\nNetwork Information:\\n\\tDirection:\\t\\tOutbound\\n\\tSource Address:\\t\\t172.18.39.105\\n\\tSource Port:\\t\\t59446\\n\\tDestination Address:\\t10.0.10.106\\n\\tDestination Port:\\t\\t443\\n\\tProtocol:\\t\\t6\\n\\nFilter Information:\\n\\tFilter Run-Time ID:\\t70572\\n\\tLayer Name:\\t\\tConnect\\n\\tLayer Run-Time ID:\\t48\",\"log_name\":\"Security\",\"level\":\"Information\",\"host\":{\"name\":\"WECserver\"},\"version\":1,\"process_id\":4,\"record_number\":\"1026658\",\"type\":\"wineventlog\"}\n",
      "\n",
      "\n",
      "54: 10.0.10.106\",\"FilterRTID\":\"70572\",\"RemoteUserID\":\"S-1-0-0\",\"RemoteMachineID\":\"S-1-0-0\",\"SourceAddress\":\"172.18.39.105\",\"SourcePort\":\"59389\"},\"host\":{\"name\":\"WECserver\"},\"log_name\":\"Security\",\"process_id\":4,\"version\":1,\"type\":\"wineventlog\",\"keywords\":[\"Audit Success\"],\"provider_guid\":\"{54849625-5478-4994-a5ba-3e3b0328c30d}\",\"task\":\"Filtering Platform Connection\",\"message\":\"The Windows Filtering Platform has permitted a connection.\\n\\nApplication Information:\\n\\tProcess ID:\\t\\t8148\\n\\tApplication Name:\\t\\\\device\\\\harddiskvolume2\\\\windows\\\\system32\\\\cmd.exe\\n\\nNetwork Information:\\n\\tDirection:\\t\\tOutbound\\n\\tSource Address:\\t\\t172.18.39.105\\n\\tSource Port:\\t\\t59389\\n\\tDestination Address:\\t10.0.10.106\\n\\tDestination Port:\\t\\t443\\n\\tProtocol:\\t\\t6\\n\\nFilter Information:\\n\\tFilter Run-Time ID:\\t70572\\n\\tLayer Name:\\t\\tConnect\\n\\tLayer Run-Time ID:\\t48\",\"level\":\"Information\",\"source_name\":\"Microsoft-Windows-Security-Auditing\",\"beat\":{\"name\":\"WECserver\",\"hostname\":\"WECserver\",\"version\":\"6.5.4\"},\"thread_id\":4548,\"record_number\":\"1026516\"}\n",
      "\n",
      "\n",
      "55: 10.0.10.106\",\"FilterRTID\":\"70572\",\"RemoteUserID\":\"S-1-0-0\"},\"log_name\":\"Security\",\"opcode\":\"Info\",\"source_name\":\"Microsoft-Windows-Security-Auditing\",\"version\":1,\"computer_name\":\"IT001.shire.com\",\"event_id\":5156,\"thread_id\":7940,\"task\":\"Filtering Platform Connection\",\"message\":\"The Windows Filtering Platform has permitted a connection.\\n\\nApplication Information:\\n\\tProcess ID:\\t\\t8148\\n\\tApplication Name:\\t\\\\device\\\\harddiskvolume2\\\\windows\\\\system32\\\\cmd.exe\\n\\nNetwork Information:\\n\\tDirection:\\t\\tOutbound\\n\\tSource Address:\\t\\t172.18.39.105\\n\\tSource Port:\\t\\t59473\\n\\tDestination Address:\\t10.0.10.106\\n\\tDestination Port:\\t\\t443\\n\\tProtocol:\\t\\t6\\n\\nFilter Information:\\n\\tFilter Run-Time ID:\\t70572\\n\\tLayer Name:\\t\\tConnect\\n\\tLayer Run-Time ID:\\t48\",\"keywords\":[\"Audit Success\"],\"host\":{\"name\":\"WECserver\"},\"process_id\":4,\"level\":\"Information\",\"record_number\":\"1026760\"}\n",
      "\n",
      "\n",
      "56: 10.0.10.106\",\"FilterRTID\":\"70572\",\"SourceAddress\":\"172.18.39.105\",\"LayerName\":\"%%14611\",\"DestPort\":\"443\",\"LayerRTID\":\"48\",\"RemoteUserID\":\"S-1-0-0\",\"ProcessID\":\"4312\",\"Application\":\"\\\\device\\\\harddiskvolume2\\\\windows\\\\system32\\\\windowspowershell\\\\v1.0\\\\powershell.exe\",\"Direction\":\"%%14593\",\"SourcePort\":\"59406\",\"Protocol\":\"6\",\"RemoteMachineID\":\"S-1-0-0\"},\"keywords\":[\"Audit Success\"],\"beat\":{\"version\":\"6.5.4\",\"name\":\"WECserver\",\"hostname\":\"WECserver\"},\"version\":1,\"event_id\":5156,\"message\":\"The Windows Filtering Platform has permitted a connection.\\n\\nApplication Information:\\n\\tProcess ID:\\t\\t4312\\n\\tApplication Name:\\t\\\\device\\\\harddiskvolume2\\\\windows\\\\system32\\\\windowspowershell\\\\v1.0\\\\powershell.exe\\n\\nNetwork Information:\\n\\tDirection:\\t\\tOutbound\\n\\tSource Address:\\t\\t172.18.39.105\\n\\tSource Port:\\t\\t59406\\n\\tDestination Address:\\t10.0.10.106\\n\\tDestination Port:\\t\\t443\\n\\tProtocol:\\t\\t6\\n\\nFilter Information:\\n\\tFilter Run-Time ID:\\t70572\\n\\tLayer Name:\\t\\tConnect\\n\\tLayer Run-Time ID:\\t48\",\"source_name\":\"Microsoft-Windows-Security-Auditing\",\"provider_guid\":\"{54849625-5478-4994-a5ba-3e3b0328c30d}\",\"host\":{\"name\":\"WECserver\"}}\n",
      "\n",
      "\n",
      "57: 10.0.10.106\",\"FilterRTID\":\"70572\",\"SourcePort\":\"59462\",\"DestPort\":\"443\",\"LayerRTID\":\"48\",\"RemoteMachineID\":\"S-1-0-0\",\"ProcessID\":\"9156\",\"Direction\":\"%%14593\",\"LayerName\":\"%%14611\",\"RemoteUserID\":\"S-1-0-0\",\"Application\":\"\\\\device\\\\harddiskvolume2\\\\windows\\\\system32\\\\windowspowershell\\\\v1.0\\\\powershell.exe\"},\"source_name\":\"Microsoft-Windows-Security-Auditing\",\"message\":\"The Windows Filtering Platform has permitted a connection.\\n\\nApplication Information:\\n\\tProcess ID:\\t\\t9156\\n\\tApplication Name:\\t\\\\device\\\\harddiskvolume2\\\\windows\\\\system32\\\\windowspowershell\\\\v1.0\\\\powershell.exe\\n\\nNetwork Information:\\n\\tDirection:\\t\\tOutbound\\n\\tSource Address:\\t\\t172.18.39.105\\n\\tSource Port:\\t\\t59462\\n\\tDestination Address:\\t10.0.10.106\\n\\tDestination Port:\\t\\t443\\n\\tProtocol:\\t\\t6\\n\\nFilter Information:\\n\\tFilter Run-Time ID:\\t70572\\n\\tLayer Name:\\t\\tConnect\\n\\tLayer Run-Time ID:\\t48\",\"thread_id\":7940,\"opcode\":\"Info\",\"computer_name\":\"IT001.shire.com\",\"version\":1,\"beat\":{\"name\":\"WECserver\",\"hostname\":\"WECserver\",\"version\":\"6.5.4\"}}\n",
      "\n",
      "\n",
      "58: 10.0.10.106\",\"FilterRTID\":\"70572\",\"SourcePort\":\"59478\",\"Direction\":\"%%14593\",\"DestPort\":\"443\",\"RemoteUserID\":\"S-1-0-0\",\"ProcessID\":\"9156\",\"LayerName\":\"%%14611\",\"RemoteMachineID\":\"S-1-0-0\"},\"version\":1,\"task\":\"Filtering Platform Connection\",\"process_id\":4,\"computer_name\":\"IT001.shire.com\",\"type\":\"wineventlog\",\"beat\":{\"name\":\"WECserver\",\"hostname\":\"WECserver\",\"version\":\"6.5.4\"},\"level\":\"Information\",\"record_number\":\"1026770\",\"opcode\":\"Info\",\"log_name\":\"Security\",\"message\":\"The Windows Filtering Platform has permitted a connection.\\n\\nApplication Information:\\n\\tProcess ID:\\t\\t9156\\n\\tApplication Name:\\t\\\\device\\\\harddiskvolume2\\\\windows\\\\system32\\\\windowspowershell\\\\v1.0\\\\powershell.exe\\n\\nNetwork Information:\\n\\tDirection:\\t\\tOutbound\\n\\tSource Address:\\t\\t172.18.39.105\\n\\tSource Port:\\t\\t59478\\n\\tDestination Address:\\t10.0.10.106\\n\\tDestination Port:\\t\\t443\\n\\tProtocol:\\t\\t6\\n\\nFilter Information:\\n\\tFilter Run-Time ID:\\t70572\\n\\tLayer Name:\\t\\tConnect\\n\\tLayer Run-Time ID:\\t48\",\"source_name\":\"Microsoft-Windows-Security-Auditing\",\"provider_guid\":\"{54849625-5478-4994-a5ba-3e3b0328c30d}\",\"host\":{\"name\":\"WECserver\"}}\n",
      "\n",
      "\n",
      "59: 10.0.10.106\",\"FilterRTID\":\"71841\",\"RemoteUserID\":\"S-1-0-0\",\"ProcessID\":\"904\",\"Direction\":\"%%14593\"},\"message\":\"The Windows Filtering Platform has permitted a connection.\\n\\nApplication Information:\\n\\tProcess ID:\\t\\t904\\n\\tApplication Name:\\t\\\\device\\\\harddiskvolume2\\\\windows\\\\system32\\\\windowspowershell\\\\v1.0\\\\powershell.exe\\n\\nNetwork Information:\\n\\tDirection:\\t\\tOutbound\\n\\tSource Address:\\t\\t172.18.39.5\\n\\tSource Port:\\t\\t50720\\n\\tDestination Address:\\t10.0.10.106\\n\\tDestination Port:\\t\\t443\\n\\tProtocol:\\t\\t6\\n\\nFilter Information:\\n\\tFilter Run-Time ID:\\t71841\\n\\tLayer Name:\\t\\tConnect\\n\\tLayer Run-Time ID:\\t48\"}\n",
      "\n",
      "\n",
      "60: 10.0.10.106\",\"Image\":\"C:\\\\Windows\\\\System32\\\\WindowsPowerShell\\\\v1.0\\\\powershell.exe\",\"SourceHostname\":\"IT001.shire.com\",\"User\":\"SHIRE\\\\pgustavo\",\"SourcePort\":\"59433\",\"DestinationPort\":\"443\",\"ProcessId\":\"4312\",\"ProcessGuid\":\"{aa6b4a20-1a98-5c91-0000-00105b0f0205}\",\"Protocol\":\"tcp\",\"DestinationIsIpv6\":\"false\",\"UtcTime\":\"2019-03-19 19:33:41.318\",\"SourceIp\":\"172.18.39.105\",\"DestinationPortName\":\"https\"},\"computer_name\":\"IT001.shire.com\",\"process_id\":2612,\"level\":\"Information\",\"task\":\"Network connection detected (rule: NetworkConnect)\",\"source_name\":\"Microsoft-Windows-Sysmon\",\"opcode\":\"Info\",\"type\":\"wineventlog\",\"message\":\"Network connection detected:\\nRuleName: \\nUtcTime: 2019-03-19 19:33:41.318\\nProcessGuid: {aa6b4a20-1a98-5c91-0000-00105b0f0205}\\nProcessId: 4312\\nImage: C:\\\\Windows\\\\System32\\\\WindowsPowerShell\\\\v1.0\\\\powershell.exe\\nUser: SHIRE\\\\pgustavo\\nProtocol: tcp\\nInitiated: true\\nSourceIsIpv6: false\\nSourceIp: 172.18.39.105\\nSourceHostname: IT001.shire.com\\nSourcePort: 59433\\nSourcePortName: \\nDestinationIsIpv6: false\\nDestinationIp: 10.0.10.106\\nDestinationHostname: \\nDestinationPort: 443\\nDestinationPortName: https\",\"record_number\":\"3371768\"}\n",
      "\n",
      "\n",
      "61: 10.0.10.106\",\"Image\":\"C:\\\\Windows\\\\System32\\\\WindowsPowerShell\\\\v1.0\\\\powershell.exe\",\"SourceIp\":\"172.18.39.5\",\"SourceIsIpv6\":\"false\"},\"source_name\":\"Microsoft-Windows-Sysmon\",\"provider_guid\":\"{5770385F-C22A-43E0-BF4C-06F5698FFBD9}\",\"host\":{\"name\":\"WECserver\"},\"thread_id\":2564,\"log_name\":\"Microsoft-Windows-Sysmon/Operational\",\"record_number\":\"2959110\",\"task\":\"Network connection detected (rule: NetworkConnect)\",\"process_id\":1900,\"level\":\"Information\",\"message\":\"Network connection detected:\\nRuleName: \\nUtcTime: 2019-03-19 19:31:02.291\\nProcessGuid: {905CC552-43AC-5C91-0000-0010B44BB703}\\nProcessId: 904\\nImage: C:\\\\Windows\\\\System32\\\\WindowsPowerShell\\\\v1.0\\\\powershell.exe\\nUser: SHIRE\\\\Mmidge\\nProtocol: tcp\\nInitiated: true\\nSourceIsIpv6: false\\nSourceIp: 172.18.39.5\\nSourceHostname: HFDC01.shire.com\\nSourcePort: 50677\\nSourcePortName: \\nDestinationIsIpv6: false\\nDestinationIp: 10.0.10.106\\nDestinationHostname: \\nDestinationPort: 443\\nDestinationPortName: https\",\"user\":{\"identifier\":\"S-1-5-18\",\"name\":\"SYSTEM\",\"domain\":\"NT AUTHORITY\",\"type\":\"User\"}}\n",
      "\n",
      "\n",
      "62: 10.0.10.106\",\"Image\":\"C:\\\\Windows\\\\System32\\\\WindowsPowerShell\\\\v1.0\\\\powershell.exe\",\"SourceIsIpv6\":\"false\",\"DestinationPortName\":\"https\",\"ProcessGuid\":\"{aa6b4a20-1a98-5c91-0000-00105b0f0205}\",\"DestinationPort\":\"443\",\"SourceHostname\":\"IT001.shire.com\",\"Initiated\":\"true\",\"User\":\"SHIRE\\\\pgustavo\",\"DestinationIsIpv6\":\"false\",\"ProcessId\":\"4312\"},\"log_name\":\"Microsoft-Windows-Sysmon/Operational\",\"process_id\":2612,\"task\":\"Network connection detected (rule: NetworkConnect)\",\"message\":\"Network connection detected:\\nRuleName: \\nUtcTime: 2019-03-19 19:34:03.548\\nProcessGuid: {aa6b4a20-1a98-5c91-0000-00105b0f0205}\\nProcessId: 4312\\nImage: C:\\\\Windows\\\\System32\\\\WindowsPowerShell\\\\v1.0\\\\powershell.exe\\nUser: SHIRE\\\\pgustavo\\nProtocol: tcp\\nInitiated: true\\nSourceIsIpv6: false\\nSourceIp: 172.18.39.105\\nSourceHostname: IT001.shire.com\\nSourcePort: 59441\\nSourcePortName: \\nDestinationIsIpv6: false\\nDestinationIp: 10.0.10.106\\nDestinationHostname: \\nDestinationPort: 443\\nDestinationPortName: https\",\"source_name\":\"Microsoft-Windows-Sysmon\",\"opcode\":\"Info\",\"version\":5}\n",
      "\n",
      "\n",
      "63: 10.0.10.106\",\"Image\":\"C:\\\\Windows\\\\System32\\\\cmd.exe\",\"SourceHostname\":\"IT001.shire.com\",\"Initiated\":\"true\",\"SourceIsIpv6\":\"false\",\"ProcessId\":\"8148\",\"SourceIp\":\"172.18.39.105\",\"ProcessGuid\":\"{aa6b4a20-3f53-5c91-0000-0010e43d3b05}\"},\"user\":{\"type\":\"User\",\"identifier\":\"S-1-5-18\",\"name\":\"SYSTEM\",\"domain\":\"NT AUTHORITY\"},\"version\":5,\"log_name\":\"Microsoft-Windows-Sysmon/Operational\",\"provider_guid\":\"{5770385f-c22a-43e0-bf4c-06f5698ffbd9}\",\"level\":\"Information\",\"type\":\"wineventlog\",\"message\":\"Network connection detected:\\nRuleName: \\nUtcTime: 2019-03-19 19:35:12.124\\nProcessGuid: {aa6b4a20-3f53-5c91-0000-0010e43d3b05}\\nProcessId: 8148\\nImage: C:\\\\Windows\\\\System32\\\\cmd.exe\\nUser: SHIRE\\\\pgustavo\\nProtocol: tcp\\nInitiated: true\\nSourceIsIpv6: false\\nSourceIp: 172.18.39.105\\nSourceHostname: IT001.shire.com\\nSourcePort: 59486\\nSourcePortName: \\nDestinationIsIpv6: false\\nDestinationIp: 10.0.10.106\\nDestinationHostname: \\nDestinationPort: 443\\nDestinationPortName: https\",\"thread_id\":688,\"computer_name\":\"IT001.shire.com\",\"event_id\":3,\"task\":\"Network connection detected (rule: NetworkConnect)\",\"process_id\":2612}\n",
      "\n",
      "\n",
      "64: 10.0.10.106\",\"Initiated\":\"true\",\"DestinationIsIpv6\":\"false\",\"UtcTime\":\"2019-03-19 19:30:57.198\",\"ProcessGuid\":\"{905CC552-43AC-5C91-0000-0010B44BB703}\",\"DestinationPortName\":\"https\",\"DestinationPort\":\"443\",\"ProcessId\":\"904\",\"Image\":\"C:\\\\Windows\\\\System32\\\\WindowsPowerShell\\\\v1.0\\\\powershell.exe\",\"SourceIsIpv6\":\"false\",\"SourcePort\":\"50676\",\"User\":\"SHIRE\\\\Mmidge\",\"Protocol\":\"tcp\",\"SourceIp\":\"172.18.39.5\",\"SourceHostname\":\"HFDC01.shire.com\"},\"record_number\":\"2959106\",\"process_id\":1900,\"version\":5,\"level\":\"Information\",\"provider_guid\":\"{5770385F-C22A-43E0-BF4C-06F5698FFBD9}\",\"computer_name\":\"HFDC01.shire.com\",\"task\":\"Network connection detected (rule: NetworkConnect)\",\"thread_id\":2564,\"user\":{\"domain\":\"NT AUTHORITY\",\"type\":\"User\",\"identifier\":\"S-1-5-18\",\"name\":\"SYSTEM\"},\"beat\":{\"name\":\"WECserver\",\"hostname\":\"WECserver\",\"version\":\"6.5.4\"},\"host\":{\"name\":\"WECserver\"},\"message\":\"Network connection detected:\\nRuleName: \\nUtcTime: 2019-03-19 19:30:57.198\\nProcessGuid: {905CC552-43AC-5C91-0000-0010B44BB703}\\nProcessId: 904\\nImage: C:\\\\Windows\\\\System32\\\\WindowsPowerShell\\\\v1.0\\\\powershell.exe\\nUser: SHIRE\\\\Mmidge\\nProtocol: tcp\\nInitiated: true\\nSourceIsIpv6: false\\nSourceIp: 172.18.39.5\\nSourceHostname: HFDC01.shire.com\\nSourcePort: 50676\\nSourcePortName: \\nDestinationIsIpv6: false\\nDestinationIp: 10.0.10.106\\nDestinationHostname: \\nDestinationPort: 443\\nDestinationPortName: https\",\"event_id\":3,\"type\":\"wineventlog\",\"log_name\":\"Microsoft-Windows-Sysmon/Operational\"}\n",
      "\n",
      "\n",
      "65: 10.0.10.106\",\"Initiated\":\"true\",\"ProcessGuid\":\"{aa6b4a20-1a98-5c91-0000-00105b0f0205}\",\"Image\":\"C:\\\\Windows\\\\System32\\\\WindowsPowerShell\\\\v1.0\\\\powershell.exe\",\"UtcTime\":\"2019-03-19 19:32:06.204\"},\"source_name\":\"Microsoft-Windows-Sysmon\",\"message\":\"Network connection detected:\\nRuleName: \\nUtcTime: 2019-03-19 19:32:06.204\\nProcessGuid: {aa6b4a20-1a98-5c91-0000-00105b0f0205}\\nProcessId: 4312\\nImage: C:\\\\Windows\\\\System32\\\\WindowsPowerShell\\\\v1.0\\\\powershell.exe\\nUser: SHIRE\\\\pgustavo\\nProtocol: tcp\\nInitiated: true\\nSourceIsIpv6: false\\nSourceIp: 172.18.39.105\\nSourceHostname: IT001.shire.com\\nSourcePort: 59387\\nSourcePortName: \\nDestinationIsIpv6: false\\nDestinationIp: 10.0.10.106\\nDestinationHostname: \\nDestinationPort: 443\\nDestinationPortName: https\",\"provider_guid\":\"{5770385f-c22a-43e0-bf4c-06f5698ffbd9}\",\"log_name\":\"Microsoft-Windows-Sysmon/Operational\",\"computer_name\":\"IT001.shire.com\",\"host\":{\"name\":\"WECserver\"},\"process_id\":2612,\"level\":\"Information\"}\n",
      "\n",
      "\n",
      "66: 10.0.10.106\",\"Initiated\":\"true\",\"ProcessId\":\"4312\",\"Image\":\"C:\\\\Windows\\\\System32\\\\WindowsPowerShell\\\\v1.0\\\\powershell.exe\",\"SourceIp\":\"172.18.39.105\",\"SourceHostname\":\"IT001.shire.com\",\"SourcePort\":\"59504\",\"DestinationIsIpv6\":\"false\",\"DestinationPortName\":\"https\",\"ProcessGuid\":\"{aa6b4a20-1a98-5c91-0000-00105b0f0205}\",\"UtcTime\":\"2019-03-19 19:35:38.439\"},\"provider_guid\":\"{5770385f-c22a-43e0-bf4c-06f5698ffbd9}\",\"event_id\":3,\"level\":\"Information\",\"source_name\":\"Microsoft-Windows-Sysmon\",\"host\":{\"name\":\"WECserver\"},\"record_number\":\"3372166\",\"process_id\":2612,\"thread_id\":688,\"beat\":{\"name\":\"WECserver\",\"hostname\":\"WECserver\",\"version\":\"6.5.4\"},\"task\":\"Network connection detected (rule: NetworkConnect)\",\"opcode\":\"Info\",\"version\":5,\"computer_name\":\"IT001.shire.com\",\"message\":\"Network connection detected:\\nRuleName: \\nUtcTime: 2019-03-19 19:35:38.439\\nProcessGuid: {aa6b4a20-1a98-5c91-0000-00105b0f0205}\\nProcessId: 4312\\nImage: C:\\\\Windows\\\\System32\\\\WindowsPowerShell\\\\v1.0\\\\powershell.exe\\nUser: SHIRE\\\\pgustavo\\nProtocol: tcp\\nInitiated: true\\nSourceIsIpv6: false\\nSourceIp: 172.18.39.105\\nSourceHostname: IT001.shire.com\\nSourcePort: 59504\\nSourcePortName: \\nDestinationIsIpv6: false\\nDestinationIp: 10.0.10.106\\nDestinationHostname: \\nDestinationPort: 443\\nDestinationPortName: https\",\"type\":\"wineventlog\",\"user\":{\"type\":\"User\",\"identifier\":\"S-1-5-18\",\"name\":\"SYSTEM\",\"domain\":\"NT AUTHORITY\"},\"log_name\":\"Microsoft-Windows-Sysmon/Operational\"}\n",
      "\n",
      "\n",
      "67: 10.0.10.106\",\"Initiated\":\"true\",\"SourceIp\":\"172.18.39.5\",\"DestinationIsIpv6\":\"false\"},\"host\":{\"name\":\"WECserver\"},\"log_name\":\"Microsoft-Windows-Sysmon/Operational\",\"record_number\":\"2959195\",\"provider_guid\":\"{5770385F-C22A-43E0-BF4C-06F5698FFBD9}\",\"beat\":{\"hostname\":\"WECserver\",\"version\":\"6.5.4\",\"name\":\"WECserver\"},\"thread_id\":2564,\"task\":\"Network connection detected (rule: NetworkConnect)\",\"user\":{\"identifier\":\"S-1-5-18\",\"name\":\"SYSTEM\",\"domain\":\"NT AUTHORITY\",\"type\":\"User\"},\"message\":\"Network connection detected:\\nRuleName: \\nUtcTime: 2019-03-19 19:32:18.467\\nProcessGuid: {905CC552-43AC-5C91-0000-0010B44BB703}\\nProcessId: 904\\nImage: C:\\\\Windows\\\\System32\\\\WindowsPowerShell\\\\v1.0\\\\powershell.exe\\nUser: SHIRE\\\\Mmidge\\nProtocol: tcp\\nInitiated: true\\nSourceIsIpv6: false\\nSourceIp: 172.18.39.5\\nSourceHostname: HFDC01.shire.com\\nSourcePort: 50709\\nSourcePortName: \\nDestinationIsIpv6: false\\nDestinationIp: 10.0.10.106\\nDestinationHostname: \\nDestinationPort: 443\\nDestinationPortName: https\",\"version\":5}\n",
      "\n",
      "\n",
      "68: 10.0.10.106\",\"Initiated\":\"true\",\"SourceIsIpv6\":\"false\",\"SourcePort\":\"59481\",\"DestinationIsIpv6\":\"false\",\"ProcessGuid\":\"{aa6b4a20-2aa0-5c91-0000-001036f22805}\",\"SourceHostname\":\"IT001.shire.com\",\"User\":\"SHIRE\\\\pgustavo\",\"SourceIp\":\"172.18.39.105\"},\"source_name\":\"Microsoft-Windows-Sysmon\",\"beat\":{\"version\":\"6.5.4\",\"name\":\"WECserver\",\"hostname\":\"WECserver\"},\"version\":5,\"provider_guid\":\"{5770385f-c22a-43e0-bf4c-06f5698ffbd9}\",\"process_id\":2612,\"record_number\":\"3372119\",\"host\":{\"name\":\"WECserver\"},\"message\":\"Network connection detected:\\nRuleName: \\nUtcTime: 2019-03-19 19:35:02.283\\nProcessGuid: {aa6b4a20-2aa0-5c91-0000-001036f22805}\\nProcessId: 9156\\nImage: C:\\\\Windows\\\\System32\\\\WindowsPowerShell\\\\v1.0\\\\powershell.exe\\nUser: SHIRE\\\\pgustavo\\nProtocol: tcp\\nInitiated: true\\nSourceIsIpv6: false\\nSourceIp: 172.18.39.105\\nSourceHostname: IT001.shire.com\\nSourcePort: 59481\\nSourcePortName: \\nDestinationIsIpv6: false\\nDestinationIp: 10.0.10.106\\nDestinationHostname: \\nDestinationPort: 443\\nDestinationPortName: https\",\"type\":\"wineventlog\",\"computer_name\":\"IT001.shire.com\"}\n",
      "\n",
      "\n",
      "69: 10.0.10.106\",\"Initiated\":\"true\",\"SourcePort\":\"59400\",\"DestinationPort\":\"443\",\"Protocol\":\"tcp\",\"DestinationPortName\":\"https\",\"User\":\"SHIRE\\\\pgustavo\",\"DestinationIsIpv6\":\"false\",\"ProcessGuid\":\"{aa6b4a20-2aa0-5c91-0000-001036f22805}\",\"UtcTime\":\"2019-03-19 19:32:27.438\",\"Image\":\"C:\\\\Windows\\\\System32\\\\WindowsPowerShell\\\\v1.0\\\\powershell.exe\",\"SourceHostname\":\"IT001.shire.com\",\"SourceIsIpv6\":\"false\",\"SourceIp\":\"172.18.39.105\"},\"thread_id\":688,\"type\":\"wineventlog\",\"event_id\":3,\"level\":\"Information\",\"host\":{\"name\":\"WECserver\"},\"log_name\":\"Microsoft-Windows-Sysmon/Operational\",\"computer_name\":\"IT001.shire.com\",\"record_number\":\"3371690\",\"user\":{\"identifier\":\"S-1-5-18\",\"name\":\"SYSTEM\",\"domain\":\"NT AUTHORITY\",\"type\":\"User\"},\"task\":\"Network connection detected (rule: NetworkConnect)\",\"message\":\"Network connection detected:\\nRuleName: \\nUtcTime: 2019-03-19 19:32:27.438\\nProcessGuid: {aa6b4a20-2aa0-5c91-0000-001036f22805}\\nProcessId: 9156\\nImage: C:\\\\Windows\\\\System32\\\\WindowsPowerShell\\\\v1.0\\\\powershell.exe\\nUser: SHIRE\\\\pgustavo\\nProtocol: tcp\\nInitiated: true\\nSourceIsIpv6: false\\nSourceIp: 172.18.39.105\\nSourceHostname: IT001.shire.com\\nSourcePort: 59400\\nSourcePortName: \\nDestinationIsIpv6: false\\nDestinationIp: 10.0.10.106\\nDestinationHostname: \\nDestinationPort: 443\\nDestinationPortName: https\",\"version\":5,\"opcode\":\"Info\",\"provider_guid\":\"{5770385f-c22a-43e0-bf4c-06f5698ffbd9}\",\"beat\":{\"name\":\"WECserver\",\"hostname\":\"WECserver\",\"version\":\"6.5.4\"},\"process_id\":2612,\"source_name\":\"Microsoft-Windows-Sysmon\"}\n",
      "\n",
      "\n",
      "70: 10.0.10.106\",\"LayerName\":\"%%14611\",\"Application\":\"\\\\device\\\\harddiskvolume2\\\\windows\\\\system32\\\\windowspowershell\\\\v1.0\\\\powershell.exe\"},\"message\":\"The Windows Filtering Platform has permitted a connection.\\n\\nApplication Information:\\n\\tProcess ID:\\t\\t4312\\n\\tApplication Name:\\t\\\\device\\\\harddiskvolume2\\\\windows\\\\system32\\\\windowspowershell\\\\v1.0\\\\powershell.exe\\n\\nNetwork Information:\\n\\tDirection:\\t\\tOutbound\\n\\tSource Address:\\t\\t172.18.39.105\\n\\tSource Port:\\t\\t59430\\n\\tDestination Address:\\t10.0.10.106\\n\\tDestination Port:\\t\\t443\\n\\tProtocol:\\t\\t6\\n\\nFilter Information:\\n\\tFilter Run-Time ID:\\t70572\\n\\tLayer Name:\\t\\tConnect\\n\\tLayer Run-Time ID:\\t48\",\"type\":\"wineventlog\",\"source_name\":\"Microsoft-Windows-Security-Auditing\",\"process_id\":4,\"beat\":{\"name\":\"WECserver\",\"hostname\":\"WECserver\",\"version\":\"6.5.4\"}}\n",
      "\n",
      "\n",
      "71: 10.0.10.106\",\"LayerName\":\"%%14611\",\"LayerRTID\":\"48\",\"RemoteUserID\":\"S-1-0-0\",\"Direction\":\"%%14593\",\"Application\":\"\\\\device\\\\harddiskvolume2\\\\windows\\\\system32\\\\windowspowershell\\\\v1.0\\\\powershell.exe\",\"FilterRTID\":\"70572\",\"SourceAddress\":\"172.18.39.105\",\"DestPort\":\"443\",\"ProcessID\":\"9156\"},\"record_number\":\"1026514\",\"level\":\"Information\",\"provider_guid\":\"{54849625-5478-4994-a5ba-3e3b0328c30d}\",\"task\":\"Filtering Platform Connection\",\"message\":\"The Windows Filtering Platform has permitted a connection.\\n\\nApplication Information:\\n\\tProcess ID:\\t\\t9156\\n\\tApplication Name:\\t\\\\device\\\\harddiskvolume2\\\\windows\\\\system32\\\\windowspowershell\\\\v1.0\\\\powershell.exe\\n\\nNetwork Information:\\n\\tDirection:\\t\\tOutbound\\n\\tSource Address:\\t\\t172.18.39.105\\n\\tSource Port:\\t\\t59388\\n\\tDestination Address:\\t10.0.10.106\\n\\tDestination Port:\\t\\t443\\n\\tProtocol:\\t\\t6\\n\\nFilter Information:\\n\\tFilter Run-Time ID:\\t70572\\n\\tLayer Name:\\t\\tConnect\\n\\tLayer Run-Time ID:\\t48\"}\n",
      "\n",
      "\n",
      "72: 10.0.10.106\",\"LayerName\":\"%%14611\",\"ProcessID\":\"8148\",\"RemoteMachineID\":\"S-1-0-0\",\"SourceAddress\":\"172.18.39.105\",\"DestPort\":\"443\",\"Direction\":\"%%14593\",\"Protocol\":\"6\",\"FilterRTID\":\"70572\",\"Application\":\"\\\\device\\\\harddiskvolume2\\\\windows\\\\system32\\\\cmd.exe\"},\"provider_guid\":\"{54849625-5478-4994-a5ba-3e3b0328c30d}\",\"event_id\":5156,\"thread_id\":7940,\"type\":\"wineventlog\",\"version\":1,\"message\":\"The Windows Filtering Platform has permitted a connection.\\n\\nApplication Information:\\n\\tProcess ID:\\t\\t8148\\n\\tApplication Name:\\t\\\\device\\\\harddiskvolume2\\\\windows\\\\system32\\\\cmd.exe\\n\\nNetwork Information:\\n\\tDirection:\\t\\tOutbound\\n\\tSource Address:\\t\\t172.18.39.105\\n\\tSource Port:\\t\\t59323\\n\\tDestination Address:\\t10.0.10.106\\n\\tDestination Port:\\t\\t443\\n\\tProtocol:\\t\\t6\\n\\nFilter Information:\\n\\tFilter Run-Time ID:\\t70572\\n\\tLayer Name:\\t\\tConnect\\n\\tLayer Run-Time ID:\\t48\",\"process_id\":4,\"log_name\":\"Security\",\"source_name\":\"Microsoft-Windows-Security-Auditing\",\"level\":\"Information\",\"opcode\":\"Info\",\"computer_name\":\"IT001.shire.com\",\"host\":{\"name\":\"WECserver\"}}\n",
      "\n",
      "\n",
