      "195: 10.0.10.106\\nDestinationHostname: \\nDestinationPort: 443\\nDestinationPortName: https\",\"event_data\":{\"DestinationIp\":\"10.0.10.106\",\"SourceIsIpv6\":\"false\",\"Image\":\"C:\\\\Windows\\\\System32\\\\WindowsPowerShell\\\\v1.0\\\\powershell.exe\",\"Initiated\":\"true\",\"User\":\"SHIRE\\\\pgustavo\",\"SourcePort\":\"59375\",\"DestinationPort\":\"443\",\"ProcessGuid\":\"{aa6b4a20-2aa0-5c91-0000-001036f22805}\",\"ProcessId\":\"9156\",\"SourceIp\":\"172.18.39.105\",\"DestinationIsIpv6\":\"false\",\"SourceHostname\":\"IT001.shire.com\",\"Protocol\":\"tcp\",\"UtcTime\":\"2019-03-19 19:31:56.657\",\"DestinationPortName\":\"https\"},\"thread_id\":688,\"provider_guid\":\"{5770385f-c22a-43e0-bf4c-06f5698ffbd9}\",\"computer_name\":\"IT001.shire.com\",\"type\":\"wineventlog\",\"record_number\":\"3371634\",\"log_name\":\"Microsoft-Windows-Sysmon/Operational\",\"opcode\":\"Info\",\"host\":{\"name\":\"WECserver\"}}\n",
      "\n",
      "\n",
      "196: 10.0.10.106\\nDestinationHostname: \\nDestinationPort: 443\\nDestinationPortName: https\",\"event_data\":{\"DestinationIp\":\"10.0.10.106\",\"User\":\"SHIRE\\\\Mmidge\",\"Initiated\":\"true\",\"ProcessGuid\":\"{905CC552-43AC-5C91-0000-0010B44BB703}\",\"ProcessId\":\"904\",\"SourceHostname\":\"HFDC01.shire.com\",\"SourceIp\":\"172.18.39.5\",\"SourcePort\":\"50673\",\"SourceIsIpv6\":\"false\",\"DestinationPortName\":\"https\",\"UtcTime\":\"2019-03-19 19:30:34.885\",\"Protocol\":\"tcp\",\"DestinationIsIpv6\":\"false\",\"DestinationPort\":\"443\",\"Image\":\"C:\\\\Windows\\\\System32\\\\WindowsPowerShell\\\\v1.0\\\\powershell.exe\"},\"log_name\":\"Microsoft-Windows-Sysmon/Operational\",\"process_id\":1900,\"computer_name\":\"HFDC01.shire.com\",\"provider_guid\":\"{5770385F-C22A-43E0-BF4C-06F5698FFBD9}\",\"beat\":{\"name\":\"WECserver\",\"hostname\":\"WECserver\",\"version\":\"6.5.4\"},\"host\":{\"name\":\"WECserver\"},\"level\":\"Information\"}\n",
      "\n",
      "\n",
      "197: 10.0.10.106\\nDestinationHostname: \\nDestinationPort: 443\\nDestinationPortName: https\",\"event_data\":{\"DestinationIsIpv6\":\"false\",\"DestinationIp\":\"10.0.10.106\",\"User\":\"SHIRE\\\\pgustavo\",\"SourceIsIpv6\":\"false\",\"ProcessId\":\"9156\",\"SourceHostname\":\"IT001.shire.com\",\"DestinationPort\":\"443\",\"ProcessGuid\":\"{aa6b4a20-2aa0-5c91-0000-001036f22805}\",\"Image\":\"C:\\\\Windows\\\\System32\\\\WindowsPowerShell\\\\v1.0\\\\powershell.exe\",\"SourcePort\":\"59443\",\"Initiated\":\"true\",\"SourceIp\":\"172.18.39.105\",\"DestinationPortName\":\"https\",\"Protocol\":\"tcp\",\"UtcTime\":\"2019-03-19 19:34:03.654\"},\"level\":\"Information\",\"process_id\":2612,\"type\":\"wineventlog\",\"computer_name\":\"IT001.shire.com\"}\n",
      "\n",
      "\n",
      "198: 10.0.10.106\\nDestinationHostname: \\nDestinationPort: 443\\nDestinationPortName: https\",\"event_data\":{\"DestinationIsIpv6\":\"false\",\"User\":\"SHIRE\\\\pgustavo\",\"SourceIp\":\"172.18.39.105\",\"DestinationPortName\":\"https\",\"Protocol\":\"tcp\",\"ProcessGuid\":\"{aa6b4a20-2aa0-5c91-0000-001036f22805}\",\"Initiated\":\"true\",\"Image\":\"C:\\\\Windows\\\\System32\\\\WindowsPowerShell\\\\v1.0\\\\powershell.exe\",\"SourceHostname\":\"IT001.shire.com\",\"UtcTime\":\"2019-03-19 19:32:12.048\",\"DestinationIp\":\"10.0.10.106\",\"DestinationPort\":\"443\",\"ProcessId\":\"9156\",\"SourceIsIpv6\":\"false\",\"SourcePort\":\"59391\"},\"log_name\":\"Microsoft-Windows-Sysmon/Operational\",\"level\":\"Information\",\"computer_name\":\"IT001.shire.com\",\"host\":{\"name\":\"WECserver\"}}\n",
      "\n",
      "\n",
      "199: 10.0.10.106\\nDestinationHostname: \\nDestinationPort: 443\\nDestinationPortName: https\",\"event_data\":{\"ProcessGuid\":\"{aa6b4a20-3f53-5c91-0000-0010e43d3b05}\",\"Protocol\":\"tcp\",\"SourceIsIpv6\":\"false\",\"DestinationPort\":\"443\",\"DestinationPortName\":\"https\",\"ProcessId\":\"8148\",\"User\":\"SHIRE\\\\pgustavo\",\"SourceHostname\":\"IT001.shire.com\",\"DestinationIp\":\"10.0.10.106\",\"Initiated\":\"true\",\"Image\":\"C:\\\\Windows\\\\System32\\\\cmd.exe\",\"SourceIp\":\"172.18.39.105\",\"SourcePort\":\"59507\",\"UtcTime\":\"2019-03-19 19:35:42.672\",\"DestinationIsIpv6\":\"false\"},\"computer_name\":\"IT001.shire.com\",\"type\":\"wineventlog\",\"user\":{\"identifier\":\"S-1-5-18\",\"name\":\"SYSTEM\",\"domain\":\"NT AUTHORITY\",\"type\":\"User\"},\"beat\":{\"name\":\"WECserver\",\"hostname\":\"WECserver\",\"version\":\"6.5.4\"},\"host\":{\"name\":\"WECserver\"},\"opcode\":\"Info\",\"thread_id\":688,\"source_name\":\"Microsoft-Windows-Sysmon\",\"process_id\":2612,\"event_id\":3,\"record_number\":\"3372172\"}\n",
      "\n",
      "\n",
      "200: 10.0.10.106\\nDestinationHostname: \\nDestinationPort: 443\\nDestinationPortName: https\",\"event_data\":{\"ProcessId\":\"9156\",\"DestinationIp\":\"10.0.10.106\",\"UtcTime\":\"2019-03-19 19:32:06.923\",\"SourceIsIpv6\":\"false\",\"DestinationPortName\":\"https\",\"DestinationPort\":\"443\",\"ProcessGuid\":\"{aa6b4a20-2aa0-5c91-0000-001036f22805}\",\"User\":\"SHIRE\\\\pgustavo\",\"Initiated\":\"true\",\"Protocol\":\"tcp\",\"SourcePort\":\"59388\",\"Image\":\"C:\\\\Windows\\\\System32\\\\WindowsPowerShell\\\\v1.0\\\\powershell.exe\",\"DestinationIsIpv6\":\"false\",\"SourceIp\":\"172.18.39.105\",\"SourceHostname\":\"IT001.shire.com\"},\"log_name\":\"Microsoft-Windows-Sysmon/Operational\",\"computer_name\":\"IT001.shire.com\",\"process_id\":2612,\"thread_id\":688,\"provider_guid\":\"{5770385f-c22a-43e0-bf4c-06f5698ffbd9}\",\"user\":{\"name\":\"SYSTEM\",\"domain\":\"NT AUTHORITY\",\"type\":\"User\",\"identifier\":\"S-1-5-18\"},\"record_number\":\"3371664\",\"event_id\":3,\"beat\":{\"name\":\"WECserver\",\"hostname\":\"WECserver\",\"version\":\"6.5.4\"},\"source_name\":\"Microsoft-Windows-Sysmon\",\"task\":\"Network connection detected (rule: NetworkConnect)\"}\n",
      "\n",
      "\n",
      "201: 10.0.10.106\\nDestinationHostname: \\nDestinationPort: 443\\nDestinationPortName: https\",\"event_data\":{\"Protocol\":\"tcp\",\"DestinationIsIpv6\":\"false\",\"SourceHostname\":\"IT001.shire.com\",\"DestinationPortName\":\"https\",\"DestinationPort\":\"443\",\"ProcessId\":\"8148\",\"SourceIsIpv6\":\"false\",\"Initiated\":\"true\",\"UtcTime\":\"2019-03-19 19:33:20.542\",\"Image\":\"C:\\\\Windows\\\\System32\\\\cmd.exe\",\"DestinationIp\":\"10.0.10.106\",\"ProcessGuid\":\"{aa6b4a20-3f53-5c91-0000-0010e43d3b05}\",\"User\":\"SHIRE\\\\pgustavo\",\"SourcePort\":\"59422\",\"SourceIp\":\"172.18.39.105\"},\"host\":{\"name\":\"WECserver\"},\"event_id\":3,\"process_id\":2612}\n",
      "\n",
      "\n",
      "202: 10.0.10.106\\nDestinationHostname: \\nDestinationPort: 443\\nDestinationPortName: https\",\"event_data\":{\"Protocol\":\"tcp\",\"Initiated\":\"true\",\"SourceIp\":\"172.18.39.105\",\"DestinationPortName\":\"https\",\"Image\":\"C:\\\\Windows\\\\System32\\\\cmd.exe\",\"SourceIsIpv6\":\"false\",\"User\":\"SHIRE\\\\pgustavo\",\"UtcTime\":\"2019-03-19 19:31:15.623\",\"ProcessGuid\":\"{aa6b4a20-3f53-5c91-0000-0010e43d3b05}\",\"ProcessId\":\"8148\",\"DestinationPort\":\"443\",\"DestinationIp\":\"10.0.10.106\",\"DestinationIsIpv6\":\"false\",\"SourceHostname\":\"IT001.shire.com\",\"SourcePort\":\"59347\"},\"beat\":{\"version\":\"6.5.4\",\"name\":\"WECserver\",\"hostname\":\"WECserver\"},\"level\":\"Information\",\"task\":\"Network connection detected (rule: NetworkConnect)\",\"thread_id\":688,\"version\":5,\"opcode\":\"Info\",\"record_number\":\"3371548\",\"provider_guid\":\"{5770385f-c22a-43e0-bf4c-06f5698ffbd9}\",\"process_id\":2612,\"source_name\":\"Microsoft-Windows-Sysmon\",\"log_name\":\"Microsoft-Windows-Sysmon/Operational\"}\n",
      "\n",
      "\n",
      "203: 10.0.10.106\\nDestinationHostname: \\nDestinationPort: 443\\nDestinationPortName: https\",\"event_data\":{\"Protocol\":\"tcp\",\"Initiated\":\"true\",\"User\":\"SHIRE\\\\pgustavo\",\"SourceIsIpv6\":\"false\",\"SourceIp\":\"172.18.39.105\",\"ProcessGuid\":\"{aa6b4a20-1a98-5c91-0000-00105b0f0205}\",\"DestinationPort\":\"443\",\"SourcePort\":\"59437\",\"ProcessId\":\"4312\",\"Image\":\"C:\\\\Windows\\\\System32\\\\WindowsPowerShell\\\\v1.0\\\\powershell.exe\",\"UtcTime\":\"2019-03-19 19:33:46.501\",\"DestinationIp\":\"10.0.10.106\",\"SourceHostname\":\"IT001.shire.com\",\"DestinationIsIpv6\":\"false\",\"DestinationPortName\":\"https\"},\"beat\":{\"hostname\":\"WECserver\",\"version\":\"6.5.4\",\"name\":\"WECserver\"},\"source_name\":\"Microsoft-Windows-Sysmon\",\"computer_name\":\"IT001.shire.com\",\"opcode\":\"Info\",\"record_number\":\"3371775\",\"type\":\"wineventlog\",\"user\":{\"identifier\":\"S-1-5-18\",\"name\":\"SYSTEM\",\"domain\":\"NT AUTHORITY\",\"type\":\"User\"},\"event_id\":3,\"version\":5}\n",
      "\n",
      "\n",
      "204: 10.0.10.106\\nDestinationHostname: \\nDestinationPort: 443\\nDestinationPortName: https\",\"event_data\":{\"SourceHostname\":\"IT001.shire.com\",\"Image\":\"C:\\\\Windows\\\\System32\\\\WindowsPowerShell\\\\v1.0\\\\powershell.exe\",\"SourceIsIpv6\":\"false\",\"User\":\"SHIRE\\\\pgustavo\",\"Protocol\":\"tcp\",\"SourceIp\":\"172.18.39.105\",\"DestinationPortName\":\"https\",\"ProcessId\":\"4312\",\"DestinationIsIpv6\":\"false\",\"Initiated\":\"true\",\"SourcePort\":\"59352\",\"UtcTime\":\"2019-03-19 19:31:25.219\",\"ProcessGuid\":\"{aa6b4a20-1a98-5c91-0000-00105b0f0205}\",\"DestinationPort\":\"443\",\"DestinationIp\":\"10.0.10.106\"},\"thread_id\":688}\n",
      "\n",
      "\n",
      "205: 10.0.10.106\\nDestinationHostname: \\nDestinationPort: 443\\nDestinationPortName: https\",\"event_data\":{\"SourceHostname\":\"IT001.shire.com\",\"Initiated\":\"true\",\"UtcTime\":\"2019-03-19 19:34:31.458\",\"ProcessId\":\"4312\",\"User\":\"SHIRE\\\\pgustavo\",\"SourceIsIpv6\":\"false\",\"DestinationPortName\":\"https\",\"DestinationIsIpv6\":\"false\",\"SourcePort\":\"59463\",\"ProcessGuid\":\"{aa6b4a20-1a98-5c91-0000-00105b0f0205}\",\"DestinationIp\":\"10.0.10.106\",\"DestinationPort\":\"443\",\"Image\":\"C:\\\\Windows\\\\System32\\\\WindowsPowerShell\\\\v1.0\\\\powershell.exe\",\"Protocol\":\"tcp\",\"SourceIp\":\"172.18.39.105\"},\"provider_guid\":\"{5770385f-c22a-43e0-bf4c-06f5698ffbd9}\",\"computer_name\":\"IT001.shire.com\"}\n",
      "\n",
      "\n",
      "206: 10.0.10.106\\nDestinationHostname: \\nDestinationPort: 443\\nDestinationPortName: https\",\"event_data\":{\"SourceHostname\":\"IT001.shire.com\",\"ProcessId\":\"8148\",\"DestinationPortName\":\"https\",\"SourcePort\":\"59401\",\"SourceIsIpv6\":\"false\",\"SourceIp\":\"172.18.39.105\",\"Protocol\":\"tcp\",\"ProcessGuid\":\"{aa6b4a20-3f53-5c91-0000-0010e43d3b05}\",\"Image\":\"C:\\\\Windows\\\\System32\\\\cmd.exe\",\"DestinationPort\":\"443\",\"UtcTime\":\"2019-03-19 19:32:27.717\",\"DestinationIp\":\"10.0.10.106\",\"User\":\"SHIRE\\\\pgustavo\",\"DestinationIsIpv6\":\"false\",\"Initiated\":\"true\"},\"computer_name\":\"IT001.shire.com\",\"log_name\":\"Microsoft-Windows-Sysmon/Operational\",\"provider_guid\":\"{5770385f-c22a-43e0-bf4c-06f5698ffbd9}\",\"thread_id\":688,\"user\":{\"identifier\":\"S-1-5-18\",\"name\":\"SYSTEM\",\"domain\":\"NT AUTHORITY\",\"type\":\"User\"}}\n",
      "\n",
      "\n",
      "207: 10.0.10.106\\nDestinationHostname: \\nDestinationPort: 443\\nDestinationPortName: https\",\"event_data\":{\"SourceIsIpv6\":\"false\",\"DestinationIsIpv6\":\"false\",\"ProcessGuid\":\"{905CC552-43AC-5C91-0000-0010B44BB703}\",\"Protocol\":\"tcp\",\"DestinationPort\":\"443\",\"User\":\"SHIRE\\\\Mmidge\",\"Image\":\"C:\\\\Windows\\\\System32\\\\WindowsPowerShell\\\\v1.0\\\\powershell.exe\",\"DestinationIp\":\"10.0.10.106\",\"ProcessId\":\"904\",\"UtcTime\":\"2019-03-19 19:31:45.009\",\"SourcePort\":\"50699\",\"DestinationPortName\":\"https\",\"SourceHostname\":\"HFDC01.shire.com\",\"SourceIp\":\"172.18.39.5\",\"Initiated\":\"true\"},\"version\":5,\"process_id\":1900,\"type\":\"wineventlog\",\"log_name\":\"Microsoft-Windows-Sysmon/Operational\",\"provider_guid\":\"{5770385F-C22A-43E0-BF4C-06F5698FFBD9}\",\"task\":\"Network connection detected (rule: NetworkConnect)\",\"thread_id\":2564,\"record_number\":\"2959172\",\"opcode\":\"Info\",\"user\":{\"identifier\":\"S-1-5-18\",\"name\":\"SYSTEM\",\"domain\":\"NT AUTHORITY\",\"type\":\"User\"},\"host\":{\"name\":\"WECserver\"},\"computer_name\":\"HFDC01.shire.com\",\"beat\":{\"hostname\":\"WECserver\",\"version\":\"6.5.4\",\"name\":\"WECserver\"},\"source_name\":\"Microsoft-Windows-Sysmon\",\"event_id\":3}\n",
      "\n",
      "\n",
      "208: 10.0.10.106\\nDestinationHostname: \\nDestinationPort: 443\\nDestinationPortName: https\",\"event_data\":{\"UtcTime\":\"2019-03-19 19:30:24.691\",\"SourcePort\":\"50670\",\"User\":\"SHIRE\\\\Mmidge\",\"Initiated\":\"true\",\"SourceHostname\":\"HFDC01.shire.com\",\"Protocol\":\"tcp\",\"DestinationIsIpv6\":\"false\",\"DestinationPortName\":\"https\",\"SourceIp\":\"172.18.39.5\",\"DestinationIp\":\"10.0.10.106\",\"ProcessId\":\"904\",\"SourceIsIpv6\":\"false\",\"ProcessGuid\":\"{905CC552-43AC-5C91-0000-0010B44BB703}\",\"Image\":\"C:\\\\Windows\\\\System32\\\\WindowsPowerShell\\\\v1.0\\\\powershell.exe\",\"DestinationPort\":\"443\"},\"level\":\"Information\",\"host\":{\"name\":\"WECserver\"},\"opcode\":\"Info\",\"type\":\"wineventlog\",\"provider_guid\":\"{5770385F-C22A-43E0-BF4C-06F5698FFBD9}\",\"version\":5,\"source_name\":\"Microsoft-Windows-Sysmon\",\"beat\":{\"hostname\":\"WECserver\",\"version\":\"6.5.4\",\"name\":\"WECserver\"},\"record_number\":\"2959089\",\"thread_id\":2564,\"log_name\":\"Microsoft-Windows-Sysmon/Operational\",\"event_id\":3,\"process_id\":1900}\n",
      "\n",
      "\n",
      "209: 10.0.10.106\\nDestinationHostname: \\nDestinationPort: 443\\nDestinationPortName: https\",\"event_data\":{\"UtcTime\":\"2019-03-19 19:34:31.398\",\"ProcessGuid\":\"{aa6b4a20-2aa0-5c91-0000-001036f22805}\",\"ProcessId\":\"9156\",\"DestinationIp\":\"10.0.10.106\",\"DestinationPort\":\"443\",\"SourcePort\":\"59462\",\"DestinationPortName\":\"https\",\"User\":\"SHIRE\\\\pgustavo\",\"Protocol\":\"tcp\",\"SourceIp\":\"172.18.39.105\",\"Initiated\":\"true\",\"SourceHostname\":\"IT001.shire.com\",\"Image\":\"C:\\\\Windows\\\\System32\\\\WindowsPowerShell\\\\v1.0\\\\powershell.exe\",\"DestinationIsIpv6\":\"false\",\"SourceIsIpv6\":\"false\"},\"computer_name\":\"IT001.shire.com\",\"provider_guid\":\"{5770385f-c22a-43e0-bf4c-06f5698ffbd9}\",\"record_number\":\"3372066\",\"level\":\"Information\",\"type\":\"wineventlog\"}\n",
      "\n",
      "\n",
      "210: 10.0.10.106\\nDestinationHostname: \\nDestinationPort: 443\\nDestinationPortName: https\",\"event_id\":3,\"version\":5,\"opcode\":\"Info\",\"log_name\":\"Microsoft-Windows-Sysmon/Operational\",\"provider_guid\":\"{5770385f-c22a-43e0-bf4c-06f5698ffbd9}\",\"host\":{\"name\":\"WECserver\"},\"process_id\":2612,\"event_data\":{\"SourceIp\":\"172.18.39.105\",\"Initiated\":\"true\",\"DestinationIp\":\"10.0.10.106\",\"ProcessId\":\"8148\",\"Image\":\"C:\\\\Windows\\\\System32\\\\cmd.exe\",\"DestinationPortName\":\"https\",\"Protocol\":\"tcp\",\"UtcTime\":\"2019-03-19 19:32:22.639\",\"User\":\"SHIRE\\\\pgustavo\",\"SourceHostname\":\"IT001.shire.com\",\"SourcePort\":\"59398\",\"ProcessGuid\":\"{aa6b4a20-3f53-5c91-0000-0010e43d3b05}\",\"DestinationIsIpv6\":\"false\",\"DestinationPort\":\"443\",\"SourceIsIpv6\":\"false\"},\"type\":\"wineventlog\",\"thread_id\":688,\"computer_name\":\"IT001.shire.com\",\"record_number\":\"3371685\",\"user\":{\"name\":\"SYSTEM\",\"domain\":\"NT AUTHORITY\",\"type\":\"User\",\"identifier\":\"S-1-5-18\"},\"level\":\"Information\",\"source_name\":\"Microsoft-Windows-Sysmon\"}\n",
      "\n",
      "\n",
      "211: 10.0.10.106\\nDestinationHostname: \\nDestinationPort: 443\\nDestinationPortName: https\",\"event_id\":3,\"version\":5,\"opcode\":\"Info\",\"record_number\":\"3372165\",\"host\":{\"name\":\"WECserver\"},\"event_data\":{\"User\":\"SHIRE\\\\pgustavo\",\"SourceHostname\":\"IT001.shire.com\",\"ProcessId\":\"9156\",\"DestinationIsIpv6\":\"false\",\"DestinationIp\":\"10.0.10.106\",\"Initiated\":\"true\",\"SourceIp\":\"172.18.39.105\",\"Image\":\"C:\\\\Windows\\\\System32\\\\WindowsPowerShell\\\\v1.0\\\\powershell.exe\",\"Protocol\":\"tcp\",\"SourcePort\":\"59503\",\"DestinationPort\":\"443\",\"ProcessGuid\":\"{aa6b4a20-2aa0-5c91-0000-001036f22805}\",\"UtcTime\":\"2019-03-19 19:35:38.221\",\"SourceIsIpv6\":\"false\",\"DestinationPortName\":\"https\"},\"type\":\"wineventlog\",\"thread_id\":688,\"process_id\":2612,\"provider_guid\":\"{5770385f-c22a-43e0-bf4c-06f5698ffbd9}\",\"user\":{\"identifier\":\"S-1-5-18\",\"name\":\"SYSTEM\",\"domain\":\"NT AUTHORITY\",\"type\":\"User\"},\"computer_name\":\"IT001.shire.com\",\"level\":\"Information\"}\n",
      "\n",
      "\n",
      "212: 10.0.10.106\\nDestinationHostname: \\nDestinationPort: 443\\nDestinationPortName: https\",\"host\":{\"name\":\"WECserver\"},\"computer_name\":\"IT001.shire.com\",\"event_data\":{\"User\":\"SHIRE\\\\pgustavo\",\"Protocol\":\"tcp\",\"Initiated\":\"true\",\"SourceIsIpv6\":\"false\",\"DestinationPortName\":\"https\",\"SourceIp\":\"172.18.39.105\",\"UtcTime\":\"2019-03-19 19:31:57.054\",\"SourceHostname\":\"IT001.shire.com\",\"DestinationIsIpv6\":\"false\",\"DestinationIp\":\"10.0.10.106\",\"ProcessId\":\"8148\",\"Image\":\"C:\\\\Windows\\\\System32\\\\cmd.exe\",\"SourcePort\":\"59383\",\"DestinationPort\":\"443\",\"ProcessGuid\":\"{aa6b4a20-3f53-5c91-0000-0010e43d3b05}\"},\"version\":5,\"opcode\":\"Info\"}\n",
      "\n",
      "\n",
      "213: 10.0.10.106\\nDestinationHostname: \\nDestinationPort: 443\\nDestinationPortName: https\",\"host\":{\"name\":\"WECserver\"},\"provider_guid\":\"{5770385f-c22a-43e0-bf4c-06f5698ffbd9}\",\"level\":\"Information\",\"event_data\":{\"SourceIp\":\"172.18.39.105\",\"SourceHostname\":\"IT001.shire.com\",\"ProcessId\":\"4312\",\"Protocol\":\"tcp\",\"DestinationIsIpv6\":\"false\",\"Image\":\"C:\\\\Windows\\\\System32\\\\WindowsPowerShell\\\\v1.0\\\\powershell.exe\",\"Initiated\":\"true\",\"DestinationPortName\":\"https\",\"SourceIsIpv6\":\"false\",\"DestinationPort\":\"443\",\"User\":\"SHIRE\\\\pgustavo\",\"UtcTime\":\"2019-03-19 19:34:41.820\",\"ProcessGuid\":\"{aa6b4a20-1a98-5c91-0000-00105b0f0205}\",\"DestinationIp\":\"10.0.10.106\",\"SourcePort\":\"59469\"},\"log_name\":\"Microsoft-Windows-Sysmon/Operational\",\"opcode\":\"Info\",\"version\":5,\"process_id\":2612,\"event_id\":3,\"user\":{\"identifier\":\"S-1-5-18\",\"name\":\"SYSTEM\",\"domain\":\"NT AUTHORITY\",\"type\":\"User\"},\"source_name\":\"Microsoft-Windows-Sysmon\"}\n",
      "\n",
      "\n",
      "214: 10.0.10.106\\nDestinationHostname: \\nDestinationPort: 443\\nDestinationPortName: https\",\"host\":{\"name\":\"WECserver\"},\"task\":\"Network connection detected (rule: NetworkConnect)\",\"version\":5,\"process_id\":2612,\"type\":\"wineventlog\",\"log_name\":\"Microsoft-Windows-Sysmon/Operational\",\"event_data\":{\"SourceIp\":\"172.18.39.105\",\"Protocol\":\"tcp\",\"ProcessGuid\":\"{aa6b4a20-3f53-5c91-0000-0010e43d3b05}\",\"SourcePort\":\"59502\",\"ProcessId\":\"8148\",\"DestinationIp\":\"10.0.10.106\",\"DestinationPortName\":\"https\",\"SourceIsIpv6\":\"false\",\"Image\":\"C:\\\\Windows\\\\System32\\\\cmd.exe\",\"Initiated\":\"true\",\"SourceHostname\":\"IT001.shire.com\",\"UtcTime\":\"2019-03-19 19:35:37.579\",\"DestinationIsIpv6\":\"false\",\"User\":\"SHIRE\\\\pgustavo\",\"DestinationPort\":\"443\"}}\n",
      "\n",
      "\n",
      "215: 10.0.10.106\\nDestinationHostname: \\nDestinationPort: 443\\nDestinationPortName: https\",\"level\":\"Information\",\"beat\":{\"name\":\"WECserver\",\"hostname\":\"WECserver\",\"version\":\"6.5.4\"},\"log_name\":\"Microsoft-Windows-Sysmon/Operational\",\"process_id\":1900,\"user\":{\"identifier\":\"S-1-5-18\",\"name\":\"SYSTEM\",\"domain\":\"NT AUTHORITY\",\"type\":\"User\"},\"provider_guid\":\"{5770385F-C22A-43E0-BF4C-06F5698FFBD9}\",\"source_name\":\"Microsoft-Windows-Sysmon\",\"opcode\":\"Info\",\"thread_id\":2564,\"version\":5,\"computer_name\":\"HFDC01.shire.com\",\"host\":{\"name\":\"WECserver\"},\"type\":\"wineventlog\",\"record_number\":\"2959313\",\"event_id\":3,\"event_data\":{\"SourcePort\":\"50724\",\"DestinationPort\":\"443\",\"ProcessId\":\"904\",\"DestinationIp\":\"10.0.10.106\",\"Initiated\":\"true\",\"SourceIsIpv6\":\"false\",\"SourceHostname\":\"HFDC01.shire.com\",\"SourceIp\":\"172.18.39.5\",\"DestinationPortName\":\"https\",\"ProcessGuid\":\"{905CC552-43AC-5C91-0000-0010B44BB703}\",\"Image\":\"C:\\\\Windows\\\\System32\\\\WindowsPowerShell\\\\v1.0\\\\powershell.exe\",\"User\":\"SHIRE\\\\Mmidge\",\"UtcTime\":\"2019-03-19 19:33:31.745\",\"Protocol\":\"tcp\",\"DestinationIsIpv6\":\"false\"}}\n",
      "\n",
      "\n",
      "216: 10.0.10.106\\nDestinationHostname: \\nDestinationPort: 443\\nDestinationPortName: https\",\"level\":\"Information\",\"host\":{\"name\":\"WECserver\"},\"user\":{\"identifier\":\"S-1-5-18\",\"name\":\"SYSTEM\",\"domain\":\"NT AUTHORITY\",\"type\":\"User\"},\"type\":\"wineventlog\",\"process_id\":2612,\"event_data\":{\"DestinationPort\":\"443\",\"Protocol\":\"tcp\",\"DestinationIsIpv6\":\"false\",\"SourceIp\":\"172.18.39.105\",\"ProcessId\":\"8148\",\"SourceIsIpv6\":\"false\",\"DestinationPortName\":\"https\",\"DestinationIp\":\"10.0.10.106\",\"Image\":\"C:\\\\Windows\\\\System32\\\\cmd.exe\",\"SourcePort\":\"59495\",\"UtcTime\":\"2019-03-19 19:35:27.390\",\"SourceHostname\":\"IT001.shire.com\",\"User\":\"SHIRE\\\\pgustavo\",\"ProcessGuid\":\"{aa6b4a20-3f53-5c91-0000-0010e43d3b05}\",\"Initiated\":\"true\"}}\n",
      "\n",
      "\n",
      "217: 10.0.10.106\\nDestinationHostname: \\nDestinationPort: 443\\nDestinationPortName: https\",\"level\":\"Information\",\"log_name\":\"Microsoft-Windows-Sysmon/Operational\",\"task\":\"Network connection detected (rule: NetworkConnect)\",\"thread_id\":688,\"event_data\":{\"DestinationPort\":\"443\",\"User\":\"SHIRE\\\\pgustavo\",\"Initiated\":\"true\",\"DestinationIsIpv6\":\"false\",\"DestinationIp\":\"10.0.10.106\",\"Image\":\"C:\\\\Windows\\\\System32\\\\WindowsPowerShell\\\\v1.0\\\\powershell.exe\",\"Protocol\":\"tcp\",\"SourceHostname\":\"IT001.shire.com\",\"ProcessId\":\"9156\",\"SourceIsIpv6\":\"false\",\"DestinationPortName\":\"https\",\"UtcTime\":\"2019-03-19 19:35:27.970\",\"SourceIp\":\"172.18.39.105\",\"SourcePort\":\"59496\",\"ProcessGuid\":\"{aa6b4a20-2aa0-5c91-0000-001036f22805}\"},\"version\":5,\"computer_name\":\"IT001.shire.com\",\"source_name\":\"Microsoft-Windows-Sysmon\",\"provider_guid\":\"{5770385f-c22a-43e0-bf4c-06f5698ffbd9}\",\"opcode\":\"Info\",\"process_id\":2612,\"beat\":{\"hostname\":\"WECserver\",\"version\":\"6.5.4\",\"name\":\"WECserver\"},\"host\":{\"name\":\"WECserver\"},\"record_number\":\"3372151\",\"user\":{\"identifier\":\"S-1-5-18\",\"name\":\"SYSTEM\",\"domain\":\"NT AUTHORITY\",\"type\":\"User\"},\"event_id\":3}\n",
      "\n",
      "\n",
      "218: 10.0.10.106\\nDestinationHostname: \\nDestinationPort: 443\\nDestinationPortName: https\",\"level\":\"Information\",\"source_name\":\"Microsoft-Windows-Sysmon\",\"event_id\":3,\"user\":{\"type\":\"User\",\"identifier\":\"S-1-5-18\",\"name\":\"SYSTEM\",\"domain\":\"NT AUTHORITY\"},\"host\":{\"name\":\"WECserver\"},\"computer_name\":\"IT001.shire.com\",\"type\":\"wineventlog\",\"log_name\":\"Microsoft-Windows-Sysmon/Operational\",\"provider_guid\":\"{5770385f-c22a-43e0-bf4c-06f5698ffbd9}\",\"event_data\":{\"DestinationIsIpv6\":\"false\",\"UtcTime\":\"2019-03-19 19:35:07.576\",\"DestinationPort\":\"443\",\"User\":\"SHIRE\\\\pgustavo\",\"SourceHostname\":\"IT001.shire.com\",\"SourceIsIpv6\":\"false\",\"ProcessId\":\"4312\",\"ProcessGuid\":\"{aa6b4a20-1a98-5c91-0000-00105b0f0205}\",\"Protocol\":\"tcp\",\"SourcePort\":\"59485\",\"DestinationIp\":\"10.0.10.106\",\"SourceIp\":\"172.18.39.105\",\"Image\":\"C:\\\\Windows\\\\System32\\\\WindowsPowerShell\\\\v1.0\\\\powershell.exe\",\"DestinationPortName\":\"https\",\"Initiated\":\"true\"},\"beat\":{\"name\":\"WECserver\",\"hostname\":\"WECserver\",\"version\":\"6.5.4\"},\"record_number\":\"3372126\",\"version\":5,\"process_id\":2612,\"opcode\":\"Info\",\"task\":\"Network connection detected (rule: NetworkConnect)\"}\n",
      "\n",
      "\n",
      "219: 10.0.10.106\\nDestinationHostname: \\nDestinationPort: 443\\nDestinationPortName: https\",\"level\":\"Information\",\"thread_id\":688,\"user\":{\"identifier\":\"S-1-5-18\",\"name\":\"SYSTEM\",\"domain\":\"NT AUTHORITY\",\"type\":\"User\"},\"source_name\":\"Microsoft-Windows-Sysmon\",\"version\":5,\"log_name\":\"Microsoft-Windows-Sysmon/Operational\",\"record_number\":\"3371704\",\"host\":{\"name\":\"WECserver\"},\"event_id\":3,\"provider_guid\":\"{5770385f-c22a-43e0-bf4c-06f5698ffbd9}\",\"process_id\":2612,\"task\":\"Network connection detected (rule: NetworkConnect)\",\"opcode\":\"Info\",\"event_data\":{\"SourcePort\":\"59408\",\"Initiated\":\"true\",\"DestinationPortName\":\"https\",\"SourceIp\":\"172.18.39.105\",\"User\":\"SHIRE\\\\pgustavo\",\"UtcTime\":\"2019-03-19 19:32:47.857\",\"Image\":\"C:\\\\Windows\\\\System32\\\\cmd.exe\",\"DestinationPort\":\"443\",\"DestinationIsIpv6\":\"false\",\"DestinationIp\":\"10.0.10.106\",\"ProcessGuid\":\"{aa6b4a20-3f53-5c91-0000-0010e43d3b05}\",\"SourceHostname\":\"IT001.shire.com\",\"Protocol\":\"tcp\",\"ProcessId\":\"8148\",\"SourceIsIpv6\":\"false\"},\"beat\":{\"version\":\"6.5.4\",\"name\":\"WECserver\",\"hostname\":\"WECserver\"},\"type\":\"wineventlog\"}\n",
      "\n",
      "\n",
      "220: 10.0.10.106\\nDestinationHostname: \\nDestinationPort: 443\\nDestinationPortName: https\",\"log_name\":\"Microsoft-Windows-Sysmon/Operational\",\"opcode\":\"Info\",\"computer_name\":\"IT001.shire.com\",\"process_id\":2612,\"event_data\":{\"SourceHostname\":\"IT001.shire.com\",\"DestinationIsIpv6\":\"false\",\"DestinationPortName\":\"https\",\"User\":\"SHIRE\\\\pgustavo\",\"SourceIsIpv6\":\"false\",\"ProcessGuid\":\"{aa6b4a20-1a98-5c91-0000-00105b0f0205}\",\"Initiated\":\"true\",\"DestinationPort\":\"443\",\"Protocol\":\"tcp\",\"SourcePort\":\"59494\",\"UtcTime\":\"2019-03-19 19:35:23.002\",\"ProcessId\":\"4312\",\"Image\":\"C:\\\\Windows\\\\System32\\\\WindowsPowerShell\\\\v1.0\\\\powershell.exe\",\"DestinationIp\":\"10.0.10.106\",\"SourceIp\":\"172.18.39.105\"},\"event_id\":3,\"task\":\"Network connection detected (rule: NetworkConnect)\",\"host\":{\"name\":\"WECserver\"}}\n",
      "\n",
      "\n",
      "221: 10.0.10.106\\nDestinationHostname: \\nDestinationPort: 443\\nDestinationPortName: https\",\"log_name\":\"Microsoft-Windows-Sysmon/Operational\",\"provider_guid\":\"{5770385f-c22a-43e0-bf4c-06f5698ffbd9}\",\"version\":5,\"computer_name\":\"IT001.shire.com\",\"thread_id\":688,\"record_number\":\"3372125\",\"opcode\":\"Info\",\"user\":{\"identifier\":\"S-1-5-18\",\"name\":\"SYSTEM\",\"domain\":\"NT AUTHORITY\",\"type\":\"User\"},\"event_id\":3,\"process_id\":2612,\"event_data\":{\"SourceIsIpv6\":\"false\",\"DestinationPort\":\"443\",\"User\":\"SHIRE\\\\pgustavo\",\"SourceHostname\":\"IT001.shire.com\",\"ProcessId\":\"9156\",\"Image\":\"C:\\\\Windows\\\\System32\\\\WindowsPowerShell\\\\v1.0\\\\powershell.exe\",\"SourceIp\":\"172.18.39.105\",\"UtcTime\":\"2019-03-19 19:35:07.408\",\"DestinationIp\":\"10.0.10.106\",\"DestinationPortName\":\"https\",\"ProcessGuid\":\"{aa6b4a20-2aa0-5c91-0000-001036f22805}\",\"SourcePort\":\"59484\",\"Protocol\":\"tcp\",\"Initiated\":\"true\",\"DestinationIsIpv6\":\"false\"},\"source_name\":\"Microsoft-Windows-Sysmon\",\"type\":\"wineventlog\",\"level\":\"Information\",\"host\":{\"name\":\"WECserver\"},\"beat\":{\"name\":\"WECserver\",\"hostname\":\"WECserver\",\"version\":\"6.5.4\"}}\n",
      "\n",
      "\n",
      "222: 10.0.10.106\\nDestinationHostname: \\nDestinationPort: 443\\nDestinationPortName: https\",\"log_name\":\"Microsoft-Windows-Sysmon/Operational\",\"source_name\":\"Microsoft-Windows-Sysmon\",\"level\":\"Information\",\"user\":{\"type\":\"User\",\"identifier\":\"S-1-5-18\",\"name\":\"SYSTEM\",\"domain\":\"NT AUTHORITY\"},\"version\":5,\"event_data\":{\"UtcTime\":\"2019-03-19 19:33:06.287\",\"DestinationPortName\":\"https\",\"SourceHostname\":\"HFDC01.shire.com\",\"SourcePort\":\"50719\",\"DestinationIp\":\"10.0.10.106\",\"Initiated\":\"true\",\"DestinationPort\":\"443\",\"ProcessGuid\":\"{905CC552-43AC-5C91-0000-0010B44BB703}\",\"ProcessId\":\"904\",\"Image\":\"C:\\\\Windows\\\\System32\\\\WindowsPowerShell\\\\v1.0\\\\powershell.exe\",\"SourceIp\":\"172.18.39.5\",\"DestinationIsIpv6\":\"false\",\"SourceIsIpv6\":\"false\",\"Protocol\":\"tcp\",\"User\":\"SHIRE\\\\Mmidge\"},\"record_number\":\"2959301\",\"beat\":{\"hostname\":\"WECserver\",\"version\":\"6.5.4\",\"name\":\"WECserver\"}}\n",
      "\n",
      "\n",
      "223: 10.0.10.106\\nDestinationHostname: \\nDestinationPort: 443\\nDestinationPortName: https\",\"log_name\":\"Microsoft-Windows-Sysmon/Operational\",\"source_name\":\"Microsoft-Windows-Sysmon\",\"process_id\":1900,\"event_data\":{\"Initiated\":\"true\",\"SourceHostname\":\"HFDC01.shire.com\",\"Protocol\":\"tcp\",\"DestinationIsIpv6\":\"false\",\"DestinationPortName\":\"https\",\"ProcessGuid\":\"{905CC552-43AC-5C91-0000-0010B44BB703}\",\"SourceIsIpv6\":\"false\",\"UtcTime\":\"2019-03-19 19:31:50.103\",\"Image\":\"C:\\\\Windows\\\\System32\\\\WindowsPowerShell\\\\v1.0\\\\powershell.exe\",\"DestinationPort\":\"443\",\"User\":\"SHIRE\\\\Mmidge\",\"ProcessId\":\"904\",\"SourcePort\":\"50700\",\"DestinationIp\":\"10.0.10.106\",\"SourceIp\":\"172.18.39.5\"},\"type\":\"wineventlog\",\"user\":{\"identifier\":\"S-1-5-18\",\"name\":\"SYSTEM\",\"domain\":\"NT AUTHORITY\",\"type\":\"User\"},\"host\":{\"name\":\"WECserver\"},\"version\":5,\"level\":\"Information\",\"thread_id\":2564}\n",
      "\n",
      "\n",
      "224: 10.0.10.106\\nDestinationHostname: \\nDestinationPort: 443\\nDestinationPortName: https\",\"log_name\":\"Microsoft-Windows-Sysmon/Operational\",\"thread_id\":688,\"event_data\":{\"SourceIp\":\"172.18.39.105\",\"ProcessGuid\":\"{aa6b4a20-1a98-5c91-0000-00105b0f0205}\",\"DestinationPortName\":\"https\",\"DestinationPort\":\"443\",\"UtcTime\":\"2019-03-19 19:34:57.276\",\"SourcePort\":\"59479\",\"User\":\"SHIRE\\\\pgustavo\",\"DestinationIsIpv6\":\"false\",\"ProcessId\":\"4312\",\"Protocol\":\"tcp\",\"SourceHostname\":\"IT001.shire.com\",\"Image\":\"C:\\\\Windows\\\\System32\\\\WindowsPowerShell\\\\v1.0\\\\powershell.exe\",\"DestinationIp\":\"10.0.10.106\",\"Initiated\":\"true\",\"SourceIsIpv6\":\"false\"},\"version\":5,\"event_id\":3,\"type\":\"wineventlog\",\"computer_name\":\"IT001.shire.com\",\"record_number\":\"3372101\",\"task\":\"Network connection detected (rule: NetworkConnect)\",\"source_name\":\"Microsoft-Windows-Sysmon\",\"provider_guid\":\"{5770385f-c22a-43e0-bf4c-06f5698ffbd9}\",\"user\":{\"identifier\":\"S-1-5-18\",\"name\":\"SYSTEM\",\"domain\":\"NT AUTHORITY\",\"type\":\"User\"},\"opcode\":\"Info\",\"level\":\"Information\",\"process_id\":2612,\"beat\":{\"version\":\"6.5.4\",\"name\":\"WECserver\",\"hostname\":\"WECserver\"},\"host\":{\"name\":\"WECserver\"}}\n",
      "\n",
      "\n",
      "225: 10.0.10.106\\nDestinationHostname: \\nDestinationPort: 443\\nDestinationPortName: https\",\"log_name\":\"Microsoft-Windows-Sysmon/Operational\",\"type\":\"wineventlog\",\"source_name\":\"Microsoft-Windows-Sysmon\",\"computer_name\":\"HFDC01.shire.com\",\"record_number\":\"2959283\",\"level\":\"Information\",\"task\":\"Network connection detected (rule: NetworkConnect)\",\"event_id\":3,\"host\":{\"name\":\"WECserver\"},\"process_id\":1900,\"thread_id\":2564,\"event_data\":{\"Initiated\":\"true\",\"DestinationPort\":\"443\",\"UtcTime\":\"2019-03-19 19:32:40.806\",\"ProcessGuid\":\"{905CC552-43AC-5C91-0000-0010B44BB703}\",\"DestinationIp\":\"10.0.10.106\",\"ProcessId\":\"904\",\"SourceIp\":\"172.18.39.5\",\"SourcePort\":\"50713\",\"DestinationIsIpv6\":\"false\",\"Protocol\":\"tcp\",\"SourceIsIpv6\":\"false\",\"SourceHostname\":\"HFDC01.shire.com\",\"Image\":\"C:\\\\Windows\\\\System32\\\\WindowsPowerShell\\\\v1.0\\\\powershell.exe\",\"DestinationPortName\":\"https\",\"User\":\"SHIRE\\\\Mmidge\"},\"beat\":{\"name\":\"WECserver\",\"hostname\":\"WECserver\",\"version\":\"6.5.4\"}}\n",
      "\n",
      "\n",
      "226: 10.0.10.106\\nDestinationHostname: \\nDestinationPort: 443\\nDestinationPortName: https\",\"log_name\":\"Microsoft-Windows-Sysmon/Operational\",\"user\":{\"type\":\"User\",\"identifier\":\"S-1-5-18\",\"name\":\"SYSTEM\",\"domain\":\"NT AUTHORITY\"},\"task\":\"Network connection detected (rule: NetworkConnect)\",\"beat\":{\"hostname\":\"WECserver\",\"version\":\"6.5.4\",\"name\":\"WECserver\"},\"event_data\":{\"SourceIsIpv6\":\"false\",\"SourceHostname\":\"IT001.shire.com\",\"Protocol\":\"tcp\",\"DestinationIsIpv6\":\"false\",\"DestinationIp\":\"10.0.10.106\",\"SourcePort\":\"59434\",\"ProcessId\":\"8148\",\"DestinationPort\":\"443\",\"ProcessGuid\":\"{aa6b4a20-3f53-5c91-0000-0010e43d3b05}\",\"DestinationPortName\":\"https\",\"Image\":\"C:\\\\Windows\\\\System32\\\\cmd.exe\",\"User\":\"SHIRE\\\\pgustavo\",\"Initiated\":\"true\",\"UtcTime\":\"2019-03-19 19:33:41.405\",\"SourceIp\":\"172.18.39.105\"},\"provider_guid\":\"{5770385f-c22a-43e0-bf4c-06f5698ffbd9}\",\"type\":\"wineventlog\",\"process_id\":2612}\n",
      "\n",
      "\n",
      "227: 10.0.10.106\\nDestinationHostname: \\nDestinationPort: 443\\nDestinationPortName: https\",\"log_name\":\"Microsoft-Windows-Sysmon/Operational\",\"version\":5,\"level\":\"Information\",\"user\":{\"identifier\":\"S-1-5-18\",\"name\":\"SYSTEM\",\"domain\":\"NT AUTHORITY\",\"type\":\"User\"},\"process_id\":2612,\"thread_id\":688,\"beat\":{\"name\":\"WECserver\",\"hostname\":\"WECserver\",\"version\":\"6.5.4\"},\"event_data\":{\"SourceIp\":\"172.18.39.105\",\"DestinationPortName\":\"https\",\"Protocol\":\"tcp\",\"DestinationIp\":\"10.0.10.106\",\"Initiated\":\"true\",\"SourcePort\":\"59346\",\"DestinationPort\":\"443\",\"DestinationIsIpv6\":\"false\",\"ProcessGuid\":\"{aa6b4a20-2aa0-5c91-0000-001036f22805}\",\"ProcessId\":\"9156\",\"User\":\"SHIRE\\\\pgustavo\",\"Image\":\"C:\\\\Windows\\\\System32\\\\WindowsPowerShell\\\\v1.0\\\\powershell.exe\",\"SourceIsIpv6\":\"false\",\"UtcTime\":\"2019-03-19 19:31:15.579\",\"SourceHostname\":\"IT001.shire.com\"},\"type\":\"wineventlog\",\"computer_name\":\"IT001.shire.com\",\"event_id\":3,\"provider_guid\":\"{5770385f-c22a-43e0-bf4c-06f5698ffbd9}\",\"task\":\"Network connection detected (rule: NetworkConnect)\",\"host\":{\"name\":\"WECserver\"},\"source_name\":\"Microsoft-Windows-Sysmon\",\"opcode\":\"Info\"}\n",
      "\n",
      "\n",
      "228: 10.0.10.106\\nDestinationHostname: \\nDestinationPort: 443\\nDestinationPortName: https\",\"process_id\":1900,\"event_data\":{\"Image\":\"C:\\\\Windows\\\\System32\\\\WindowsPowerShell\\\\v1.0\\\\powershell.exe\",\"ProcessGuid\":\"{905CC552-43AC-5C91-0000-0010B44BB703}\",\"SourceIsIpv6\":\"false\",\"SourceHostname\":\"HFDC01.shire.com\",\"UtcTime\":\"2019-03-19 19:31:24.666\",\"SourcePort\":\"50679\",\"DestinationIsIpv6\":\"false\",\"DestinationPortName\":\"https\",\"SourceIp\":\"172.18.39.5\",\"Initiated\":\"true\",\"ProcessId\":\"904\",\"DestinationIp\":\"10.0.10.106\",\"DestinationPort\":\"443\",\"User\":\"SHIRE\\\\Mmidge\",\"Protocol\":\"tcp\"},\"provider_guid\":\"{5770385F-C22A-43E0-BF4C-06F5698FFBD9}\",\"opcode\":\"Info\",\"source_name\":\"Microsoft-Windows-Sysmon\",\"type\":\"wineventlog\",\"computer_name\":\"HFDC01.shire.com\",\"user\":{\"type\":\"User\",\"identifier\":\"S-1-5-18\",\"name\":\"SYSTEM\",\"domain\":\"NT AUTHORITY\"},\"log_name\":\"Microsoft-Windows-Sysmon/Operational\"}\n",
      "\n",
      "\n",
      "229: 10.0.10.106\\nDestinationHostname: \\nDestinationPort: 443\\nDestinationPortName: https\",\"process_id\":1900,\"record_number\":\"2959285\",\"opcode\":\"Info\",\"event_data\":{\"DestinationPortName\":\"https\",\"UtcTime\":\"2019-03-19 19:32:45.902\",\"SourceIsIpv6\":\"false\",\"User\":\"SHIRE\\\\Mmidge\",\"DestinationPort\":\"443\",\"Image\":\"C:\\\\Windows\\\\System32\\\\WindowsPowerShell\\\\v1.0\\\\powershell.exe\",\"DestinationIsIpv6\":\"false\",\"ProcessId\":\"904\",\"DestinationIp\":\"10.0.10.106\",\"ProcessGuid\":\"{905CC552-43AC-5C91-0000-0010B44BB703}\",\"Initiated\":\"true\",\"SourceHostname\":\"HFDC01.shire.com\",\"Protocol\":\"tcp\",\"SourceIp\":\"172.18.39.5\",\"SourcePort\":\"50714\"},\"log_name\":\"Microsoft-Windows-Sysmon/Operational\",\"event_id\":3,\"task\":\"Network connection detected (rule: NetworkConnect)\",\"beat\":{\"name\":\"WECserver\",\"hostname\":\"WECserver\",\"version\":\"6.5.4\"},\"version\":5,\"thread_id\":2564,\"host\":{\"name\":\"WECserver\"},\"level\":\"Information\"}\n",
      "\n",
      "\n",
      "230: 10.0.10.106\\nDestinationHostname: \\nDestinationPort: 443\\nDestinationPortName: https\",\"process_id\":1900,\"type\":\"wineventlog\",\"log_name\":\"Microsoft-Windows-Sysmon/Operational\",\"event_data\":{\"DestinationPortName\":\"https\",\"User\":\"SHIRE\\\\Mmidge\",\"ProcessId\":\"904\",\"SourceHostname\":\"HFDC01.shire.com\",\"SourcePort\":\"50681\",\"DestinationIsIpv6\":\"false\",\"UtcTime\":\"2019-03-19 19:31:34.838\",\"Protocol\":\"tcp\",\"ProcessGuid\":\"{905CC552-43AC-5C91-0000-0010B44BB703}\",\"Initiated\":\"true\",\"SourceIsIpv6\":\"false\",\"SourceIp\":\"172.18.39.5\",\"DestinationIp\":\"10.0.10.106\",\"DestinationPort\":\"443\",\"Image\":\"C:\\\\Windows\\\\System32\\\\WindowsPowerShell\\\\v1.0\\\\powershell.exe\"},\"version\":5}\n",
      "\n",
      "\n",
      "231: 10.0.10.106\\nDestinationHostname: \\nDestinationPort: 443\\nDestinationPortName: https\",\"process_id\":2612,\"record_number\":\"3371736\",\"level\":\"Information\",\"version\":5,\"opcode\":\"Info\",\"source_name\":\"Microsoft-Windows-Sysmon\",\"type\":\"wineventlog\",\"host\":{\"name\":\"WECserver\"},\"task\":\"Network connection detected (rule: NetworkConnect)\",\"user\":{\"type\":\"User\",\"identifier\":\"S-1-5-18\",\"name\":\"SYSTEM\",\"domain\":\"NT AUTHORITY\"},\"event_id\":3,\"computer_name\":\"IT001.shire.com\",\"event_data\":{\"SourceIp\":\"172.18.39.105\",\"SourceHostname\":\"IT001.shire.com\",\"DestinationIp\":\"10.0.10.106\",\"ProcessId\":\"8148\",\"SourceIsIpv6\":\"false\",\"SourcePort\":\"59419\",\"DestinationIsIpv6\":\"false\",\"UtcTime\":\"2019-03-19 19:33:15.247\",\"Protocol\":\"tcp\",\"Image\":\"C:\\\\Windows\\\\System32\\\\cmd.exe\",\"DestinationPortName\":\"https\",\"Initiated\":\"true\",\"User\":\"SHIRE\\\\pgustavo\",\"ProcessGuid\":\"{aa6b4a20-3f53-5c91-0000-0010e43d3b05}\",\"DestinationPort\":\"443\"},\"beat\":{\"name\":\"WECserver\",\"hostname\":\"WECserver\",\"version\":\"6.5.4\"}}\n",
      "\n",
      "\n",
      "232: 10.0.10.106\\nDestinationHostname: \\nDestinationPort: 443\\nDestinationPortName: https\",\"process_id\":2612,\"version\":5,\"level\":\"Information\",\"event_data\":{\"Image\":\"C:\\\\Windows\\\\System32\\\\WindowsPowerShell\\\\v1.0\\\\powershell.exe\",\"SourceIsIpv6\":\"false\",\"DestinationIp\":\"10.0.10.106\",\"ProcessId\":\"9156\",\"Protocol\":\"tcp\",\"DestinationPort\":\"443\",\"SourcePort\":\"59468\",\"DestinationPortName\":\"https\",\"UtcTime\":\"2019-03-19 19:34:41.720\",\"SourceHostname\":\"IT001.shire.com\",\"SourceIp\":\"172.18.39.105\",\"ProcessGuid\":\"{aa6b4a20-2aa0-5c91-0000-001036f22805}\",\"DestinationIsIpv6\":\"false\",\"User\":\"SHIRE\\\\pgustavo\",\"Initiated\":\"true\"},\"log_name\":\"Microsoft-Windows-Sysmon/Operational\",\"task\":\"Network connection detected (rule: NetworkConnect)\",\"opcode\":\"Info\",\"user\":{\"identifier\":\"S-1-5-18\",\"name\":\"SYSTEM\",\"domain\":\"NT AUTHORITY\",\"type\":\"User\"}}\n",
      "\n",
      "\n",
      "233: 10.0.10.106\\nDestinationHostname: \\nDestinationPort: 443\\nDestinationPortName: https\",\"process_id\":2612,\"version\":5,\"log_name\":\"Microsoft-Windows-Sysmon/Operational\",\"task\":\"Network connection detected (rule: NetworkConnect)\",\"user\":{\"identifier\":\"S-1-5-18\",\"name\":\"SYSTEM\",\"domain\":\"NT AUTHORITY\",\"type\":\"User\"},\"type\":\"wineventlog\",\"host\":{\"name\":\"WECserver\"},\"thread_id\":688,\"event_data\":{\"SourceIsIpv6\":\"false\",\"ProcessId\":\"9156\",\"Initiated\":\"true\",\"DestinationIsIpv6\":\"false\",\"UtcTime\":\"2019-03-19 19:34:52.002\",\"Image\":\"C:\\\\Windows\\\\System32\\\\WindowsPowerShell\\\\v1.0\\\\powershell.exe\",\"DestinationIp\":\"10.0.10.106\",\"Protocol\":\"tcp\",\"User\":\"SHIRE\\\\pgustavo\",\"DestinationPortName\":\"https\",\"SourceHostname\":\"IT001.shire.com\",\"ProcessGuid\":\"{aa6b4a20-2aa0-5c91-0000-001036f22805}\",\"SourceIp\":\"172.18.39.105\",\"SourcePort\":\"59474\",\"DestinationPort\":\"443\"},\"beat\":{\"name\":\"WECserver\",\"hostname\":\"WECserver\",\"version\":\"6.5.4\"}}\n",
      "\n",
      "\n",
      "234: 10.0.10.106\\nDestinationHostname: \\nDestinationPort: 443\\nDestinationPortName: https\",\"provider_guid\":\"{5770385f-c22a-43e0-bf4c-06f5698ffbd9}\",\"host\":{\"name\":\"WECserver\"},\"record_number\":\"3371597\",\"level\":\"Information\",\"computer_name\":\"IT001.shire.com\",\"thread_id\":688,\"process_id\":2612,\"event_data\":{\"DestinationIp\":\"10.0.10.106\",\"UtcTime\":\"2019-03-19 19:31:51.517\",\"SourcePort\":\"59372\",\"DestinationIsIpv6\":\"false\",\"ProcessGuid\":\"{aa6b4a20-2aa0-5c91-0000-001036f22805}\",\"Protocol\":\"tcp\",\"SourceIsIpv6\":\"false\",\"User\":\"SHIRE\\\\pgustavo\",\"SourceHostname\":\"IT001.shire.com\",\"Image\":\"C:\\\\Windows\\\\System32\\\\WindowsPowerShell\\\\v1.0\\\\powershell.exe\",\"ProcessId\":\"9156\",\"SourceIp\":\"172.18.39.105\",\"Initiated\":\"true\",\"DestinationPort\":\"443\",\"DestinationPortName\":\"https\"}}\n",
      "\n",
      "\n",
      "235: 10.0.10.106\\nDestinationHostname: \\nDestinationPort: 443\\nDestinationPortName: https\",\"provider_guid\":\"{5770385f-c22a-43e0-bf4c-06f5698ffbd9}\",\"host\":{\"name\":\"WECserver\"},\"user\":{\"domain\":\"NT AUTHORITY\",\"type\":\"User\",\"identifier\":\"S-1-5-18\",\"name\":\"SYSTEM\"},\"level\":\"Information\",\"opcode\":\"Info\",\"event_id\":3,\"version\":5,\"event_data\":{\"ProcessGuid\":\"{aa6b4a20-1a98-5c91-0000-00105b0f0205}\",\"SourceIsIpv6\":\"false\",\"User\":\"SHIRE\\\\pgustavo\",\"SourceHostname\":\"IT001.shire.com\",\"DestinationIsIpv6\":\"false\",\"DestinationPortName\":\"https\",\"DestinationPort\":\"443\",\"Image\":\"C:\\\\Windows\\\\System32\\\\WindowsPowerShell\\\\v1.0\\\\powershell.exe\",\"SourceIp\":\"172.18.39.105\",\"DestinationIp\":\"10.0.10.106\",\"UtcTime\":\"2019-03-19 19:31:55.954\",\"Initiated\":\"true\",\"ProcessId\":\"4312\",\"Protocol\":\"tcp\",\"SourcePort\":\"59374\"},\"log_name\":\"Microsoft-Windows-Sysmon/Operational\",\"thread_id\":688,\"type\":\"wineventlog\",\"source_name\":\"Microsoft-Windows-Sysmon\"}\n",
      "\n",
      "\n",
      "236: 10.0.10.106\\nDestinationHostname: \\nDestinationPort: 443\\nDestinationPortName: https\",\"provider_guid\":\"{5770385f-c22a-43e0-bf4c-06f5698ffbd9}\",\"process_id\":2612,\"task\":\"Network connection detected (rule: NetworkConnect)\",\"computer_name\":\"IT001.shire.com\",\"beat\":{\"hostname\":\"WECserver\",\"version\":\"6.5.4\",\"name\":\"WECserver\"},\"type\":\"wineventlog\",\"level\":\"Information\",\"version\":5,\"host\":{\"name\":\"WECserver\"},\"log_name\":\"Microsoft-Windows-Sysmon/Operational\",\"thread_id\":688,\"source_name\":\"Microsoft-Windows-Sysmon\",\"user\":{\"domain\":\"NT AUTHORITY\",\"type\":\"User\",\"identifier\":\"S-1-5-18\",\"name\":\"SYSTEM\"},\"event_id\":3,\"event_data\":{\"Initiated\":\"true\",\"DestinationIp\":\"10.0.10.106\",\"DestinationIsIpv6\":\"false\",\"DestinationPort\":\"443\",\"SourcePort\":\"59420\",\"ProcessId\":\"9156\",\"SourceIsIpv6\":\"false\",\"Image\":\"C:\\\\Windows\\\\System32\\\\WindowsPowerShell\\\\v1.0\\\\powershell.exe\",\"ProcessGuid\":\"{aa6b4a20-2aa0-5c91-0000-001036f22805}\",\"Protocol\":\"tcp\",\"UtcTime\":\"2019-03-19 19:33:20.407\",\"SourceIp\":\"172.18.39.105\",\"User\":\"SHIRE\\\\pgustavo\",\"DestinationPortName\":\"https\",\"SourceHostname\":\"IT001.shire.com\"}}\n",
      "\n",
      "\n",
      "237: 10.0.10.106\\nDestinationHostname: \\nDestinationPort: 443\\nDestinationPortName: https\",\"provider_guid\":\"{5770385f-c22a-43e0-bf4c-06f5698ffbd9}\",\"source_name\":\"Microsoft-Windows-Sysmon\",\"event_data\":{\"UtcTime\":\"2019-03-19 19:34:08.772\",\"DestinationPort\":\"443\",\"User\":\"SHIRE\\\\pgustavo\",\"DestinationPortName\":\"https\",\"SourceIp\":\"172.18.39.105\",\"SourcePort\":\"59445\",\"Protocol\":\"tcp\",\"Initiated\":\"true\",\"SourceHostname\":\"IT001.shire.com\",\"SourceIsIpv6\":\"false\",\"DestinationIsIpv6\":\"false\",\"DestinationIp\":\"10.0.10.106\",\"ProcessGuid\":\"{aa6b4a20-3f53-5c91-0000-0010e43d3b05}\",\"ProcessId\":\"8148\",\"Image\":\"C:\\\\Windows\\\\System32\\\\cmd.exe\"},\"computer_name\":\"IT001.shire.com\",\"process_id\":2612,\"beat\":{\"name\":\"WECserver\",\"hostname\":\"WECserver\",\"version\":\"6.5.4\"},\"level\":\"Information\",\"thread_id\":688,\"user\":{\"name\":\"SYSTEM\",\"domain\":\"NT AUTHORITY\",\"type\":\"User\",\"identifier\":\"S-1-5-18\"},\"host\":{\"name\":\"WECserver\"},\"log_name\":\"Microsoft-Windows-Sysmon/Operational\",\"opcode\":\"Info\",\"record_number\":\"3371800\",\"type\":\"wineventlog\",\"event_id\":3,\"version\":5}\n",
      "\n",
      "\n",
      "238: 10.0.10.106\\nDestinationHostname: \\nDestinationPort: 443\\nDestinationPortName: https\",\"provider_guid\":\"{5770385f-c22a-43e0-bf4c-06f5698ffbd9}\",\"version\":5,\"computer_name\":\"IT001.shire.com\",\"record_number\":\"3371776\",\"process_id\":2612,\"beat\":{\"name\":\"WECserver\",\"hostname\":\"WECserver\",\"version\":\"6.5.4\"},\"task\":\"Network connection detected (rule: NetworkConnect)\",\"event_data\":{\"Initiated\":\"true\",\"SourceIsIpv6\":\"false\",\"SourceHostname\":\"IT001.shire.com\",\"Protocol\":\"tcp\",\"DestinationPort\":\"443\",\"User\":\"SHIRE\\\\pgustavo\",\"DestinationPortName\":\"https\",\"Image\":\"C:\\\\Windows\\\\System32\\\\cmd.exe\",\"DestinationIp\":\"10.0.10.106\",\"SourcePort\":\"59438\",\"ProcessId\":\"8148\",\"DestinationIsIpv6\":\"false\",\"UtcTime\":\"2019-03-19 19:33:46.563\",\"ProcessGuid\":\"{aa6b4a20-3f53-5c91-0000-0010e43d3b05}\",\"SourceIp\":\"172.18.39.105\"},\"thread_id\":688,\"opcode\":\"Info\",\"log_name\":\"Microsoft-Windows-Sysmon/Operational\",\"source_name\":\"Microsoft-Windows-Sysmon\",\"host\":{\"name\":\"WECserver\"}}\n",
      "\n",
      "\n",
      "239: 10.0.10.106\\nDestinationHostname: \\nDestinationPort: 443\\nDestinationPortName: https\",\"record_number\":\"3371656\",\"event_id\":3,\"type\":\"wineventlog\",\"level\":\"Information\",\"log_name\":\"Microsoft-Windows-Sysmon/Operational\",\"host\":{\"name\":\"WECserver\"},\"task\":\"Network connection detected (rule: NetworkConnect)\",\"version\":5,\"process_id\":2612,\"opcode\":\"Info\",\"user\":{\"domain\":\"NT AUTHORITY\",\"type\":\"User\",\"identifier\":\"S-1-5-18\",\"name\":\"SYSTEM\"},\"source_name\":\"Microsoft-Windows-Sysmon\",\"event_data\":{\"User\":\"SHIRE\\\\pgustavo\",\"Initiated\":\"true\",\"DestinationIsIpv6\":\"false\",\"ProcessId\":\"4312\",\"Protocol\":\"tcp\",\"UtcTime\":\"2019-03-19 19:32:01.080\",\"Image\":\"C:\\\\Windows\\\\System32\\\\WindowsPowerShell\\\\v1.0\\\\powershell.exe\",\"SourceIsIpv6\":\"false\",\"DestinationPort\":\"443\",\"DestinationPortName\":\"https\",\"ProcessGuid\":\"{aa6b4a20-1a98-5c91-0000-00105b0f0205}\",\"SourcePort\":\"59384\",\"DestinationIp\":\"10.0.10.106\",\"SourceHostname\":\"IT001.shire.com\",\"SourceIp\":\"172.18.39.105\"},\"beat\":{\"name\":\"WECserver\",\"hostname\":\"WECserver\",\"version\":\"6.5.4\"}}\n",
      "\n",
      "\n",
      "240: 10.0.10.106\\nDestinationHostname: \\nDestinationPort: 443\\nDestinationPortName: https\",\"record_number\":\"3371668\",\"event_id\":3,\"process_id\":2612,\"event_data\":{\"ProcessGuid\":\"{aa6b4a20-1a98-5c91-0000-00105b0f0205}\",\"Initiated\":\"true\",\"Protocol\":\"tcp\",\"ProcessId\":\"4312\",\"UtcTime\":\"2019-03-19 19:32:11.313\",\"DestinationPortName\":\"https\",\"SourcePort\":\"59390\",\"DestinationIp\":\"10.0.10.106\",\"User\":\"SHIRE\\\\pgustavo\",\"SourceHostname\":\"IT001.shire.com\",\"SourceIp\":\"172.18.39.105\",\"SourceIsIpv6\":\"false\",\"DestinationIsIpv6\":\"false\",\"Image\":\"C:\\\\Windows\\\\System32\\\\WindowsPowerShell\\\\v1.0\\\\powershell.exe\",\"DestinationPort\":\"443\"},\"beat\":{\"hostname\":\"WECserver\",\"version\":\"6.5.4\",\"name\":\"WECserver\"},\"type\":\"wineventlog\",\"provider_guid\":\"{5770385f-c22a-43e0-bf4c-06f5698ffbd9}\",\"thread_id\":688,\"computer_name\":\"IT001.shire.com\",\"host\":{\"name\":\"WECserver\"}}\n",
      "\n",
      "\n",
      "241: 10.0.10.106\\nDestinationHostname: \\nDestinationPort: 443\\nDestinationPortName: https\",\"record_number\":\"3371762\",\"process_id\":2612,\"type\":\"wineventlog\",\"source_name\":\"Microsoft-Windows-Sysmon\",\"level\":\"Information\",\"task\":\"Network connection detected (rule: NetworkConnect)\",\"host\":{\"name\":\"WECserver\"},\"event_id\":3,\"provider_guid\":\"{5770385f-c22a-43e0-bf4c-06f5698ffbd9}\",\"opcode\":\"Info\",\"user\":{\"name\":\"SYSTEM\",\"domain\":\"NT AUTHORITY\",\"type\":\"User\",\"identifier\":\"S-1-5-18\"},\"event_data\":{\"User\":\"SHIRE\\\\pgustavo\",\"DestinationIsIpv6\":\"false\",\"Initiated\":\"true\",\"DestinationPortName\":\"https\",\"SourcePort\":\"59430\",\"SourceIp\":\"172.18.39.105\",\"ProcessId\":\"4312\",\"SourceIsIpv6\":\"false\",\"DestinationIp\":\"10.0.10.106\",\"DestinationPort\":\"443\",\"UtcTime\":\"2019-03-19 19:33:36.095\",\"SourceHostname\":\"IT001.shire.com\",\"Image\":\"C:\\\\Windows\\\\System32\\\\WindowsPowerShell\\\\v1.0\\\\powershell.exe\",\"Protocol\":\"tcp\",\"ProcessGuid\":\"{aa6b4a20-1a98-5c91-0000-00105b0f0205}\"},\"beat\":{\"name\":\"WECserver\",\"hostname\":\"WECserver\",\"version\":\"6.5.4\"},\"computer_name\":\"IT001.shire.com\",\"version\":5,\"thread_id\":688,\"log_name\":\"Microsoft-Windows-Sysmon/Operational\"}\n",
      "\n",
      "\n",
