{
 "cells": [
  {
   "cell_type": "markdown",
   "metadata": {},
   "source": [
    "# Разбор логов системы Windows\n",
    "\n",
    "Отчет составил: Князев Константин  \n",
    "Группа: БИСО-02-15\n",
    "\n",
    "## Цель работы\n",
    "\n",
    "Необходимо написать скрипт, который поможет разобрать логи системы Windows, с целью выявления ip-адреса атаковавшей машины.\n",
    "\n",
    "## Этапы поиска ip-адреса атаковавшей машины\n",
    "\n",
    "### Шаг №1. Первичный поиск ip-адресов\n",
    "\n",
    "Проведем поиск всех ip-адресов, содержащихся в логах:"
   ]
  },
  {
   "cell_type": "code",
   "execution_count": 34,
   "metadata": {},
   "outputs": [
    {
     "name": "stdout",
     "output_type": "stream",
     "text": [
      "--#  ip  #--\n",
      " 0.0.0.0          =>         count = 1\n",
      " 10.0.10.106          =>         count = 167\n",
      " 127.0.0.1          =>         count = 4\n",
      " 172.18.255.255          =>         count = 3\n",
      " 172.18.39.1          =>         count = 1\n",
      " 172.18.39.100          =>         count = 45\n",
      " 172.18.39.102          =>         count = 97\n",
      " 172.18.39.105          =>         count = 175\n",
      " 172.18.39.106          =>         count = 36\n",
      " 172.18.39.5          =>         count = 223\n",
      " 192.168.1.1          =>         count = 34\n",
      " 224.0.0.251          =>         count = 3\n",
      " 224.0.0.252          =>         count = 3\n",
      " 239.255.255.250          =>         count = 4\n",
      " 255.255.255.255          =>         count = 3\n"
     ]
    }
   ],
   "source": [
    "import re\n",
    "path = 'sample.json'\n",
    "pattern = r' [0-9]{1,3}[\\.][0-9]{1,3}[\\.][0-9]{1,3}[\\.][0-9]{1,3}'\n",
    "r = re.compile(pattern)\n",
    "\n",
    "file = open(path)\n",
    "json = file.read()\n",
    "ip = r.findall(json)\n",
    "ipd = list(set(ip))\n",
    "ipd.sort()\n",
    "print('--#  ip  #--')\n",
    "for i in ipd:\n",
    "    print(i + '          =>         count = ' + str(ip.count(i)))"
   ]
  },
  {
   "cell_type": "markdown",
   "metadata": {},
   "source": [
    "### Шаг №2. Аналитический разбор результатов\n",
    "\n",
    "Мы сразу можем исключить такие адреса, как:\n",
    "\n",
    "ip | причина\n",
    "----------------- | ---\n",
    "*0.0.0.0*         | *=*\n",
    "*127.0.0.1*       | *localhost*\n",
    "*192.168.1.1*     | *адрес локальной сети* (чаще всего шлюз)\n",
    "*224.0.0.251*     | *маска подсети*\n",
    "*224.0.0.252*     | *маска подсети*\n",
    "*239.255.255.250* | *маска подсети*\n",
    "*255.255.255.255* | *маска подсети*\n",
    "\n",
    "А также все адреса, подходящий под следующий шаблон **172.18.39.XXX**, так как очевидно что это ip-адреса локальной сети.\n",
    "\n",
    "Таким образом, методом исключения, мы достаточно быстро выяснили ip-адрес предполагаемого злоумышленника (**10.0.10.106**).\n",
    "\n",
    "### Шаг №3. Проверим, какие соединения были с предполагаемым злоумышленником\n",
    "\n",
    "Для этого найдем все упоминания в логах о данном ip-адресе:"
   ]
  },
  {
   "cell_type": "code",
   "execution_count": 35,
   "metadata": {},
   "outputs": [
    {
     "name": "stdout",
     "output_type": "stream",
     "text": [
      "0: 10.0.10.106\",\"Application\":\"\\\\device\\\\harddiskvolume2\\\\windows\\\\system32\\\\windowspowershell\\\\v1.0\\\\powershell.exe\",\"Direction\":\"%%14593\",\"DestPort\":\"443\",\"FilterRTID\":\"70572\",\"ProcessID\":\"4312\",\"SourcePort\":\"59482\",\"RemoteMachineID\":\"S-1-0-0\",\"Protocol\":\"6\",\"LayerRTID\":\"48\",\"LayerName\":\"%%14611\",\"RemoteUserID\":\"S-1-0-0\",\"SourceAddress\":\"172.18.39.105\"},\"log_name\":\"Security\",\"provider_guid\":\"{54849625-5478-4994-a5ba-3e3b0328c30d}\",\"message\":\"The Windows Filtering Platform has permitted a connection.\\n\\nApplication Information:\\n\\tProcess ID:\\t\\t4312\\n\\tApplication Name:\\t\\\\device\\\\harddiskvolume2\\\\windows\\\\system32\\\\windowspowershell\\\\v1.0\\\\powershell.exe\\n\\nNetwork Information:\\n\\tDirection:\\t\\tOutbound\\n\\tSource Address:\\t\\t172.18.39.105\\n\\tSource Port:\\t\\t59482\\n\\tDestination Address:\\t10.0.10.106\\n\\tDestination Port:\\t\\t443\\n\\tProtocol:\\t\\t6\\n\\nFilter Information:\\n\\tFilter Run-Time ID:\\t70572\\n\\tLayer Name:\\t\\tConnect\\n\\tLayer Run-Time ID:\\t48\",\"thread_id\":7940,\"record_number\":\"1026778\",\"beat\":{\"name\":\"WECserver\",\"hostname\":\"WECserver\",\"version\":\"6.5.4\"},\"computer_name\":\"IT001.shire.com\",\"process_id\":4,\"source_name\":\"Microsoft-Windows-Security-Auditing\",\"type\":\"wineventlog\",\"host\":{\"name\":\"WECserver\"},\"version\":1,\"opcode\":\"Info\",\"task\":\"Filtering Platform Connection\",\"level\":\"Information\"}\n",
      "\n",
      "\n",
      "1: 10.0.10.106\",\"Application\":\"\\\\device\\\\harddiskvolume2\\\\windows\\\\system32\\\\windowspowershell\\\\v1.0\\\\powershell.exe\",\"LayerName\":\"%%14611\",\"ProcessID\":\"904\",\"SourceAddress\":\"172.18.39.5\",\"DestPort\":\"443\",\"Protocol\":\"6\"},\"beat\":{\"hostname\":\"WECserver\",\"version\":\"6.5.4\",\"name\":\"WECserver\"},\"type\":\"wineventlog\",\"opcode\":\"Info\",\"source_name\":\"Microsoft-Windows-Security-Auditing\",\"task\":\"Filtering Platform Connection\",\"message\":\"The Windows Filtering Platform has permitted a connection.\\n\\nApplication Information:\\n\\tProcess ID:\\t\\t904\\n\\tApplication Name:\\t\\\\device\\\\harddiskvolume2\\\\windows\\\\system32\\\\windowspowershell\\\\v1.0\\\\powershell.exe\\n\\nNetwork Information:\\n\\tDirection:\\t\\tOutbound\\n\\tSource Address:\\t\\t172.18.39.5\\n\\tSource Port:\\t\\t50699\\n\\tDestination Address:\\t10.0.10.106\\n\\tDestination Port:\\t\\t443\\n\\tProtocol:\\t\\t6\\n\\nFilter Information:\\n\\tFilter Run-Time ID:\\t71841\\n\\tLayer Name:\\t\\tConnect\\n\\tLayer Run-Time ID:\\t48\",\"log_name\":\"Security\",\"provider_guid\":\"{54849625-5478-4994-A5BA-3E3B0328C30D}\",\"keywords\":[\"Audit Success\"],\"computer_name\":\"HFDC01.shire.com\",\"version\":1}\n",
      "\n",
      "\n",
      "2: 10.0.10.106\",\"Application\":\"\\\\device\\\\harddiskvolume2\\\\windows\\\\system32\\\\windowspowershell\\\\v1.0\\\\powershell.exe\",\"SourcePort\":\"59375\",\"LayerName\":\"%%14611\"},\"message\":\"The Windows Filtering Platform has permitted a connection.\\n\\nApplication Information:\\n\\tProcess ID:\\t\\t9156\\n\\tApplication Name:\\t\\\\device\\\\harddiskvolume2\\\\windows\\\\system32\\\\windowspowershell\\\\v1.0\\\\powershell.exe\\n\\nNetwork Information:\\n\\tDirection:\\t\\tOutbound\\n\\tSource Address:\\t\\t172.18.39.105\\n\\tSource Port:\\t\\t59375\\n\\tDestination Address:\\t10.0.10.106\\n\\tDestination Port:\\t\\t443\\n\\tProtocol:\\t\\t6\\n\\nFilter Information:\\n\\tFilter Run-Time ID:\\t70572\\n\\tLayer Name:\\t\\tConnect\\n\\tLayer Run-Time ID:\\t48\",\"thread_id\":4548,\"record_number\":\"1026481\",\"level\":\"Information\",\"log_name\":\"Security\",\"version\":1,\"process_id\":4,\"beat\":{\"name\":\"WECserver\",\"hostname\":\"WECserver\",\"version\":\"6.5.4\"},\"keywords\":[\"Audit Success\"],\"task\":\"Filtering Platform Connection\",\"source_name\":\"Microsoft-Windows-Security-Auditing\",\"opcode\":\"Info\",\"computer_name\":\"IT001.shire.com\",\"provider_guid\":\"{54849625-5478-4994-a5ba-3e3b0328c30d}\",\"type\":\"wineventlog\",\"host\":{\"name\":\"WECserver\"}}\n",
      "\n",
      "\n",
      "3: 10.0.10.106\",\"Application\":\"\\\\device\\\\harddiskvolume2\\\\windows\\\\system32\\\\windowspowershell\\\\v1.0\\\\powershell.exe\"},\"type\":\"wineventlog\",\"task\":\"Filtering Platform Connection\",\"opcode\":\"Info\",\"keywords\":[\"Audit Success\"],\"log_name\":\"Security\",\"process_id\":4,\"thread_id\":7940,\"message\":\"The Windows Filtering Platform has permitted a connection.\\n\\nApplication Information:\\n\\tProcess ID:\\t\\t9156\\n\\tApplication Name:\\t\\\\device\\\\harddiskvolume2\\\\windows\\\\system32\\\\windowspowershell\\\\v1.0\\\\powershell.exe\\n\\nNetwork Information:\\n\\tDirection:\\t\\tOutbound\\n\\tSource Address:\\t\\t172.18.39.105\\n\\tSource Port:\\t\\t59484\\n\\tDestination Address:\\t10.0.10.106\\n\\tDestination Port:\\t\\t443\\n\\tProtocol:\\t\\t6\\n\\nFilter Information:\\n\\tFilter Run-Time ID:\\t70572\\n\\tLayer Name:\\t\\tConnect\\n\\tLayer Run-Time ID:\\t48\",\"source_name\":\"Microsoft-Windows-Security-Auditing\",\"level\":\"Information\"}\n",
      "\n",
      "\n",
      "4: 10.0.10.106\",\"DestPort\":\"443\",\"Direction\":\"%%14593\",\"SourcePort\":\"59309\",\"FilterRTID\":\"70572\",\"LayerName\":\"%%14611\",\"RemoteMachineID\":\"S-1-0-0\"},\"message\":\"The Windows Filtering Platform has permitted a connection.\\n\\nApplication Information:\\n\\tProcess ID:\\t\\t4312\\n\\tApplication Name:\\t\\\\device\\\\harddiskvolume2\\\\windows\\\\system32\\\\windowspowershell\\\\v1.0\\\\powershell.exe\\n\\nNetwork Information:\\n\\tDirection:\\t\\tOutbound\\n\\tSource Address:\\t\\t172.18.39.105\\n\\tSource Port:\\t\\t59309\\n\\tDestination Address:\\t10.0.10.106\\n\\tDestination Port:\\t\\t443\\n\\tProtocol:\\t\\t6\\n\\nFilter Information:\\n\\tFilter Run-Time ID:\\t70572\\n\\tLayer Name:\\t\\tConnect\\n\\tLayer Run-Time ID:\\t48\",\"type\":\"wineventlog\",\"thread_id\":4548,\"process_id\":4,\"computer_name\":\"IT001.shire.com\",\"beat\":{\"name\":\"WECserver\",\"hostname\":\"WECserver\",\"version\":\"6.5.4\"},\"opcode\":\"Info\",\"version\":1,\"provider_guid\":\"{54849625-5478-4994-a5ba-3e3b0328c30d}\",\"source_name\":\"Microsoft-Windows-Security-Auditing\",\"event_id\":5156,\"keywords\":[\"Audit Success\"],\"task\":\"Filtering Platform Connection\",\"host\":{\"name\":\"WECserver\"}}\n",
      "\n",
      "\n",
      "5: 10.0.10.106\",\"DestPort\":\"443\",\"FilterRTID\":\"70572\",\"LayerName\":\"%%14611\",\"SourcePort\":\"59429\",\"RemoteMachineID\":\"S-1-0-0\",\"LayerRTID\":\"48\",\"ProcessID\":\"9156\"},\"message\":\"The Windows Filtering Platform has permitted a connection.\\n\\nApplication Information:\\n\\tProcess ID:\\t\\t9156\\n\\tApplication Name:\\t\\\\device\\\\harddiskvolume2\\\\windows\\\\system32\\\\windowspowershell\\\\v1.0\\\\powershell.exe\\n\\nNetwork Information:\\n\\tDirection:\\t\\tOutbound\\n\\tSource Address:\\t\\t172.18.39.105\\n\\tSource Port:\\t\\t59429\\n\\tDestination Address:\\t10.0.10.106\\n\\tDestination Port:\\t\\t443\\n\\tProtocol:\\t\\t6\\n\\nFilter Information:\\n\\tFilter Run-Time ID:\\t70572\\n\\tLayer Name:\\t\\tConnect\\n\\tLayer Run-Time ID:\\t48\",\"computer_name\":\"IT001.shire.com\",\"version\":1,\"source_name\":\"Microsoft-Windows-Security-Auditing\",\"type\":\"wineventlog\",\"keywords\":[\"Audit Success\"],\"record_number\":\"1026620\",\"host\":{\"name\":\"WECserver\"},\"event_id\":5156,\"level\":\"Information\",\"task\":\"Filtering Platform Connection\",\"process_id\":4,\"provider_guid\":\"{54849625-5478-4994-a5ba-3e3b0328c30d}\",\"opcode\":\"Info\",\"log_name\":\"Security\",\"thread_id\":4548}\n",
      "\n",
      "\n",
      "6: 10.0.10.106\",\"DestPort\":\"443\",\"LayerName\":\"%%14611\",\"Application\":\"\\\\device\\\\harddiskvolume2\\\\windows\\\\system32\\\\windowspowershell\\\\v1.0\\\\powershell.exe\",\"SourceAddress\":\"172.18.39.5\",\"SourcePort\":\"50673\",\"Protocol\":\"6\",\"LayerRTID\":\"48\",\"FilterRTID\":\"71841\"},\"version\":1,\"computer_name\":\"HFDC01.shire.com\",\"task\":\"Filtering Platform Connection\",\"thread_id\":4332,\"record_number\":\"7780494\",\"beat\":{\"name\":\"WECserver\",\"hostname\":\"WECserver\",\"version\":\"6.5.4\"},\"event_id\":5156,\"opcode\":\"Info\",\"message\":\"The Windows Filtering Platform has permitted a connection.\\n\\nApplication Information:\\n\\tProcess ID:\\t\\t904\\n\\tApplication Name:\\t\\\\device\\\\harddiskvolume2\\\\windows\\\\system32\\\\windowspowershell\\\\v1.0\\\\powershell.exe\\n\\nNetwork Information:\\n\\tDirection:\\t\\tOutbound\\n\\tSource Address:\\t\\t172.18.39.5\\n\\tSource Port:\\t\\t50673\\n\\tDestination Address:\\t10.0.10.106\\n\\tDestination Port:\\t\\t443\\n\\tProtocol:\\t\\t6\\n\\nFilter Information:\\n\\tFilter Run-Time ID:\\t71841\\n\\tLayer Name:\\t\\tConnect\\n\\tLayer Run-Time ID:\\t48\",\"log_name\":\"Security\",\"process_id\":4,\"type\":\"wineventlog\",\"source_name\":\"Microsoft-Windows-Security-Auditing\",\"level\":\"Information\",\"keywords\":[\"Audit Success\"],\"host\":{\"name\":\"WECserver\"}}\n",
      "\n",
      "\n",
      "7: 10.0.10.106\",\"DestPort\":\"443\",\"LayerName\":\"%%14611\",\"FilterRTID\":\"71841\",\"ProcessID\":\"904\",\"Direction\":\"%%14593\",\"SourcePort\":\"50716\",\"RemoteMachineID\":\"S-1-0-0\"},\"log_name\":\"Security\",\"record_number\":\"7780829\",\"message\":\"The Windows Filtering Platform has permitted a connection.\\n\\nApplication Information:\\n\\tProcess ID:\\t\\t904\\n\\tApplication Name:\\t\\\\device\\\\harddiskvolume2\\\\windows\\\\system32\\\\windowspowershell\\\\v1.0\\\\powershell.exe\\n\\nNetwork Information:\\n\\tDirection:\\t\\tOutbound\\n\\tSource Address:\\t\\t172.18.39.5\\n\\tSource Port:\\t\\t50716\\n\\tDestination Address:\\t10.0.10.106\\n\\tDestination Port:\\t\\t443\\n\\tProtocol:\\t\\t6\\n\\nFilter Information:\\n\\tFilter Run-Time ID:\\t71841\\n\\tLayer Name:\\t\\tConnect\\n\\tLayer Run-Time ID:\\t48\",\"event_id\":5156,\"thread_id\":620,\"task\":\"Filtering Platform Connection\",\"source_name\":\"Microsoft-Windows-Security-Auditing\",\"host\":{\"name\":\"WECserver\"},\"version\":1,\"process_id\":4,\"type\":\"wineventlog\",\"computer_name\":\"HFDC01.shire.com\",\"provider_guid\":\"{54849625-5478-4994-A5BA-3E3B0328C30D}\",\"level\":\"Information\",\"keywords\":[\"Audit Success\"],\"opcode\":\"Info\",\"beat\":{\"version\":\"6.5.4\",\"name\":\"WECserver\",\"hostname\":\"WECserver\"}}\n",
      "\n",
      "\n",
      "8: 10.0.10.106\",\"DestPort\":\"443\",\"LayerName\":\"%%14611\",\"LayerRTID\":\"48\",\"RemoteUserID\":\"S-1-0-0\",\"Direction\":\"%%14593\"},\"task\":\"Filtering Platform Connection\",\"thread_id\":7940,\"record_number\":\"1026319\",\"keywords\":[\"Audit Success\"],\"provider_guid\":\"{54849625-5478-4994-a5ba-3e3b0328c30d}\",\"host\":{\"name\":\"WECserver\"},\"type\":\"wineventlog\",\"computer_name\":\"IT001.shire.com\",\"log_name\":\"Security\",\"version\":1,\"beat\":{\"name\":\"WECserver\",\"hostname\":\"WECserver\",\"version\":\"6.5.4\"},\"source_name\":\"Microsoft-Windows-Security-Auditing\",\"level\":\"Information\",\"message\":\"The Windows Filtering Platform has permitted a connection.\\n\\nApplication Information:\\n\\tProcess ID:\\t\\t8148\\n\\tApplication Name:\\t\\\\device\\\\harddiskvolume2\\\\windows\\\\system32\\\\cmd.exe\\n\\nNetwork Information:\\n\\tDirection:\\t\\tOutbound\\n\\tSource Address:\\t\\t172.18.39.105\\n\\tSource Port:\\t\\t59307\\n\\tDestination Address:\\t10.0.10.106\\n\\tDestination Port:\\t\\t443\\n\\tProtocol:\\t\\t6\\n\\nFilter Information:\\n\\tFilter Run-Time ID:\\t70572\\n\\tLayer Name:\\t\\tConnect\\n\\tLayer Run-Time ID:\\t48\"}\n",
      "\n",
      "\n",
      "9: 10.0.10.106\",\"DestPort\":\"443\",\"LayerName\":\"%%14611\",\"RemoteUserID\":\"S-1-0-0\",\"SourcePort\":\"59422\",\"SourceAddress\":\"172.18.39.105\",\"Protocol\":\"6\"},\"process_id\":4,\"computer_name\":\"IT001.shire.com\",\"type\":\"wineventlog\",\"provider_guid\":\"{54849625-5478-4994-a5ba-3e3b0328c30d}\",\"thread_id\":2524,\"level\":\"Information\",\"host\":{\"name\":\"WECserver\"},\"opcode\":\"Info\",\"message\":\"The Windows Filtering Platform has permitted a connection.\\n\\nApplication Information:\\n\\tProcess ID:\\t\\t8148\\n\\tApplication Name:\\t\\\\device\\\\harddiskvolume2\\\\windows\\\\system32\\\\cmd.exe\\n\\nNetwork Information:\\n\\tDirection:\\t\\tOutbound\\n\\tSource Address:\\t\\t172.18.39.105\\n\\tSource Port:\\t\\t59422\\n\\tDestination Address:\\t10.0.10.106\\n\\tDestination Port:\\t\\t443\\n\\tProtocol:\\t\\t6\\n\\nFilter Information:\\n\\tFilter Run-Time ID:\\t70572\\n\\tLayer Name:\\t\\tConnect\\n\\tLayer Run-Time ID:\\t48\",\"source_name\":\"Microsoft-Windows-Security-Auditing\",\"keywords\":[\"Audit Success\"],\"log_name\":\"Security\",\"record_number\":\"1026605\",\"event_id\":5156,\"beat\":{\"name\":\"WECserver\",\"hostname\":\"WECserver\",\"version\":\"6.5.4\"}}\n",
      "\n",
      "\n",
      "10: 10.0.10.106\",\"DestPort\":\"443\",\"LayerName\":\"%%14611\"},\"keywords\":[\"Audit Success\"],\"type\":\"wineventlog\",\"computer_name\":\"IT001.shire.com\",\"record_number\":\"1026817\",\"source_name\":\"Microsoft-Windows-Security-Auditing\",\"thread_id\":7940,\"event_id\":5156,\"provider_guid\":\"{54849625-5478-4994-a5ba-3e3b0328c30d}\",\"task\":\"Filtering Platform Connection\",\"message\":\"The Windows Filtering Platform has permitted a connection.\\n\\nApplication Information:\\n\\tProcess ID:\\t\\t9156\\n\\tApplication Name:\\t\\\\device\\\\harddiskvolume2\\\\windows\\\\system32\\\\windowspowershell\\\\v1.0\\\\powershell.exe\\n\\nNetwork Information:\\n\\tDirection:\\t\\tOutbound\\n\\tSource Address:\\t\\t172.18.39.105\\n\\tSource Port:\\t\\t59496\\n\\tDestination Address:\\t10.0.10.106\\n\\tDestination Port:\\t\\t443\\n\\tProtocol:\\t\\t6\\n\\nFilter Information:\\n\\tFilter Run-Time ID:\\t70572\\n\\tLayer Name:\\t\\tConnect\\n\\tLayer Run-Time ID:\\t48\",\"host\":{\"name\":\"WECserver\"}}\n",
      "\n",
      "\n",
      "11: 10.0.10.106\",\"DestPort\":\"443\",\"LayerRTID\":\"48\",\"Application\":\"\\\\device\\\\harddiskvolume2\\\\windows\\\\system32\\\\cmd.exe\"},\"level\":\"Information\",\"log_name\":\"Security\",\"host\":{\"name\":\"WECserver\"},\"beat\":{\"name\":\"WECserver\",\"hostname\":\"WECserver\",\"version\":\"6.5.4\"},\"keywords\":[\"Audit Success\"],\"thread_id\":4548,\"record_number\":\"1026350\",\"opcode\":\"Info\",\"message\":\"The Windows Filtering Platform has permitted a connection.\\n\\nApplication Information:\\n\\tProcess ID:\\t\\t8148\\n\\tApplication Name:\\t\\\\device\\\\harddiskvolume2\\\\windows\\\\system32\\\\cmd.exe\\n\\nNetwork Information:\\n\\tDirection:\\t\\tOutbound\\n\\tSource Address:\\t\\t172.18.39.105\\n\\tSource Port:\\t\\t59317\\n\\tDestination Address:\\t10.0.10.106\\n\\tDestination Port:\\t\\t443\\n\\tProtocol:\\t\\t6\\n\\nFilter Information:\\n\\tFilter Run-Time ID:\\t70572\\n\\tLayer Name:\\t\\tConnect\\n\\tLayer Run-Time ID:\\t48\",\"type\":\"wineventlog\",\"provider_guid\":\"{54849625-5478-4994-a5ba-3e3b0328c30d}\",\"task\":\"Filtering Platform Connection\"}\n",
      "\n",
      "\n",
      "12: 10.0.10.106\",\"DestPort\":\"443\",\"LayerRTID\":\"48\",\"RemoteUserID\":\"S-1-0-0\",\"RemoteMachineID\":\"S-1-0-0\",\"Direction\":\"%%14593\",\"SourceAddress\":\"172.18.39.105\",\"Protocol\":\"6\",\"LayerName\":\"%%14611\",\"ProcessID\":\"9156\"},\"provider_guid\":\"{54849625-5478-4994-a5ba-3e3b0328c30d}\",\"record_number\":\"1026384\",\"opcode\":\"Info\",\"log_name\":\"Security\",\"task\":\"Filtering Platform Connection\",\"event_id\":5156,\"process_id\":4,\"host\":{\"name\":\"WECserver\"},\"thread_id\":7940,\"computer_name\":\"IT001.shire.com\",\"type\":\"wineventlog\",\"version\":1,\"level\":\"Information\",\"keywords\":[\"Audit Success\"],\"message\":\"The Windows Filtering Platform has permitted a connection.\\n\\nApplication Information:\\n\\tProcess ID:\\t\\t9156\\n\\tApplication Name:\\t\\\\device\\\\harddiskvolume2\\\\windows\\\\system32\\\\windowspowershell\\\\v1.0\\\\powershell.exe\\n\\nNetwork Information:\\n\\tDirection:\\t\\tOutbound\\n\\tSource Address:\\t\\t172.18.39.105\\n\\tSource Port:\\t\\t59334\\n\\tDestination Address:\\t10.0.10.106\\n\\tDestination Port:\\t\\t443\\n\\tProtocol:\\t\\t6\\n\\nFilter Information:\\n\\tFilter Run-Time ID:\\t70572\\n\\tLayer Name:\\t\\tConnect\\n\\tLayer Run-Time ID:\\t48\",\"source_name\":\"Microsoft-Windows-Security-Auditing\",\"beat\":{\"name\":\"WECserver\",\"hostname\":\"WECserver\",\"version\":\"6.5.4\"}}\n",
      "\n",
      "\n",
      "13: 10.0.10.106\",\"DestPort\":\"443\",\"LayerRTID\":\"48\",\"RemoteUserID\":\"S-1-0-0\",\"SourceAddress\":\"172.18.39.105\",\"Protocol\":\"6\",\"ProcessID\":\"9156\",\"FilterRTID\":\"70572\",\"RemoteMachineID\":\"S-1-0-0\",\"Application\":\"\\\\device\\\\harddiskvolume2\\\\windows\\\\system32\\\\windowspowershell\\\\v1.0\\\\powershell.exe\",\"Direction\":\"%%14593\"},\"keywords\":[\"Audit Success\"],\"source_name\":\"Microsoft-Windows-Security-Auditing\",\"thread_id\":7940,\"beat\":{\"name\":\"WECserver\",\"hostname\":\"WECserver\",\"version\":\"6.5.4\"},\"type\":\"wineventlog\",\"version\":1,\"event_id\":5156,\"message\":\"The Windows Filtering Platform has permitted a connection.\\n\\nApplication Information:\\n\\tProcess ID:\\t\\t9156\\n\\tApplication Name:\\t\\\\device\\\\harddiskvolume2\\\\windows\\\\system32\\\\windowspowershell\\\\v1.0\\\\powershell.exe\\n\\nNetwork Information:\\n\\tDirection:\\t\\tOutbound\\n\\tSource Address:\\t\\t172.18.39.105\\n\\tSource Port:\\t\\t59331\\n\\tDestination Address:\\t10.0.10.106\\n\\tDestination Port:\\t\\t443\\n\\tProtocol:\\t\\t6\\n\\nFilter Information:\\n\\tFilter Run-Time ID:\\t70572\\n\\tLayer Name:\\t\\tConnect\\n\\tLayer Run-Time ID:\\t48\",\"log_name\":\"Security\",\"process_id\":4,\"task\":\"Filtering Platform Connection\"}\n",
      "\n",
      "\n",
      "14: 10.0.10.106\",\"DestPort\":\"443\",\"LayerRTID\":\"48\",\"SourcePort\":\"59501\",\"RemoteMachineID\":\"S-1-0-0\",\"Direction\":\"%%14593\",\"SourceAddress\":\"172.18.39.105\",\"RemoteUserID\":\"S-1-0-0\",\"Application\":\"\\\\device\\\\harddiskvolume2\\\\windows\\\\system32\\\\windowspowershell\\\\v1.0\\\\powershell.exe\",\"FilterRTID\":\"70572\",\"LayerName\":\"%%14611\",\"ProcessID\":\"4312\"},\"source_name\":\"Microsoft-Windows-Security-Auditing\",\"message\":\"The Windows Filtering Platform has permitted a connection.\\n\\nApplication Information:\\n\\tProcess ID:\\t\\t4312\\n\\tApplication Name:\\t\\\\device\\\\harddiskvolume2\\\\windows\\\\system32\\\\windowspowershell\\\\v1.0\\\\powershell.exe\\n\\nNetwork Information:\\n\\tDirection:\\t\\tOutbound\\n\\tSource Address:\\t\\t172.18.39.105\\n\\tSource Port:\\t\\t59501\\n\\tDestination Address:\\t10.0.10.106\\n\\tDestination Port:\\t\\t443\\n\\tProtocol:\\t\\t6\\n\\nFilter Information:\\n\\tFilter Run-Time ID:\\t70572\\n\\tLayer Name:\\t\\tConnect\\n\\tLayer Run-Time ID:\\t48\",\"thread_id\":7940}\n",
      "\n",
      "\n",
      "15: 10.0.10.106\",\"DestPort\":\"443\",\"LayerRTID\":\"48\"},\"keywords\":[\"Audit Success\"],\"log_name\":\"Security\",\"version\":1,\"message\":\"The Windows Filtering Platform has permitted a connection.\\n\\nApplication Information:\\n\\tProcess ID:\\t\\t904\\n\\tApplication Name:\\t\\\\device\\\\harddiskvolume2\\\\windows\\\\system32\\\\windowspowershell\\\\v1.0\\\\powershell.exe\\n\\nNetwork Information:\\n\\tDirection:\\t\\tOutbound\\n\\tSource Address:\\t\\t172.18.39.5\\n\\tSource Port:\\t\\t50676\\n\\tDestination Address:\\t10.0.10.106\\n\\tDestination Port:\\t\\t443\\n\\tProtocol:\\t\\t6\\n\\nFilter Information:\\n\\tFilter Run-Time ID:\\t71841\\n\\tLayer Name:\\t\\tConnect\\n\\tLayer Run-Time ID:\\t48\",\"beat\":{\"name\":\"WECserver\",\"hostname\":\"WECserver\",\"version\":\"6.5.4\"}}\n",
      "\n",
      "\n",
      "16: 10.0.10.106\",\"DestPort\":\"443\",\"Protocol\":\"6\",\"Application\":\"\\\\device\\\\harddiskvolume2\\\\windows\\\\system32\\\\cmd.exe\",\"LayerName\":\"%%14611\"},\"host\":{\"name\":\"WECserver\"},\"type\":\"wineventlog\",\"event_id\":5156,\"process_id\":4,\"source_name\":\"Microsoft-Windows-Security-Auditing\",\"message\":\"The Windows Filtering Platform has permitted a connection.\\n\\nApplication Information:\\n\\tProcess ID:\\t\\t8148\\n\\tApplication Name:\\t\\\\device\\\\harddiskvolume2\\\\windows\\\\system32\\\\cmd.exe\\n\\nNetwork Information:\\n\\tDirection:\\t\\tOutbound\\n\\tSource Address:\\t\\t172.18.39.105\\n\\tSource Port:\\t\\t59502\\n\\tDestination Address:\\t10.0.10.106\\n\\tDestination Port:\\t\\t443\\n\\tProtocol:\\t\\t6\\n\\nFilter Information:\\n\\tFilter Run-Time ID:\\t70572\\n\\tLayer Name:\\t\\tConnect\\n\\tLayer Run-Time ID:\\t48\",\"computer_name\":\"IT001.shire.com\",\"provider_guid\":\"{54849625-5478-4994-a5ba-3e3b0328c30d}\",\"version\":1,\"beat\":{\"version\":\"6.5.4\",\"name\":\"WECserver\",\"hostname\":\"WECserver\"},\"log_name\":\"Security\",\"task\":\"Filtering Platform Connection\",\"opcode\":\"Info\",\"record_number\":\"1026829\",\"level\":\"Information\"}\n",
      "\n",
      "\n",
      "17: 10.0.10.106\",\"DestPort\":\"443\",\"Protocol\":\"6\",\"Application\":\"\\\\device\\\\harddiskvolume2\\\\windows\\\\system32\\\\windowspowershell\\\\v1.0\\\\powershell.exe\",\"Direction\":\"%%14593\",\"SourcePort\":\"50712\",\"FilterRTID\":\"71841\",\"SourceAddress\":\"172.18.39.5\",\"RemoteMachineID\":\"S-1-0-0\",\"ProcessID\":\"904\",\"LayerRTID\":\"48\",\"RemoteUserID\":\"S-1-0-0\"},\"type\":\"wineventlog\",\"version\":1,\"host\":{\"name\":\"WECserver\"},\"message\":\"The Windows Filtering Platform has permitted a connection.\\n\\nApplication Information:\\n\\tProcess ID:\\t\\t904\\n\\tApplication Name:\\t\\\\device\\\\harddiskvolume2\\\\windows\\\\system32\\\\windowspowershell\\\\v1.0\\\\powershell.exe\\n\\nNetwork Information:\\n\\tDirection:\\t\\tOutbound\\n\\tSource Address:\\t\\t172.18.39.5\\n\\tSource Port:\\t\\t50712\\n\\tDestination Address:\\t10.0.10.106\\n\\tDestination Port:\\t\\t443\\n\\tProtocol:\\t\\t6\\n\\nFilter Information:\\n\\tFilter Run-Time ID:\\t71841\\n\\tLayer Name:\\t\\tConnect\\n\\tLayer Run-Time ID:\\t48\",\"thread_id\":620,\"beat\":{\"name\":\"WECserver\",\"hostname\":\"WECserver\",\"version\":\"6.5.4\"},\"process_id\":4,\"log_name\":\"Security\",\"provider_guid\":\"{54849625-5478-4994-A5BA-3E3B0328C30D}\"}\n",
      "\n",
      "\n",
      "18: 10.0.10.106\",\"DestPort\":\"443\",\"Protocol\":\"6\",\"FilterRTID\":\"70572\",\"SourceAddress\":\"172.18.39.105\",\"LayerRTID\":\"48\",\"LayerName\":\"%%14611\",\"Direction\":\"%%14593\",\"RemoteUserID\":\"S-1-0-0\",\"Application\":\"\\\\device\\\\harddiskvolume2\\\\windows\\\\system32\\\\windowspowershell\\\\v1.0\\\\powershell.exe\",\"RemoteMachineID\":\"S-1-0-0\"},\"message\":\"The Windows Filtering Platform has permitted a connection.\\n\\nApplication Information:\\n\\tProcess ID:\\t\\t9156\\n\\tApplication Name:\\t\\\\device\\\\harddiskvolume2\\\\windows\\\\system32\\\\windowspowershell\\\\v1.0\\\\powershell.exe\\n\\nNetwork Information:\\n\\tDirection:\\t\\tOutbound\\n\\tSource Address:\\t\\t172.18.39.105\\n\\tSource Port:\\t\\t59350\\n\\tDestination Address:\\t10.0.10.106\\n\\tDestination Port:\\t\\t443\\n\\tProtocol:\\t\\t6\\n\\nFilter Information:\\n\\tFilter Run-Time ID:\\t70572\\n\\tLayer Name:\\t\\tConnect\\n\\tLayer Run-Time ID:\\t48\"}\n",
      "\n",
      "\n",
      "19: 10.0.10.106\",\"DestPort\":\"443\",\"Protocol\":\"6\",\"FilterRTID\":\"71841\",\"ProcessID\":\"904\",\"RemoteUserID\":\"S-1-0-0\",\"Application\":\"\\\\device\\\\harddiskvolume2\\\\windows\\\\system32\\\\windowspowershell\\\\v1.0\\\\powershell.exe\",\"SourcePort\":\"50707\",\"LayerName\":\"%%14611\",\"LayerRTID\":\"48\",\"RemoteMachineID\":\"S-1-0-0\",\"Direction\":\"%%14593\"},\"keywords\":[\"Audit Success\"],\"provider_guid\":\"{54849625-5478-4994-A5BA-3E3B0328C30D}\",\"event_id\":5156,\"log_name\":\"Security\",\"computer_name\":\"HFDC01.shire.com\",\"opcode\":\"Info\",\"type\":\"wineventlog\",\"record_number\":\"7780662\",\"process_id\":4,\"source_name\":\"Microsoft-Windows-Security-Auditing\",\"beat\":{\"name\":\"WECserver\",\"hostname\":\"WECserver\",\"version\":\"6.5.4\"},\"message\":\"The Windows Filtering Platform has permitted a connection.\\n\\nApplication Information:\\n\\tProcess ID:\\t\\t904\\n\\tApplication Name:\\t\\\\device\\\\harddiskvolume2\\\\windows\\\\system32\\\\windowspowershell\\\\v1.0\\\\powershell.exe\\n\\nNetwork Information:\\n\\tDirection:\\t\\tOutbound\\n\\tSource Address:\\t\\t172.18.39.5\\n\\tSource Port:\\t\\t50707\\n\\tDestination Address:\\t10.0.10.106\\n\\tDestination Port:\\t\\t443\\n\\tProtocol:\\t\\t6\\n\\nFilter Information:\\n\\tFilter Run-Time ID:\\t71841\\n\\tLayer Name:\\t\\tConnect\\n\\tLayer Run-Time ID:\\t48\",\"level\":\"Information\",\"task\":\"Filtering Platform Connection\",\"host\":{\"name\":\"WECserver\"}}\n",
      "\n",
      "\n",
      "20: 10.0.10.106\",\"DestPort\":\"443\",\"Protocol\":\"6\",\"LayerName\":\"%%14611\",\"LayerRTID\":\"48\",\"RemoteUserID\":\"S-1-0-0\",\"Application\":\"\\\\device\\\\harddiskvolume2\\\\windows\\\\system32\\\\cmd.exe\",\"SourceAddress\":\"172.18.39.105\",\"FilterRTID\":\"70572\",\"RemoteMachineID\":\"S-1-0-0\",\"ProcessID\":\"8148\"},\"record_number\":\"1026815\",\"opcode\":\"Info\",\"provider_guid\":\"{54849625-5478-4994-a5ba-3e3b0328c30d}\",\"host\":{\"name\":\"WECserver\"},\"level\":\"Information\",\"version\":1,\"computer_name\":\"IT001.shire.com\",\"message\":\"The Windows Filtering Platform has permitted a connection.\\n\\nApplication Information:\\n\\tProcess ID:\\t\\t8148\\n\\tApplication Name:\\t\\\\device\\\\harddiskvolume2\\\\windows\\\\system32\\\\cmd.exe\\n\\nNetwork Information:\\n\\tDirection:\\t\\tOutbound\\n\\tSource Address:\\t\\t172.18.39.105\\n\\tSource Port:\\t\\t59495\\n\\tDestination Address:\\t10.0.10.106\\n\\tDestination Port:\\t\\t443\\n\\tProtocol:\\t\\t6\\n\\nFilter Information:\\n\\tFilter Run-Time ID:\\t70572\\n\\tLayer Name:\\t\\tConnect\\n\\tLayer Run-Time ID:\\t48\",\"beat\":{\"name\":\"WECserver\",\"hostname\":\"WECserver\",\"version\":\"6.5.4\"}}\n",
      "\n",
      "\n",
      "21: 10.0.10.106\",\"DestPort\":\"443\",\"Protocol\":\"6\",\"SourceAddress\":\"172.18.39.105\",\"FilterRTID\":\"70572\",\"LayerRTID\":\"48\",\"SourcePort\":\"59477\",\"RemoteMachineID\":\"S-1-0-0\"},\"opcode\":\"Info\",\"computer_name\":\"IT001.shire.com\",\"thread_id\":7940,\"message\":\"The Windows Filtering Platform has permitted a connection.\\n\\nApplication Information:\\n\\tProcess ID:\\t\\t8148\\n\\tApplication Name:\\t\\\\device\\\\harddiskvolume2\\\\windows\\\\system32\\\\cmd.exe\\n\\nNetwork Information:\\n\\tDirection:\\t\\tOutbound\\n\\tSource Address:\\t\\t172.18.39.105\\n\\tSource Port:\\t\\t59477\\n\\tDestination Address:\\t10.0.10.106\\n\\tDestination Port:\\t\\t443\\n\\tProtocol:\\t\\t6\\n\\nFilter Information:\\n\\tFilter Run-Time ID:\\t70572\\n\\tLayer Name:\\t\\tConnect\\n\\tLayer Run-Time ID:\\t48\",\"log_name\":\"Security\",\"record_number\":\"1026768\",\"source_name\":\"Microsoft-Windows-Security-Auditing\",\"task\":\"Filtering Platform Connection\",\"version\":1,\"event_id\":5156,\"type\":\"wineventlog\",\"provider_guid\":\"{54849625-5478-4994-a5ba-3e3b0328c30d}\",\"level\":\"Information\"}\n",
      "\n",
      "\n",
      "22: 10.0.10.106\",\"DestPort\":\"443\",\"RemoteUserID\":\"S-1-0-0\",\"Application\":\"\\\\device\\\\harddiskvolume2\\\\windows\\\\system32\\\\cmd.exe\",\"SourcePort\":\"59392\",\"FilterRTID\":\"70572\",\"RemoteMachineID\":\"S-1-0-0\"},\"log_name\":\"Security\",\"task\":\"Filtering Platform Connection\",\"record_number\":\"1026522\",\"type\":\"wineventlog\",\"process_id\":4,\"keywords\":[\"Audit Success\"],\"level\":\"Information\",\"beat\":{\"name\":\"WECserver\",\"hostname\":\"WECserver\",\"version\":\"6.5.4\"},\"host\":{\"name\":\"WECserver\"},\"computer_name\":\"IT001.shire.com\",\"opcode\":\"Info\",\"source_name\":\"Microsoft-Windows-Security-Auditing\",\"event_id\":5156,\"message\":\"The Windows Filtering Platform has permitted a connection.\\n\\nApplication Information:\\n\\tProcess ID:\\t\\t8148\\n\\tApplication Name:\\t\\\\device\\\\harddiskvolume2\\\\windows\\\\system32\\\\cmd.exe\\n\\nNetwork Information:\\n\\tDirection:\\t\\tOutbound\\n\\tSource Address:\\t\\t172.18.39.105\\n\\tSource Port:\\t\\t59392\\n\\tDestination Address:\\t10.0.10.106\\n\\tDestination Port:\\t\\t443\\n\\tProtocol:\\t\\t6\\n\\nFilter Information:\\n\\tFilter Run-Time ID:\\t70572\\n\\tLayer Name:\\t\\tConnect\\n\\tLayer Run-Time ID:\\t48\",\"thread_id\":1488,\"version\":1}\n",
      "\n",
      "\n",
      "23: 10.0.10.106\",\"DestPort\":\"443\",\"RemoteUserID\":\"S-1-0-0\",\"ProcessID\":\"8148\",\"Application\":\"\\\\device\\\\harddiskvolume2\\\\windows\\\\system32\\\\cmd.exe\",\"Protocol\":\"6\",\"LayerName\":\"%%14611\",\"RemoteMachineID\":\"S-1-0-0\",\"FilterRTID\":\"70572\",\"LayerRTID\":\"48\"},\"type\":\"wineventlog\",\"process_id\":4,\"version\":1,\"thread_id\":7940,\"record_number\":\"1026398\",\"provider_guid\":\"{54849625-5478-4994-a5ba-3e3b0328c30d}\",\"message\":\"The Windows Filtering Platform has permitted a connection.\\n\\nApplication Information:\\n\\tProcess ID:\\t\\t8148\\n\\tApplication Name:\\t\\\\device\\\\harddiskvolume2\\\\windows\\\\system32\\\\cmd.exe\\n\\nNetwork Information:\\n\\tDirection:\\t\\tOutbound\\n\\tSource Address:\\t\\t172.18.39.105\\n\\tSource Port:\\t\\t59341\\n\\tDestination Address:\\t10.0.10.106\\n\\tDestination Port:\\t\\t443\\n\\tProtocol:\\t\\t6\\n\\nFilter Information:\\n\\tFilter Run-Time ID:\\t70572\\n\\tLayer Name:\\t\\tConnect\\n\\tLayer Run-Time ID:\\t48\",\"keywords\":[\"Audit Success\"],\"task\":\"Filtering Platform Connection\"}\n",
      "\n",
      "\n",
      "24: 10.0.10.106\",\"DestPort\":\"443\",\"RemoteUserID\":\"S-1-0-0\",\"ProcessID\":\"9156\",\"Protocol\":\"6\",\"RemoteMachineID\":\"S-1-0-0\",\"LayerName\":\"%%14611\",\"FilterRTID\":\"70572\",\"LayerRTID\":\"48\",\"SourcePort\":\"59503\",\"Direction\":\"%%14593\"},\"beat\":{\"hostname\":\"WECserver\",\"version\":\"6.5.4\",\"name\":\"WECserver\"},\"log_name\":\"Security\",\"record_number\":\"1026831\",\"opcode\":\"Info\",\"keywords\":[\"Audit Success\"],\"host\":{\"name\":\"WECserver\"},\"computer_name\":\"IT001.shire.com\",\"task\":\"Filtering Platform Connection\",\"message\":\"The Windows Filtering Platform has permitted a connection.\\n\\nApplication Information:\\n\\tProcess ID:\\t\\t9156\\n\\tApplication Name:\\t\\\\device\\\\harddiskvolume2\\\\windows\\\\system32\\\\windowspowershell\\\\v1.0\\\\powershell.exe\\n\\nNetwork Information:\\n\\tDirection:\\t\\tOutbound\\n\\tSource Address:\\t\\t172.18.39.105\\n\\tSource Port:\\t\\t59503\\n\\tDestination Address:\\t10.0.10.106\\n\\tDestination Port:\\t\\t443\\n\\tProtocol:\\t\\t6\\n\\nFilter Information:\\n\\tFilter Run-Time ID:\\t70572\\n\\tLayer Name:\\t\\tConnect\\n\\tLayer Run-Time ID:\\t48\",\"type\":\"wineventlog\",\"provider_guid\":\"{54849625-5478-4994-a5ba-3e3b0328c30d}\",\"event_id\":5156,\"process_id\":4,\"version\":1}\n",
      "\n",
      "\n",
      "25: 10.0.10.106\",\"DestPort\":\"443\",\"RemoteUserID\":\"S-1-0-0\",\"RemoteMachineID\":\"S-1-0-0\",\"ProcessID\":\"8148\",\"Direction\":\"%%14593\",\"SourceAddress\":\"172.18.39.105\",\"Protocol\":\"6\",\"FilterRTID\":\"70572\",\"SourcePort\":\"59411\"},\"thread_id\":2524,\"source_name\":\"Microsoft-Windows-Security-Auditing\",\"record_number\":\"1026572\",\"task\":\"Filtering Platform Connection\",\"host\":{\"name\":\"WECserver\"},\"computer_name\":\"IT001.shire.com\",\"opcode\":\"Info\",\"type\":\"wineventlog\",\"event_id\":5156,\"message\":\"The Windows Filtering Platform has permitted a connection.\\n\\nApplication Information:\\n\\tProcess ID:\\t\\t8148\\n\\tApplication Name:\\t\\\\device\\\\harddiskvolume2\\\\windows\\\\system32\\\\cmd.exe\\n\\nNetwork Information:\\n\\tDirection:\\t\\tOutbound\\n\\tSource Address:\\t\\t172.18.39.105\\n\\tSource Port:\\t\\t59411\\n\\tDestination Address:\\t10.0.10.106\\n\\tDestination Port:\\t\\t443\\n\\tProtocol:\\t\\t6\\n\\nFilter Information:\\n\\tFilter Run-Time ID:\\t70572\\n\\tLayer Name:\\t\\tConnect\\n\\tLayer Run-Time ID:\\t48\"}\n",
      "\n",
      "\n",
      "26: 10.0.10.106\",\"DestinationIsIpv6\":\"false\",\"ProcessId\":\"8148\",\"ProcessGuid\":\"{aa6b4a20-3f53-5c91-0000-0010e43d3b05}\",\"Protocol\":\"tcp\"},\"log_name\":\"Microsoft-Windows-Sysmon/Operational\",\"type\":\"wineventlog\",\"beat\":{\"name\":\"WECserver\",\"hostname\":\"WECserver\",\"version\":\"6.5.4\"},\"host\":{\"name\":\"WECserver\"},\"message\":\"Network connection detected:\\nRuleName: \\nUtcTime: 2019-03-19 19:32:58.264\\nProcessGuid: {aa6b4a20-3f53-5c91-0000-0010e43d3b05}\\nProcessId: 8148\\nImage: C:\\\\Windows\\\\System32\\\\cmd.exe\\nUser: SHIRE\\\\pgustavo\\nProtocol: tcp\\nInitiated: true\\nSourceIsIpv6: false\\nSourceIp: 172.18.39.105\\nSourceHostname: IT001.shire.com\\nSourcePort: 59416\\nSourcePortName: \\nDestinationIsIpv6: false\\nDestinationIp: 10.0.10.106\\nDestinationHostname: \\nDestinationPort: 443\\nDestinationPortName: https\",\"provider_guid\":\"{5770385f-c22a-43e0-bf4c-06f5698ffbd9}\",\"version\":5,\"level\":\"Information\",\"source_name\":\"Microsoft-Windows-Sysmon\",\"computer_name\":\"IT001.shire.com\",\"thread_id\":688,\"task\":\"Network connection detected (rule: NetworkConnect)\",\"record_number\":\"3371718\",\"user\":{\"identifier\":\"S-1-5-18\",\"name\":\"SYSTEM\",\"domain\":\"NT AUTHORITY\",\"type\":\"User\"},\"event_id\":3,\"opcode\":\"Info\",\"process_id\":2612}\n",
      "\n",
      "\n",
      "27: 10.0.10.106\",\"DestinationIsIpv6\":\"false\",\"User\":\"SHIRE\\\\pgustavo\",\"Image\":\"C:\\\\Windows\\\\System32\\\\WindowsPowerShell\\\\v1.0\\\\powershell.exe\",\"UtcTime\":\"2019-03-19 19:34:13.995\",\"ProcessId\":\"4312\",\"SourcePort\":\"59455\",\"SourceIp\":\"172.18.39.105\",\"Protocol\":\"tcp\",\"DestinationPort\":\"443\",\"SourceHostname\":\"IT001.shire.com\",\"SourceIsIpv6\":\"false\",\"Initiated\":\"true\",\"ProcessGuid\":\"{aa6b4a20-1a98-5c91-0000-00105b0f0205}\"},\"event_id\":3,\"process_id\":2612,\"task\":\"Network connection detected (rule: NetworkConnect)\",\"user\":{\"identifier\":\"S-1-5-18\",\"name\":\"SYSTEM\",\"domain\":\"NT AUTHORITY\",\"type\":\"User\"},\"computer_name\":\"IT001.shire.com\",\"message\":\"Network connection detected:\\nRuleName: \\nUtcTime: 2019-03-19 19:34:13.995\\nProcessGuid: {aa6b4a20-1a98-5c91-0000-00105b0f0205}\\nProcessId: 4312\\nImage: C:\\\\Windows\\\\System32\\\\WindowsPowerShell\\\\v1.0\\\\powershell.exe\\nUser: SHIRE\\\\pgustavo\\nProtocol: tcp\\nInitiated: true\\nSourceIsIpv6: false\\nSourceIp: 172.18.39.105\\nSourceHostname: IT001.shire.com\\nSourcePort: 59455\\nSourcePortName: \\nDestinationIsIpv6: false\\nDestinationIp: 10.0.10.106\\nDestinationHostname: \\nDestinationPort: 443\\nDestinationPortName: https\",\"beat\":{\"version\":\"6.5.4\",\"name\":\"WECserver\",\"hostname\":\"WECserver\"},\"record_number\":\"3372049\"}\n",
      "\n",
      "\n",
      "28: 10.0.10.106\",\"DestinationIsIpv6\":\"false\",\"UtcTime\":\"2019-03-19 19:33:25.597\",\"ProcessGuid\":\"{aa6b4a20-2aa0-5c91-0000-001036f22805}\",\"SourceHostname\":\"IT001.shire.com\",\"Protocol\":\"tcp\",\"User\":\"SHIRE\\\\pgustavo\",\"DestinationPort\":\"443\",\"SourceIsIpv6\":\"false\",\"DestinationPortName\":\"https\",\"Image\":\"C:\\\\Windows\\\\System32\\\\WindowsPowerShell\\\\v1.0\\\\powershell.exe\"},\"level\":\"Information\",\"user\":{\"identifier\":\"S-1-5-18\",\"name\":\"SYSTEM\",\"domain\":\"NT AUTHORITY\",\"type\":\"User\"},\"computer_name\":\"IT001.shire.com\",\"source_name\":\"Microsoft-Windows-Sysmon\",\"provider_guid\":\"{5770385f-c22a-43e0-bf4c-06f5698ffbd9}\",\"log_name\":\"Microsoft-Windows-Sysmon/Operational\",\"event_id\":3,\"process_id\":2612,\"opcode\":\"Info\",\"message\":\"Network connection detected:\\nRuleName: \\nUtcTime: 2019-03-19 19:33:25.597\\nProcessGuid: {aa6b4a20-2aa0-5c91-0000-001036f22805}\\nProcessId: 9156\\nImage: C:\\\\Windows\\\\System32\\\\WindowsPowerShell\\\\v1.0\\\\powershell.exe\\nUser: SHIRE\\\\pgustavo\\nProtocol: tcp\\nInitiated: true\\nSourceIsIpv6: false\\nSourceIp: 172.18.39.105\\nSourceHostname: IT001.shire.com\\nSourcePort: 59423\\nSourcePortName: \\nDestinationIsIpv6: false\\nDestinationIp: 10.0.10.106\\nDestinationHostname: \\nDestinationPort: 443\\nDestinationPortName: https\",\"host\":{\"name\":\"WECserver\"},\"task\":\"Network connection detected (rule: NetworkConnect)\",\"record_number\":\"3371748\",\"beat\":{\"name\":\"WECserver\",\"hostname\":\"WECserver\",\"version\":\"6.5.4\"}}\n",
      "\n",
      "\n",
      "29: 10.0.10.106\",\"DestinationPort\":\"443\",\"DestinationIsIpv6\":\"false\",\"UtcTime\":\"2019-03-19 19:34:31.339\",\"Initiated\":\"true\",\"ProcessGuid\":\"{aa6b4a20-3f53-5c91-0000-0010e43d3b05}\",\"Image\":\"C:\\\\Windows\\\\System32\\\\cmd.exe\"},\"event_id\":3,\"version\":5,\"host\":{\"name\":\"WECserver\"},\"log_name\":\"Microsoft-Windows-Sysmon/Operational\",\"computer_name\":\"IT001.shire.com\",\"level\":\"Information\",\"record_number\":\"3372065\",\"message\":\"Network connection detected:\\nRuleName: \\nUtcTime: 2019-03-19 19:34:31.339\\nProcessGuid: {aa6b4a20-3f53-5c91-0000-0010e43d3b05}\\nProcessId: 8148\\nImage: C:\\\\Windows\\\\System32\\\\cmd.exe\\nUser: SHIRE\\\\pgustavo\\nProtocol: tcp\\nInitiated: true\\nSourceIsIpv6: false\\nSourceIp: 172.18.39.105\\nSourceHostname: IT001.shire.com\\nSourcePort: 59461\\nSourcePortName: \\nDestinationIsIpv6: false\\nDestinationIp: 10.0.10.106\\nDestinationHostname: \\nDestinationPort: 443\\nDestinationPortName: https\",\"beat\":{\"name\":\"WECserver\",\"hostname\":\"WECserver\",\"version\":\"6.5.4\"},\"user\":{\"domain\":\"NT AUTHORITY\",\"type\":\"User\",\"identifier\":\"S-1-5-18\",\"name\":\"SYSTEM\"},\"opcode\":\"Info\",\"type\":\"wineventlog\",\"source_name\":\"Microsoft-Windows-Sysmon\"}\n",
      "\n",
      "\n",
      "30: 10.0.10.106\",\"DestinationPort\":\"443\",\"Initiated\":\"true\",\"UtcTime\":\"2019-03-19 19:34:46.894\",\"ProcessId\":\"9156\",\"Image\":\"C:\\\\Windows\\\\System32\\\\WindowsPowerShell\\\\v1.0\\\\powershell.exe\",\"SourceIsIpv6\":\"false\"},\"version\":5,\"beat\":{\"name\":\"WECserver\",\"hostname\":\"WECserver\",\"version\":\"6.5.4\"},\"host\":{\"name\":\"WECserver\"},\"process_id\":2612,\"level\":\"Information\",\"computer_name\":\"IT001.shire.com\",\"event_id\":3,\"message\":\"Network connection detected:\\nRuleName: \\nUtcTime: 2019-03-19 19:34:46.894\\nProcessGuid: {aa6b4a20-2aa0-5c91-0000-001036f22805}\\nProcessId: 9156\\nImage: C:\\\\Windows\\\\System32\\\\WindowsPowerShell\\\\v1.0\\\\powershell.exe\\nUser: SHIRE\\\\pgustavo\\nProtocol: tcp\\nInitiated: true\\nSourceIsIpv6: false\\nSourceIp: 172.18.39.105\\nSourceHostname: IT001.shire.com\\nSourcePort: 59471\\nSourcePortName: \\nDestinationIsIpv6: false\\nDestinationIp: 10.0.10.106\\nDestinationHostname: \\nDestinationPort: 443\\nDestinationPortName: https\",\"record_number\":\"3372084\",\"opcode\":\"Info\",\"user\":{\"domain\":\"NT AUTHORITY\",\"type\":\"User\",\"identifier\":\"S-1-5-18\",\"name\":\"SYSTEM\"}}\n",
      "\n",
      "\n",
      "31: 10.0.10.106\",\"DestinationPort\":\"443\",\"Protocol\":\"tcp\",\"Image\":\"C:\\\\Windows\\\\System32\\\\WindowsPowerShell\\\\v1.0\\\\powershell.exe\",\"SourcePort\":\"50715\",\"SourceIsIpv6\":\"false\",\"ProcessId\":\"904\",\"UtcTime\":\"2019-03-19 19:32:50.995\",\"SourceIp\":\"172.18.39.5\",\"ProcessGuid\":\"{905CC552-43AC-5C91-0000-0010B44BB703}\",\"User\":\"SHIRE\\\\Mmidge\",\"Initiated\":\"true\"},\"computer_name\":\"HFDC01.shire.com\",\"event_id\":3,\"provider_guid\":\"{5770385F-C22A-43E0-BF4C-06F5698FFBD9}\",\"process_id\":1900,\"type\":\"wineventlog\",\"log_name\":\"Microsoft-Windows-Sysmon/Operational\",\"host\":{\"name\":\"WECserver\"},\"message\":\"Network connection detected:\\nRuleName: \\nUtcTime: 2019-03-19 19:32:50.995\\nProcessGuid: {905CC552-43AC-5C91-0000-0010B44BB703}\\nProcessId: 904\\nImage: C:\\\\Windows\\\\System32\\\\WindowsPowerShell\\\\v1.0\\\\powershell.exe\\nUser: SHIRE\\\\Mmidge\\nProtocol: tcp\\nInitiated: true\\nSourceIsIpv6: false\\nSourceIp: 172.18.39.5\\nSourceHostname: HFDC01.shire.com\\nSourcePort: 50715\\nSourcePortName: \\nDestinationIsIpv6: false\\nDestinationIp: 10.0.10.106\\nDestinationHostname: \\nDestinationPort: 443\\nDestinationPortName: https\",\"task\":\"Network connection detected (rule: NetworkConnect)\",\"record_number\":\"2959290\",\"version\":5,\"opcode\":\"Info\",\"thread_id\":2564,\"beat\":{\"name\":\"WECserver\",\"hostname\":\"WECserver\",\"version\":\"6.5.4\"},\"user\":{\"identifier\":\"S-1-5-18\",\"name\":\"SYSTEM\",\"domain\":\"NT AUTHORITY\",\"type\":\"User\"}}\n",
      "\n",
      "\n",
      "32: 10.0.10.106\",\"DestinationPort\":\"443\",\"Protocol\":\"tcp\",\"SourceIsIpv6\":\"false\",\"SourceHostname\":\"IT001.shire.com\",\"UtcTime\":\"2019-03-19 19:32:01.767\",\"User\":\"SHIRE\\\\pgustavo\",\"Image\":\"C:\\\\Windows\\\\System32\\\\WindowsPowerShell\\\\v1.0\\\\powershell.exe\",\"DestinationIsIpv6\":\"false\",\"ProcessGuid\":\"{aa6b4a20-2aa0-5c91-0000-001036f22805}\",\"ProcessId\":\"9156\",\"SourceIp\":\"172.18.39.105\"},\"opcode\":\"Info\",\"message\":\"Network connection detected:\\nRuleName: \\nUtcTime: 2019-03-19 19:32:01.767\\nProcessGuid: {aa6b4a20-2aa0-5c91-0000-001036f22805}\\nProcessId: 9156\\nImage: C:\\\\Windows\\\\System32\\\\WindowsPowerShell\\\\v1.0\\\\powershell.exe\\nUser: SHIRE\\\\pgustavo\\nProtocol: tcp\\nInitiated: true\\nSourceIsIpv6: false\\nSourceIp: 172.18.39.105\\nSourceHostname: IT001.shire.com\\nSourcePort: 59385\\nSourcePortName: \\nDestinationIsIpv6: false\\nDestinationIp: 10.0.10.106\\nDestinationHostname: \\nDestinationPort: 443\\nDestinationPortName: https\",\"computer_name\":\"IT001.shire.com\",\"thread_id\":688,\"provider_guid\":\"{5770385f-c22a-43e0-bf4c-06f5698ffbd9}\",\"host\":{\"name\":\"WECserver\"},\"type\":\"wineventlog\",\"level\":\"Information\",\"task\":\"Network connection detected (rule: NetworkConnect)\"}\n",
      "\n",
      "\n",
      "33: 10.0.10.106\",\"DestinationPort\":\"443\",\"SourceIsIpv6\":\"false\",\"Image\":\"C:\\\\Windows\\\\System32\\\\WindowsPowerShell\\\\v1.0\\\\powershell.exe\"},\"record_number\":\"2959304\",\"message\":\"Network connection detected:\\nRuleName: \\nUtcTime: 2019-03-19 19:33:11.385\\nProcessGuid: {905CC552-43AC-5C91-0000-0010B44BB703}\\nProcessId: 904\\nImage: C:\\\\Windows\\\\System32\\\\WindowsPowerShell\\\\v1.0\\\\powershell.exe\\nUser: SHIRE\\\\Mmidge\\nProtocol: tcp\\nInitiated: true\\nSourceIsIpv6: false\\nSourceIp: 172.18.39.5\\nSourceHostname: HFDC01.shire.com\\nSourcePort: 50720\\nSourcePortName: \\nDestinationIsIpv6: false\\nDestinationIp: 10.0.10.106\\nDestinationHostname: \\nDestinationPort: 443\\nDestinationPortName: https\",\"thread_id\":2564,\"opcode\":\"Info\",\"log_name\":\"Microsoft-Windows-Sysmon/Operational\",\"user\":{\"domain\":\"NT AUTHORITY\",\"type\":\"User\",\"identifier\":\"S-1-5-18\",\"name\":\"SYSTEM\"},\"event_id\":3,\"provider_guid\":\"{5770385F-C22A-43E0-BF4C-06F5698FFBD9}\",\"host\":{\"name\":\"WECserver\"},\"source_name\":\"Microsoft-Windows-Sysmon\",\"level\":\"Information\",\"version\":5,\"type\":\"wineventlog\",\"beat\":{\"name\":\"WECserver\",\"hostname\":\"WECserver\",\"version\":\"6.5.4\"},\"computer_name\":\"HFDC01.shire.com\",\"task\":\"Network connection detected (rule: NetworkConnect)\"}\n",
      "\n",
      "\n",
      "34: 10.0.10.106\",\"DestinationPortName\":\"https\",\"Image\":\"C:\\\\Windows\\\\System32\\\\cmd.exe\"},\"source_name\":\"Microsoft-Windows-Sysmon\",\"task\":\"Network connection detected (rule: NetworkConnect)\",\"thread_id\":688,\"message\":\"Network connection detected:\\nRuleName: \\nUtcTime: 2019-03-19 19:34:36.453\\nProcessGuid: {aa6b4a20-3f53-5c91-0000-0010e43d3b05}\\nProcessId: 8148\\nImage: C:\\\\Windows\\\\System32\\\\cmd.exe\\nUser: SHIRE\\\\pgustavo\\nProtocol: tcp\\nInitiated: true\\nSourceIsIpv6: false\\nSourceIp: 172.18.39.105\\nSourceHostname: IT001.shire.com\\nSourcePort: 59464\\nSourcePortName: \\nDestinationIsIpv6: false\\nDestinationIp: 10.0.10.106\\nDestinationHostname: \\nDestinationPort: 443\\nDestinationPortName: https\",\"provider_guid\":\"{5770385f-c22a-43e0-bf4c-06f5698ffbd9}\",\"record_number\":\"3372071\",\"type\":\"wineventlog\",\"event_id\":3,\"level\":\"Information\",\"version\":5,\"host\":{\"name\":\"WECserver\"}}\n",
      "\n",
      "\n",
      "35: 10.0.10.106\",\"DestinationPortName\":\"https\",\"ProcessGuid\":\"{905CC552-43AC-5C91-0000-0010B44BB703}\",\"DestinationIsIpv6\":\"false\",\"SourceHostname\":\"HFDC01.shire.com\",\"ProcessId\":\"904\",\"SourceIsIpv6\":\"false\",\"UtcTime\":\"2019-03-19 19:30:19.264\",\"Image\":\"C:\\\\Windows\\\\System32\\\\WindowsPowerShell\\\\v1.0\\\\powershell.exe\",\"Protocol\":\"tcp\",\"SourceIp\":\"172.18.39.5\",\"SourcePort\":\"50669\"},\"log_name\":\"Microsoft-Windows-Sysmon/Operational\",\"computer_name\":\"HFDC01.shire.com\",\"event_id\":3,\"type\":\"wineventlog\",\"level\":\"Information\",\"message\":\"Network connection detected:\\nRuleName: \\nUtcTime: 2019-03-19 19:30:19.264\\nProcessGuid: {905CC552-43AC-5C91-0000-0010B44BB703}\\nProcessId: 904\\nImage: C:\\\\Windows\\\\System32\\\\WindowsPowerShell\\\\v1.0\\\\powershell.exe\\nUser: SHIRE\\\\Mmidge\\nProtocol: tcp\\nInitiated: true\\nSourceIsIpv6: false\\nSourceIp: 172.18.39.5\\nSourceHostname: HFDC01.shire.com\\nSourcePort: 50669\\nSourcePortName: \\nDestinationIsIpv6: false\\nDestinationIp: 10.0.10.106\\nDestinationHostname: \\nDestinationPort: 443\\nDestinationPortName: https\"}\n",
      "\n",
      "\n",
